INFO:root:2024-12-06 13:58:08.697426
INFO:root:Namespace(K=3, agg=False, batch_size=1, dataset='UVA', device='cuda', dropout=0.5, epochs=200, in_channels=3, known_interval=10, lr=0.0005, model='ASTGCN', nb_block=2, nb_chev_filter=256, nb_time_filter=5, num_for_predict=1, num_of_vertices=2500, partial=True, pred_interval=10, seed=0, time_strides=1, timestep_hidden=20, weight_decay=0.0)
INFO:root:Sparse Hypergraph
INFO:root:******************* Training Started *******************
INFO:root:Epoch 0/200, Loss: 1.258
INFO:root:2024-12-06 15:36:34.410793
INFO:root:Namespace(K=3, agg=False, batch_size=1, dataset='UVA', device='cuda', dropout=0.5, epochs=200, in_channels=3, known_interval=10, lr=0.0005, model='ASTGCN', nb_block=2, nb_chev_filter=256, nb_time_filter=5, num_for_predict=1, num_of_vertices=2500, partial=True, pred_interval=10, seed=0, time_strides=1, timestep_hidden=20, weight_decay=0.0)
INFO:root:Sparse Hypergraph
INFO:root:******************* Training Started *******************
INFO:root:Epoch 0/200, Loss: 1.260
INFO:root:2024-12-06 18:55:28.332523
INFO:root:Namespace(K=3, agg=False, batch_size=1, dataset='UVA', device='cuda', dropout=0.5, epochs=200, in_channels=3, known_interval=10, lr=0.0005, model='ASTGCN', nb_block=2, nb_chev_filter=256, nb_time_filter=5, num_for_predict=1, num_of_vertices=2500, partial=True, pred_interval=10, seed=0, time_strides=1, timestep_hidden=20, weight_decay=0.0)
INFO:root:Sparse Hypergraph
INFO:root:******************* Training Started *******************
INFO:root:Epoch 0/200, Loss: 1.260
INFO:root:Train: F1: 0.000, Acc: 0.959, AUROC: 0.000, MSE: 5762.400
INFO:root:Valid: F1: 0.000, Acc: 0.966, AUROC: 0.000, MSE: 12500.000
INFO:root:Test: F1: 0.000, Acc: 0.963, AUROC: 0.000, MSE: 19782.051
INFO:root:Epoch 1/200, Loss: 1.332
INFO:root:Epoch 2/200, Loss: 1.352
INFO:root:Epoch 3/200, Loss: 1.318
INFO:root:Epoch 4/200, Loss: 1.355
INFO:root:Epoch 5/200, Loss: 1.356
INFO:root:Epoch 6/200, Loss: 1.246
INFO:root:Epoch 7/200, Loss: 1.306
INFO:root:Epoch 8/200, Loss: 1.261
INFO:root:Epoch 9/200, Loss: 1.276
INFO:root:Epoch 10/200, Loss: 1.311
INFO:root:Train: F1: 0.000, Acc: 0.959, AUROC: 0.000, MSE: 6998.400
INFO:root:Valid: F1: 0.000, Acc: 0.966, AUROC: 0.000, MSE: 12500.000
INFO:root:Test: F1: 0.000, Acc: 0.963, AUROC: 0.000, MSE: 19782.051
INFO:root:Epoch 11/200, Loss: 1.347
INFO:root:Epoch 12/200, Loss: 1.312
INFO:root:Epoch 13/200, Loss: 1.330
INFO:root:Epoch 14/200, Loss: 1.346
INFO:root:Epoch 15/200, Loss: 1.285
INFO:root:Epoch 16/200, Loss: 1.321
INFO:root:Epoch 17/200, Loss: 1.330
INFO:root:Epoch 18/200, Loss: 1.278
INFO:root:Epoch 19/200, Loss: 1.354
INFO:root:Epoch 20/200, Loss: 1.323
INFO:root:Train: F1: 0.000, Acc: 0.959, AUROC: 0.000, MSE: 141.067
INFO:root:Valid: F1: 0.000, Acc: 0.966, AUROC: 0.000, MSE: 12500.000
INFO:root:Test: F1: 0.000, Acc: 0.963, AUROC: 0.000, MSE: 19782.051
INFO:root:Epoch 21/200, Loss: 1.350
INFO:root:Epoch 22/200, Loss: 1.316
INFO:root:Epoch 23/200, Loss: 1.257
INFO:root:Epoch 24/200, Loss: 1.329
INFO:root:Epoch 25/200, Loss: 1.355
INFO:root:Epoch 26/200, Loss: 1.347
INFO:root:Epoch 27/200, Loss: 1.261
INFO:root:Epoch 28/200, Loss: 1.351
INFO:root:Epoch 29/200, Loss: 1.328
INFO:root:Epoch 30/200, Loss: 1.346
INFO:root:Train: F1: 0.000, Acc: 0.959, AUROC: 0.000, MSE: 85503.750
INFO:root:Valid: F1: 0.000, Acc: 0.966, AUROC: 0.000, MSE: 12500.000
INFO:root:Test: F1: 0.000, Acc: 0.963, AUROC: 0.000, MSE: 19782.051
INFO:root:Epoch 31/200, Loss: 1.389
INFO:root:Epoch 32/200, Loss: 1.325
INFO:root:Epoch 33/200, Loss: 1.349
INFO:root:Epoch 34/200, Loss: 1.256
INFO:root:Epoch 35/200, Loss: 1.351
INFO:root:Epoch 36/200, Loss: 1.285
INFO:root:Epoch 37/200, Loss: 1.349
INFO:root:Epoch 38/200, Loss: 1.306
INFO:root:Epoch 39/200, Loss: 1.353
INFO:root:Epoch 40/200, Loss: 1.345
INFO:root:Train: F1: 0.000, Acc: 0.959, AUROC: 0.000, MSE: 2318.817
INFO:root:Valid: F1: 0.000, Acc: 0.966, AUROC: 0.000, MSE: 12500.000
INFO:root:Test: F1: 0.000, Acc: 0.963, AUROC: 0.000, MSE: 19782.051
INFO:root:Epoch 41/200, Loss: 1.278
INFO:root:Epoch 42/200, Loss: 1.351
INFO:root:Epoch 43/200, Loss: 1.354
INFO:root:Epoch 44/200, Loss: 1.352
