INFO:root:2024-11-29 18:16:12.010550
INFO:root:Namespace(K=3, agg=False, batch_size=1, dataset='UVA', device='cuda:1', dropout=0.5, epochs=200, in_channels=3, known_interval=10, lr=0.0005, model='ASTGCN', nb_block=2, nb_chev_filter=256, nb_time_filter=5, num_for_predict=1, num_of_vertices=2500, partial=True, pred_interval=5, seed=0, time_strides=1, timestep_hidden=20, weight_decay=0.0)
INFO:root:Sparse Hypergraph
INFO:root:******************* Training Started *******************
INFO:root:2024-11-29 18:20:27.481848
INFO:root:Namespace(K=3, agg=False, batch_size=1, dataset='UVA', device='cuda:1', dropout=0.5, epochs=200, in_channels=3, known_interval=10, lr=0.0005, model='ASTGCN', nb_block=2, nb_chev_filter=256, nb_time_filter=5, num_for_predict=1, num_of_vertices=2500, partial=True, pred_interval=5, seed=0, time_strides=1, timestep_hidden=20, weight_decay=0.0)
INFO:root:Sparse Hypergraph
INFO:root:******************* Training Started *******************
INFO:root:Epoch 0/200, Loss: 1.381
INFO:root:2024-11-29 18:28:04.744386
INFO:root:Namespace(K=3, agg=False, batch_size=1, dataset='UVA', device='cuda:1', dropout=0.5, epochs=200, in_channels=3, known_interval=10, lr=0.0005, model='ASTGCN', nb_block=2, nb_chev_filter=256, nb_time_filter=5, num_for_predict=1, num_of_vertices=2500, partial=True, pred_interval=5, seed=0, time_strides=1, timestep_hidden=20, weight_decay=0.0)
INFO:root:Sparse Hypergraph
INFO:root:******************* Training Started *******************
INFO:root:Epoch 0/200, Loss: 1.381
INFO:root:2024-11-29 18:30:49.631711
INFO:root:Namespace(K=3, agg=False, batch_size=1, dataset='UVA', device='cuda:1', dropout=0.5, epochs=200, in_channels=3, known_interval=10, lr=0.0005, model='ASTGCN', nb_block=2, nb_chev_filter=256, nb_time_filter=5, num_for_predict=1, num_of_vertices=2500, partial=True, pred_interval=5, seed=0, time_strides=1, timestep_hidden=20, weight_decay=0.0)
INFO:root:Sparse Hypergraph
INFO:root:******************* Training Started *******************
INFO:root:Epoch 0/200, Loss: 1.381
INFO:root:2024-11-29 18:34:57.484946
INFO:root:Namespace(K=3, agg=False, batch_size=1, dataset='UVA', device='cuda:1', dropout=0.5, epochs=200, in_channels=3, known_interval=10, lr=0.0005, model='ASTGCN', nb_block=2, nb_chev_filter=256, nb_time_filter=5, num_for_predict=1, num_of_vertices=2500, partial=True, pred_interval=5, seed=0, time_strides=1, timestep_hidden=20, weight_decay=0.0)
INFO:root:Sparse Hypergraph
INFO:root:******************* Training Started *******************
INFO:root:Epoch 0/200, Loss: 1.381
INFO:root:2024-11-29 18:36:38.982519
INFO:root:Namespace(K=3, agg=False, batch_size=1, dataset='UVA', device='cuda:1', dropout=0.5, epochs=200, in_channels=3, known_interval=10, lr=0.0005, model='ASTGCN', nb_block=2, nb_chev_filter=256, nb_time_filter=5, num_for_predict=1, num_of_vertices=2500, partial=True, pred_interval=5, seed=0, time_strides=1, timestep_hidden=20, weight_decay=0.0)
INFO:root:Sparse Hypergraph
INFO:root:******************* Training Started *******************
INFO:root:Epoch 0/200, Loss: 1.381
INFO:root:2024-11-29 18:40:22.195301
INFO:root:Namespace(K=3, agg=False, batch_size=1, dataset='UVA', device='cuda:1', dropout=0.5, epochs=200, in_channels=3, known_interval=10, lr=0.0005, model='ASTGCN', nb_block=2, nb_chev_filter=256, nb_time_filter=5, num_for_predict=1, num_of_vertices=2500, partial=True, pred_interval=5, seed=0, time_strides=1, timestep_hidden=20, weight_decay=0.0)
INFO:root:Sparse Hypergraph
INFO:root:******************* Training Started *******************
INFO:root:Epoch 0/200, Loss: 1.381
INFO:root:2024-12-06 13:56:57.662430
INFO:root:Namespace(K=3, agg=False, batch_size=1, dataset='UVA', device='cuda', dropout=0.5, epochs=200, in_channels=3, known_interval=10, lr=0.0005, model='ASTGCN', nb_block=2, nb_chev_filter=256, nb_time_filter=5, num_for_predict=1, num_of_vertices=2500, partial=True, pred_interval=5, seed=0, time_strides=1, timestep_hidden=20, weight_decay=0.0)
INFO:root:Sparse Hypergraph
INFO:root:******************* Training Started *******************
INFO:root:Epoch 0/200, Loss: 1.381
INFO:root:2024-12-06 15:35:25.959354
INFO:root:Namespace(K=3, agg=False, batch_size=1, dataset='UVA', device='cuda', dropout=0.5, epochs=200, in_channels=3, known_interval=10, lr=0.0005, model='ASTGCN', nb_block=2, nb_chev_filter=256, nb_time_filter=5, num_for_predict=1, num_of_vertices=2500, partial=True, pred_interval=5, seed=0, time_strides=1, timestep_hidden=20, weight_decay=0.0)
INFO:root:Sparse Hypergraph
INFO:root:******************* Training Started *******************
INFO:root:Epoch 0/200, Loss: 1.386
INFO:root:2024-12-06 15:44:23.473922
INFO:root:Namespace(K=3, agg=False, batch_size=1, dataset='UVA', device='cuda', dropout=0.5, epochs=200, in_channels=3, known_interval=10, lr=0.0005, model='ASTGCN', nb_block=2, nb_chev_filter=256, nb_time_filter=5, num_for_predict=1, num_of_vertices=2500, partial=True, pred_interval=5, seed=0, time_strides=1, timestep_hidden=20, weight_decay=0.0)
INFO:root:Sparse Hypergraph
INFO:root:******************* Training Started *******************
INFO:root:Epoch 0/200, Loss: 1.386
INFO:root:Train: F1: 0.000, Acc: 0.964, AUROC: 0.000, MSE: 13741.066
INFO:root:Valid: F1: 0.000, Acc: 0.969, AUROC: 0.000, MSE: 2508.800
INFO:root:Test: F1: 0.000, Acc: 0.966, AUROC: 0.000, MSE: 4410.450
INFO:root:Epoch 1/200, Loss: 1.346
INFO:root:Epoch 2/200, Loss: 1.334
INFO:root:Epoch 3/200, Loss: 1.261
INFO:root:Epoch 4/200, Loss: 1.178
INFO:root:Epoch 5/200, Loss: 1.203
INFO:root:Epoch 6/200, Loss: 1.124
INFO:root:Epoch 7/200, Loss: 1.219
INFO:root:Epoch 8/200, Loss: 1.135
INFO:root:Epoch 9/200, Loss: 1.111
INFO:root:Epoch 10/200, Loss: 1.149
INFO:root:Train: F1: 0.820, Acc: 0.989, AUROC: 0.000, MSE: 437.400
INFO:root:Valid: F1: 0.757, Acc: 0.991, AUROC: 0.000, MSE: 96.800
INFO:root:Test: F1: 0.791, Acc: 0.990, AUROC: 0.000, MSE: 296.450
INFO:root:Epoch 11/200, Loss: 1.051
INFO:root:Epoch 12/200, Loss: 1.222
INFO:root:Epoch 13/200, Loss: 1.173
INFO:root:Epoch 14/200, Loss: 1.121
INFO:root:Epoch 15/200, Loss: 1.202
INFO:root:Epoch 16/200, Loss: 1.102
INFO:root:Epoch 17/200, Loss: 1.129
INFO:root:Epoch 18/200, Loss: 1.104
INFO:root:Epoch 19/200, Loss: 1.112
INFO:root:Epoch 20/200, Loss: 1.096
INFO:root:Train: F1: 0.820, Acc: 0.989, AUROC: 0.000, MSE: 77.067
INFO:root:Valid: F1: 0.757, Acc: 0.991, AUROC: 0.000, MSE: 96.800
INFO:root:Test: F1: 0.791, Acc: 0.990, AUROC: 0.000, MSE: 296.450
INFO:root:Epoch 21/200, Loss: 1.071
INFO:root:Epoch 22/200, Loss: 1.151
INFO:root:Epoch 23/200, Loss: 1.094
INFO:root:Epoch 24/200, Loss: 1.092
INFO:root:Epoch 25/200, Loss: 1.082
INFO:root:Epoch 26/200, Loss: 1.072
INFO:root:Epoch 27/200, Loss: 1.090
INFO:root:Epoch 28/200, Loss: 1.017
INFO:root:Epoch 29/200, Loss: 1.180
INFO:root:Epoch 30/200, Loss: 1.107
INFO:root:Train: F1: 0.820, Acc: 0.989, AUROC: 0.000, MSE: 32.267
INFO:root:Valid: F1: 0.757, Acc: 0.991, AUROC: 0.000, MSE: 96.800
INFO:root:Test: F1: 0.791, Acc: 0.990, AUROC: 0.000, MSE: 296.450
INFO:root:Epoch 31/200, Loss: 1.152
INFO:root:Epoch 32/200, Loss: 1.014
INFO:root:Epoch 33/200, Loss: 0.977
INFO:root:Epoch 34/200, Loss: 1.076
INFO:root:Epoch 35/200, Loss: 1.096
INFO:root:Epoch 36/200, Loss: 1.142
INFO:root:Epoch 37/200, Loss: 1.109
INFO:root:Epoch 38/200, Loss: 1.019
INFO:root:Epoch 39/200, Loss: 1.091
INFO:root:Epoch 40/200, Loss: 1.108
INFO:root:Train: F1: 0.820, Acc: 0.989, AUROC: 0.000, MSE: 209.067
INFO:root:Valid: F1: 0.757, Acc: 0.991, AUROC: 0.000, MSE: 96.800
INFO:root:Test: F1: 0.791, Acc: 0.990, AUROC: 0.000, MSE: 296.450
INFO:root:Epoch 41/200, Loss: 1.041
INFO:root:Epoch 42/200, Loss: 1.094
INFO:root:Epoch 43/200, Loss: 1.090
INFO:root:Epoch 44/200, Loss: 1.033
INFO:root:Epoch 45/200, Loss: 1.020
INFO:root:Epoch 46/200, Loss: 1.112
INFO:root:Epoch 47/200, Loss: 1.073
INFO:root:Epoch 48/200, Loss: 1.077
INFO:root:Epoch 49/200, Loss: 1.040
INFO:root:Epoch 50/200, Loss: 1.107
INFO:root:Train: F1: 0.820, Acc: 0.989, AUROC: 0.000, MSE: 20.417
INFO:root:Valid: F1: 0.757, Acc: 0.991, AUROC: 0.000, MSE: 96.800
INFO:root:Test: F1: 0.791, Acc: 0.990, AUROC: 0.000, MSE: 296.450
INFO:root:Epoch 51/200, Loss: 1.024
INFO:root:Epoch 52/200, Loss: 1.148
INFO:root:Epoch 53/200, Loss: 1.032
INFO:root:Epoch 54/200, Loss: 1.083
INFO:root:Epoch 55/200, Loss: 1.026
INFO:root:Epoch 56/200, Loss: 1.082
INFO:root:Epoch 57/200, Loss: 1.082
INFO:root:Epoch 58/200, Loss: 1.016
INFO:root:Epoch 59/200, Loss: 1.064
INFO:root:Epoch 60/200, Loss: 1.081
INFO:root:Train: F1: 0.820, Acc: 0.989, AUROC: 0.000, MSE: 26.667
INFO:root:Valid: F1: 0.757, Acc: 0.991, AUROC: 0.000, MSE: 96.800
INFO:root:Test: F1: 0.791, Acc: 0.990, AUROC: 0.000, MSE: 296.450
INFO:root:Epoch 61/200, Loss: 1.055
INFO:root:Epoch 62/200, Loss: 1.102
INFO:root:Epoch 63/200, Loss: 0.992
INFO:root:Epoch 64/200, Loss: 1.006
INFO:root:Epoch 65/200, Loss: 1.102
INFO:root:Epoch 66/200, Loss: 1.063
INFO:root:Epoch 67/200, Loss: 1.019
INFO:root:Epoch 68/200, Loss: 1.033
INFO:root:Epoch 69/200, Loss: 1.090
INFO:root:Epoch 70/200, Loss: 1.153
INFO:root:Train: F1: 0.820, Acc: 0.989, AUROC: 0.000, MSE: 20.417
INFO:root:Valid: F1: 0.757, Acc: 0.991, AUROC: 0.000, MSE: 96.800
INFO:root:Test: F1: 0.791, Acc: 0.990, AUROC: 0.000, MSE: 296.450
INFO:root:Epoch 71/200, Loss: 1.097
INFO:root:Epoch 72/200, Loss: 1.083
INFO:root:Epoch 73/200, Loss: 1.072
INFO:root:Epoch 74/200, Loss: 1.068
INFO:root:Epoch 75/200, Loss: 1.090
INFO:root:Epoch 76/200, Loss: 1.057
INFO:root:Epoch 77/200, Loss: 1.031
INFO:root:Epoch 78/200, Loss: 1.019
INFO:root:Epoch 79/200, Loss: 1.082
INFO:root:Epoch 80/200, Loss: 1.097
INFO:root:Train: F1: 0.820, Acc: 0.989, AUROC: 0.000, MSE: 194.400
INFO:root:Valid: F1: 0.757, Acc: 0.991, AUROC: 0.000, MSE: 96.800
INFO:root:Test: F1: 0.791, Acc: 0.990, AUROC: 0.000, MSE: 296.450
INFO:root:Epoch 81/200, Loss: 1.057
INFO:root:Epoch 82/200, Loss: 1.182
INFO:root:Epoch 83/200, Loss: 1.111
INFO:root:Epoch 84/200, Loss: 1.082
INFO:root:Epoch 85/200, Loss: 0.999
INFO:root:Epoch 86/200, Loss: 1.092
INFO:root:Epoch 87/200, Loss: 1.077
INFO:root:Epoch 88/200, Loss: 1.089
INFO:root:Epoch 89/200, Loss: 1.106
INFO:root:Epoch 90/200, Loss: 1.030
INFO:root:Train: F1: 0.820, Acc: 0.989, AUROC: 0.000, MSE: 25.350
INFO:root:Valid: F1: 0.757, Acc: 0.991, AUROC: 0.000, MSE: 96.800
INFO:root:Test: F1: 0.791, Acc: 0.990, AUROC: 0.000, MSE: 296.450
INFO:root:Epoch 91/200, Loss: 1.023
INFO:root:Epoch 92/200, Loss: 1.070
INFO:root:Epoch 93/200, Loss: 1.153
INFO:root:Epoch 94/200, Loss: 0.988
INFO:root:Epoch 95/200, Loss: 1.034
INFO:root:Epoch 96/200, Loss: 1.153
INFO:root:Epoch 97/200, Loss: 1.132
INFO:root:Epoch 98/200, Loss: 1.038
INFO:root:Epoch 99/200, Loss: 1.033
INFO:root:Epoch 100/200, Loss: 1.077
INFO:root:Train: F1: 0.820, Acc: 0.989, AUROC: 0.000, MSE: 183.750
INFO:root:Valid: F1: 0.757, Acc: 0.991, AUROC: 0.000, MSE: 96.800
INFO:root:Test: F1: 0.791, Acc: 0.990, AUROC: 0.000, MSE: 296.450
INFO:root:Epoch 101/200, Loss: 1.002
INFO:root:Epoch 102/200, Loss: 0.992
INFO:root:Epoch 103/200, Loss: 1.033
INFO:root:Epoch 104/200, Loss: 1.068
INFO:root:Epoch 105/200, Loss: 1.025
INFO:root:Epoch 106/200, Loss: 1.030
INFO:root:Epoch 107/200, Loss: 1.174
INFO:root:Epoch 108/200, Loss: 1.065
INFO:root:Epoch 109/200, Loss: 1.104
INFO:root:Epoch 110/200, Loss: 1.038
INFO:root:Train: F1: 0.820, Acc: 0.989, AUROC: 0.000, MSE: 77.067
INFO:root:Valid: F1: 0.757, Acc: 0.991, AUROC: 0.000, MSE: 96.800
INFO:root:Test: F1: 0.791, Acc: 0.990, AUROC: 0.000, MSE: 296.450
INFO:root:Epoch 111/200, Loss: 1.006
INFO:root:Epoch 112/200, Loss: 1.054
INFO:root:Epoch 113/200, Loss: 1.072
INFO:root:Epoch 114/200, Loss: 1.005
INFO:root:Epoch 115/200, Loss: 1.006
INFO:root:Epoch 116/200, Loss: 0.998
INFO:root:Epoch 117/200, Loss: 1.082
INFO:root:Epoch 118/200, Loss: 1.089
INFO:root:Epoch 119/200, Loss: 1.033
INFO:root:Epoch 120/200, Loss: 0.983
INFO:root:Train: F1: 0.820, Acc: 0.989, AUROC: 0.000, MSE: 117.600
INFO:root:Valid: F1: 0.757, Acc: 0.991, AUROC: 0.000, MSE: 96.800
INFO:root:Test: F1: 0.791, Acc: 0.990, AUROC: 0.000, MSE: 296.450
INFO:root:Epoch 121/200, Loss: 1.081
INFO:root:Epoch 122/200, Loss: 1.080
INFO:root:Epoch 123/200, Loss: 1.037
INFO:root:Epoch 124/200, Loss: 1.030
INFO:root:Epoch 125/200, Loss: 1.166
INFO:root:Epoch 126/200, Loss: 1.134
INFO:root:Epoch 127/200, Loss: 1.080
INFO:root:Epoch 128/200, Loss: 1.015
INFO:root:Epoch 129/200, Loss: 1.032
INFO:root:Epoch 130/200, Loss: 1.081
INFO:root:Train: F1: 0.820, Acc: 0.989, AUROC: 0.000, MSE: 3.750
INFO:root:Valid: F1: 0.757, Acc: 0.991, AUROC: 0.000, MSE: 96.800
INFO:root:Test: F1: 0.791, Acc: 0.990, AUROC: 0.000, MSE: 296.450
INFO:root:Epoch 131/200, Loss: 1.088
INFO:root:Epoch 132/200, Loss: 1.032
INFO:root:Epoch 133/200, Loss: 1.065
INFO:root:Epoch 134/200, Loss: 0.991
INFO:root:Epoch 135/200, Loss: 1.069
INFO:root:Epoch 136/200, Loss: 1.023
INFO:root:Epoch 137/200, Loss: 1.065
INFO:root:Epoch 138/200, Loss: 1.069
INFO:root:Epoch 139/200, Loss: 0.988
INFO:root:Epoch 140/200, Loss: 1.006
INFO:root:Train: F1: 0.820, Acc: 0.989, AUROC: 0.000, MSE: 421.350
INFO:root:Valid: F1: 0.757, Acc: 0.991, AUROC: 0.000, MSE: 96.800
INFO:root:Test: F1: 0.791, Acc: 0.990, AUROC: 0.000, MSE: 296.450
INFO:root:Epoch 141/200, Loss: 1.070
INFO:root:Epoch 142/200, Loss: 0.972
INFO:root:Epoch 143/200, Loss: 1.075
INFO:root:Epoch 144/200, Loss: 1.015
INFO:root:Epoch 145/200, Loss: 1.089
INFO:root:Epoch 146/200, Loss: 1.092
INFO:root:Epoch 147/200, Loss: 1.088
INFO:root:Epoch 148/200, Loss: 1.033
INFO:root:Epoch 149/200, Loss: 1.069
INFO:root:Epoch 150/200, Loss: 1.032
INFO:root:Train: F1: 0.820, Acc: 0.989, AUROC: 0.000, MSE: 437.400
INFO:root:Valid: F1: 0.757, Acc: 0.991, AUROC: 0.000, MSE: 96.800
INFO:root:Test: F1: 0.791, Acc: 0.990, AUROC: 0.000, MSE: 296.450
INFO:root:Epoch 151/200, Loss: 1.083
INFO:root:Epoch 152/200, Loss: 1.065
INFO:root:Epoch 153/200, Loss: 1.023
INFO:root:Epoch 154/200, Loss: 1.072
INFO:root:Epoch 155/200, Loss: 1.092
INFO:root:Epoch 156/200, Loss: 1.092
INFO:root:Epoch 157/200, Loss: 1.110
INFO:root:Epoch 158/200, Loss: 1.038
INFO:root:Epoch 159/200, Loss: 1.077
INFO:root:Epoch 160/200, Loss: 1.006
INFO:root:Train: F1: 0.820, Acc: 0.989, AUROC: 0.000, MSE: 96.267
INFO:root:Valid: F1: 0.757, Acc: 0.991, AUROC: 0.000, MSE: 96.800
INFO:root:Test: F1: 0.791, Acc: 0.990, AUROC: 0.000, MSE: 296.450
INFO:root:Epoch 161/200, Loss: 0.991
INFO:root:Epoch 162/200, Loss: 0.988
INFO:root:Epoch 163/200, Loss: 1.056
INFO:root:Epoch 164/200, Loss: 1.081
INFO:root:Epoch 165/200, Loss: 1.002
INFO:root:Epoch 166/200, Loss: 1.069
INFO:root:Epoch 167/200, Loss: 1.089
INFO:root:Epoch 168/200, Loss: 1.071
INFO:root:Epoch 169/200, Loss: 1.110
INFO:root:Epoch 170/200, Loss: 1.033
INFO:root:Train: F1: 0.820, Acc: 0.989, AUROC: 0.000, MSE: 32.267
INFO:root:Valid: F1: 0.757, Acc: 0.991, AUROC: 0.000, MSE: 96.800
INFO:root:Test: F1: 0.791, Acc: 0.990, AUROC: 0.000, MSE: 296.450
INFO:root:Epoch 171/200, Loss: 1.063
INFO:root:Epoch 172/200, Loss: 1.153
INFO:root:Epoch 173/200, Loss: 0.991
INFO:root:Epoch 174/200, Loss: 1.065
INFO:root:Epoch 175/200, Loss: 1.018
INFO:root:Epoch 176/200, Loss: 1.064
INFO:root:Epoch 177/200, Loss: 1.069
INFO:root:Epoch 178/200, Loss: 1.072
INFO:root:Epoch 179/200, Loss: 1.071
INFO:root:Epoch 180/200, Loss: 1.081
INFO:root:Train: F1: 0.820, Acc: 0.989, AUROC: 0.000, MSE: 190.817
INFO:root:Valid: F1: 0.757, Acc: 0.991, AUROC: 0.000, MSE: 96.800
INFO:root:Test: F1: 0.791, Acc: 0.990, AUROC: 0.000, MSE: 296.450
INFO:root:Epoch 181/200, Loss: 1.056
INFO:root:Epoch 182/200, Loss: 1.092
INFO:root:Epoch 183/200, Loss: 1.081
INFO:root:Epoch 184/200, Loss: 1.075
INFO:root:Epoch 185/200, Loss: 1.056
INFO:root:Epoch 186/200, Loss: 1.015
INFO:root:Epoch 187/200, Loss: 1.138
INFO:root:Epoch 188/200, Loss: 1.080
INFO:root:Epoch 189/200, Loss: 1.153
INFO:root:Epoch 190/200, Loss: 1.065
INFO:root:Train: F1: 0.820, Acc: 0.989, AUROC: 0.000, MSE: 68.267
INFO:root:Valid: F1: 0.757, Acc: 0.991, AUROC: 0.000, MSE: 96.800
INFO:root:Test: F1: 0.791, Acc: 0.990, AUROC: 0.000, MSE: 296.450
INFO:root:Epoch 191/200, Loss: 1.138
INFO:root:Epoch 192/200, Loss: 1.174
INFO:root:Epoch 193/200, Loss: 1.153
INFO:root:Epoch 194/200, Loss: 1.015
INFO:root:Epoch 195/200, Loss: 1.077
INFO:root:Epoch 196/200, Loss: 1.104
INFO:root:Epoch 197/200, Loss: 1.138
INFO:root:Epoch 198/200, Loss: 0.983
INFO:root:Epoch 199/200, Loss: 1.033
INFO:root:Epoch 200/200, Loss: 1.018
INFO:root:Train: F1: 0.820, Acc: 0.989, AUROC: 0.000, MSE: 244.017
INFO:root:Valid: F1: 0.757, Acc: 0.991, AUROC: 0.000, MSE: 96.800
INFO:root:Test: F1: 0.791, Acc: 0.990, AUROC: 0.000, MSE: 296.450
INFO:root:Final Result:
INFO:root:f1: 0.791, acc: 0.990, auroc: 0.000, mse: 296.450
INFO:root:******************* Training Finished *******************
