INFO:root:Namespace(batch_size=2, dataset='random', epoch=100, hidden_size=256, lr=0.001, mlp_layer=3, model='TGCN', out_channels=8, punishment=10, seed=0, struc='graph', temporal_layer=3, timestep_hidden=10)
INFO:root:******************* Training Started *******************
INFO:root:Epoch 0/100, Loss: 3.2667
INFO:root:Namespace(batch_size=2, dataset='random', epoch=100, hidden_size=256, lr=0.001, mlp_layer=3, model='TGCN', out_channels=8, punishment=10, seed=0, struc='graph', temporal_layer=3, timestep_hidden=10)
INFO:root:******************* Training Started *******************
INFO:root:Epoch 0/100, Loss: 3.2667
INFO:root:Train: MRR: 0.0044, Hits@1: 0.0000, Hits@10: 0.0000, Hits@100: 0.0600
INFO:root:Valid: MRR: 0.0030, Hits@1: 0.0000, Hits@10: 0.0000, Hits@100: 0.0500
INFO:root:Epoch 1/100, Loss: 3.9813
INFO:root:Epoch 2/100, Loss: 3.8320
INFO:root:Epoch 3/100, Loss: 2.1287
INFO:root:Epoch 4/100, Loss: 3.0309
INFO:root:Epoch 5/100, Loss: 0.4001
INFO:root:Train: MRR: 0.3696, Hits@1: 0.1800, Hits@10: 0.8000, Hits@100: 0.9600
INFO:root:Valid: MRR: 0.2361, Hits@1: 0.0500, Hits@10: 0.8000, Hits@100: 0.9500
INFO:root:Namespace(batch_size=2, dataset='random', dropout=0.2, epoch=100, hidden_size=256, lr=0.001, mlp_layer=3, model='TGCN', out_channels=8, punishment=10, seed=0, struc='graph', temporal_layer=3, timestep_hidden=10)
INFO:root:******************* Training Started *******************
INFO:root:Epoch 0/100, Loss: 3.4040
INFO:root:Train: MRR: 0.0043, Hits@1: 0.0000, Hits@10: 0.0000, Hits@100: 0.0600
INFO:root:Valid: MRR: 0.0029, Hits@1: 0.0000, Hits@10: 0.0000, Hits@100: 0.0000
INFO:root:Epoch 1/100, Loss: 3.7281
INFO:root:Epoch 2/100, Loss: 3.8005
INFO:root:Epoch 3/100, Loss: 3.4757
INFO:root:Epoch 4/100, Loss: 4.1439
INFO:root:Epoch 5/100, Loss: 2.4385
INFO:root:Train: MRR: 0.1633, Hits@1: 0.0800, Hits@10: 0.3800, Hits@100: 0.9000
INFO:root:Valid: MRR: 0.1272, Hits@1: 0.0000, Hits@10: 0.6000, Hits@100: 0.9500
INFO:root:Epoch 6/100, Loss: 2.9891
INFO:root:Epoch 7/100, Loss: 1.7193
INFO:root:Epoch 8/100, Loss: 2.0297
INFO:root:Epoch 9/100, Loss: 1.5137
INFO:root:Epoch 10/100, Loss: 1.3690
INFO:root:Train: MRR: 0.5275, Hits@1: 0.3200, Hits@10: 0.9600, Hits@100: 1.0000
INFO:root:Valid: MRR: 0.5563, Hits@1: 0.3500, Hits@10: 0.9500, Hits@100: 1.0000
INFO:root:Epoch 11/100, Loss: 0.5112
INFO:root:Epoch 12/100, Loss: 0.1454
INFO:root:Epoch 13/100, Loss: 0.0554
INFO:root:Epoch 14/100, Loss: 1.9040
INFO:root:Epoch 15/100, Loss: 0.0758
INFO:root:Train: MRR: 0.7863, Hits@1: 0.6800, Hits@10: 0.9800, Hits@100: 1.0000
INFO:root:Valid: MRR: 0.7351, Hits@1: 0.6500, Hits@10: 1.0000, Hits@100: 1.0000
INFO:root:Epoch 16/100, Loss: 0.0296
INFO:root:Epoch 17/100, Loss: 0.0757
INFO:root:Epoch 18/100, Loss: 1.4037
INFO:root:Epoch 19/100, Loss: 0.1434
INFO:root:Epoch 20/100, Loss: 65.0484
INFO:root:Train: MRR: 0.3661, Hits@1: 0.1400, Hits@10: 0.8600, Hits@100: 1.0000
INFO:root:Valid: MRR: 0.2686, Hits@1: 0.0500, Hits@10: 0.8000, Hits@100: 1.0000
INFO:root:Epoch 21/100, Loss: 1.3448
INFO:root:Epoch 22/100, Loss: 0.1058
INFO:root:Epoch 23/100, Loss: 0.0631
INFO:root:Epoch 24/100, Loss: 0.1423
INFO:root:Epoch 25/100, Loss: 0.0540
INFO:root:Train: MRR: 0.8104, Hits@1: 0.7200, Hits@10: 1.0000, Hits@100: 1.0000
INFO:root:Valid: MRR: 0.7796, Hits@1: 0.7000, Hits@10: 1.0000, Hits@100: 1.0000
INFO:root:Epoch 26/100, Loss: 0.0411
INFO:root:Epoch 27/100, Loss: 0.1375
INFO:root:Epoch 28/100, Loss: 34.2353
INFO:root:Epoch 29/100, Loss: 3.6246
INFO:root:Epoch 30/100, Loss: 3.2497
INFO:root:Train: MRR: 0.9267, Hits@1: 0.8800, Hits@10: 1.0000, Hits@100: 1.0000
INFO:root:Valid: MRR: 0.8208, Hits@1: 0.7000, Hits@10: 1.0000, Hits@100: 1.0000
INFO:root:Epoch 31/100, Loss: 87.7596
INFO:root:Epoch 32/100, Loss: 0.0866
INFO:root:Epoch 33/100, Loss: 0.0830
INFO:root:Epoch 34/100, Loss: 132.2673
INFO:root:Epoch 35/100, Loss: 25.5699
INFO:root:Train: MRR: 0.4375, Hits@1: 0.2000, Hits@10: 0.9400, Hits@100: 1.0000
INFO:root:Valid: MRR: 0.3101, Hits@1: 0.0500, Hits@10: 0.9000, Hits@100: 1.0000
INFO:root:Epoch 36/100, Loss: 0.0073
INFO:root:Epoch 37/100, Loss: 0.0969
INFO:root:Epoch 38/100, Loss: 0.1009
INFO:root:Epoch 39/100, Loss: 0.0132
INFO:root:Epoch 40/100, Loss: 0.0379
INFO:root:Train: MRR: 0.9433, Hits@1: 0.9200, Hits@10: 1.0000, Hits@100: 1.0000
INFO:root:Valid: MRR: 0.9417, Hits@1: 0.9000, Hits@10: 1.0000, Hits@100: 1.0000
INFO:root:Epoch 41/100, Loss: 0.0202
INFO:root:Epoch 42/100, Loss: 45.6486
INFO:root:Epoch 43/100, Loss: 0.0192
INFO:root:Epoch 44/100, Loss: 1.1086
INFO:root:Epoch 45/100, Loss: 0.0577
INFO:root:Train: MRR: 0.9233, Hits@1: 0.8800, Hits@10: 1.0000, Hits@100: 1.0000
INFO:root:Valid: MRR: 0.9417, Hits@1: 0.9000, Hits@10: 1.0000, Hits@100: 1.0000
INFO:root:Epoch 46/100, Loss: 0.1003
INFO:root:Epoch 47/100, Loss: 0.1765
INFO:root:Epoch 48/100, Loss: 40.2296
INFO:root:Epoch 49/100, Loss: 0.0210
INFO:root:Epoch 50/100, Loss: 0.0414
INFO:root:Train: MRR: 0.9440, Hits@1: 0.9200, Hits@10: 1.0000, Hits@100: 1.0000
INFO:root:Valid: MRR: 0.9417, Hits@1: 0.9000, Hits@10: 1.0000, Hits@100: 1.0000
INFO:root:Epoch 51/100, Loss: 0.0363
INFO:root:Epoch 52/100, Loss: 70.8092
INFO:root:Epoch 53/100, Loss: 7.4791
INFO:root:Epoch 54/100, Loss: 0.1561
INFO:root:Epoch 55/100, Loss: 0.1743
INFO:root:Train: MRR: 0.9307, Hits@1: 0.9000, Hits@10: 1.0000, Hits@100: 1.0000
INFO:root:Valid: MRR: 0.9417, Hits@1: 0.9000, Hits@10: 1.0000, Hits@100: 1.0000
INFO:root:Epoch 56/100, Loss: 7.4524
INFO:root:Epoch 57/100, Loss: 0.0158
INFO:root:Epoch 58/100, Loss: 50.1589
INFO:root:Epoch 59/100, Loss: 0.0225
INFO:root:Epoch 60/100, Loss: 0.0267
INFO:root:Train: MRR: 0.8800, Hits@1: 0.8000, Hits@10: 1.0000, Hits@100: 1.0000
INFO:root:Valid: MRR: 0.9167, Hits@1: 0.8500, Hits@10: 1.0000, Hits@100: 1.0000
INFO:root:Epoch 61/100, Loss: 40.0565
INFO:root:Epoch 62/100, Loss: 2.1990
INFO:root:Epoch 63/100, Loss: 0.0127
INFO:root:Epoch 64/100, Loss: 11.7005
INFO:root:Epoch 65/100, Loss: 2.2295
INFO:root:Train: MRR: 0.4864, Hits@1: 0.2400, Hits@10: 0.9600, Hits@100: 1.0000
INFO:root:Valid: MRR: 0.3892, Hits@1: 0.1500, Hits@10: 1.0000, Hits@100: 1.0000
INFO:root:Epoch 66/100, Loss: 0.1115
INFO:root:Epoch 67/100, Loss: 0.1086
INFO:root:Epoch 68/100, Loss: 0.1585
INFO:root:Epoch 69/100, Loss: 8.5341
INFO:root:Epoch 70/100, Loss: 0.1069
INFO:root:Train: MRR: 0.9200, Hits@1: 0.8800, Hits@10: 1.0000, Hits@100: 1.0000
INFO:root:Valid: MRR: 0.9417, Hits@1: 0.9000, Hits@10: 1.0000, Hits@100: 1.0000
INFO:root:Epoch 71/100, Loss: 0.0182
INFO:root:Epoch 72/100, Loss: 47.6408
INFO:root:Epoch 73/100, Loss: 55.8543
INFO:root:Epoch 74/100, Loss: 0.0172
INFO:root:Epoch 75/100, Loss: 14.5167
INFO:root:Train: MRR: 0.9100, Hits@1: 0.8600, Hits@10: 1.0000, Hits@100: 1.0000
INFO:root:Valid: MRR: 0.9375, Hits@1: 0.9000, Hits@10: 1.0000, Hits@100: 1.0000
INFO:root:Epoch 76/100, Loss: 0.3445
INFO:root:Epoch 77/100, Loss: 2.9133
INFO:root:Epoch 78/100, Loss: 1.2745
INFO:root:Epoch 79/100, Loss: 4.9044
INFO:root:Epoch 80/100, Loss: 0.0283
INFO:root:Train: MRR: 0.6719, Hits@1: 0.4800, Hits@10: 1.0000, Hits@100: 1.0000
INFO:root:Valid: MRR: 0.6156, Hits@1: 0.4500, Hits@10: 1.0000, Hits@100: 1.0000
INFO:root:Epoch 81/100, Loss: 0.0125
INFO:root:Epoch 82/100, Loss: 0.0344
INFO:root:Epoch 83/100, Loss: 4.6169
INFO:root:Epoch 84/100, Loss: 21.6728
INFO:root:Epoch 85/100, Loss: 0.1104
INFO:root:Train: MRR: 0.8185, Hits@1: 0.7200, Hits@10: 1.0000, Hits@100: 1.0000
INFO:root:Valid: MRR: 0.8030, Hits@1: 0.7000, Hits@10: 1.0000, Hits@100: 1.0000
INFO:root:Epoch 86/100, Loss: 0.0222
INFO:root:Epoch 87/100, Loss: 0.0072
INFO:root:Epoch 88/100, Loss: 0.0099
INFO:root:Epoch 89/100, Loss: 0.0116
INFO:root:Epoch 90/100, Loss: 0.0750
INFO:root:Train: MRR: 0.8341, Hits@1: 0.7800, Hits@10: 0.9600, Hits@100: 1.0000
INFO:root:Valid: MRR: 0.7898, Hits@1: 0.7000, Hits@10: 0.9000, Hits@100: 1.0000
INFO:root:Epoch 91/100, Loss: 0.0128
INFO:root:Epoch 92/100, Loss: 0.0171
INFO:root:Epoch 93/100, Loss: 0.0287
INFO:root:Epoch 94/100, Loss: 0.0750
INFO:root:Epoch 95/100, Loss: 35.5939
INFO:root:Train: MRR: 0.7086, Hits@1: 0.5400, Hits@10: 1.0000, Hits@100: 1.0000
INFO:root:Valid: MRR: 0.6322, Hits@1: 0.5000, Hits@10: 1.0000, Hits@100: 1.0000
INFO:root:Epoch 96/100, Loss: 3.5446
INFO:root:Epoch 97/100, Loss: 22.0955
INFO:root:Epoch 98/100, Loss: 0.0826
INFO:root:Epoch 99/100, Loss: 0.3085
INFO:root:Epoch 100/100, Loss: 0.0487
INFO:root:Train: MRR: 0.5781, Hits@1: 0.3600, Hits@10: 1.0000, Hits@100: 1.0000
INFO:root:Valid: MRR: 0.4631, Hits@1: 0.2500, Hits@10: 1.0000, Hits@100: 1.0000
INFO:root:******************* Training Finished *******************
