INFO:root:******************* Training Started *******************
INFO:root:2024-11-22 20:12:53.115533
INFO:root:Namespace(agg=False, batch_size=1, dataset='UVA', device='cuda', dropout=0.5, epoch=200, epochs=200, hidden_channels=256, in_channels=3, len_input=30, lr=0.0005, mlp_layer=2, model='DTGNN', nb_time_filter=2, num_for_predict=1, out_channels=8, partial=True, seed=0, spatial_layer=1, struct='RNN-GNN', temporal_layer=2, time_strides=1, timestep_hidden=20, weight_decay=0.0001)
INFO:root:Sparse Hypergraph
INFO:root:******************* Training Started *******************
INFO:root:Epoch 0/200, Loss: 0.842
INFO:root:Train: MRR: 0.200, Hits@1: 0.117, Hits@10: 0.383, Hits@100: 0.967
INFO:root:Valid: MRR: 0.307, Hits@1: 0.200, Hits@10: 0.500, Hits@100: 1.000
INFO:root:Test: MRR: 0.230, Hits@1: 0.100, Hits@10: 0.500, Hits@100: 1.000
INFO:root:Epoch 1/200, Loss: 0.280
INFO:root:Epoch 2/200, Loss: 0.099
INFO:root:Epoch 3/200, Loss: 0.059
INFO:root:Epoch 4/200, Loss: 0.101
INFO:root:Epoch 5/200, Loss: 0.179
INFO:root:Epoch 6/200, Loss: 0.050
INFO:root:Epoch 7/200, Loss: 0.040
INFO:root:Epoch 8/200, Loss: 0.059
INFO:root:Epoch 9/200, Loss: 1.758
INFO:root:Epoch 10/200, Loss: 0.089
INFO:root:Train: MRR: 0.336, Hits@1: 0.183, Hits@10: 0.650, Hits@100: 0.983
INFO:root:Valid: MRR: 0.460, Hits@1: 0.300, Hits@10: 0.750, Hits@100: 1.000
INFO:root:Test: MRR: 0.314, Hits@1: 0.200, Hits@10: 0.550, Hits@100: 1.000
INFO:root:Epoch 11/200, Loss: 0.177
INFO:root:Epoch 12/200, Loss: 0.038
INFO:root:Epoch 13/200, Loss: 0.117
INFO:root:Epoch 14/200, Loss: 0.579
INFO:root:Epoch 15/200, Loss: 0.362
INFO:root:Epoch 16/200, Loss: 0.181
INFO:root:Epoch 17/200, Loss: 0.004
INFO:root:Epoch 18/200, Loss: 0.066
INFO:root:Epoch 19/200, Loss: 0.127
INFO:root:Epoch 20/200, Loss: 0.121
INFO:root:Train: MRR: 0.339, Hits@1: 0.183, Hits@10: 0.650, Hits@100: 0.983
INFO:root:Valid: MRR: 0.460, Hits@1: 0.300, Hits@10: 0.750, Hits@100: 1.000
INFO:root:Test: MRR: 0.315, Hits@1: 0.200, Hits@10: 0.550, Hits@100: 1.000
INFO:root:Epoch 21/200, Loss: 0.106
INFO:root:Epoch 22/200, Loss: 0.125
INFO:root:Epoch 23/200, Loss: 0.048
INFO:root:Epoch 24/200, Loss: 0.907
INFO:root:Epoch 25/200, Loss: 0.097
INFO:root:Epoch 26/200, Loss: 0.396
INFO:root:Epoch 27/200, Loss: 0.034
INFO:root:Epoch 28/200, Loss: 0.326
INFO:root:Epoch 29/200, Loss: 0.154
INFO:root:Epoch 30/200, Loss: 0.923
INFO:root:Train: MRR: 0.339, Hits@1: 0.183, Hits@10: 0.650, Hits@100: 0.983
INFO:root:Valid: MRR: 0.460, Hits@1: 0.300, Hits@10: 0.750, Hits@100: 1.000
INFO:root:Test: MRR: 0.315, Hits@1: 0.200, Hits@10: 0.550, Hits@100: 1.000
INFO:root:Epoch 31/200, Loss: 0.008
INFO:root:Epoch 32/200, Loss: 0.144
INFO:root:Epoch 33/200, Loss: 0.106
INFO:root:Epoch 34/200, Loss: 0.009
INFO:root:Epoch 35/200, Loss: 0.004
INFO:root:Epoch 36/200, Loss: 0.470
INFO:root:Epoch 37/200, Loss: 4.321
INFO:root:Epoch 38/200, Loss: 0.170
INFO:root:Epoch 39/200, Loss: 0.036
INFO:root:Epoch 40/200, Loss: 0.036
INFO:root:Train: MRR: 0.339, Hits@1: 0.183, Hits@10: 0.650, Hits@100: 0.983
INFO:root:Valid: MRR: 0.460, Hits@1: 0.300, Hits@10: 0.750, Hits@100: 1.000
INFO:root:Test: MRR: 0.315, Hits@1: 0.200, Hits@10: 0.550, Hits@100: 1.000
INFO:root:Epoch 41/200, Loss: 0.140
INFO:root:Epoch 42/200, Loss: 0.121
INFO:root:Epoch 43/200, Loss: 0.233
INFO:root:Epoch 44/200, Loss: 0.161
INFO:root:Epoch 45/200, Loss: 0.045
INFO:root:Epoch 46/200, Loss: 0.283
INFO:root:Epoch 47/200, Loss: 0.035
INFO:root:Epoch 48/200, Loss: 0.035
INFO:root:Epoch 49/200, Loss: 0.105
INFO:root:Epoch 50/200, Loss: 0.077
INFO:root:Train: MRR: 0.339, Hits@1: 0.183, Hits@10: 0.650, Hits@100: 0.983
INFO:root:Valid: MRR: 0.460, Hits@1: 0.300, Hits@10: 0.750, Hits@100: 1.000
INFO:root:Test: MRR: 0.315, Hits@1: 0.200, Hits@10: 0.550, Hits@100: 1.000
INFO:root:Epoch 51/200, Loss: 0.040
INFO:root:Epoch 52/200, Loss: 0.169
INFO:root:Epoch 53/200, Loss: 0.045
INFO:root:Epoch 54/200, Loss: 0.030
INFO:root:Epoch 55/200, Loss: 0.178
INFO:root:Epoch 56/200, Loss: 0.286
INFO:root:Epoch 57/200, Loss: 0.134
INFO:root:Epoch 58/200, Loss: 0.006
INFO:root:Epoch 59/200, Loss: 0.036
INFO:root:Epoch 60/200, Loss: 0.525
INFO:root:Train: MRR: 0.343, Hits@1: 0.183, Hits@10: 0.650, Hits@100: 0.983
INFO:root:Valid: MRR: 0.466, Hits@1: 0.300, Hits@10: 0.850, Hits@100: 1.000
INFO:root:Test: MRR: 0.356, Hits@1: 0.250, Hits@10: 0.600, Hits@100: 1.000
INFO:root:Epoch 61/200, Loss: 0.043
INFO:root:Epoch 62/200, Loss: 1.606
INFO:root:Epoch 63/200, Loss: 0.163
INFO:root:Epoch 64/200, Loss: 0.033
INFO:root:Epoch 65/200, Loss: 0.012
INFO:root:Epoch 66/200, Loss: 0.040
INFO:root:Epoch 67/200, Loss: 0.035
INFO:root:Epoch 68/200, Loss: 0.075
INFO:root:Epoch 69/200, Loss: 0.041
INFO:root:Epoch 70/200, Loss: 0.178
INFO:root:Train: MRR: 0.343, Hits@1: 0.183, Hits@10: 0.650, Hits@100: 0.983
INFO:root:Valid: MRR: 0.466, Hits@1: 0.300, Hits@10: 0.850, Hits@100: 1.000
INFO:root:Test: MRR: 0.356, Hits@1: 0.250, Hits@10: 0.600, Hits@100: 1.000
INFO:root:Epoch 71/200, Loss: 0.066
INFO:root:Epoch 72/200, Loss: 0.041
INFO:root:Epoch 73/200, Loss: 0.102
INFO:root:Epoch 74/200, Loss: 0.130
INFO:root:Epoch 75/200, Loss: 0.006
INFO:root:Epoch 76/200, Loss: 0.095
INFO:root:Epoch 77/200, Loss: 0.043
INFO:root:Epoch 78/200, Loss: 0.030
INFO:root:Epoch 79/200, Loss: 0.140
INFO:root:Epoch 80/200, Loss: 0.194
INFO:root:Train: MRR: 0.343, Hits@1: 0.183, Hits@10: 0.650, Hits@100: 0.983
INFO:root:Valid: MRR: 0.466, Hits@1: 0.300, Hits@10: 0.850, Hits@100: 1.000
INFO:root:Test: MRR: 0.356, Hits@1: 0.250, Hits@10: 0.600, Hits@100: 1.000
INFO:root:Epoch 81/200, Loss: 0.088
INFO:root:Epoch 82/200, Loss: 0.010
INFO:root:Epoch 83/200, Loss: 0.049
INFO:root:Epoch 84/200, Loss: 0.046
INFO:root:Epoch 85/200, Loss: 0.042
INFO:root:Epoch 86/200, Loss: 0.038
INFO:root:Epoch 87/200, Loss: 0.095
INFO:root:Epoch 88/200, Loss: 0.007
INFO:root:Epoch 89/200, Loss: 0.043
INFO:root:Epoch 90/200, Loss: 0.008
INFO:root:Train: MRR: 0.343, Hits@1: 0.183, Hits@10: 0.650, Hits@100: 0.983
INFO:root:Valid: MRR: 0.466, Hits@1: 0.300, Hits@10: 0.850, Hits@100: 1.000
INFO:root:Test: MRR: 0.356, Hits@1: 0.250, Hits@10: 0.600, Hits@100: 1.000
INFO:root:Epoch 91/200, Loss: 0.027
INFO:root:Epoch 92/200, Loss: 0.028
INFO:root:Epoch 93/200, Loss: 0.055
INFO:root:Epoch 94/200, Loss: 0.095
INFO:root:Epoch 95/200, Loss: 0.098
INFO:root:Epoch 96/200, Loss: 0.126
INFO:root:Epoch 97/200, Loss: 0.126
INFO:root:Epoch 98/200, Loss: 0.071
INFO:root:Epoch 99/200, Loss: 0.009
INFO:root:Epoch 100/200, Loss: 0.178
INFO:root:Train: MRR: 0.339, Hits@1: 0.183, Hits@10: 0.650, Hits@100: 0.983
INFO:root:Valid: MRR: 0.460, Hits@1: 0.300, Hits@10: 0.750, Hits@100: 1.000
INFO:root:Test: MRR: 0.315, Hits@1: 0.200, Hits@10: 0.550, Hits@100: 1.000
INFO:root:Epoch 101/200, Loss: 0.228
INFO:root:Epoch 102/200, Loss: 0.043
INFO:root:Epoch 103/200, Loss: 0.073
INFO:root:Epoch 104/200, Loss: 0.047
INFO:root:Epoch 105/200, Loss: 0.117
INFO:root:Epoch 106/200, Loss: 0.116
INFO:root:Epoch 107/200, Loss: 0.025
INFO:root:Epoch 108/200, Loss: 0.193
INFO:root:Epoch 109/200, Loss: 0.208
INFO:root:Epoch 110/200, Loss: 0.046
INFO:root:Train: MRR: 0.339, Hits@1: 0.183, Hits@10: 0.650, Hits@100: 0.983
INFO:root:Valid: MRR: 0.460, Hits@1: 0.300, Hits@10: 0.750, Hits@100: 1.000
INFO:root:Test: MRR: 0.315, Hits@1: 0.200, Hits@10: 0.550, Hits@100: 1.000
INFO:root:Epoch 111/200, Loss: 0.044
INFO:root:Epoch 112/200, Loss: 0.064
INFO:root:Epoch 113/200, Loss: 0.107
INFO:root:Epoch 114/200, Loss: 0.103
INFO:root:Epoch 115/200, Loss: 0.089
INFO:root:Epoch 116/200, Loss: 0.045
INFO:root:Epoch 117/200, Loss: 0.028
INFO:root:Epoch 118/200, Loss: 0.127
INFO:root:Epoch 119/200, Loss: 0.092
INFO:root:Epoch 120/200, Loss: 0.139
INFO:root:Train: MRR: 0.339, Hits@1: 0.183, Hits@10: 0.650, Hits@100: 0.983
INFO:root:Valid: MRR: 0.460, Hits@1: 0.300, Hits@10: 0.750, Hits@100: 1.000
INFO:root:Test: MRR: 0.315, Hits@1: 0.200, Hits@10: 0.550, Hits@100: 1.000
INFO:root:Epoch 121/200, Loss: 0.037
INFO:root:Epoch 122/200, Loss: 0.062
INFO:root:Epoch 123/200, Loss: 0.111
INFO:root:Epoch 124/200, Loss: 0.211
INFO:root:Epoch 125/200, Loss: 0.203
INFO:root:Epoch 126/200, Loss: 0.192
INFO:root:Epoch 127/200, Loss: 0.121
INFO:root:Epoch 128/200, Loss: 0.074
INFO:root:Epoch 129/200, Loss: 0.043
INFO:root:Epoch 130/200, Loss: 0.009
INFO:root:Train: MRR: 0.339, Hits@1: 0.183, Hits@10: 0.650, Hits@100: 0.983
INFO:root:Valid: MRR: 0.460, Hits@1: 0.300, Hits@10: 0.750, Hits@100: 1.000
INFO:root:Test: MRR: 0.315, Hits@1: 0.200, Hits@10: 0.550, Hits@100: 1.000
INFO:root:Epoch 131/200, Loss: 0.120
INFO:root:Epoch 132/200, Loss: 0.046
INFO:root:Epoch 133/200, Loss: 0.077
INFO:root:Epoch 134/200, Loss: 0.036
INFO:root:Epoch 135/200, Loss: 0.030
INFO:root:Epoch 136/200, Loss: 0.008
INFO:root:Epoch 137/200, Loss: 0.267
INFO:root:Epoch 138/200, Loss: 0.028
INFO:root:Epoch 139/200, Loss: 0.062
INFO:root:Epoch 140/200, Loss: 0.007
INFO:root:Train: MRR: 0.341, Hits@1: 0.183, Hits@10: 0.650, Hits@100: 0.983
INFO:root:Valid: MRR: 0.460, Hits@1: 0.300, Hits@10: 0.750, Hits@100: 1.000
INFO:root:Test: MRR: 0.315, Hits@1: 0.200, Hits@10: 0.550, Hits@100: 1.000
INFO:root:Epoch 141/200, Loss: 0.043
INFO:root:Epoch 142/200, Loss: 0.037
INFO:root:Epoch 143/200, Loss: 0.096
INFO:root:Epoch 144/200, Loss: 0.099
INFO:root:Epoch 145/200, Loss: 0.129
INFO:root:Epoch 146/200, Loss: 0.034
INFO:root:Epoch 147/200, Loss: 0.112
INFO:root:Epoch 148/200, Loss: 0.114
INFO:root:Epoch 149/200, Loss: 0.095
INFO:root:Epoch 150/200, Loss: 0.039
INFO:root:Train: MRR: 0.346, Hits@1: 0.183, Hits@10: 0.650, Hits@100: 0.983
INFO:root:Valid: MRR: 0.466, Hits@1: 0.300, Hits@10: 0.850, Hits@100: 1.000
INFO:root:Test: MRR: 0.356, Hits@1: 0.250, Hits@10: 0.600, Hits@100: 1.000
INFO:root:Epoch 151/200, Loss: 0.204
INFO:root:Epoch 152/200, Loss: 0.038
INFO:root:Epoch 153/200, Loss: 0.005
INFO:root:Epoch 154/200, Loss: 0.114
INFO:root:Epoch 155/200, Loss: 0.031
INFO:root:Epoch 156/200, Loss: 0.130
INFO:root:Epoch 157/200, Loss: 0.176
INFO:root:Epoch 158/200, Loss: 0.079
INFO:root:Epoch 159/200, Loss: 0.091
INFO:root:Epoch 160/200, Loss: 0.092
INFO:root:Train: MRR: 0.346, Hits@1: 0.183, Hits@10: 0.650, Hits@100: 0.983
INFO:root:Valid: MRR: 0.466, Hits@1: 0.300, Hits@10: 0.850, Hits@100: 1.000
INFO:root:Test: MRR: 0.356, Hits@1: 0.250, Hits@10: 0.600, Hits@100: 1.000
INFO:root:Epoch 161/200, Loss: 0.066
INFO:root:Epoch 162/200, Loss: 0.028
INFO:root:Epoch 163/200, Loss: 0.028
INFO:root:Epoch 164/200, Loss: 0.010
INFO:root:Epoch 165/200, Loss: 0.062
INFO:root:Epoch 166/200, Loss: 0.122
INFO:root:Epoch 167/200, Loss: 0.119
INFO:root:Epoch 168/200, Loss: 0.042
INFO:root:Epoch 169/200, Loss: 0.032
INFO:root:Epoch 170/200, Loss: 0.071
INFO:root:Train: MRR: 0.343, Hits@1: 0.183, Hits@10: 0.650, Hits@100: 0.983
INFO:root:Valid: MRR: 0.466, Hits@1: 0.300, Hits@10: 0.850, Hits@100: 1.000
INFO:root:Test: MRR: 0.356, Hits@1: 0.250, Hits@10: 0.600, Hits@100: 1.000
INFO:root:Epoch 171/200, Loss: 0.039
INFO:root:Epoch 172/200, Loss: 0.034
INFO:root:Epoch 173/200, Loss: 0.031
INFO:root:Epoch 174/200, Loss: 0.062
INFO:root:Epoch 175/200, Loss: 0.188
INFO:root:Epoch 176/200, Loss: 0.043
INFO:root:Epoch 177/200, Loss: 0.197
INFO:root:Epoch 178/200, Loss: 0.063
INFO:root:Epoch 179/200, Loss: 0.062
INFO:root:Epoch 180/200, Loss: 0.116
INFO:root:Train: MRR: 0.346, Hits@1: 0.183, Hits@10: 0.650, Hits@100: 0.983
INFO:root:Valid: MRR: 0.466, Hits@1: 0.300, Hits@10: 0.850, Hits@100: 1.000
INFO:root:Test: MRR: 0.356, Hits@1: 0.250, Hits@10: 0.600, Hits@100: 1.000
INFO:root:Epoch 181/200, Loss: 0.118
INFO:root:Epoch 182/200, Loss: 0.009
INFO:root:Epoch 183/200, Loss: 0.127
INFO:root:Epoch 184/200, Loss: 0.072
INFO:root:Epoch 185/200, Loss: 0.069
INFO:root:Epoch 186/200, Loss: 0.006
INFO:root:Epoch 187/200, Loss: 0.042
INFO:root:Epoch 188/200, Loss: 0.129
INFO:root:Epoch 189/200, Loss: 0.097
INFO:root:Epoch 190/200, Loss: 0.124
INFO:root:Train: MRR: 0.343, Hits@1: 0.183, Hits@10: 0.650, Hits@100: 0.983
INFO:root:Valid: MRR: 0.466, Hits@1: 0.300, Hits@10: 0.850, Hits@100: 1.000
INFO:root:Test: MRR: 0.356, Hits@1: 0.250, Hits@10: 0.600, Hits@100: 1.000
INFO:root:Epoch 191/200, Loss: 0.093
INFO:root:Epoch 192/200, Loss: 0.047
INFO:root:Epoch 193/200, Loss: 0.183
INFO:root:Epoch 194/200, Loss: 0.072
INFO:root:Epoch 195/200, Loss: 0.083
INFO:root:Epoch 196/200, Loss: 0.096
INFO:root:Epoch 197/200, Loss: 0.089
INFO:root:Epoch 198/200, Loss: 0.011
INFO:root:Epoch 199/200, Loss: 0.045
INFO:root:Epoch 200/200, Loss: 0.031
INFO:root:Train: MRR: 0.346, Hits@1: 0.183, Hits@10: 0.650, Hits@100: 0.983
INFO:root:Valid: MRR: 0.466, Hits@1: 0.300, Hits@10: 0.850, Hits@100: 1.000
INFO:root:Test: MRR: 0.356, Hits@1: 0.250, Hits@10: 0.600, Hits@100: 1.000
INFO:root:Final Result:
INFO:root:MRR: 0.356, Hits@1: 0.250, Hits@10: 0.600, Hits@100: 1.000
INFO:root:******************* Training Finished *******************
