INFO:root:2024-11-24 21:47:58.575041
INFO:root:Namespace(agg=False, batch_size=1, dataset='UVA', device='cuda', dropout=0.5, epochs=100, hidden_channels=256, in_channels=3, len_input=30, lr=0.0005, mlp_layer=2, model='DTGNN', nb_time_filter=2, num_for_predict=1, out_channels=8, partial=True, seed=0, spatial_layer=1, struct='RNN-GNN', temporal_layer=2, time_strides=1, timestep_hidden=40, weight_decay=0.0001)
INFO:root:Sparse Hypergraph
INFO:root:******************* Training Started *******************
INFO:root:2024-11-24 21:50:19.741307
INFO:root:Namespace(agg=False, batch_size=1, dataset='UVA', device='cuda', dropout=0.5, epochs=100, hidden_channels=256, in_channels=3, lr=0.0005, mlp_layer=2, model='DTGNN', nb_time_filter=2, num_for_predict=1, out_channels=8, partial=True, seed=0, spatial_layer=1, struct='RNN-GNN', temporal_layer=2, time_strides=1, timestep_hidden=40, weight_decay=0.0001)
INFO:root:Sparse Hypergraph
INFO:root:******************* Training Started *******************
INFO:root:Epoch 0/100, Loss: 1.171
INFO:root:Train: MRR: 0.104, Hits@1: 0.033, Hits@10: 0.217, Hits@100: 0.983
INFO:root:Valid: MRR: 0.237, Hits@1: 0.150, Hits@10: 0.300, Hits@100: 1.000
INFO:root:Test: MRR: 0.177, Hits@1: 0.150, Hits@10: 0.150, Hits@100: 0.900
INFO:root:Epoch 1/100, Loss: 0.576
INFO:root:Epoch 2/100, Loss: 0.250
INFO:root:Epoch 3/100, Loss: 0.112
INFO:root:Epoch 4/100, Loss: 0.078
INFO:root:Epoch 5/100, Loss: 0.136
INFO:root:Epoch 6/100, Loss: 0.067
INFO:root:Epoch 7/100, Loss: 0.166
INFO:root:Epoch 8/100, Loss: 0.070
INFO:root:Epoch 9/100, Loss: 0.026
INFO:root:Epoch 10/100, Loss: 1.979
INFO:root:Train: MRR: 0.141, Hits@1: 0.033, Hits@10: 0.283, Hits@100: 0.983
INFO:root:Valid: MRR: 0.262, Hits@1: 0.200, Hits@10: 0.300, Hits@100: 1.000
INFO:root:Test: MRR: 0.191, Hits@1: 0.150, Hits@10: 0.250, Hits@100: 0.950
INFO:root:Epoch 11/100, Loss: 0.234
INFO:root:Epoch 12/100, Loss: 0.046
INFO:root:Epoch 13/100, Loss: 0.831
INFO:root:Epoch 14/100, Loss: 0.069
INFO:root:Epoch 15/100, Loss: 0.076
INFO:root:Epoch 16/100, Loss: 0.103
INFO:root:Epoch 17/100, Loss: 0.058
INFO:root:Epoch 18/100, Loss: 0.756
INFO:root:Epoch 19/100, Loss: 0.063
INFO:root:Epoch 20/100, Loss: 0.017
INFO:root:Train: MRR: 0.141, Hits@1: 0.033, Hits@10: 0.283, Hits@100: 0.983
INFO:root:Valid: MRR: 0.262, Hits@1: 0.200, Hits@10: 0.300, Hits@100: 1.000
INFO:root:Test: MRR: 0.191, Hits@1: 0.150, Hits@10: 0.250, Hits@100: 0.950
INFO:root:Epoch 21/100, Loss: 4.796
INFO:root:Epoch 22/100, Loss: 0.070
INFO:root:Epoch 23/100, Loss: 0.160
INFO:root:Epoch 24/100, Loss: 0.085
INFO:root:Epoch 25/100, Loss: 0.058
INFO:root:Epoch 26/100, Loss: 4.835
INFO:root:Epoch 27/100, Loss: 0.053
INFO:root:Epoch 28/100, Loss: 0.068
INFO:root:Epoch 29/100, Loss: 0.075
INFO:root:Epoch 30/100, Loss: 0.062
INFO:root:Train: MRR: 0.141, Hits@1: 0.033, Hits@10: 0.283, Hits@100: 0.983
INFO:root:Valid: MRR: 0.262, Hits@1: 0.200, Hits@10: 0.300, Hits@100: 1.000
INFO:root:Test: MRR: 0.191, Hits@1: 0.150, Hits@10: 0.250, Hits@100: 0.950
INFO:root:Epoch 31/100, Loss: 0.059
INFO:root:Epoch 32/100, Loss: 0.151
INFO:root:Epoch 33/100, Loss: 0.117
INFO:root:Epoch 34/100, Loss: 1.054
INFO:root:Epoch 35/100, Loss: 0.143
INFO:root:Epoch 36/100, Loss: 0.063
INFO:root:Epoch 37/100, Loss: 0.121
INFO:root:Epoch 38/100, Loss: 0.112
INFO:root:Epoch 39/100, Loss: 0.066
INFO:root:Epoch 40/100, Loss: 0.127
INFO:root:Train: MRR: 0.141, Hits@1: 0.033, Hits@10: 0.283, Hits@100: 0.983
INFO:root:Valid: MRR: 0.262, Hits@1: 0.200, Hits@10: 0.300, Hits@100: 1.000
INFO:root:Test: MRR: 0.191, Hits@1: 0.150, Hits@10: 0.250, Hits@100: 0.950
INFO:root:Epoch 41/100, Loss: 0.053
INFO:root:Epoch 42/100, Loss: 0.081
INFO:root:Epoch 43/100, Loss: 0.039
INFO:root:Epoch 44/100, Loss: 5.457
INFO:root:Epoch 45/100, Loss: 0.202
INFO:root:Epoch 46/100, Loss: 0.081
INFO:root:Epoch 47/100, Loss: 1.733
INFO:root:Epoch 48/100, Loss: 0.226
INFO:root:Epoch 49/100, Loss: 0.087
INFO:root:Epoch 50/100, Loss: 0.147
INFO:root:Train: MRR: 0.141, Hits@1: 0.033, Hits@10: 0.283, Hits@100: 0.983
INFO:root:Valid: MRR: 0.262, Hits@1: 0.200, Hits@10: 0.300, Hits@100: 1.000
INFO:root:Test: MRR: 0.191, Hits@1: 0.150, Hits@10: 0.250, Hits@100: 0.950
INFO:root:Epoch 51/100, Loss: 0.507
INFO:root:Epoch 52/100, Loss: 0.049
INFO:root:Epoch 53/100, Loss: 0.411
INFO:root:Epoch 54/100, Loss: 0.062
INFO:root:Epoch 55/100, Loss: 0.202
INFO:root:Epoch 56/100, Loss: 0.193
INFO:root:Epoch 57/100, Loss: 0.066
INFO:root:Epoch 58/100, Loss: 0.110
INFO:root:Epoch 59/100, Loss: 0.029
INFO:root:Epoch 60/100, Loss: 0.053
INFO:root:Train: MRR: 0.141, Hits@1: 0.033, Hits@10: 0.283, Hits@100: 0.983
INFO:root:Valid: MRR: 0.262, Hits@1: 0.200, Hits@10: 0.300, Hits@100: 1.000
INFO:root:Test: MRR: 0.190, Hits@1: 0.150, Hits@10: 0.250, Hits@100: 0.950
INFO:root:Epoch 61/100, Loss: 0.225
INFO:root:Epoch 62/100, Loss: 3.736
INFO:root:Epoch 63/100, Loss: 0.024
INFO:root:Epoch 64/100, Loss: 0.073
INFO:root:Epoch 65/100, Loss: 0.139
INFO:root:Epoch 66/100, Loss: 0.121
INFO:root:Epoch 67/100, Loss: 0.064
INFO:root:Epoch 68/100, Loss: 0.064
INFO:root:Epoch 69/100, Loss: 0.636
INFO:root:Epoch 70/100, Loss: 0.213
INFO:root:Train: MRR: 0.141, Hits@1: 0.033, Hits@10: 0.283, Hits@100: 0.983
INFO:root:Valid: MRR: 0.263, Hits@1: 0.200, Hits@10: 0.300, Hits@100: 1.000
INFO:root:Test: MRR: 0.191, Hits@1: 0.150, Hits@10: 0.250, Hits@100: 0.950
INFO:root:Epoch 71/100, Loss: 0.080
INFO:root:Epoch 72/100, Loss: 0.038
INFO:root:Epoch 73/100, Loss: 0.259
INFO:root:Epoch 74/100, Loss: 0.209
INFO:root:Epoch 75/100, Loss: 0.119
INFO:root:Epoch 76/100, Loss: 0.075
INFO:root:Epoch 77/100, Loss: 0.327
INFO:root:Epoch 78/100, Loss: 0.200
INFO:root:Epoch 79/100, Loss: 0.120
INFO:root:Epoch 80/100, Loss: 0.118
INFO:root:Train: MRR: 0.141, Hits@1: 0.033, Hits@10: 0.283, Hits@100: 0.983
INFO:root:Valid: MRR: 0.262, Hits@1: 0.200, Hits@10: 0.300, Hits@100: 1.000
INFO:root:Test: MRR: 0.191, Hits@1: 0.150, Hits@10: 0.250, Hits@100: 0.950
INFO:root:Epoch 81/100, Loss: 0.115
INFO:root:Epoch 82/100, Loss: 0.093
INFO:root:Epoch 83/100, Loss: 0.090
INFO:root:Epoch 84/100, Loss: 0.126
INFO:root:Epoch 85/100, Loss: 0.053
INFO:root:Epoch 86/100, Loss: 0.033
INFO:root:Epoch 87/100, Loss: 0.067
INFO:root:Epoch 88/100, Loss: 0.109
INFO:root:Epoch 89/100, Loss: 0.213
INFO:root:Epoch 90/100, Loss: 0.213
INFO:root:Train: MRR: 0.141, Hits@1: 0.033, Hits@10: 0.283, Hits@100: 0.983
INFO:root:Valid: MRR: 0.263, Hits@1: 0.200, Hits@10: 0.300, Hits@100: 1.000
INFO:root:Test: MRR: 0.191, Hits@1: 0.150, Hits@10: 0.250, Hits@100: 0.950
INFO:root:Epoch 91/100, Loss: 0.102
INFO:root:Epoch 92/100, Loss: 0.152
INFO:root:Epoch 93/100, Loss: 0.102
INFO:root:Epoch 94/100, Loss: 0.124
INFO:root:Epoch 95/100, Loss: 0.058
INFO:root:Epoch 96/100, Loss: 0.209
INFO:root:Epoch 97/100, Loss: 0.116
INFO:root:Epoch 98/100, Loss: 0.070
INFO:root:Epoch 99/100, Loss: 0.330
INFO:root:Epoch 100/100, Loss: 0.116
INFO:root:Train: MRR: 0.142, Hits@1: 0.033, Hits@10: 0.283, Hits@100: 0.983
INFO:root:Valid: MRR: 0.263, Hits@1: 0.200, Hits@10: 0.300, Hits@100: 1.000
INFO:root:Test: MRR: 0.191, Hits@1: 0.150, Hits@10: 0.250, Hits@100: 0.950
INFO:root:Final Result:
INFO:root:MRR: 0.191, Hits@1: 0.150, Hits@10: 0.250, Hits@100: 0.950
INFO:root:******************* Training Finished *******************
