INFO:root:2024-12-03 08:24:39.039742
INFO:root:Namespace(K=3, agg=False, batch_size=1, dataset='UVA', device='cuda:1', dropout=0.5, epochs=100, in_channels=3, known_interval=10, lr=0.0005, model='MSTGCN', nb_block=2, nb_chev_filter=256, nb_time_filter=5, num_for_predict=1, num_of_vertices=2500, partial=True, pred_interval=5, seed=0, time_strides=1, timestep_hidden=20, weight_decay=0.0001)
INFO:root:Sparse Hypergraph
INFO:root:******************* Training Started *******************
INFO:root:Epoch 0/100, Loss: 1.063
INFO:root:Train: F1: 0.476, Acc: 0.972, AUROC: 0.777, MSE: 17.067
INFO:root:Valid: F1: 0.401, Acc: 0.975, AUROC: 0.730, MSE: 180.000
INFO:root:Test: F1: 0.438, Acc: 0.973, AUROC: 0.771, MSE: 616.050
INFO:root:Epoch 1/100, Loss: 0.937
INFO:root:Epoch 2/100, Loss: 0.881
INFO:root:Epoch 3/100, Loss: 0.849
INFO:root:Epoch 4/100, Loss: 0.998
INFO:root:Epoch 5/100, Loss: 0.625
INFO:root:Epoch 6/100, Loss: 0.633
INFO:root:Epoch 7/100, Loss: 0.584
INFO:root:Epoch 8/100, Loss: 0.683
INFO:root:Epoch 9/100, Loss: 0.656
INFO:root:Epoch 10/100, Loss: 0.505
INFO:root:Train: F1: 0.496, Acc: 0.958, AUROC: 0.694, MSE: 866.400
INFO:root:Valid: F1: 0.413, Acc: 0.959, AUROC: 0.662, MSE: 5985.800
INFO:root:Test: F1: 0.470, Acc: 0.959, AUROC: 0.686, MSE: 5379.200
INFO:root:Epoch 11/100, Loss: 0.501
INFO:root:Epoch 12/100, Loss: 0.662
INFO:root:Epoch 13/100, Loss: 0.277
INFO:root:Epoch 14/100, Loss: 0.539
INFO:root:Epoch 15/100, Loss: 0.552
INFO:root:Epoch 16/100, Loss: 0.634
INFO:root:Epoch 17/100, Loss: 0.655
INFO:root:Epoch 18/100, Loss: 0.268
INFO:root:Epoch 19/100, Loss: 0.575
INFO:root:Epoch 20/100, Loss: 0.485
INFO:root:Train: F1: 0.529, Acc: 0.962, AUROC: 0.708, MSE: 2842.817
INFO:root:Valid: F1: 0.440, Acc: 0.963, AUROC: 0.673, MSE: 6160.050
INFO:root:Test: F1: 0.501, Acc: 0.963, AUROC: 0.699, MSE: 5478.050
INFO:root:Epoch 21/100, Loss: 0.387
INFO:root:Epoch 22/100, Loss: 0.510
INFO:root:Epoch 23/100, Loss: 0.357
INFO:root:Epoch 24/100, Loss: 0.449
INFO:root:Epoch 25/100, Loss: 0.353
INFO:root:Epoch 26/100, Loss: 0.345
INFO:root:Epoch 27/100, Loss: 0.350
INFO:root:Epoch 28/100, Loss: 0.463
INFO:root:Epoch 29/100, Loss: 0.334
INFO:root:Epoch 30/100, Loss: 0.364
INFO:root:Train: F1: 0.565, Acc: 0.969, AUROC: 0.733, MSE: 928.267
INFO:root:Valid: F1: 0.472, Acc: 0.970, AUROC: 0.695, MSE: 3726.450
INFO:root:Test: F1: 0.535, Acc: 0.969, AUROC: 0.723, MSE: 2668.050
INFO:root:Epoch 31/100, Loss: 0.302
INFO:root:Epoch 32/100, Loss: 0.327
INFO:root:Epoch 33/100, Loss: 0.517
INFO:root:Epoch 34/100, Loss: 0.314
INFO:root:Epoch 35/100, Loss: 0.421
INFO:root:2024-12-03 08:39:51.816332
INFO:root:Namespace(K=3, agg=False, batch_size=1, dataset='UVA', device='cuda:1', dropout=0.5, epochs=100, in_channels=3, known_interval=10, lr=0.0005, model='MSTGCN', nb_block=2, nb_chev_filter=256, nb_time_filter=5, num_for_predict=1, num_of_vertices=2500, partial=True, pred_interval=5, seed=0, time_strides=1, timestep_hidden=20, weight_decay=0.0001)
INFO:root:Sparse Hypergraph
INFO:root:******************* Training Started *******************
INFO:root:Epoch 0/100, Loss: 1.261
INFO:root:Train: F1: 0.282, Acc: 0.968, AUROC: 0.831, MSE: 1058.400
INFO:root:Valid: F1: 0.277, Acc: 0.973, AUROC: 0.797, MSE: 1445.000
INFO:root:Test: F1: 0.256, Acc: 0.970, AUROC: 0.829, MSE: 3001.250
INFO:root:Epoch 1/100, Loss: 1.222
INFO:root:Epoch 2/100, Loss: 1.223
INFO:root:Epoch 3/100, Loss: 1.191
INFO:root:Epoch 4/100, Loss: 1.203
INFO:root:Epoch 5/100, Loss: 1.114
INFO:root:Epoch 6/100, Loss: 1.119
INFO:root:Epoch 7/100, Loss: 1.094
INFO:root:Epoch 8/100, Loss: 1.037
INFO:root:Epoch 9/100, Loss: 1.091
INFO:root:Epoch 10/100, Loss: 1.033
INFO:root:Train: F1: 0.546, Acc: 0.966, AUROC: 0.721, MSE: 640.267
INFO:root:Valid: F1: 0.456, Acc: 0.967, AUROC: 0.685, MSE: 4470.050
INFO:root:Test: F1: 0.518, Acc: 0.967, AUROC: 0.712, MSE: 3380.000
INFO:root:Epoch 11/100, Loss: 1.039
INFO:root:Epoch 12/100, Loss: 1.146
INFO:root:Epoch 13/100, Loss: 1.038
INFO:root:Epoch 14/100, Loss: 1.093
INFO:root:Epoch 15/100, Loss: 1.008
INFO:root:Epoch 16/100, Loss: 1.040
INFO:root:Epoch 17/100, Loss: 1.099
INFO:root:Epoch 18/100, Loss: 1.036
INFO:root:Epoch 19/100, Loss: 1.075
INFO:root:Epoch 20/100, Loss: 1.069
INFO:root:Train: F1: 0.506, Acc: 0.956, AUROC: 0.692, MSE: 4878.017
INFO:root:Valid: F1: 0.421, Acc: 0.956, AUROC: 0.660, MSE: 11186.450
INFO:root:Test: F1: 0.485, Acc: 0.957, AUROC: 0.685, MSE: 9374.450
INFO:root:Epoch 21/100, Loss: 1.018
INFO:root:Epoch 22/100, Loss: 1.117
INFO:root:Epoch 23/100, Loss: 0.973
INFO:root:Epoch 24/100, Loss: 1.130
INFO:root:Epoch 25/100, Loss: 0.971
INFO:root:Epoch 26/100, Loss: 1.013
INFO:root:Epoch 27/100, Loss: 1.039
INFO:root:Epoch 28/100, Loss: 1.093
INFO:root:Epoch 29/100, Loss: 1.011
INFO:root:Epoch 30/100, Loss: 0.992
INFO:root:Train: F1: 0.528, Acc: 0.960, AUROC: 0.705, MSE: 2406.667
INFO:root:Valid: F1: 0.439, Acc: 0.960, AUROC: 0.670, MSE: 8282.450
INFO:root:Test: F1: 0.503, Acc: 0.961, AUROC: 0.696, MSE: 6808.050
INFO:root:Epoch 31/100, Loss: 1.039
INFO:root:Epoch 32/100, Loss: 0.977
INFO:root:Epoch 33/100, Loss: 1.062
INFO:root:Epoch 34/100, Loss: 1.003
INFO:root:Epoch 35/100, Loss: 1.061
INFO:root:Epoch 36/100, Loss: 1.011
INFO:root:Epoch 37/100, Loss: 1.102
INFO:root:Epoch 38/100, Loss: 1.000
INFO:root:Epoch 39/100, Loss: 1.187
INFO:root:Epoch 40/100, Loss: 1.040
INFO:root:Train: F1: 0.495, Acc: 0.951, AUROC: 0.684, MSE: 5189.400
INFO:root:Valid: F1: 0.411, Acc: 0.951, AUROC: 0.653, MSE: 15401.250
INFO:root:Test: F1: 0.475, Acc: 0.952, AUROC: 0.677, MSE: 13781.250
INFO:root:Epoch 41/100, Loss: 1.055
INFO:root:Epoch 42/100, Loss: 1.048
INFO:root:Epoch 43/100, Loss: 1.049
INFO:root:2024-12-03 08:58:47.687176
INFO:root:Namespace(K=3, agg=False, batch_size=1, dataset='UVA', device='cuda:1', dropout=0.5, epochs=100, in_channels=3, known_interval=10, lr=0.0005, model='MSTGCN', nb_block=2, nb_chev_filter=256, nb_time_filter=5, num_for_predict=1, num_of_vertices=2500, partial=True, pred_interval=5, seed=0, time_strides=1, timestep_hidden=20, weight_decay=0.0001)
INFO:root:Sparse Hypergraph
INFO:root:******************* Training Started *******************
INFO:root:Epoch 0/100, Loss: 1.063
INFO:root:Train: F1: 0.480, Acc: 0.972, AUROC: 0.781, MSE: 21.600
INFO:root:Valid: F1: 0.404, Acc: 0.975, AUROC: 0.733, MSE: 192.200
INFO:root:Test: F1: 0.440, Acc: 0.974, AUROC: 0.773, MSE: 627.200
INFO:root:Epoch 1/100, Loss: 0.931
INFO:root:Epoch 2/100, Loss: 0.903
INFO:root:Epoch 3/100, Loss: 0.849
INFO:root:Epoch 4/100, Loss: 0.883
INFO:root:Epoch 5/100, Loss: 0.646
INFO:root:Epoch 6/100, Loss: 0.641
INFO:root:Epoch 7/100, Loss: 0.587
INFO:root:Epoch 8/100, Loss: 0.620
INFO:root:Epoch 9/100, Loss: 0.581
INFO:root:Epoch 10/100, Loss: 0.449
INFO:root:Train: F1: 0.442, Acc: 0.944, AUROC: 0.662, MSE: 3212.017
INFO:root:Valid: F1: 0.368, Acc: 0.944, AUROC: 0.635, MSE: 16936.199
INFO:root:Test: F1: 0.420, Acc: 0.944, AUROC: 0.655, MSE: 16074.450
INFO:root:Epoch 11/100, Loss: 0.699
INFO:root:Epoch 12/100, Loss: 0.630
INFO:root:Epoch 13/100, Loss: 0.383
INFO:root:Epoch 14/100, Loss: 0.491
INFO:root:Epoch 15/100, Loss: 0.399
INFO:root:Epoch 16/100, Loss: 0.363
INFO:root:Epoch 17/100, Loss: 0.550
INFO:root:Epoch 18/100, Loss: 0.251
INFO:root:Epoch 19/100, Loss: 0.474
INFO:root:Epoch 20/100, Loss: 0.428
INFO:root:Train: F1: 0.506, Acc: 0.957, AUROC: 0.694, MSE: 3776.267
INFO:root:Valid: F1: 0.421, Acc: 0.958, AUROC: 0.661, MSE: 8282.450
INFO:root:Test: F1: 0.480, Acc: 0.958, AUROC: 0.685, MSE: 7801.250
INFO:root:Epoch 21/100, Loss: 0.356
INFO:root:Epoch 22/100, Loss: 0.537
INFO:root:Epoch 23/100, Loss: 0.438
INFO:root:Epoch 24/100, Loss: 0.530
INFO:root:Epoch 25/100, Loss: 0.365
INFO:root:Epoch 26/100, Loss: 0.443
INFO:root:Epoch 27/100, Loss: 0.161
INFO:root:Epoch 28/100, Loss: 0.546
INFO:root:Epoch 29/100, Loss: 0.373
INFO:root:Epoch 30/100, Loss: 0.491
INFO:root:Train: F1: 0.498, Acc: 0.956, AUROC: 0.690, MSE: 2522.017
INFO:root:Valid: F1: 0.416, Acc: 0.956, AUROC: 0.658, MSE: 8241.800
INFO:root:Test: F1: 0.481, Acc: 0.958, AUROC: 0.685, MSE: 7801.250
INFO:root:Epoch 31/100, Loss: 0.399
INFO:root:Epoch 32/100, Loss: 0.328
INFO:root:Epoch 33/100, Loss: 0.533
INFO:root:Epoch 34/100, Loss: 0.483
INFO:root:Epoch 35/100, Loss: 0.483
INFO:root:Epoch 36/100, Loss: 0.390
INFO:root:Epoch 37/100, Loss: 0.384
INFO:root:Epoch 38/100, Loss: 0.330
INFO:root:Epoch 39/100, Loss: 0.317
INFO:root:Epoch 40/100, Loss: 0.298
INFO:root:Train: F1: 0.481, Acc: 0.948, AUROC: 0.677, MSE: 6060.150
INFO:root:Valid: F1: 0.401, Acc: 0.947, AUROC: 0.647, MSE: 18727.199
INFO:root:Test: F1: 0.457, Acc: 0.948, AUROC: 0.668, MSE: 16074.450
INFO:root:Epoch 41/100, Loss: 0.447
INFO:root:Epoch 42/100, Loss: 0.444
INFO:root:Epoch 43/100, Loss: 0.502
INFO:root:Epoch 44/100, Loss: 0.481
INFO:root:Epoch 45/100, Loss: 0.312
INFO:root:Epoch 46/100, Loss: 0.371
INFO:root:Epoch 47/100, Loss: 0.320
INFO:root:Epoch 48/100, Loss: 0.312
INFO:root:Epoch 49/100, Loss: 0.325
INFO:root:Epoch 50/100, Loss: 0.413
INFO:root:Train: F1: 0.513, Acc: 0.957, AUROC: 0.696, MSE: 4133.400
INFO:root:Valid: F1: 0.427, Acc: 0.958, AUROC: 0.663, MSE: 9031.250
INFO:root:Test: F1: 0.495, Acc: 0.959, AUROC: 0.691, MSE: 8080.200
INFO:root:Epoch 51/100, Loss: 0.283
INFO:root:Epoch 52/100, Loss: 0.334
INFO:root:Epoch 53/100, Loss: 0.301
INFO:root:Epoch 54/100, Loss: 0.314
INFO:root:Epoch 55/100, Loss: 0.353
INFO:root:Epoch 56/100, Loss: 0.343
INFO:root:Epoch 57/100, Loss: 0.368
INFO:root:Epoch 58/100, Loss: 0.332
INFO:root:Epoch 59/100, Loss: 0.264
INFO:root:Epoch 60/100, Loss: 0.347
INFO:root:Train: F1: 0.528, Acc: 0.958, AUROC: 0.702, MSE: 1480.067
INFO:root:Valid: F1: 0.437, Acc: 0.958, AUROC: 0.667, MSE: 10626.050
INFO:root:Test: F1: 0.506, Acc: 0.959, AUROC: 0.694, MSE: 9331.200
INFO:root:Epoch 61/100, Loss: 0.276
INFO:root:Epoch 62/100, Loss: 0.375
INFO:root:Epoch 63/100, Loss: 0.342
INFO:root:Epoch 64/100, Loss: 0.389
INFO:root:Epoch 65/100, Loss: 0.416
INFO:root:Epoch 66/100, Loss: 0.345
INFO:root:Epoch 67/100, Loss: 0.342
INFO:root:Epoch 68/100, Loss: 0.403
INFO:root:Epoch 69/100, Loss: 0.347
INFO:root:Epoch 70/100, Loss: 0.369
INFO:root:Train: F1: 0.520, Acc: 0.956, AUROC: 0.696, MSE: 3681.667
INFO:root:Valid: F1: 0.432, Acc: 0.955, AUROC: 0.663, MSE: 12903.200
INFO:root:Test: F1: 0.500, Acc: 0.957, AUROC: 0.690, MSE: 11281.250
INFO:root:Epoch 71/100, Loss: 0.378
INFO:root:Epoch 72/100, Loss: 0.307
INFO:root:Epoch 73/100, Loss: 0.354
INFO:root:Epoch 74/100, Loss: 0.328
INFO:root:Epoch 75/100, Loss: 0.475
INFO:root:Epoch 76/100, Loss: 0.304
INFO:root:Epoch 77/100, Loss: 0.408
INFO:root:Epoch 78/100, Loss: 0.332
INFO:root:Epoch 79/100, Loss: 0.500
INFO:root:Epoch 80/100, Loss: 0.228
INFO:root:Train: F1: 0.617, Acc: 0.975, AUROC: 0.765, MSE: 498.817
INFO:root:Valid: F1: 0.513, Acc: 0.976, AUROC: 0.720, MSE: 2060.450
INFO:root:Test: F1: 0.585, Acc: 0.976, AUROC: 0.755, MSE: 1394.450
INFO:root:Epoch 81/100, Loss: 0.472
INFO:root:Epoch 82/100, Loss: 0.395
INFO:root:Epoch 83/100, Loss: 0.392
INFO:root:Epoch 84/100, Loss: 0.289
INFO:root:Epoch 85/100, Loss: 0.306
INFO:root:Epoch 86/100, Loss: 0.440
INFO:root:Epoch 87/100, Loss: 0.313
INFO:root:Epoch 88/100, Loss: 0.256
INFO:root:Epoch 89/100, Loss: 0.416
INFO:root:Epoch 90/100, Loss: 0.266
INFO:root:Train: F1: 0.517, Acc: 0.956, AUROC: 0.695, MSE: 4100.267
INFO:root:Valid: F1: 0.430, Acc: 0.955, AUROC: 0.663, MSE: 12852.450
INFO:root:Test: F1: 0.490, Acc: 0.956, AUROC: 0.685, MSE: 11045.000
INFO:root:Epoch 91/100, Loss: 0.275
INFO:root:Epoch 92/100, Loss: 0.250
INFO:root:Epoch 93/100, Loss: 0.280
INFO:root:Epoch 94/100, Loss: 0.292
INFO:root:Epoch 95/100, Loss: 0.285
INFO:root:Epoch 96/100, Loss: 0.455
INFO:root:Epoch 97/100, Loss: 0.387
INFO:root:Epoch 98/100, Loss: 0.296
INFO:root:Epoch 99/100, Loss: 0.304
INFO:root:Epoch 100/100, Loss: 0.262
INFO:root:Train: F1: 0.478, Acc: 0.944, AUROC: 0.673, MSE: 7981.067
INFO:root:Valid: F1: 0.394, Acc: 0.943, AUROC: 0.643, MSE: 23529.801
INFO:root:Test: F1: 0.454, Acc: 0.944, AUROC: 0.664, MSE: 22111.250
INFO:root:Final Result:
INFO:root:f1: 0.976, acc: 0.976, auroc: 0.755, mse: 1394.450
INFO:root:******************* Training Finished *******************
INFO:root:2024-12-06 12:29:06.333111
INFO:root:Namespace(K=3, agg=False, batch_size=1, dataset='UVA', device='cuda', dropout=0.5, epochs=100, in_channels=3, known_interval=10, lr=0.0005, model='MSTGCN', nb_block=2, nb_chev_filter=256, nb_time_filter=5, num_for_predict=1, num_of_vertices=2500, partial=True, pred_interval=5, seed=0, time_strides=1, timestep_hidden=20, weight_decay=0.0001)
INFO:root:Sparse Hypergraph
INFO:root:******************* Training Started *******************
INFO:root:Epoch 0/100, Loss: 1.063
INFO:root:Train: F1: 0.480, Acc: 0.972, AUROC: 0.781, MSE: 21.600
INFO:root:Valid: F1: 0.404, Acc: 0.975, AUROC: 0.733, MSE: 192.200
INFO:root:Test: F1: 0.440, Acc: 0.974, AUROC: 0.773, MSE: 638.450
INFO:root:Epoch 1/100, Loss: 0.939
INFO:root:Epoch 2/100, Loss: 0.891
INFO:root:Epoch 3/100, Loss: 0.843
INFO:root:Epoch 4/100, Loss: 0.845
INFO:root:Epoch 5/100, Loss: 0.628
INFO:root:Epoch 6/100, Loss: 0.635
INFO:root:Epoch 7/100, Loss: 0.618
INFO:root:Epoch 8/100, Loss: 0.677
INFO:root:Epoch 9/100, Loss: 0.572
INFO:root:Epoch 10/100, Loss: 0.468
INFO:root:Train: F1: 0.488, Acc: 0.956, AUROC: 0.689, MSE: 1109.400
INFO:root:Valid: F1: 0.406, Acc: 0.957, AUROC: 0.658, MSE: 8611.250
INFO:root:Test: F1: 0.463, Acc: 0.957, AUROC: 0.681, MSE: 7334.450
INFO:root:Epoch 11/100, Loss: 0.536
INFO:root:Epoch 12/100, Loss: 0.766
INFO:root:Epoch 13/100, Loss: 0.402
INFO:root:Epoch 14/100, Loss: 0.622
INFO:root:Epoch 15/100, Loss: 0.446
INFO:root:Epoch 16/100, Loss: 0.426
INFO:root:Epoch 17/100, Loss: 0.602
INFO:root:Epoch 18/100, Loss: 0.276
INFO:root:Epoch 19/100, Loss: 0.603
INFO:root:Epoch 20/100, Loss: 0.474
INFO:root:Train: F1: 0.575, Acc: 0.971, AUROC: 0.741, MSE: 1161.600
INFO:root:Valid: F1: 0.479, Acc: 0.972, AUROC: 0.701, MSE: 2268.450
INFO:root:Test: F1: 0.544, Acc: 0.972, AUROC: 0.731, MSE: 1711.250
INFO:root:Epoch 21/100, Loss: 0.432
INFO:root:Epoch 22/100, Loss: 0.604
INFO:root:Epoch 23/100, Loss: 0.423
INFO:root:Epoch 24/100, Loss: 0.596
INFO:root:Epoch 25/100, Loss: 0.513
INFO:root:Epoch 26/100, Loss: 0.413
INFO:root:Epoch 27/100, Loss: 0.205
INFO:root:Epoch 28/100, Loss: 0.566
INFO:root:Epoch 29/100, Loss: 0.449
INFO:root:Epoch 30/100, Loss: 0.414
INFO:root:Train: F1: 0.543, Acc: 0.964, AUROC: 0.716, MSE: 1450.417
INFO:root:Valid: F1: 0.453, Acc: 0.965, AUROC: 0.680, MSE: 5152.050
INFO:root:Test: F1: 0.517, Acc: 0.965, AUROC: 0.707, MSE: 4440.200
INFO:root:Epoch 31/100, Loss: 0.423
INFO:root:Epoch 32/100, Loss: 0.354
INFO:root:Epoch 33/100, Loss: 0.497
INFO:root:Epoch 34/100, Loss: 0.410
INFO:root:Epoch 35/100, Loss: 0.381
INFO:root:Epoch 36/100, Loss: 0.310
INFO:root:Epoch 37/100, Loss: 0.512
INFO:root:Epoch 38/100, Loss: 0.398
INFO:root:Epoch 39/100, Loss: 1.063
INFO:root:Epoch 40/100, Loss: 0.402
INFO:root:Train: F1: 0.581, Acc: 0.971, AUROC: 0.742, MSE: 944.067
INFO:root:Valid: F1: 0.481, Acc: 0.971, AUROC: 0.700, MSE: 2952.450
INFO:root:Test: F1: 0.550, Acc: 0.972, AUROC: 0.732, MSE: 2101.250
INFO:root:Epoch 41/100, Loss: 0.390
INFO:root:Epoch 42/100, Loss: 0.432
INFO:root:Epoch 43/100, Loss: 0.370
INFO:root:Epoch 44/100, Loss: 0.533
INFO:root:Epoch 45/100, Loss: 0.310
INFO:root:Epoch 46/100, Loss: 0.533
INFO:root:Epoch 47/100, Loss: 0.292
INFO:root:Epoch 48/100, Loss: 0.459
INFO:root:Epoch 49/100, Loss: 0.446
INFO:root:Epoch 50/100, Loss: 0.360
INFO:root:Train: F1: 0.560, Acc: 0.966, AUROC: 0.724, MSE: 2184.067
INFO:root:Valid: F1: 0.465, Acc: 0.967, AUROC: 0.686, MSE: 4774.050
INFO:root:Test: F1: 0.538, Acc: 0.968, AUROC: 0.717, MSE: 3753.800
INFO:root:Epoch 51/100, Loss: 0.310
INFO:root:Epoch 52/100, Loss: 0.655
INFO:root:Epoch 53/100, Loss: 0.384
INFO:root:Epoch 54/100, Loss: 0.493
INFO:root:Epoch 55/100, Loss: 0.517
INFO:root:Epoch 56/100, Loss: 0.315
INFO:root:Epoch 57/100, Loss: 0.302
INFO:root:Epoch 58/100, Loss: 0.531
INFO:root:Epoch 59/100, Loss: 0.293
INFO:root:Epoch 60/100, Loss: 0.359
INFO:root:Train: F1: 0.499, Acc: 0.952, AUROC: 0.686, MSE: 2306.400
INFO:root:Valid: F1: 0.414, Acc: 0.951, AUROC: 0.655, MSE: 15736.050
INFO:root:Test: F1: 0.474, Acc: 0.952, AUROC: 0.677, MSE: 14045.000
INFO:root:Epoch 61/100, Loss: 0.297
INFO:root:Epoch 62/100, Loss: 0.346
INFO:root:Epoch 63/100, Loss: 0.354
INFO:root:Epoch 64/100, Loss: 0.372
INFO:root:Epoch 65/100, Loss: 0.695
INFO:root:Epoch 66/100, Loss: 0.353
INFO:root:Epoch 67/100, Loss: 0.363
INFO:root:Epoch 68/100, Loss: 0.541
INFO:root:Epoch 69/100, Loss: 0.389
INFO:root:Epoch 70/100, Loss: 0.537
INFO:root:Train: F1: 0.597, Acc: 0.972, AUROC: 0.750, MSE: 756.150
INFO:root:Valid: F1: 0.496, Acc: 0.972, AUROC: 0.707, MSE: 3302.450
INFO:root:Test: F1: 0.572, Acc: 0.973, AUROC: 0.742, MSE: 2398.050
INFO:root:Epoch 71/100, Loss: 0.327
INFO:root:Epoch 72/100, Loss: 0.350
INFO:root:Epoch 73/100, Loss: 0.317
INFO:root:Epoch 74/100, Loss: 0.336
INFO:root:Epoch 75/100, Loss: 0.389
INFO:root:Epoch 76/100, Loss: 0.284
INFO:root:Epoch 77/100, Loss: 0.368
INFO:root:Epoch 78/100, Loss: 0.306
INFO:root:Epoch 79/100, Loss: 0.406
INFO:root:Epoch 80/100, Loss: 0.166
INFO:root:Train: F1: 0.522, Acc: 0.957, AUROC: 0.699, MSE: 3420.150
INFO:root:Valid: F1: 0.435, Acc: 0.957, AUROC: 0.666, MSE: 12350.450
INFO:root:Test: F1: 0.503, Acc: 0.958, AUROC: 0.692, MSE: 10764.800
INFO:root:Epoch 81/100, Loss: 0.363
INFO:root:Epoch 82/100, Loss: 0.313
INFO:root:Epoch 83/100, Loss: 0.452
INFO:root:Epoch 84/100, Loss: 0.257
INFO:root:Epoch 85/100, Loss: 0.397
INFO:root:Epoch 86/100, Loss: 0.338
INFO:root:Epoch 87/100, Loss: 0.483
INFO:root:Epoch 88/100, Loss: 0.287
INFO:root:Epoch 89/100, Loss: 0.370
INFO:root:Epoch 90/100, Loss: 0.285
INFO:root:Train: F1: 0.536, Acc: 0.960, AUROC: 0.707, MSE: 3226.667
INFO:root:Valid: F1: 0.445, Acc: 0.960, AUROC: 0.672, MSE: 10080.050
INFO:root:Test: F1: 0.512, Acc: 0.961, AUROC: 0.698, MSE: 8820.000
INFO:root:Epoch 91/100, Loss: 0.334
INFO:root:Epoch 92/100, Loss: 0.322
INFO:root:Epoch 93/100, Loss: 0.389
INFO:root:Epoch 94/100, Loss: 0.350
INFO:root:Epoch 95/100, Loss: 0.484
INFO:root:Epoch 96/100, Loss: 0.387
INFO:root:Epoch 97/100, Loss: 0.582
INFO:root:Epoch 98/100, Loss: 0.380
INFO:root:Epoch 99/100, Loss: 0.351
INFO:root:Epoch 100/100, Loss: 0.280
INFO:root:Train: F1: 0.503, Acc: 0.952, AUROC: 0.688, MSE: 5115.267
INFO:root:Valid: F1: 0.417, Acc: 0.952, AUROC: 0.656, MSE: 15624.050
INFO:root:Test: F1: 0.478, Acc: 0.952, AUROC: 0.678, MSE: 13728.800
INFO:root:Final Result:
INFO:root:f1: 0.544, acc: 0.972, auroc: 0.731, mse: 1711.250
INFO:root:******************* Training Finished *******************
