INFO:root:2024-12-06 13:51:02.646586
INFO:root:Namespace(K=3, agg=False, batch_size=1, dataset='UVA', device='cuda', dropout=0.5, epochs=100, in_channels=3, known_interval=10, lr=0.0005, model='MSTGCN', nb_block=2, nb_chev_filter=256, nb_time_filter=5, num_for_predict=1, num_of_vertices=2500, partial=True, pred_interval=20, seed=0, time_strides=1, timestep_hidden=20, weight_decay=0.0001)
INFO:root:Sparse Hypergraph
INFO:root:******************* Training Started *******************
INFO:root:Epoch 0/100, Loss: 1.215
INFO:root:Train: F1: 0.171, Acc: 0.825, AUROC: 0.539, MSE: 646881.688
INFO:root:Valid: F1: 0.137, Acc: 0.828, AUROC: 0.531, MSE: 1914567.250
INFO:root:Test: F1: 0.155, Acc: 0.827, AUROC: 0.535, MSE: 1922620.000
INFO:root:Epoch 1/100, Loss: 1.125
INFO:root:Epoch 2/100, Loss: 1.082
INFO:root:Epoch 3/100, Loss: 1.254
INFO:root:Epoch 4/100, Loss: 1.182
INFO:root:Epoch 5/100, Loss: 1.089
INFO:root:Epoch 6/100, Loss: 1.017
INFO:root:Epoch 7/100, Loss: 1.045
INFO:root:Epoch 8/100, Loss: 1.002
INFO:root:Epoch 9/100, Loss: 1.073
INFO:root:Epoch 10/100, Loss: 0.856
INFO:root:Train: F1: 0.394, Acc: 0.931, AUROC: 0.662, MSE: 87478.016
INFO:root:Valid: F1: 0.319, Acc: 0.935, AUROC: 0.630, MSE: 68328.047
INFO:root:Test: F1: 0.367, Acc: 0.934, AUROC: 0.652, MSE: 91530.453
INFO:root:Epoch 11/100, Loss: 0.879
INFO:root:Epoch 12/100, Loss: 0.983
INFO:root:Epoch 13/100, Loss: 1.000
INFO:root:Epoch 14/100, Loss: 0.938
INFO:root:Epoch 15/100, Loss: 1.008
INFO:root:Epoch 16/100, Loss: 0.976
INFO:root:Epoch 17/100, Loss: 0.980
INFO:root:Epoch 18/100, Loss: 0.908
INFO:root:Epoch 19/100, Loss: 1.047
INFO:root:Epoch 20/100, Loss: 1.035
INFO:root:Train: F1: 0.230, Acc: 0.757, AUROC: 0.561, MSE: 1557192.500
INFO:root:Valid: F1: 0.186, Acc: 0.755, AUROC: 0.550, MSE: 6305645.000
INFO:root:Test: F1: 0.212, Acc: 0.757, AUROC: 0.557, MSE: 6458161.000
INFO:root:Epoch 21/100, Loss: 0.973
INFO:root:Epoch 22/100, Loss: 0.861
INFO:root:Epoch 23/100, Loss: 0.835
INFO:root:Epoch 24/100, Loss: 0.960
INFO:root:Epoch 25/100, Loss: 1.013
INFO:root:Epoch 26/100, Loss: 0.932
INFO:root:Epoch 27/100, Loss: 0.854
INFO:root:Epoch 28/100, Loss: 0.919
INFO:root:Epoch 29/100, Loss: 0.926
INFO:root:Epoch 30/100, Loss: 0.834
INFO:root:Train: F1: 0.423, Acc: 0.935, AUROC: 0.677, MSE: 3450.417
INFO:root:Valid: F1: 0.344, Acc: 0.939, AUROC: 0.642, MSE: 60610.051
INFO:root:Test: F1: 0.393, Acc: 0.937, AUROC: 0.664, MSE: 86856.203
INFO:root:Epoch 31/100, Loss: 0.778
INFO:root:Epoch 32/100, Loss: 0.873
INFO:root:Epoch 33/100, Loss: 0.857
INFO:root:Epoch 34/100, Loss: 0.756
INFO:root:Epoch 35/100, Loss: 0.841
INFO:root:Epoch 36/100, Loss: 0.905
INFO:root:Epoch 37/100, Loss: 0.864
INFO:root:Epoch 38/100, Loss: 0.896
INFO:root:Epoch 39/100, Loss: 0.923
INFO:root:Epoch 40/100, Loss: 0.950
INFO:root:Train: F1: 0.331, Acc: 0.872, AUROC: 0.606, MSE: 479899.281
INFO:root:Valid: F1: 0.268, Acc: 0.872, AUROC: 0.586, MSE: 1289304.250
INFO:root:Test: F1: 0.304, Acc: 0.873, AUROC: 0.598, MSE: 1354601.250
INFO:root:Epoch 41/100, Loss: 0.912
INFO:root:Epoch 42/100, Loss: 0.930
INFO:root:Epoch 43/100, Loss: 0.938
INFO:root:Epoch 44/100, Loss: 0.836
INFO:root:Epoch 45/100, Loss: 1.066
INFO:root:Epoch 46/100, Loss: 0.802
INFO:root:Epoch 47/100, Loss: 0.878
INFO:root:Epoch 48/100, Loss: 0.751
INFO:root:Epoch 49/100, Loss: 0.848
INFO:root:Epoch 50/100, Loss: 1.052
INFO:root:Train: F1: 0.178, Acc: 0.606, AUROC: 0.544, MSE: 5451723.000
INFO:root:Valid: F1: 0.144, Acc: 0.602, AUROC: 0.535, MSE: 18827700.000
INFO:root:Test: F1: 0.163, Acc: 0.605, AUROC: 0.540, MSE: 19047616.000
INFO:root:Epoch 51/100, Loss: 0.807
INFO:root:Epoch 52/100, Loss: 0.968
INFO:root:Epoch 53/100, Loss: 0.729
INFO:root:Epoch 54/100, Loss: 0.790
INFO:root:Epoch 55/100, Loss: 1.009
INFO:root:Epoch 56/100, Loss: 0.719
INFO:root:Epoch 57/100, Loss: 0.710
INFO:root:Epoch 58/100, Loss: 0.753
INFO:root:Epoch 59/100, Loss: 1.156
INFO:root:Epoch 60/100, Loss: 0.738
INFO:root:Train: F1: 0.443, Acc: 0.938, AUROC: 0.687, MSE: 2720.267
INFO:root:Valid: F1: 0.359, Acc: 0.942, AUROC: 0.650, MSE: 51308.449
INFO:root:Test: F1: 0.410, Acc: 0.940, AUROC: 0.673, MSE: 72601.250
INFO:root:Epoch 61/100, Loss: 1.131
INFO:root:Epoch 62/100, Loss: 1.394
INFO:root:Epoch 63/100, Loss: 0.938
INFO:root:Epoch 64/100, Loss: 1.341
INFO:root:Epoch 65/100, Loss: 1.383
INFO:root:Epoch 66/100, Loss: 0.751
INFO:root:Epoch 67/100, Loss: 1.467
INFO:root:Epoch 68/100, Loss: 0.700
INFO:root:Epoch 69/100, Loss: 0.323
INFO:root:Epoch 70/100, Loss: 1.079
INFO:root:Train: F1: 0.178, Acc: 0.619, AUROC: 0.543, MSE: 6567703.500
INFO:root:Valid: F1: 0.145, Acc: 0.615, AUROC: 0.535, MSE: 17309162.000
INFO:root:Test: F1: 0.164, Acc: 0.618, AUROC: 0.540, MSE: 17512562.000
INFO:root:Epoch 71/100, Loss: 0.717
INFO:root:Epoch 72/100, Loss: 0.466
INFO:root:Epoch 73/100, Loss: 0.729
INFO:root:Epoch 74/100, Loss: 1.115
INFO:root:Epoch 75/100, Loss: 1.012
INFO:root:Epoch 76/100, Loss: 0.730
INFO:root:Epoch 77/100, Loss: 0.531
INFO:root:Epoch 78/100, Loss: 1.020
INFO:root:Epoch 79/100, Loss: 0.803
INFO:root:Epoch 80/100, Loss: 0.744
INFO:root:Train: F1: 0.418, Acc: 0.918, AUROC: 0.654, MSE: 49881.668
INFO:root:Valid: F1: 0.338, Acc: 0.919, AUROC: 0.625, MSE: 345845.000
INFO:root:Test: F1: 0.386, Acc: 0.919, AUROC: 0.642, MSE: 392280.062
INFO:root:Epoch 81/100, Loss: 0.846
INFO:root:Epoch 82/100, Loss: 0.748
INFO:root:Epoch 83/100, Loss: 0.724
INFO:root:Epoch 84/100, Loss: 0.719
INFO:root:Epoch 85/100, Loss: 0.919
INFO:root:Epoch 86/100, Loss: 0.781
INFO:root:Epoch 87/100, Loss: 0.697
INFO:root:Epoch 88/100, Loss: 1.471
INFO:root:Epoch 89/100, Loss: 0.708
INFO:root:Epoch 90/100, Loss: 1.366
INFO:root:Train: F1: 0.163, Acc: 0.551, AUROC: 0.539, MSE: 8433001.000
INFO:root:Valid: F1: 0.132, Acc: 0.546, AUROC: 0.532, MSE: 24822148.000
INFO:root:Test: F1: 0.150, Acc: 0.550, AUROC: 0.536, MSE: 25063366.000
INFO:root:Epoch 91/100, Loss: 1.447
INFO:root:Epoch 92/100, Loss: 1.691
INFO:root:Epoch 93/100, Loss: 0.741
INFO:root:Epoch 94/100, Loss: 0.676
INFO:root:Epoch 95/100, Loss: 0.682
INFO:root:Epoch 96/100, Loss: 1.919
INFO:root:Epoch 97/100, Loss: 1.049
INFO:root:Epoch 98/100, Loss: 0.680
INFO:root:Epoch 99/100, Loss: 0.643
INFO:root:Epoch 100/100, Loss: 0.379
INFO:root:Train: F1: 0.440, Acc: 0.921, AUROC: 0.664, MSE: 41343.750
INFO:root:Valid: F1: 0.352, Acc: 0.920, AUROC: 0.631, MSE: 365580.812
INFO:root:Test: F1: 0.403, Acc: 0.921, AUROC: 0.650, MSE: 410124.812
INFO:root:Final Result:
INFO:root:f1: 0.367, acc: 0.934, auroc: 0.652, mse: 91530.453
INFO:root:******************* Training Finished *******************
