INFO:root:Namespace(batch_size=1, dataset='h2abm', dropout=0.2, epoch=100, hidden_size=512, lr=0.001, mlp_layer=2, model='TGCN', out_channels=8, punishment=5, seed=0, spatial_layer=1, struc='graph', temporal_layer=2, timestep_hidden=5)
INFO:root:******************* Training Started *******************
INFO:root:Epoch 0/100, Loss: 1.159
INFO:root:Train: MRR: 0.082, Hits@1: 0.05, Hits@10: 0.117, Hits@100: 0.350
INFO:root:Valid: MRR: 0.020, Hits@1: 0.000, Hits@10: 0.050, Hits@100: 0.300
INFO:root:Test: MRR: 0.043, Hits@1: 0.000, Hits@10: 0.100, Hits@100: 0.400
INFO:root:Epoch 1/100, Loss: 1.038
INFO:root:Epoch 2/100, Loss: 2.218
INFO:root:Epoch 3/100, Loss: 1.877
INFO:root:Epoch 4/100, Loss: 1.208
INFO:root:Epoch 5/100, Loss: 2.336
INFO:root:Train: MRR: 0.082, Hits@1: 0.05, Hits@10: 0.117, Hits@100: 0.350
INFO:root:Valid: MRR: 0.020, Hits@1: 0.000, Hits@10: 0.050, Hits@100: 0.300
INFO:root:Test: MRR: 0.043, Hits@1: 0.000, Hits@10: 0.100, Hits@100: 0.400
INFO:root:Epoch 6/100, Loss: 1.291
INFO:root:Epoch 7/100, Loss: 1.343
INFO:root:Epoch 8/100, Loss: 0.949
INFO:root:Epoch 9/100, Loss: 1.861
INFO:root:Epoch 10/100, Loss: 1.021
INFO:root:Train: MRR: 0.083, Hits@1: 0.05, Hits@10: 0.117, Hits@100: 0.350
INFO:root:Valid: MRR: 0.021, Hits@1: 0.000, Hits@10: 0.050, Hits@100: 0.300
INFO:root:Test: MRR: 0.043, Hits@1: 0.000, Hits@10: 0.100, Hits@100: 0.400
INFO:root:Epoch 11/100, Loss: 2.597
INFO:root:Epoch 12/100, Loss: 1.414
INFO:root:Epoch 13/100, Loss: 0.956
INFO:root:Epoch 14/100, Loss: 1.217
INFO:root:Epoch 15/100, Loss: 1.144
INFO:root:Train: MRR: 0.083, Hits@1: 0.05, Hits@10: 0.117, Hits@100: 0.350
INFO:root:Valid: MRR: 0.021, Hits@1: 0.000, Hits@10: 0.050, Hits@100: 0.300
INFO:root:Test: MRR: 0.043, Hits@1: 0.000, Hits@10: 0.100, Hits@100: 0.400
INFO:root:Epoch 16/100, Loss: 0.939
INFO:root:Epoch 17/100, Loss: 0.878
INFO:root:Epoch 18/100, Loss: 0.903
INFO:root:Epoch 19/100, Loss: 1.726
INFO:root:Epoch 20/100, Loss: 1.870
INFO:root:Train: MRR: 0.083, Hits@1: 0.05, Hits@10: 0.117, Hits@100: 0.350
INFO:root:Valid: MRR: 0.022, Hits@1: 0.000, Hits@10: 0.050, Hits@100: 0.350
INFO:root:Test: MRR: 0.045, Hits@1: 0.000, Hits@10: 0.100, Hits@100: 0.400
INFO:root:Epoch 21/100, Loss: 1.596
INFO:root:Epoch 22/100, Loss: 1.099
INFO:root:Epoch 23/100, Loss: 1.308
INFO:root:Epoch 24/100, Loss: 1.134
INFO:root:Epoch 25/100, Loss: 1.320
INFO:root:Train: MRR: 0.084, Hits@1: 0.05, Hits@10: 0.117, Hits@100: 0.367
INFO:root:Valid: MRR: 0.023, Hits@1: 0.000, Hits@10: 0.050, Hits@100: 0.350
INFO:root:Test: MRR: 0.047, Hits@1: 0.000, Hits@10: 0.100, Hits@100: 0.400
INFO:root:Epoch 26/100, Loss: 1.144
INFO:root:Epoch 27/100, Loss: 1.271
INFO:root:Epoch 28/100, Loss: 1.209
INFO:root:Epoch 29/100, Loss: 0.822
INFO:root:Epoch 30/100, Loss: 1.257
INFO:root:Train: MRR: 0.086, Hits@1: 0.05, Hits@10: 0.117, Hits@100: 0.383
INFO:root:Valid: MRR: 0.027, Hits@1: 0.000, Hits@10: 0.050, Hits@100: 0.450
INFO:root:Test: MRR: 0.048, Hits@1: 0.000, Hits@10: 0.100, Hits@100: 0.450
INFO:root:Epoch 31/100, Loss: 1.225
INFO:root:Epoch 32/100, Loss: 1.306
INFO:root:Epoch 33/100, Loss: 1.159
INFO:root:Epoch 34/100, Loss: 1.067
INFO:root:Epoch 35/100, Loss: 0.969
INFO:root:Train: MRR: 0.101, Hits@1: 0.05, Hits@10: 0.167, Hits@100: 0.633
INFO:root:Valid: MRR: 0.070, Hits@1: 0.000, Hits@10: 0.150, Hits@100: 0.800
INFO:root:Test: MRR: 0.062, Hits@1: 0.000, Hits@10: 0.100, Hits@100: 0.800
INFO:root:Epoch 36/100, Loss: 2.406
INFO:root:Epoch 37/100, Loss: 6.085
INFO:root:Epoch 38/100, Loss: 3.023
INFO:root:Epoch 39/100, Loss: 0.720
INFO:root:Epoch 40/100, Loss: 0.844
INFO:root:Train: MRR: 0.282, Hits@1: 0.13, Hits@10: 0.567, Hits@100: 0.983
INFO:root:Valid: MRR: 0.246, Hits@1: 0.150, Hits@10: 0.450, Hits@100: 1.000
INFO:root:Test: MRR: 0.227, Hits@1: 0.100, Hits@10: 0.450, Hits@100: 0.950
INFO:root:Epoch 41/100, Loss: 0.568
INFO:root:Epoch 42/100, Loss: 1.187
INFO:root:Epoch 43/100, Loss: 0.513
INFO:root:Epoch 44/100, Loss: 1.824
INFO:root:Epoch 45/100, Loss: 2.011
INFO:root:Train: MRR: 0.348, Hits@1: 0.27, Hits@10: 0.567, Hits@100: 0.850
INFO:root:Valid: MRR: 0.236, Hits@1: 0.100, Hits@10: 0.450, Hits@100: 0.800
INFO:root:Test: MRR: 0.309, Hits@1: 0.200, Hits@10: 0.650, Hits@100: 0.800
INFO:root:Epoch 46/100, Loss: 0.998
INFO:root:Epoch 47/100, Loss: 0.508
INFO:root:Epoch 48/100, Loss: 1.566
INFO:root:Epoch 49/100, Loss: 0.580
INFO:root:Epoch 50/100, Loss: 0.984
INFO:root:Train: MRR: 0.240, Hits@1: 0.08, Hits@10: 0.567, Hits@100: 0.983
INFO:root:Valid: MRR: 0.244, Hits@1: 0.150, Hits@10: 0.450, Hits@100: 1.000
INFO:root:Test: MRR: 0.189, Hits@1: 0.050, Hits@10: 0.450, Hits@100: 0.950
INFO:root:Epoch 51/100, Loss: 1.258
INFO:root:Epoch 52/100, Loss: 0.838
INFO:root:Epoch 53/100, Loss: 2.584
INFO:root:Epoch 54/100, Loss: 1.212
INFO:root:Epoch 55/100, Loss: 1.120
INFO:root:Train: MRR: 0.207, Hits@1: 0.08, Hits@10: 0.500, Hits@100: 0.983
INFO:root:Valid: MRR: 0.219, Hits@1: 0.150, Hits@10: 0.400, Hits@100: 0.950
INFO:root:Test: MRR: 0.176, Hits@1: 0.050, Hits@10: 0.450, Hits@100: 0.950
INFO:root:Epoch 56/100, Loss: 1.339
INFO:root:Epoch 57/100, Loss: 1.107
INFO:root:Epoch 58/100, Loss: 0.510
INFO:root:Epoch 59/100, Loss: 9.421
INFO:root:Epoch 60/100, Loss: 1.248
INFO:root:Train: MRR: 0.453, Hits@1: 0.30, Hits@10: 0.767, Hits@100: 0.983
INFO:root:Valid: MRR: 0.282, Hits@1: 0.100, Hits@10: 0.700, Hits@100: 1.000
INFO:root:Test: MRR: 0.334, Hits@1: 0.150, Hits@10: 0.800, Hits@100: 0.950
INFO:root:Epoch 61/100, Loss: 1.754
INFO:root:Epoch 62/100, Loss: 0.899
INFO:root:Epoch 63/100, Loss: 1.482
INFO:root:Epoch 64/100, Loss: 1.378
INFO:root:Epoch 65/100, Loss: 1.527
INFO:root:Train: MRR: 0.104, Hits@1: 0.05, Hits@10: 0.167, Hits@100: 0.633
INFO:root:Valid: MRR: 0.046, Hits@1: 0.000, Hits@10: 0.100, Hits@100: 0.800
INFO:root:Test: MRR: 0.075, Hits@1: 0.000, Hits@10: 0.150, Hits@100: 0.850
INFO:root:Epoch 66/100, Loss: 2.173
INFO:root:Epoch 67/100, Loss: 0.962
INFO:root:Epoch 68/100, Loss: 4.899
INFO:root:Epoch 69/100, Loss: 1.418
INFO:root:Epoch 70/100, Loss: 1.289
INFO:root:Train: MRR: 0.113, Hits@1: 0.05, Hits@10: 0.200, Hits@100: 0.700
INFO:root:Valid: MRR: 0.063, Hits@1: 0.000, Hits@10: 0.100, Hits@100: 0.850
INFO:root:Test: MRR: 0.082, Hits@1: 0.000, Hits@10: 0.200, Hits@100: 0.900
INFO:root:Epoch 71/100, Loss: 0.700
INFO:root:Epoch 72/100, Loss: 1.863
INFO:root:Epoch 73/100, Loss: 1.784
INFO:root:Epoch 74/100, Loss: 0.735
INFO:root:Epoch 75/100, Loss: 1.729
INFO:root:Train: MRR: 0.543, Hits@1: 0.38, Hits@10: 0.883, Hits@100: 0.983
INFO:root:Valid: MRR: 0.376, Hits@1: 0.250, Hits@10: 0.700, Hits@100: 1.000
INFO:root:Test: MRR: 0.396, Hits@1: 0.200, Hits@10: 0.850, Hits@100: 0.900
INFO:root:Epoch 76/100, Loss: 0.885
INFO:root:Epoch 77/100, Loss: 1.820
INFO:root:Epoch 78/100, Loss: 0.983
INFO:root:Epoch 79/100, Loss: 4.735
INFO:root:Epoch 80/100, Loss: 0.416
INFO:root:Train: MRR: 0.411, Hits@1: 0.28, Hits@10: 0.683, Hits@100: 0.983
INFO:root:Valid: MRR: 0.329, Hits@1: 0.250, Hits@10: 0.550, Hits@100: 1.000
INFO:root:Test: MRR: 0.262, Hits@1: 0.150, Hits@10: 0.500, Hits@100: 0.950
INFO:root:Epoch 81/100, Loss: 1.215
INFO:root:Epoch 82/100, Loss: 5.647
INFO:root:Epoch 83/100, Loss: 0.797
INFO:root:Epoch 84/100, Loss: 0.983
INFO:root:Epoch 85/100, Loss: 1.873
INFO:root:Train: MRR: 0.357, Hits@1: 0.18, Hits@10: 0.667, Hits@100: 0.983
INFO:root:Valid: MRR: 0.326, Hits@1: 0.250, Hits@10: 0.600, Hits@100: 1.000
INFO:root:Test: MRR: 0.269, Hits@1: 0.150, Hits@10: 0.500, Hits@100: 0.950
INFO:root:Epoch 86/100, Loss: 12.733
INFO:root:Epoch 87/100, Loss: 0.866
INFO:root:Epoch 88/100, Loss: 1.445
INFO:root:Epoch 89/100, Loss: 26.209
INFO:root:Epoch 90/100, Loss: 1.247
INFO:root:Train: MRR: 0.516, Hits@1: 0.37, Hits@10: 0.783, Hits@100: 0.983
INFO:root:Valid: MRR: 0.450, Hits@1: 0.400, Hits@10: 0.500, Hits@100: 1.000
INFO:root:Test: MRR: 0.428, Hits@1: 0.250, Hits@10: 0.800, Hits@100: 0.900
INFO:root:Epoch 91/100, Loss: 1.549
INFO:root:Epoch 92/100, Loss: 0.629
INFO:root:Epoch 93/100, Loss: 14.414
INFO:root:Epoch 94/100, Loss: 16.080
INFO:root:Epoch 95/100, Loss: 14.174
INFO:root:Train: MRR: 0.281, Hits@1: 0.20, Hits@10: 0.433, Hits@100: 0.783
INFO:root:Valid: MRR: 0.156, Hits@1: 0.050, Hits@10: 0.350, Hits@100: 0.750
INFO:root:Test: MRR: 0.291, Hits@1: 0.200, Hits@10: 0.500, Hits@100: 0.800
INFO:root:Epoch 96/100, Loss: 0.831
INFO:root:Epoch 97/100, Loss: 0.708
INFO:root:Epoch 98/100, Loss: 0.665
INFO:root:Epoch 99/100, Loss: 0.882
INFO:root:Epoch 100/100, Loss: 0.883
INFO:root:Train: MRR: 0.407, Hits@1: 0.25, Hits@10: 0.733, Hits@100: 0.983
INFO:root:Valid: MRR: 0.268, Hits@1: 0.150, Hits@10: 0.650, Hits@100: 1.000
INFO:root:Test: MRR: 0.283, Hits@1: 0.150, Hits@10: 0.600, Hits@100: 0.900
INFO:root:Final Result:
INFO:root:MRR: 0.428, Hits@1: 0.250, Hits@10: 0.800, Hits@100: 0.900
INFO:root:******************* Training Finished *******************
INFO:root:Namespace(batch_size=1, dataset='h2abm', dropout=0.2, epoch=100, hidden_size=512, lr=0.001, mlp_layer=2, model='TGCN', out_channels=8, punishment=5, seed=0, spatial_layer=2, struc='graph', temporal_layer=2, timestep_hidden=5)
INFO:root:******************* Training Started *******************
INFO:root:Epoch 0/100, Loss: 1.159
INFO:root:Train: MRR: 0.082, Hits@1: 0.05, Hits@10: 0.117, Hits@100: 0.350
INFO:root:Valid: MRR: 0.020, Hits@1: 0.000, Hits@10: 0.050, Hits@100: 0.300
INFO:root:Test: MRR: 0.043, Hits@1: 0.000, Hits@10: 0.100, Hits@100: 0.400
INFO:root:Epoch 1/100, Loss: 1.038
INFO:root:Epoch 2/100, Loss: 2.218
INFO:root:Epoch 3/100, Loss: 1.878
INFO:root:Epoch 4/100, Loss: 1.207
INFO:root:Epoch 5/100, Loss: 2.337
INFO:root:Train: MRR: 0.082, Hits@1: 0.05, Hits@10: 0.117, Hits@100: 0.350
INFO:root:Valid: MRR: 0.020, Hits@1: 0.000, Hits@10: 0.050, Hits@100: 0.300
INFO:root:Test: MRR: 0.043, Hits@1: 0.000, Hits@10: 0.100, Hits@100: 0.400
INFO:root:Epoch 6/100, Loss: 1.306
INFO:root:Epoch 7/100, Loss: 1.315
INFO:root:Epoch 8/100, Loss: 0.979
INFO:root:Epoch 9/100, Loss: 1.826
INFO:root:Epoch 10/100, Loss: 1.019
INFO:root:Train: MRR: 0.083, Hits@1: 0.05, Hits@10: 0.117, Hits@100: 0.350
INFO:root:Valid: MRR: 0.021, Hits@1: 0.000, Hits@10: 0.050, Hits@100: 0.300
INFO:root:Test: MRR: 0.043, Hits@1: 0.000, Hits@10: 0.100, Hits@100: 0.400
INFO:root:Epoch 11/100, Loss: 2.552
INFO:root:Epoch 12/100, Loss: 1.415
INFO:root:Epoch 13/100, Loss: 0.926
INFO:root:Epoch 14/100, Loss: 1.205
INFO:root:Epoch 15/100, Loss: 1.129
INFO:root:Train: MRR: 0.083, Hits@1: 0.05, Hits@10: 0.117, Hits@100: 0.350
INFO:root:Valid: MRR: 0.021, Hits@1: 0.000, Hits@10: 0.050, Hits@100: 0.300
INFO:root:Test: MRR: 0.044, Hits@1: 0.000, Hits@10: 0.100, Hits@100: 0.400
INFO:root:Epoch 16/100, Loss: 0.924
INFO:root:Epoch 17/100, Loss: 0.880
INFO:root:Epoch 18/100, Loss: 0.903
INFO:root:Epoch 19/100, Loss: 1.714
INFO:root:Epoch 20/100, Loss: 1.889
INFO:root:Train: MRR: 0.083, Hits@1: 0.05, Hits@10: 0.117, Hits@100: 0.350
INFO:root:Valid: MRR: 0.022, Hits@1: 0.000, Hits@10: 0.050, Hits@100: 0.350
INFO:root:Test: MRR: 0.045, Hits@1: 0.000, Hits@10: 0.100, Hits@100: 0.400
INFO:root:Epoch 21/100, Loss: 1.616
INFO:root:Epoch 22/100, Loss: 1.131
INFO:root:Epoch 23/100, Loss: 1.237
INFO:root:Epoch 24/100, Loss: 1.305
INFO:root:Epoch 25/100, Loss: 1.309
INFO:root:Train: MRR: 0.085, Hits@1: 0.05, Hits@10: 0.117, Hits@100: 0.367
INFO:root:Valid: MRR: 0.023, Hits@1: 0.000, Hits@10: 0.050, Hits@100: 0.350
INFO:root:Test: MRR: 0.047, Hits@1: 0.000, Hits@10: 0.100, Hits@100: 0.400
INFO:root:Epoch 26/100, Loss: 1.083
INFO:root:Epoch 27/100, Loss: 1.026
INFO:root:Epoch 28/100, Loss: 1.137
INFO:root:Epoch 29/100, Loss: 1.045
INFO:root:Epoch 30/100, Loss: 1.060
INFO:root:Train: MRR: 0.088, Hits@1: 0.05, Hits@10: 0.150, Hits@100: 0.400
INFO:root:Valid: MRR: 0.031, Hits@1: 0.000, Hits@10: 0.100, Hits@100: 0.500
INFO:root:Test: MRR: 0.051, Hits@1: 0.000, Hits@10: 0.100, Hits@100: 0.450
INFO:root:Epoch 31/100, Loss: 1.052
INFO:root:Epoch 32/100, Loss: 0.991
INFO:root:Epoch 33/100, Loss: 1.469
INFO:root:Epoch 34/100, Loss: 1.196
INFO:root:Epoch 35/100, Loss: 0.845
INFO:root:Train: MRR: 0.550, Hits@1: 0.40, Hits@10: 0.817, Hits@100: 0.983
INFO:root:Valid: MRR: 0.344, Hits@1: 0.150, Hits@10: 0.800, Hits@100: 1.000
INFO:root:Test: MRR: 0.407, Hits@1: 0.200, Hits@10: 0.850, Hits@100: 0.950
INFO:root:Epoch 36/100, Loss: 12.697
INFO:root:Epoch 37/100, Loss: 6.030
INFO:root:Epoch 38/100, Loss: 1.178
INFO:root:Epoch 39/100, Loss: 2.403
INFO:root:Epoch 40/100, Loss: 2.801
INFO:root:Train: MRR: 0.366, Hits@1: 0.22, Hits@10: 0.650, Hits@100: 0.983
INFO:root:Valid: MRR: 0.289, Hits@1: 0.200, Hits@10: 0.600, Hits@100: 1.000
INFO:root:Test: MRR: 0.244, Hits@1: 0.050, Hits@10: 0.550, Hits@100: 0.950
INFO:root:Epoch 41/100, Loss: 17.373
INFO:root:Epoch 42/100, Loss: 0.828
INFO:root:Epoch 43/100, Loss: 10.570
INFO:root:Epoch 44/100, Loss: 1.344
INFO:root:Epoch 45/100, Loss: 1.090
INFO:root:Train: MRR: 0.574, Hits@1: 0.38, Hits@10: 0.917, Hits@100: 0.983
INFO:root:Valid: MRR: 0.359, Hits@1: 0.150, Hits@10: 0.750, Hits@100: 1.000
INFO:root:Test: MRR: 0.496, Hits@1: 0.300, Hits@10: 0.850, Hits@100: 0.900
INFO:root:Epoch 46/100, Loss: 0.958
INFO:root:Epoch 47/100, Loss: 1.088
INFO:root:Epoch 48/100, Loss: 1.128
INFO:root:Epoch 49/100, Loss: 1.029
INFO:root:Epoch 50/100, Loss: 1.399
INFO:root:Train: MRR: 0.501, Hits@1: 0.35, Hits@10: 0.767, Hits@100: 0.983
INFO:root:Valid: MRR: 0.451, Hits@1: 0.400, Hits@10: 0.550, Hits@100: 1.000
INFO:root:Test: MRR: 0.459, Hits@1: 0.300, Hits@10: 0.800, Hits@100: 0.900
INFO:root:Epoch 51/100, Loss: 1.326
INFO:root:Epoch 52/100, Loss: 0.950
INFO:root:Epoch 53/100, Loss: 2.392
INFO:root:Epoch 54/100, Loss: 1.012
INFO:root:Epoch 55/100, Loss: 1.217
INFO:root:Train: MRR: 0.172, Hits@1: 0.07, Hits@10: 0.383, Hits@100: 0.983
INFO:root:Valid: MRR: 0.153, Hits@1: 0.050, Hits@10: 0.400, Hits@100: 0.950
INFO:root:Test: MRR: 0.150, Hits@1: 0.050, Hits@10: 0.300, Hits@100: 0.950
INFO:root:Epoch 56/100, Loss: 0.892
INFO:root:Epoch 57/100, Loss: 1.146
INFO:root:Epoch 58/100, Loss: 0.859
INFO:root:Epoch 59/100, Loss: 1.020
INFO:root:Epoch 60/100, Loss: 1.077
INFO:root:Train: MRR: 0.165, Hits@1: 0.07, Hits@10: 0.383, Hits@100: 0.983
INFO:root:Valid: MRR: 0.178, Hits@1: 0.100, Hits@10: 0.400, Hits@100: 0.950
INFO:root:Test: MRR: 0.149, Hits@1: 0.050, Hits@10: 0.350, Hits@100: 0.950
INFO:root:Epoch 61/100, Loss: 2.773
INFO:root:Epoch 62/100, Loss: 0.859
INFO:root:Epoch 63/100, Loss: 1.831
INFO:root:Epoch 64/100, Loss: 1.043
INFO:root:Epoch 65/100, Loss: 1.506
INFO:root:Train: MRR: 0.091, Hits@1: 0.05, Hits@10: 0.150, Hits@100: 0.517
INFO:root:Valid: MRR: 0.035, Hits@1: 0.000, Hits@10: 0.100, Hits@100: 0.650
INFO:root:Test: MRR: 0.053, Hits@1: 0.000, Hits@10: 0.100, Hits@100: 0.550
INFO:root:Epoch 66/100, Loss: 1.209
INFO:root:Epoch 67/100, Loss: 0.558
INFO:root:Epoch 68/100, Loss: 0.480
INFO:root:Epoch 69/100, Loss: 1.211
INFO:root:Epoch 70/100, Loss: 1.056
INFO:root:Train: MRR: 0.106, Hits@1: 0.05, Hits@10: 0.167, Hits@100: 0.683
INFO:root:Valid: MRR: 0.049, Hits@1: 0.000, Hits@10: 0.100, Hits@100: 0.850
INFO:root:Test: MRR: 0.072, Hits@1: 0.000, Hits@10: 0.150, Hits@100: 0.850
INFO:root:Epoch 71/100, Loss: 0.595
INFO:root:Epoch 72/100, Loss: 2.807
INFO:root:Epoch 73/100, Loss: 0.908
INFO:root:Epoch 74/100, Loss: 6.562
INFO:root:Epoch 75/100, Loss: 1.832
INFO:root:Train: MRR: 0.333, Hits@1: 0.18, Hits@10: 0.633, Hits@100: 0.983
INFO:root:Valid: MRR: 0.238, Hits@1: 0.100, Hits@10: 0.400, Hits@100: 1.000
INFO:root:Test: MRR: 0.254, Hits@1: 0.150, Hits@10: 0.450, Hits@100: 0.950
INFO:root:Epoch 76/100, Loss: 1.222
INFO:root:Epoch 77/100, Loss: 0.612
INFO:root:Epoch 78/100, Loss: 0.386
INFO:root:Epoch 79/100, Loss: 1.174
INFO:root:Epoch 80/100, Loss: 1.541
INFO:root:Train: MRR: 0.446, Hits@1: 0.32, Hits@10: 0.750, Hits@100: 0.983
INFO:root:Valid: MRR: 0.219, Hits@1: 0.050, Hits@10: 0.650, Hits@100: 1.000
INFO:root:Test: MRR: 0.321, Hits@1: 0.150, Hits@10: 0.700, Hits@100: 0.900
INFO:root:Epoch 81/100, Loss: 1.881
INFO:root:Epoch 82/100, Loss: 9.410
INFO:root:Epoch 83/100, Loss: 0.532
INFO:root:Epoch 84/100, Loss: 0.501
INFO:root:Epoch 85/100, Loss: 0.978
INFO:root:Train: MRR: 0.376, Hits@1: 0.25, Hits@10: 0.733, Hits@100: 0.983
INFO:root:Valid: MRR: 0.230, Hits@1: 0.100, Hits@10: 0.450, Hits@100: 1.000
INFO:root:Test: MRR: 0.224, Hits@1: 0.100, Hits@10: 0.450, Hits@100: 0.950
INFO:root:Epoch 86/100, Loss: 2.765
INFO:root:Epoch 87/100, Loss: 1.529
INFO:root:Epoch 88/100, Loss: 0.737
INFO:root:Epoch 89/100, Loss: 9.079
INFO:root:Epoch 90/100, Loss: 0.389
INFO:root:Train: MRR: 0.466, Hits@1: 0.32, Hits@10: 0.800, Hits@100: 0.983
INFO:root:Valid: MRR: 0.279, Hits@1: 0.100, Hits@10: 0.600, Hits@100: 1.000
INFO:root:Test: MRR: 0.340, Hits@1: 0.150, Hits@10: 0.750, Hits@100: 0.900
INFO:root:Epoch 91/100, Loss: 1.181
INFO:root:Epoch 92/100, Loss: 0.773
INFO:root:Epoch 93/100, Loss: 2.256
INFO:root:Epoch 94/100, Loss: 0.855
INFO:root:Epoch 95/100, Loss: 6.748
INFO:root:Train: MRR: 0.489, Hits@1: 0.30, Hits@10: 0.783, Hits@100: 0.983
INFO:root:Valid: MRR: 0.451, Hits@1: 0.400, Hits@10: 0.550, Hits@100: 0.950
INFO:root:Test: MRR: 0.404, Hits@1: 0.250, Hits@10: 0.750, Hits@100: 0.900
INFO:root:Epoch 96/100, Loss: 0.848
INFO:root:Epoch 97/100, Loss: 0.811
INFO:root:Epoch 98/100, Loss: 0.602
INFO:root:Epoch 99/100, Loss: 0.315
INFO:root:Epoch 100/100, Loss: 0.905
INFO:root:Train: MRR: 0.266, Hits@1: 0.15, Hits@10: 0.550, Hits@100: 0.983
INFO:root:Valid: MRR: 0.220, Hits@1: 0.150, Hits@10: 0.400, Hits@100: 1.000
INFO:root:Test: MRR: 0.194, Hits@1: 0.100, Hits@10: 0.450, Hits@100: 0.950
INFO:root:Final Result:
INFO:root:MRR: 0.478, Hits@1: 0.404, Hits@10: 0.712, Hits@100: 0.900
INFO:root:******************* Training Finished *******************
