INFO:root:2024-11-29 19:17:45.849182
INFO:root:Namespace(agg=False, batch_size=1, dataset='UVA', device='cuda:1', dropout=0.5, epochs=100, hidden_channels=256, in_channels=3, known_interval=10, lr=0.0005, mlp_layer=2, model='FDTHGNN', nb_time_filter=5, num_for_predict=10, out_channels=8, partial=True, pred_interval=5, seed=0, spatial_layer=1, temporal_layer=2, time_strides=1, timestep_hidden=20, weight_decay=0.0001)
INFO:root:Sparse Hypergraph=-INFO:root:2024-11-29 19:20:18.228296
INFO:root:Namespace(agg=False, batch_size=1, dataset='UVA', device='cuda', dropout=0.5, epochs=100, hidden_channels=256, in_channels=3, known_interval=10, lr=0.0005, mlp_layer=2, model='FDTHGNN', nb_time_filter=5, num_for_predict=10, out_channels=8, partial=True, pred_interval=5, seed=0, spatial_layer=1, temporal_layer=2, time_strides=1, timestep_hidden=20, weight_decay=0.0001)
INFO:root:Sparse Hypergraph
INFO:root:******************* Training Started *******************
INFO:root:Epoch 0/100, Loss: 1.396
INFO:root:Train: F1: 0.188, Acc: 0.817, AUROC: 0.551, MSE: 65670.414
INFO:root:Valid: F1: 0.155, Acc: 0.815, AUROC: 0.542, MSE: 235879.203
INFO:root:Test: F1: 0.177, Acc: 0.817, AUROC: 0.548, MSE: 220710.047
INFO:root:Epoch 1/100, Loss: 1.314
INFO:root:Epoch 2/100, Loss: 1.176
INFO:root:Epoch 3/100, Loss: 1.210
INFO:root:Epoch 4/100, Loss: 1.257
INFO:root:Epoch 5/100, Loss: 1.214
INFO:root:Epoch 6/100, Loss: 1.182
INFO:root:Epoch 7/100, Loss: 1.104
INFO:root:Epoch 8/100, Loss: 1.120
INFO:root:Epoch 9/100, Loss: 1.085
INFO:root:Epoch 10/100, Loss: 1.025
INFO:root:Train: F1: 0.504, Acc: 0.955, AUROC: 0.689, MSE: 2706.817
INFO:root:Valid: F1: 0.412, Acc: 0.956, AUROC: 0.654, MSE: 8862.050
INFO:root:Test: F1: 0.474, Acc: 0.956, AUROC: 0.679, MSE: 7960.050
INFO:root:Epoch 11/100, Loss: 1.078
INFO:root:Epoch 12/100, Loss: 1.080
INFO:root:Epoch 13/100, Loss: 0.999
INFO:root:Epoch 14/100, Loss: 1.063
INFO:root:Epoch 15/100, Loss: 0.987
INFO:root:Epoch 16/100, Loss: 1.005
INFO:root:Epoch 17/100, Loss: 1.001
INFO:root:Epoch 18/100, Loss: 1.045
INFO:root:Epoch 19/100, Loss: 1.006
INFO:root:Epoch 20/100, Loss: 1.048
INFO:root:Train: F1: 0.659, Acc: 0.976, AUROC: 0.770, MSE: 437.400
INFO:root:Valid: F1: 0.540, Acc: 0.977, AUROC: 0.721, MSE: 1462.050
INFO:root:Test: F1: 0.626, Acc: 0.978, AUROC: 0.759, MSE: 1602.050
INFO:root:Epoch 21/100, Loss: 1.066
INFO:root:Epoch 22/100, Loss: 1.048
INFO:root:Epoch 23/100, Loss: 1.067
INFO:root:Epoch 24/100, Loss: 1.026
INFO:root:Epoch 25/100, Loss: 1.031
INFO:root:Epoch 26/100, Loss: 1.000
INFO:root:Epoch 27/100, Loss: 1.022
INFO:root:Epoch 28/100, Loss: 1.039
INFO:root:Epoch 29/100, Loss: 0.981
INFO:root:Epoch 30/100, Loss: 1.049
INFO:root:Train: F1: 0.760, Acc: 0.984, AUROC: 0.828, MSE: 26.667
INFO:root:Valid: F1: 0.630, Acc: 0.985, AUROC: 0.770, MSE: 252.050
INFO:root:Test: F1: 0.714, Acc: 0.986, AUROC: 0.810, MSE: 423.200
INFO:root:Epoch 31/100, Loss: 1.092
INFO:root:Epoch 32/100, Loss: 1.016
INFO:root:Epoch 33/100, Loss: 1.015
INFO:root:Epoch 34/100, Loss: 0.963
INFO:root:Epoch 35/100, Loss: 0.992
INFO:root:Epoch 36/100, Loss: 1.013
INFO:root:Epoch 37/100, Loss: 0.972
INFO:root:Epoch 38/100, Loss: 1.024
INFO:root:Epoch 39/100, Loss: 1.044
INFO:root:Epoch 40/100, Loss: 0.983
INFO:root:Train: F1: 0.784, Acc: 0.985, AUROC: 0.839, MSE: 1591.350
INFO:root:Valid: F1: 0.653, Acc: 0.987, AUROC: 0.779, MSE: 238.050
INFO:root:Test: F1: 0.737, Acc: 0.987, AUROC: 0.820, MSE: 296.450
INFO:root:Epoch 41/100, Loss: 1.012
INFO:root:Epoch 42/100, Loss: 0.982
INFO:root:Epoch 43/100, Loss: 1.009
INFO:root:Epoch 44/100, Loss: 0.951
INFO:root:Epoch 45/100, Loss: 1.011
INFO:root:Epoch 46/100, Loss: 1.019
INFO:root:Epoch 47/100, Loss: 0.986
INFO:root:Epoch 48/100, Loss: 1.010
INFO:root:Epoch 49/100, Loss: 0.950
INFO:root:Epoch 50/100, Loss: 1.011
INFO:root:Train: F1: 0.828, Acc: 0.987, AUROC: 0.869, MSE: 0.017
INFO:root:Valid: F1: 0.723, Acc: 0.988, AUROC: 0.818, MSE: 96.800
INFO:root:Test: F1: 0.798, Acc: 0.989, AUROC: 0.858, MSE: 145.800
INFO:root:Epoch 51/100, Loss: 1.001
INFO:root:Epoch 52/100, Loss: 1.007
INFO:root:Epoch 53/100, Loss: 0.960
INFO:root:Epoch 54/100, Loss: 0.988
INFO:root:Epoch 55/100, Loss: 1.004
INFO:root:Epoch 56/100, Loss: 1.020
INFO:root:Epoch 57/100, Loss: 0.997
INFO:root:Epoch 58/100, Loss: 1.006
INFO:root:Epoch 59/100, Loss: 1.006
INFO:root:Epoch 60/100, Loss: 1.001
INFO:root:Train: F1: 0.824, Acc: 0.987, AUROC: 0.863, MSE: 481.667
INFO:root:Valid: F1: 0.706, Acc: 0.988, AUROC: 0.805, MSE: 135.200
INFO:root:Test: F1: 0.786, Acc: 0.989, AUROC: 0.846, MSE: 204.800
INFO:root:Epoch 61/100, Loss: 1.014
INFO:root:Epoch 62/100, Loss: 0.984
INFO:root:Epoch 63/100, Loss: 0.991
INFO:root:Epoch 64/100, Loss: 0.987
INFO:root:Epoch 65/100, Loss: 1.046
INFO:root:Epoch 66/100, Loss: 1.000
INFO:root:Epoch 67/100, Loss: 1.029
INFO:root:Epoch 68/100, Loss: 0.972
INFO:root:Epoch 69/100, Loss: 1.012
INFO:root:Epoch 70/100, Loss: 1.002
INFO:root:Train: F1: 0.819, Acc: 0.987, AUROC: 0.859, MSE: 1.350
INFO:root:Valid: F1: 0.695, Acc: 0.988, AUROC: 0.799, MSE: 145.800
INFO:root:Test: F1: 0.778, Acc: 0.989, AUROC: 0.842, MSE: 217.800
INFO:root:Epoch 71/100, Loss: 1.011
INFO:root:Epoch 72/100, Loss: 1.001
INFO:root:Epoch 73/100, Loss: 0.946
INFO:root:Epoch 74/100, Loss: 1.063
INFO:root:Epoch 75/100, Loss: 1.010
INFO:root:Epoch 76/100, Loss: 1.011
INFO:root:Epoch 77/100, Loss: 1.006
INFO:root:Epoch 78/100, Loss: 0.993
INFO:root:Epoch 79/100, Loss: 0.950
INFO:root:Epoch 80/100, Loss: 1.011
INFO:root:Train: F1: 0.806, Acc: 0.987, AUROC: 0.850, MSE: 12.150
INFO:root:Valid: F1: 0.675, Acc: 0.988, AUROC: 0.789, MSE: 217.800
INFO:root:Test: F1: 0.759, Acc: 0.988, AUROC: 0.831, MSE: 281.250
INFO:root:Epoch 81/100, Loss: 1.005
INFO:root:Epoch 82/100, Loss: 1.023
INFO:root:Epoch 83/100, Loss: 0.994
INFO:root:Epoch 84/100, Loss: 0.993
INFO:root:Epoch 85/100, Loss: 1.003
INFO:root:Epoch 86/100, Loss: 1.023
INFO:root:Epoch 87/100, Loss: 1.000
INFO:root:Epoch 88/100, Loss: 0.973
INFO:root:Epoch 89/100, Loss: 1.003
INFO:root:Epoch 90/100, Loss: 0.980
INFO:root:Train: F1: 0.803, Acc: 0.987, AUROC: 0.848, MSE: 308.267
INFO:root:Valid: F1: 0.670, Acc: 0.988, AUROC: 0.787, MSE: 231.200
INFO:root:Test: F1: 0.756, Acc: 0.989, AUROC: 0.830, MSE: 281.250
INFO:root:Epoch 91/100, Loss: 1.000
INFO:root:Epoch 92/100, Loss: 1.002
INFO:root:Epoch 93/100, Loss: 1.021
INFO:root:Epoch 94/100, Loss: 0.987
INFO:root:Epoch 95/100, Loss: 1.000
INFO:root:Epoch 96/100, Loss: 0.981
INFO:root:Epoch 97/100, Loss: 1.010
INFO:root:Epoch 98/100, Loss: 1.054
INFO:root:Epoch 99/100, Loss: 0.955
INFO:root:Epoch 100/100, Loss: 0.972
INFO:root:Train: F1: 0.815, Acc: 0.987, AUROC: 0.857, MSE: 516.267
INFO:root:Valid: F1: 0.684, Acc: 0.989, AUROC: 0.794, MSE: 180.000
INFO:root:Test: F1: 0.771, Acc: 0.989, AUROC: 0.840, MSE: 204.800
INFO:root:Final Result:
INFO:root:f1: 0.988, acc: 0.988, auroc: 0.818, mse: 96.800
INFO:root:******************* Training Finished *******************
INFO:root:2024-11-29 20:49:37.250870
INFO:root:Namespace(agg=False, batch_size=1, dataset='UVA', device='cuda', dropout=0.5, epochs=100, hidden_channels=256, in_channels=3, known_interval=10, lr=0.0005, mlp_layer=2, model='FDTHGNN', nb_time_filter=5, num_for_predict=10, out_channels=8, partial=True, pred_interval=5, seed=0, spatial_layer=1, temporal_layer=2, time_strides=1, timestep_hidden=20, weight_decay=0.0001)
INFO:root:Sparse Hypergraph
INFO:root:******************* Training Started *******************
INFO:root:Epoch 0/100, Loss: 1.396
INFO:root:Train: F1: 0.188, Acc: 0.817, AUROC: 0.551, MSE: 65670.414
INFO:root:Valid: F1: 0.155, Acc: 0.815, AUROC: 0.542, MSE: 235879.203
INFO:root:Test: F1: 0.177, Acc: 0.817, AUROC: 0.548, MSE: 220710.047
INFO:root:Epoch 1/100, Loss: 1.314
INFO:root:Epoch 2/100, Loss: 1.176
INFO:root:Epoch 3/100, Loss: 1.210
INFO:root:Epoch 4/100, Loss: 1.257
INFO:root:Epoch 5/100, Loss: 1.214
INFO:root:Epoch 6/100, Loss: 1.182
INFO:root:Epoch 7/100, Loss: 1.104
INFO:root:Epoch 8/100, Loss: 1.120
INFO:root:Epoch 9/100, Loss: 1.085
INFO:root:Epoch 10/100, Loss: 1.025
INFO:root:Train: F1: 0.504, Acc: 0.955, AUROC: 0.689, MSE: 2706.817
INFO:root:Valid: F1: 0.412, Acc: 0.956, AUROC: 0.654, MSE: 8862.050
INFO:root:Test: F1: 0.474, Acc: 0.956, AUROC: 0.679, MSE: 7960.050
INFO:root:Epoch 11/100, Loss: 1.078
INFO:root:Epoch 12/100, Loss: 1.080
INFO:root:Epoch 13/100, Loss: 0.999
INFO:root:Epoch 14/100, Loss: 1.063
INFO:root:Epoch 15/100, Loss: 0.987
INFO:root:Epoch 16/100, Loss: 1.005
INFO:root:Epoch 17/100, Loss: 1.001
INFO:root:Epoch 18/100, Loss: 1.045
INFO:root:Epoch 19/100, Loss: 1.006
INFO:root:Epoch 20/100, Loss: 1.048
INFO:root:Train: F1: 0.659, Acc: 0.976, AUROC: 0.770, MSE: 437.400
INFO:root:Valid: F1: 0.540, Acc: 0.977, AUROC: 0.721, MSE: 1462.050
INFO:root:Test: F1: 0.626, Acc: 0.978, AUROC: 0.759, MSE: 1602.050
INFO:root:Epoch 21/100, Loss: 1.066
INFO:root:Epoch 22/100, Loss: 1.048
INFO:root:Epoch 23/100, Loss: 1.067
INFO:root:Epoch 24/100, Loss: 1.026
INFO:root:Epoch 25/100, Loss: 1.031
INFO:root:Epoch 26/100, Loss: 1.000
INFO:root:Epoch 27/100, Loss: 1.022
INFO:root:Epoch 28/100, Loss: 1.039
INFO:root:Epoch 29/100, Loss: 0.981
INFO:root:Epoch 30/100, Loss: 1.049
INFO:root:Train: F1: 0.760, Acc: 0.984, AUROC: 0.828, MSE: 26.667
INFO:root:Valid: F1: 0.630, Acc: 0.985, AUROC: 0.770, MSE: 252.050
INFO:root:Test: F1: 0.714, Acc: 0.986, AUROC: 0.810, MSE: 423.200
INFO:root:Epoch 31/100, Loss: 1.092
INFO:root:Epoch 32/100, Loss: 1.016
INFO:root:Epoch 33/100, Loss: 1.015
INFO:root:Epoch 34/100, Loss: 0.963
INFO:root:Epoch 35/100, Loss: 0.992
INFO:root:Epoch 36/100, Loss: 1.013
INFO:root:Epoch 37/100, Loss: 0.972
INFO:root:Epoch 38/100, Loss: 1.024
INFO:root:Epoch 39/100, Loss: 1.044
INFO:root:Epoch 40/100, Loss: 0.983
INFO:root:Train: F1: 0.784, Acc: 0.985, AUROC: 0.839, MSE: 1591.350
INFO:root:Valid: F1: 0.653, Acc: 0.987, AUROC: 0.779, MSE: 238.050
INFO:root:Test: F1: 0.737, Acc: 0.987, AUROC: 0.820, MSE: 296.450
INFO:root:Epoch 41/100, Loss: 1.012
INFO:root:Epoch 42/100, Loss: 0.982
INFO:root:Epoch 43/100, Loss: 1.009
INFO:root:Epoch 44/100, Loss: 0.951
INFO:root:Epoch 45/100, Loss: 1.011
INFO:root:Epoch 46/100, Loss: 1.019
INFO:root:Epoch 47/100, Loss: 0.986
INFO:root:Epoch 48/100, Loss: 1.010
INFO:root:Epoch 49/100, Loss: 0.950
INFO:root:Epoch 50/100, Loss: 1.011
INFO:root:Train: F1: 0.828, Acc: 0.987, AUROC: 0.869, MSE: 0.017
INFO:root:Valid: F1: 0.723, Acc: 0.988, AUROC: 0.818, MSE: 96.800
INFO:root:Test: F1: 0.798, Acc: 0.989, AUROC: 0.858, MSE: 145.800
INFO:root:Epoch 51/100, Loss: 1.001
INFO:root:Epoch 52/100, Loss: 1.007
INFO:root:Epoch 53/100, Loss: 0.960
INFO:root:Epoch 54/100, Loss: 0.988
INFO:root:Epoch 55/100, Loss: 1.004
INFO:root:Epoch 56/100, Loss: 1.020
INFO:root:Epoch 57/100, Loss: 0.997
INFO:root:Epoch 58/100, Loss: 1.006
INFO:root:Epoch 59/100, Loss: 1.006
INFO:root:Epoch 60/100, Loss: 1.001
INFO:root:Train: F1: 0.824, Acc: 0.987, AUROC: 0.863, MSE: 481.667
INFO:root:Valid: F1: 0.706, Acc: 0.988, AUROC: 0.805, MSE: 135.200
INFO:root:Test: F1: 0.786, Acc: 0.989, AUROC: 0.846, MSE: 204.800
INFO:root:Epoch 61/100, Loss: 1.014
INFO:root:Epoch 62/100, Loss: 0.984
INFO:root:Epoch 63/100, Loss: 0.991
INFO:root:Epoch 64/100, Loss: 0.987
INFO:root:Epoch 65/100, Loss: 1.046
INFO:root:Epoch 66/100, Loss: 1.000
INFO:root:Epoch 67/100, Loss: 1.029
INFO:root:Epoch 68/100, Loss: 0.972
INFO:root:Epoch 69/100, Loss: 1.012
INFO:root:Epoch 70/100, Loss: 1.002
INFO:root:Train: F1: 0.819, Acc: 0.987, AUROC: 0.859, MSE: 1.350
INFO:root:Valid: F1: 0.695, Acc: 0.988, AUROC: 0.799, MSE: 145.800
INFO:root:Test: F1: 0.778, Acc: 0.989, AUROC: 0.842, MSE: 217.800
INFO:root:Epoch 71/100, Loss: 1.011
INFO:root:Epoch 72/100, Loss: 1.001
INFO:root:Epoch 73/100, Loss: 0.946
INFO:root:Epoch 74/100, Loss: 1.063
INFO:root:Epoch 75/100, Loss: 1.010
INFO:root:Epoch 76/100, Loss: 1.011
INFO:root:Epoch 77/100, Loss: 1.006
INFO:root:Epoch 78/100, Loss: 0.993
INFO:root:Epoch 79/100, Loss: 0.950
INFO:root:Epoch 80/100, Loss: 1.011
INFO:root:Train: F1: 0.806, Acc: 0.987, AUROC: 0.850, MSE: 12.150
INFO:root:Valid: F1: 0.675, Acc: 0.988, AUROC: 0.789, MSE: 217.800
INFO:root:Test: F1: 0.759, Acc: 0.988, AUROC: 0.831, MSE: 281.250
INFO:root:Epoch 81/100, Loss: 1.005
INFO:root:Epoch 82/100, Loss: 1.023
INFO:root:Epoch 83/100, Loss: 0.994
INFO:root:Epoch 84/100, Loss: 0.993
INFO:root:Epoch 85/100, Loss: 1.003
INFO:root:Epoch 86/100, Loss: 1.023
INFO:root:Epoch 87/100, Loss: 1.000
INFO:root:Epoch 88/100, Loss: 0.973
INFO:root:Epoch 89/100, Loss: 1.003
INFO:root:Epoch 90/100, Loss: 0.980
INFO:root:Train: F1: 0.803, Acc: 0.987, AUROC: 0.848, MSE: 308.267
INFO:root:Valid: F1: 0.670, Acc: 0.988, AUROC: 0.787, MSE: 231.200
INFO:root:Test: F1: 0.756, Acc: 0.989, AUROC: 0.830, MSE: 281.250
INFO:root:Epoch 91/100, Loss: 1.000
INFO:root:Epoch 92/100, Loss: 1.002
INFO:root:Epoch 93/100, Loss: 1.021
INFO:root:Epoch 94/100, Loss: 0.987
INFO:root:Epoch 95/100, Loss: 1.000
INFO:root:Epoch 96/100, Loss: 0.981
INFO:root:Epoch 97/100, Loss: 1.010
INFO:root:Epoch 98/100, Loss: 1.054
INFO:root:Epoch 99/100, Loss: 0.955
INFO:root:Epoch 100/100, Loss: 0.972
INFO:root:Train: F1: 0.815, Acc: 0.987, AUROC: 0.857, MSE: 516.267
INFO:root:Valid: F1: 0.684, Acc: 0.989, AUROC: 0.794, MSE: 180.000
INFO:root:Test: F1: 0.771, Acc: 0.989, AUROC: 0.840, MSE: 204.800
INFO:root:Final Result:
INFO:root:f1: 0.989, acc: 0.989, auroc: 0.858, mse: 145.800
INFO:root:******************* Training Finished *******************
INFO:root:2024-12-06 13:29:55.755254
INFO:root:Namespace(agg=False, batch_size=1, dataset='UVA', device='cuda', dropout=0.5, epochs=100, hidden_channels=256, in_channels=3, known_interval=10, lr=0.0005, mlp_layer=2, model='FDTHGNN', nb_time_filter=5, num_for_predict=10, out_channels=8, partial=True, pred_interval=5, seed=0, spatial_layer=1, temporal_layer=2, time_strides=1, timestep_hidden=20, weight_decay=0.0001)
INFO:root:Sparse Hypergraph
INFO:root:******************* Training Started *******************
INFO:root:Epoch 0/100, Loss: 1.396
INFO:root:Train: F1: 0.188, Acc: 0.817, AUROC: 0.551, MSE: 65670.414
INFO:root:Valid: F1: 0.155, Acc: 0.815, AUROC: 0.542, MSE: 235879.203
INFO:root:Test: F1: 0.177, Acc: 0.817, AUROC: 0.548, MSE: 220710.047
INFO:root:Epoch 1/100, Loss: 1.314
INFO:root:Epoch 2/100, Loss: 1.176
INFO:root:Epoch 3/100, Loss: 1.210
INFO:root:Epoch 4/100, Loss: 1.257
INFO:root:Epoch 5/100, Loss: 1.214
INFO:root:Epoch 6/100, Loss: 1.182
INFO:root:Epoch 7/100, Loss: 1.104
INFO:root:Epoch 8/100, Loss: 1.120
INFO:root:Epoch 9/100, Loss: 1.085
INFO:root:Epoch 10/100, Loss: 1.025
INFO:root:Train: F1: 0.504, Acc: 0.955, AUROC: 0.689, MSE: 2706.817
INFO:root:Valid: F1: 0.412, Acc: 0.956, AUROC: 0.654, MSE: 8862.050
INFO:root:Test: F1: 0.474, Acc: 0.956, AUROC: 0.679, MSE: 7960.050
INFO:root:Epoch 11/100, Loss: 1.078
INFO:root:Epoch 12/100, Loss: 1.080
INFO:root:Epoch 13/100, Loss: 0.999
INFO:root:Epoch 14/100, Loss: 1.063
INFO:root:Epoch 15/100, Loss: 0.987
INFO:root:Epoch 16/100, Loss: 1.005
INFO:root:Epoch 17/100, Loss: 1.001
INFO:root:Epoch 18/100, Loss: 1.045
INFO:root:Epoch 19/100, Loss: 1.006
INFO:root:Epoch 20/100, Loss: 1.048
INFO:root:Train: F1: 0.659, Acc: 0.976, AUROC: 0.770, MSE: 437.400
INFO:root:Valid: F1: 0.540, Acc: 0.977, AUROC: 0.721, MSE: 1462.050
INFO:root:Test: F1: 0.626, Acc: 0.978, AUROC: 0.759, MSE: 1602.050
INFO:root:Epoch 21/100, Loss: 1.066
INFO:root:Epoch 22/100, Loss: 1.048
INFO:root:Epoch 23/100, Loss: 1.067
INFO:root:Epoch 24/100, Loss: 1.026
INFO:root:Epoch 25/100, Loss: 1.031
INFO:root:Epoch 26/100, Loss: 1.000
INFO:root:Epoch 27/100, Loss: 1.022
INFO:root:Epoch 28/100, Loss: 1.039
INFO:root:Epoch 29/100, Loss: 0.981
INFO:root:Epoch 30/100, Loss: 1.049
INFO:root:Train: F1: 0.760, Acc: 0.984, AUROC: 0.828, MSE: 26.667
INFO:root:Valid: F1: 0.630, Acc: 0.985, AUROC: 0.770, MSE: 252.050
INFO:root:Test: F1: 0.714, Acc: 0.986, AUROC: 0.810, MSE: 423.200
INFO:root:Epoch 31/100, Loss: 1.092
INFO:root:Epoch 32/100, Loss: 1.016
INFO:root:Epoch 33/100, Loss: 1.015
INFO:root:Epoch 34/100, Loss: 0.963
INFO:root:Epoch 35/100, Loss: 0.992
INFO:root:Epoch 36/100, Loss: 1.013
INFO:root:Epoch 37/100, Loss: 0.972
INFO:root:Epoch 38/100, Loss: 1.024
INFO:root:Epoch 39/100, Loss: 1.044
INFO:root:Epoch 40/100, Loss: 0.983
INFO:root:Train: F1: 0.784, Acc: 0.985, AUROC: 0.839, MSE: 1591.350
INFO:root:Valid: F1: 0.653, Acc: 0.987, AUROC: 0.779, MSE: 238.050
INFO:root:Test: F1: 0.737, Acc: 0.987, AUROC: 0.820, MSE: 296.450
INFO:root:Epoch 41/100, Loss: 1.012
INFO:root:Epoch 42/100, Loss: 0.982
INFO:root:Epoch 43/100, Loss: 1.009
INFO:root:Epoch 44/100, Loss: 0.951
INFO:root:Epoch 45/100, Loss: 1.011
INFO:root:Epoch 46/100, Loss: 1.019
INFO:root:Epoch 47/100, Loss: 0.986
INFO:root:Epoch 48/100, Loss: 1.010
INFO:root:Epoch 49/100, Loss: 0.950
INFO:root:Epoch 50/100, Loss: 1.011
INFO:root:Train: F1: 0.828, Acc: 0.987, AUROC: 0.869, MSE: 0.017
INFO:root:Valid: F1: 0.723, Acc: 0.988, AUROC: 0.818, MSE: 96.800
INFO:root:Test: F1: 0.798, Acc: 0.989, AUROC: 0.858, MSE: 145.800
INFO:root:Epoch 51/100, Loss: 1.001
INFO:root:Epoch 52/100, Loss: 1.007
INFO:root:Epoch 53/100, Loss: 0.960
INFO:root:Epoch 54/100, Loss: 0.988
INFO:root:Epoch 55/100, Loss: 1.004
INFO:root:Epoch 56/100, Loss: 1.020
INFO:root:Epoch 57/100, Loss: 0.997
INFO:root:Epoch 58/100, Loss: 1.006
INFO:root:Epoch 59/100, Loss: 1.006
INFO:root:Epoch 60/100, Loss: 1.001
INFO:root:Train: F1: 0.824, Acc: 0.987, AUROC: 0.863, MSE: 481.667
INFO:root:Valid: F1: 0.706, Acc: 0.988, AUROC: 0.805, MSE: 135.200
INFO:root:Test: F1: 0.786, Acc: 0.989, AUROC: 0.846, MSE: 204.800
INFO:root:Epoch 61/100, Loss: 1.014
INFO:root:Epoch 62/100, Loss: 0.984
INFO:root:Epoch 63/100, Loss: 0.991
INFO:root:Epoch 64/100, Loss: 0.987
INFO:root:Epoch 65/100, Loss: 1.046
INFO:root:Epoch 66/100, Loss: 1.000
INFO:root:Epoch 67/100, Loss: 1.029
INFO:root:Epoch 68/100, Loss: 0.972
INFO:root:Epoch 69/100, Loss: 1.012
INFO:root:Epoch 70/100, Loss: 1.002
INFO:root:Train: F1: 0.819, Acc: 0.987, AUROC: 0.859, MSE: 1.350
INFO:root:Valid: F1: 0.695, Acc: 0.988, AUROC: 0.799, MSE: 145.800
INFO:root:Test: F1: 0.778, Acc: 0.989, AUROC: 0.842, MSE: 217.800
INFO:root:Epoch 71/100, Loss: 1.011
INFO:root:Epoch 72/100, Loss: 1.001
INFO:root:Epoch 73/100, Loss: 0.946
INFO:root:Epoch 74/100, Loss: 1.063
INFO:root:Epoch 75/100, Loss: 1.010
INFO:root:Epoch 76/100, Loss: 1.011
INFO:root:Epoch 77/100, Loss: 1.006
INFO:root:Epoch 78/100, Loss: 0.993
INFO:root:Epoch 79/100, Loss: 0.950
INFO:root:Epoch 80/100, Loss: 1.011
INFO:root:Train: F1: 0.806, Acc: 0.987, AUROC: 0.850, MSE: 12.150
INFO:root:Valid: F1: 0.675, Acc: 0.988, AUROC: 0.789, MSE: 217.800
INFO:root:Test: F1: 0.759, Acc: 0.988, AUROC: 0.831, MSE: 281.250
INFO:root:Epoch 81/100, Loss: 1.005
INFO:root:Epoch 82/100, Loss: 1.023
INFO:root:Epoch 83/100, Loss: 0.994
INFO:root:Epoch 84/100, Loss: 0.993
INFO:root:Epoch 85/100, Loss: 1.003
INFO:root:Epoch 86/100, Loss: 1.023
INFO:root:Epoch 87/100, Loss: 1.000
INFO:root:Epoch 88/100, Loss: 0.973
INFO:root:Epoch 89/100, Loss: 1.003
INFO:root:Epoch 90/100, Loss: 0.980
INFO:root:Train: F1: 0.803, Acc: 0.987, AUROC: 0.848, MSE: 308.267
INFO:root:Valid: F1: 0.670, Acc: 0.988, AUROC: 0.787, MSE: 231.200
INFO:root:Test: F1: 0.756, Acc: 0.989, AUROC: 0.830, MSE: 281.250
INFO:root:Epoch 91/100, Loss: 1.000
INFO:root:Epoch 92/100, Loss: 1.002
INFO:root:Epoch 93/100, Loss: 1.021
INFO:root:Epoch 94/100, Loss: 0.987
INFO:root:Epoch 95/100, Loss: 1.000
INFO:root:Epoch 96/100, Loss: 0.981
INFO:root:Epoch 97/100, Loss: 1.010
INFO:root:Epoch 98/100, Loss: 1.054
INFO:root:Epoch 99/100, Loss: 0.955
INFO:root:Epoch 100/100, Loss: 0.972
INFO:root:Train: F1: 0.815, Acc: 0.987, AUROC: 0.857, MSE: 516.267
INFO:root:Valid: F1: 0.684, Acc: 0.989, AUROC: 0.794, MSE: 180.000
INFO:root:Test: F1: 0.771, Acc: 0.989, AUROC: 0.840, MSE: 204.800
INFO:root:Final Result:
INFO:root:f1: 0.798, acc: 0.989, auroc: 0.858, mse: 145.800
INFO:root:******************* Training Finished *******************
