INFO:root:2024-11-29 19:17:51.754133
INFO:root:Namespace(agg=False, batch_size=1, dataset='UVA', device='cuda:1', dropout=0.5, epochs=100, hidden_channels=256, in_channels=3, known_interval=10, lr=0.0005, mlp_layer=2, model='FDTHGNN', nb_time_filter=5, num_for_predict=10, out_channels=8, partial=True, pred_interval=10, seed=0, spatial_layer=1, temporal_layer=2, time_strides=1, timestep_hidden=20, weight_decay=0.0001)
INFO:root:Sparse Hypergraph
INFO:root:2024-11-29 19:41:10.797738
INFO:root:Namespace(agg=False, batch_size=1, dataset='UVA', device='cuda', dropout=0.5, epochs=100, hidden_channels=256, in_channels=3, known_interval=10, lr=0.0005, mlp_layer=2, model='FDTHGNN', nb_time_filter=5, num_for_predict=10, out_channels=8, partial=True, pred_interval=10, seed=0, spatial_layer=1, temporal_layer=2, time_strides=1, timestep_hidden=20, weight_decay=0.0001)
INFO:root:Sparse Hypergraph
INFO:root:******************* Training Started *******************
INFO:root:Epoch 0/100, Loss: 1.386
INFO:root:Train: F1: 0.199, Acc: 0.856, AUROC: 0.556, MSE: 101106.148
INFO:root:Valid: F1: 0.159, Acc: 0.855, AUROC: 0.545, MSE: 469711.250
INFO:root:Test: F1: 0.188, Acc: 0.857, AUROC: 0.553, MSE: 430711.250
INFO:root:Epoch 1/100, Loss: 1.234
INFO:root:Epoch 2/100, Loss: 1.344
INFO:root:Epoch 3/100, Loss: 1.148
INFO:root:Epoch 4/100, Loss: 1.187
INFO:root:Epoch 5/100, Loss: 1.214
INFO:root:Epoch 6/100, Loss: 1.229
INFO:root:Epoch 7/100, Loss: 1.165
INFO:root:Epoch 8/100, Loss: 1.147
INFO:root:Epoch 9/100, Loss: 1.138
INFO:root:Epoch 10/100, Loss: 1.022
INFO:root:Train: F1: 0.367, Acc: 0.905, AUROC: 0.622, MSE: 46481.668
INFO:root:Valid: F1: 0.295, Acc: 0.904, AUROC: 0.598, MSE: 227697.797
INFO:root:Test: F1: 0.339, Acc: 0.905, AUROC: 0.613, MSE: 218196.047
INFO:root:Epoch 11/100, Loss: 1.105
INFO:root:Epoch 12/100, Loss: 1.080
INFO:root:Epoch 13/100, Loss: 1.096
INFO:root:Epoch 14/100, Loss: 1.044
INFO:root:Epoch 15/100, Loss: 1.089
INFO:root:Epoch 16/100, Loss: 1.002
INFO:root:Epoch 17/100, Loss: 1.079
INFO:root:Epoch 18/100, Loss: 1.038
INFO:root:Epoch 19/100, Loss: 1.064
INFO:root:Epoch 20/100, Loss: 1.094
INFO:root:Train: F1: 0.362, Acc: 0.886, AUROC: 0.617, MSE: 124670.414
INFO:root:Valid: F1: 0.292, Acc: 0.883, AUROC: 0.595, MSE: 407265.812
INFO:root:Test: F1: 0.331, Acc: 0.884, AUROC: 0.607, MSE: 407551.250
INFO:root:Epoch 21/100, Loss: 1.095
INFO:root:Epoch 22/100, Loss: 1.055
INFO:root:Epoch 23/100, Loss: 1.086
INFO:root:Epoch 24/100, Loss: 1.033
INFO:root:Epoch 25/100, Loss: 1.077
INFO:root:Epoch 26/100, Loss: 1.085
INFO:root:Epoch 27/100, Loss: 1.092
INFO:root:Epoch 28/100, Loss: 1.083
INFO:root:Epoch 29/100, Loss: 1.070
INFO:root:Epoch 30/100, Loss: 1.093
INFO:root:Train: F1: 0.371, Acc: 0.889, AUROC: 0.621, MSE: 142106.672
INFO:root:Valid: F1: 0.298, Acc: 0.887, AUROC: 0.597, MSE: 385031.250
INFO:root:Test: F1: 0.338, Acc: 0.888, AUROC: 0.610, MSE: 387532.812
INFO:root:Epoch 31/100, Loss: 1.082
INFO:root:Epoch 32/100, Loss: 1.099
INFO:root:Epoch 33/100, Loss: 1.082
INFO:root:Epoch 34/100, Loss: 1.079
INFO:root:Epoch 35/100, Loss: 1.092
INFO:root:Epoch 36/100, Loss: 1.078
INFO:root:Epoch 37/100, Loss: 1.083
INFO:root:Epoch 38/100, Loss: 1.080
INFO:root:Epoch 39/100, Loss: 1.051
INFO:root:Epoch 40/100, Loss: 1.078
INFO:root:Train: F1: 0.379, Acc: 0.894, AUROC: 0.624, MSE: 102754.820
INFO:root:Valid: F1: 0.305, Acc: 0.891, AUROC: 0.600, MSE: 352982.438
INFO:root:Test: F1: 0.346, Acc: 0.893, AUROC: 0.613, MSE: 352982.438
INFO:root:Epoch 41/100, Loss: 1.077
INFO:root:Epoch 42/100, Loss: 1.036
INFO:root:Epoch 43/100, Loss: 1.076
INFO:root:Epoch 44/100, Loss: 1.029
INFO:root:Epoch 45/100, Loss: 1.048
INFO:root:Epoch 46/100, Loss: 1.086
INFO:root:Epoch 47/100, Loss: 0.993
INFO:root:Epoch 48/100, Loss: 1.089
INFO:root:Epoch 49/100, Loss: 1.034
INFO:root:Epoch 50/100, Loss: 1.087
INFO:root:Train: F1: 0.381, Acc: 0.894, AUROC: 0.625, MSE: 98334.016
INFO:root:Valid: F1: 0.306, Acc: 0.892, AUROC: 0.601, MSE: 354844.812
INFO:root:Test: F1: 0.348, Acc: 0.893, AUROC: 0.614, MSE: 354844.812
INFO:root:Epoch 51/100, Loss: 1.041
INFO:root:Epoch 52/100, Loss: 1.060
INFO:root:Epoch 53/100, Loss: 1.014
INFO:root:Epoch 54/100, Loss: 1.071
INFO:root:Epoch 55/100, Loss: 1.071
INFO:root:Epoch 56/100, Loss: 1.016
INFO:root:Epoch 57/100, Loss: 1.018
INFO:root:Epoch 58/100, Loss: 1.077
INFO:root:Epoch 59/100, Loss: 1.079
INFO:root:Epoch 60/100, Loss: 1.044
INFO:root:Train: F1: 0.383, Acc: 0.895, AUROC: 0.626, MSE: 85126.664
INFO:root:Valid: F1: 0.308, Acc: 0.892, AUROC: 0.601, MSE: 354046.062
INFO:root:Test: F1: 0.349, Acc: 0.893, AUROC: 0.614, MSE: 353248.188
INFO:root:Epoch 61/100, Loss: 1.046
INFO:root:Epoch 62/100, Loss: 1.072
INFO:root:Epoch 63/100, Loss: 1.088
INFO:root:Epoch 64/100, Loss: 1.019
INFO:root:Epoch 65/100, Loss: 1.087
INFO:root:Epoch 66/100, Loss: 1.068
INFO:root:Epoch 67/100, Loss: 1.043
INFO:root:Epoch 68/100, Loss: 1.062
INFO:root:Epoch 69/100, Loss: 1.017
INFO:root:Epoch 70/100, Loss: 1.060
INFO:root:Train: F1: 0.384, Acc: 0.895, AUROC: 0.626, MSE: 108035.266
INFO:root:Valid: F1: 0.310, Acc: 0.892, AUROC: 0.602, MSE: 354844.812
INFO:root:Test: F1: 0.351, Acc: 0.893, AUROC: 0.615, MSE: 351655.188
INFO:root:Epoch 71/100, Loss: 1.038
INFO:root:Epoch 72/100, Loss: 1.059
INFO:root:Epoch 73/100, Loss: 1.067
INFO:root:Epoch 74/100, Loss: 1.066
INFO:root:Epoch 75/100, Loss: 1.076
INFO:root:Epoch 76/100, Loss: 1.014
INFO:root:Epoch 77/100, Loss: 1.072
INFO:root:Epoch 78/100, Loss: 1.031
INFO:root:Epoch 79/100, Loss: 1.044
INFO:root:Epoch 80/100, Loss: 1.057
INFO:root:Train: F1: 0.387, Acc: 0.896, AUROC: 0.627, MSE: 114232.070
INFO:root:Valid: F1: 0.312, Acc: 0.894, AUROC: 0.603, MSE: 344268.812
INFO:root:Test: F1: 0.353, Acc: 0.895, AUROC: 0.616, MSE: 341127.188
INFO:root:Epoch 81/100, Loss: 1.010
INFO:root:Epoch 82/100, Loss: 1.056
INFO:root:Epoch 83/100, Loss: 1.086
INFO:root:Epoch 84/100, Loss: 1.069
INFO:root:Epoch 85/100, Loss: 1.075
INFO:root:Epoch 86/100, Loss: 1.002
INFO:root:Epoch 87/100, Loss: 1.014
INFO:root:Epoch 88/100, Loss: 1.042
INFO:root:Epoch 89/100, Loss: 1.063
INFO:root:Epoch 90/100, Loss: 1.085
INFO:root:Train: F1: 0.390, Acc: 0.899, AUROC: 0.629, MSE: 107272.820
INFO:root:Valid: F1: 0.315, Acc: 0.896, AUROC: 0.604, MSE: 325125.000
INFO:root:Test: F1: 0.357, Acc: 0.897, AUROC: 0.617, MSE: 323088.188
INFO:root:Epoch 91/100, Loss: 1.014
INFO:root:Epoch 92/100, Loss: 1.057
INFO:root:Epoch 93/100, Loss: 1.038
INFO:root:Epoch 94/100, Loss: 0.992
INFO:root:Epoch 95/100, Loss: 1.016
INFO:root:Epoch 96/100, Loss: 1.058
INFO:root:Epoch 97/100, Loss: 1.043
INFO:root:Epoch 98/100, Loss: 1.017
INFO:root:Epoch 99/100, Loss: 1.072
INFO:root:Epoch 100/100, Loss: 1.036
INFO:root:Train: F1: 0.391, Acc: 0.898, AUROC: 0.629, MSE: 112493.398
INFO:root:Valid: F1: 0.315, Acc: 0.896, AUROC: 0.604, MSE: 330245.000
INFO:root:Test: F1: 0.358, Acc: 0.897, AUROC: 0.618, MSE: 327680.000
INFO:root:Final Result:
INFO:root:f1: 0.896, acc: 0.896, auroc: 0.604, mse: 330245.000
INFO:root:******************* Training Finished *******************
INFO:root:2024-11-29 21:08:56.418049
INFO:root:Namespace(agg=False, batch_size=1, dataset='UVA', device='cuda', dropout=0.5, epochs=100, hidden_channels=256, in_channels=3, known_interval=10, lr=0.0005, mlp_layer=2, model='FDTHGNN', nb_time_filter=5, num_for_predict=10, out_channels=8, partial=True, pred_interval=10, seed=0, spatial_layer=1, temporal_layer=2, time_strides=1, timestep_hidden=20, weight_decay=0.0001)
INFO:root:Sparse Hypergraph
INFO:root:******************* Training Started *******************
INFO:root:Epoch 0/100, Loss: 1.386
INFO:root:Train: F1: 0.199, Acc: 0.856, AUROC: 0.556, MSE: 101106.148
INFO:root:Valid: F1: 0.159, Acc: 0.855, AUROC: 0.545, MSE: 469711.250
INFO:root:Test: F1: 0.188, Acc: 0.857, AUROC: 0.553, MSE: 430711.250
INFO:root:Epoch 1/100, Loss: 1.234
INFO:root:Epoch 2/100, Loss: 1.344
INFO:root:Epoch 3/100, Loss: 1.148
INFO:root:Epoch 4/100, Loss: 1.187
INFO:root:Epoch 5/100, Loss: 1.214
INFO:root:Epoch 6/100, Loss: 1.229
INFO:root:Epoch 7/100, Loss: 1.165
INFO:root:Epoch 8/100, Loss: 1.147
INFO:root:Epoch 9/100, Loss: 1.138
INFO:root:Epoch 10/100, Loss: 1.022
INFO:root:Train: F1: 0.367, Acc: 0.905, AUROC: 0.622, MSE: 46481.668
INFO:root:Valid: F1: 0.295, Acc: 0.904, AUROC: 0.598, MSE: 227697.797
INFO:root:Test: F1: 0.339, Acc: 0.905, AUROC: 0.613, MSE: 218196.047
INFO:root:Epoch 11/100, Loss: 1.105
INFO:root:Epoch 12/100, Loss: 1.080
INFO:root:Epoch 13/100, Loss: 1.096
INFO:root:Epoch 14/100, Loss: 1.044
INFO:root:Epoch 15/100, Loss: 1.089
INFO:root:Epoch 16/100, Loss: 1.002
INFO:root:Epoch 17/100, Loss: 1.079
INFO:root:Epoch 18/100, Loss: 1.038
INFO:root:Epoch 19/100, Loss: 1.064
INFO:root:Epoch 20/100, Loss: 1.094
INFO:root:Train: F1: 0.362, Acc: 0.886, AUROC: 0.617, MSE: 124670.414
INFO:root:Valid: F1: 0.292, Acc: 0.883, AUROC: 0.595, MSE: 407265.812
INFO:root:Test: F1: 0.331, Acc: 0.884, AUROC: 0.607, MSE: 407551.250
INFO:root:Epoch 21/100, Loss: 1.095
INFO:root:Epoch 22/100, Loss: 1.055
INFO:root:Epoch 23/100, Loss: 1.086
INFO:root:Epoch 24/100, Loss: 1.033
INFO:root:Epoch 25/100, Loss: 1.077
INFO:root:Epoch 26/100, Loss: 1.085
INFO:root:Epoch 27/100, Loss: 1.092
INFO:root:Epoch 28/100, Loss: 1.083
INFO:root:Epoch 29/100, Loss: 1.070
INFO:root:Epoch 30/100, Loss: 1.093
INFO:root:Train: F1: 0.371, Acc: 0.889, AUROC: 0.621, MSE: 142106.672
INFO:root:Valid: F1: 0.298, Acc: 0.887, AUROC: 0.597, MSE: 385031.250
INFO:root:Test: F1: 0.338, Acc: 0.888, AUROC: 0.610, MSE: 387532.812
INFO:root:Epoch 31/100, Loss: 1.082
INFO:root:Epoch 32/100, Loss: 1.099
INFO:root:Epoch 33/100, Loss: 1.082
INFO:root:Epoch 34/100, Loss: 1.079
INFO:root:Epoch 35/100, Loss: 1.092
INFO:root:Epoch 36/100, Loss: 1.078
INFO:root:Epoch 37/100, Loss: 1.083
INFO:root:Epoch 38/100, Loss: 1.080
INFO:root:Epoch 39/100, Loss: 1.051
INFO:root:Epoch 40/100, Loss: 1.078
INFO:root:Train: F1: 0.379, Acc: 0.894, AUROC: 0.624, MSE: 102754.820
INFO:root:Valid: F1: 0.305, Acc: 0.891, AUROC: 0.600, MSE: 352982.438
INFO:root:Test: F1: 0.346, Acc: 0.893, AUROC: 0.613, MSE: 352982.438
INFO:root:Epoch 41/100, Loss: 1.077
INFO:root:Epoch 42/100, Loss: 1.036
INFO:root:Epoch 43/100, Loss: 1.076
INFO:root:Epoch 44/100, Loss: 1.029
INFO:root:Epoch 45/100, Loss: 1.048
INFO:root:Epoch 46/100, Loss: 1.086
INFO:root:Epoch 47/100, Loss: 0.993
INFO:root:Epoch 48/100, Loss: 1.089
INFO:root:Epoch 49/100, Loss: 1.034
INFO:root:Epoch 50/100, Loss: 1.087
INFO:root:Train: F1: 0.381, Acc: 0.894, AUROC: 0.625, MSE: 98334.016
INFO:root:Valid: F1: 0.306, Acc: 0.892, AUROC: 0.601, MSE: 354844.812
INFO:root:Test: F1: 0.348, Acc: 0.893, AUROC: 0.614, MSE: 354844.812
INFO:root:Epoch 51/100, Loss: 1.041
INFO:root:Epoch 52/100, Loss: 1.060
INFO:root:Epoch 53/100, Loss: 1.014
INFO:root:Epoch 54/100, Loss: 1.071
INFO:root:Epoch 55/100, Loss: 1.071
INFO:root:Epoch 56/100, Loss: 1.016
INFO:root:Epoch 57/100, Loss: 1.018
INFO:root:Epoch 58/100, Loss: 1.077
INFO:root:Epoch 59/100, Loss: 1.079
INFO:root:Epoch 60/100, Loss: 1.044
INFO:root:Train: F1: 0.383, Acc: 0.895, AUROC: 0.626, MSE: 85126.664
INFO:root:Valid: F1: 0.308, Acc: 0.892, AUROC: 0.601, MSE: 354046.062
INFO:root:Test: F1: 0.349, Acc: 0.893, AUROC: 0.614, MSE: 353248.188
INFO:root:Epoch 61/100, Loss: 1.046
INFO:root:Epoch 62/100, Loss: 1.072
INFO:root:Epoch 63/100, Loss: 1.088
INFO:root:Epoch 64/100, Loss: 1.019
INFO:root:Epoch 65/100, Loss: 1.087
INFO:root:Epoch 66/100, Loss: 1.068
INFO:root:Epoch 67/100, Loss: 1.043
INFO:root:Epoch 68/100, Loss: 1.062
INFO:root:Epoch 69/100, Loss: 1.017
INFO:root:Epoch 70/100, Loss: 1.060
INFO:root:Train: F1: 0.384, Acc: 0.895, AUROC: 0.626, MSE: 108035.266
INFO:root:Valid: F1: 0.310, Acc: 0.892, AUROC: 0.602, MSE: 354844.812
INFO:root:Test: F1: 0.351, Acc: 0.893, AUROC: 0.615, MSE: 351655.188
INFO:root:Epoch 71/100, Loss: 1.038
INFO:root:Epoch 72/100, Loss: 1.059
INFO:root:Epoch 73/100, Loss: 1.067
INFO:root:Epoch 74/100, Loss: 1.066
INFO:root:Epoch 75/100, Loss: 1.076
INFO:root:Epoch 76/100, Loss: 1.014
INFO:root:Epoch 77/100, Loss: 1.072
INFO:root:Epoch 78/100, Loss: 1.031
INFO:root:Epoch 79/100, Loss: 1.044
INFO:root:Epoch 80/100, Loss: 1.057
INFO:root:Train: F1: 0.387, Acc: 0.896, AUROC: 0.627, MSE: 114232.070
INFO:root:Valid: F1: 0.312, Acc: 0.894, AUROC: 0.603, MSE: 344268.812
INFO:root:Test: F1: 0.353, Acc: 0.895, AUROC: 0.616, MSE: 341127.188
INFO:root:Epoch 81/100, Loss: 1.010
INFO:root:Epoch 82/100, Loss: 1.056
INFO:root:Epoch 83/100, Loss: 1.086
INFO:root:Epoch 84/100, Loss: 1.069
INFO:root:Epoch 85/100, Loss: 1.075
INFO:root:Epoch 86/100, Loss: 1.002
INFO:root:Epoch 87/100, Loss: 1.014
INFO:root:Epoch 88/100, Loss: 1.042
INFO:root:Epoch 89/100, Loss: 1.063
INFO:root:Epoch 90/100, Loss: 1.085
INFO:root:Train: F1: 0.390, Acc: 0.899, AUROC: 0.629, MSE: 107272.820
INFO:root:Valid: F1: 0.315, Acc: 0.896, AUROC: 0.604, MSE: 325125.000
INFO:root:Test: F1: 0.357, Acc: 0.897, AUROC: 0.617, MSE: 323088.188
INFO:root:Epoch 91/100, Loss: 1.014
INFO:root:Epoch 92/100, Loss: 1.057
INFO:root:Epoch 93/100, Loss: 1.038
INFO:root:Epoch 94/100, Loss: 0.992
INFO:root:Epoch 95/100, Loss: 1.016
INFO:root:Epoch 96/100, Loss: 1.058
INFO:root:Epoch 97/100, Loss: 1.043
INFO:root:Epoch 98/100, Loss: 1.017
INFO:root:Epoch 99/100, Loss: 1.072
INFO:root:Epoch 100/100, Loss: 1.036
INFO:root:Train: F1: 0.391, Acc: 0.898, AUROC: 0.629, MSE: 112493.398
INFO:root:Valid: F1: 0.315, Acc: 0.896, AUROC: 0.604, MSE: 330245.000
INFO:root:Test: F1: 0.358, Acc: 0.897, AUROC: 0.618, MSE: 327680.000
INFO:root:Final Result:
INFO:root:f1: 0.905, acc: 0.905, auroc: 0.613, mse: 218196.047
INFO:root:******************* Training Finished *******************
INFO:root:2024-12-06 13:50:11.102150
INFO:root:Namespace(agg=False, batch_size=1, dataset='UVA', device='cuda', dropout=0.5, epochs=100, hidden_channels=256, in_channels=3, known_interval=10, lr=0.0005, mlp_layer=2, model='FDTHGNN', nb_time_filter=5, num_for_predict=10, out_channels=8, partial=True, pred_interval=10, seed=0, spatial_layer=1, temporal_layer=2, time_strides=1, timestep_hidden=20, weight_decay=0.0001)
INFO:root:Sparse Hypergraph
INFO:root:******************* Training Started *******************
INFO:root:Epoch 0/100, Loss: 1.386
INFO:root:Train: F1: 0.199, Acc: 0.856, AUROC: 0.556, MSE: 101106.148
INFO:root:Valid: F1: 0.159, Acc: 0.855, AUROC: 0.545, MSE: 469711.250
INFO:root:Test: F1: 0.188, Acc: 0.857, AUROC: 0.553, MSE: 430711.250
INFO:root:Epoch 1/100, Loss: 1.234
INFO:root:Epoch 2/100, Loss: 1.344
INFO:root:Epoch 3/100, Loss: 1.148
INFO:root:Epoch 4/100, Loss: 1.187
INFO:root:Epoch 5/100, Loss: 1.214
INFO:root:Epoch 6/100, Loss: 1.229
INFO:root:Epoch 7/100, Loss: 1.165
INFO:root:Epoch 8/100, Loss: 1.147
INFO:root:Epoch 9/100, Loss: 1.138
INFO:root:Epoch 10/100, Loss: 1.022
INFO:root:Train: F1: 0.367, Acc: 0.905, AUROC: 0.622, MSE: 46481.668
INFO:root:Valid: F1: 0.295, Acc: 0.904, AUROC: 0.598, MSE: 227697.797
INFO:root:Test: F1: 0.339, Acc: 0.905, AUROC: 0.613, MSE: 218196.047
INFO:root:Epoch 11/100, Loss: 1.105
INFO:root:Epoch 12/100, Loss: 1.080
INFO:root:Epoch 13/100, Loss: 1.096
INFO:root:Epoch 14/100, Loss: 1.044
INFO:root:Epoch 15/100, Loss: 1.089
INFO:root:Epoch 16/100, Loss: 1.002
INFO:root:Epoch 17/100, Loss: 1.079
INFO:root:Epoch 18/100, Loss: 1.038
INFO:root:Epoch 19/100, Loss: 1.064
INFO:root:Epoch 20/100, Loss: 1.094
INFO:root:Train: F1: 0.362, Acc: 0.886, AUROC: 0.617, MSE: 124670.414
INFO:root:Valid: F1: 0.292, Acc: 0.883, AUROC: 0.595, MSE: 407265.812
INFO:root:Test: F1: 0.331, Acc: 0.884, AUROC: 0.607, MSE: 407551.250
INFO:root:Epoch 21/100, Loss: 1.095
INFO:root:Epoch 22/100, Loss: 1.055
INFO:root:Epoch 23/100, Loss: 1.086
INFO:root:Epoch 24/100, Loss: 1.033
INFO:root:Epoch 25/100, Loss: 1.077
INFO:root:Epoch 26/100, Loss: 1.085
INFO:root:Epoch 27/100, Loss: 1.092
INFO:root:Epoch 28/100, Loss: 1.083
INFO:root:Epoch 29/100, Loss: 1.070
INFO:root:Epoch 30/100, Loss: 1.093
INFO:root:Train: F1: 0.371, Acc: 0.889, AUROC: 0.621, MSE: 142106.672
INFO:root:Valid: F1: 0.298, Acc: 0.887, AUROC: 0.597, MSE: 385031.250
INFO:root:Test: F1: 0.338, Acc: 0.888, AUROC: 0.610, MSE: 387532.812
INFO:root:Epoch 31/100, Loss: 1.082
INFO:root:Epoch 32/100, Loss: 1.099
INFO:root:Epoch 33/100, Loss: 1.082
INFO:root:Epoch 34/100, Loss: 1.079
INFO:root:Epoch 35/100, Loss: 1.092
INFO:root:Epoch 36/100, Loss: 1.078
INFO:root:Epoch 37/100, Loss: 1.083
INFO:root:Epoch 38/100, Loss: 1.080
INFO:root:Epoch 39/100, Loss: 1.051
INFO:root:Epoch 40/100, Loss: 1.078
INFO:root:Train: F1: 0.379, Acc: 0.894, AUROC: 0.624, MSE: 102754.820
INFO:root:Valid: F1: 0.305, Acc: 0.891, AUROC: 0.600, MSE: 352982.438
INFO:root:Test: F1: 0.346, Acc: 0.893, AUROC: 0.613, MSE: 352982.438
INFO:root:Epoch 41/100, Loss: 1.077
INFO:root:Epoch 42/100, Loss: 1.036
INFO:root:Epoch 43/100, Loss: 1.076
INFO:root:Epoch 44/100, Loss: 1.029
INFO:root:Epoch 45/100, Loss: 1.048
INFO:root:Epoch 46/100, Loss: 1.086
INFO:root:Epoch 47/100, Loss: 0.993
INFO:root:Epoch 48/100, Loss: 1.089
INFO:root:Epoch 49/100, Loss: 1.034
INFO:root:Epoch 50/100, Loss: 1.087
INFO:root:Train: F1: 0.381, Acc: 0.894, AUROC: 0.625, MSE: 98334.016
INFO:root:Valid: F1: 0.306, Acc: 0.892, AUROC: 0.601, MSE: 354844.812
INFO:root:Test: F1: 0.348, Acc: 0.893, AUROC: 0.614, MSE: 354844.812
INFO:root:Epoch 51/100, Loss: 1.041
INFO:root:Epoch 52/100, Loss: 1.060
INFO:root:Epoch 53/100, Loss: 1.014
INFO:root:Epoch 54/100, Loss: 1.071
INFO:root:Epoch 55/100, Loss: 1.071
INFO:root:Epoch 56/100, Loss: 1.016
INFO:root:Epoch 57/100, Loss: 1.018
INFO:root:Epoch 58/100, Loss: 1.077
INFO:root:Epoch 59/100, Loss: 1.079
INFO:root:Epoch 60/100, Loss: 1.044
INFO:root:Train: F1: 0.383, Acc: 0.895, AUROC: 0.626, MSE: 85126.664
INFO:root:Valid: F1: 0.308, Acc: 0.892, AUROC: 0.601, MSE: 354046.062
INFO:root:Test: F1: 0.349, Acc: 0.893, AUROC: 0.614, MSE: 353248.188
INFO:root:Epoch 61/100, Loss: 1.046
INFO:root:Epoch 62/100, Loss: 1.072
INFO:root:Epoch 63/100, Loss: 1.088
INFO:root:Epoch 64/100, Loss: 1.019
INFO:root:Epoch 65/100, Loss: 1.087
INFO:root:Epoch 66/100, Loss: 1.068
INFO:root:Epoch 67/100, Loss: 1.043
INFO:root:Epoch 68/100, Loss: 1.062
INFO:root:Epoch 69/100, Loss: 1.017
INFO:root:Epoch 70/100, Loss: 1.060
INFO:root:Train: F1: 0.384, Acc: 0.895, AUROC: 0.626, MSE: 108035.266
INFO:root:Valid: F1: 0.310, Acc: 0.892, AUROC: 0.602, MSE: 354844.812
INFO:root:Test: F1: 0.351, Acc: 0.893, AUROC: 0.615, MSE: 351655.188
INFO:root:Epoch 71/100, Loss: 1.038
INFO:root:Epoch 72/100, Loss: 1.059
INFO:root:Epoch 73/100, Loss: 1.067
INFO:root:Epoch 74/100, Loss: 1.066
INFO:root:Epoch 75/100, Loss: 1.076
INFO:root:Epoch 76/100, Loss: 1.014
INFO:root:Epoch 77/100, Loss: 1.072
INFO:root:Epoch 78/100, Loss: 1.031
INFO:root:Epoch 79/100, Loss: 1.044
INFO:root:Epoch 80/100, Loss: 1.057
INFO:root:Train: F1: 0.387, Acc: 0.896, AUROC: 0.627, MSE: 114232.070
INFO:root:Valid: F1: 0.312, Acc: 0.894, AUROC: 0.603, MSE: 344268.812
INFO:root:Test: F1: 0.353, Acc: 0.895, AUROC: 0.616, MSE: 341127.188
INFO:root:Epoch 81/100, Loss: 1.010
INFO:root:Epoch 82/100, Loss: 1.056
INFO:root:Epoch 83/100, Loss: 1.086
INFO:root:Epoch 84/100, Loss: 1.069
INFO:root:Epoch 85/100, Loss: 1.075
INFO:root:Epoch 86/100, Loss: 1.002
INFO:root:Epoch 87/100, Loss: 1.014
INFO:root:Epoch 88/100, Loss: 1.042
INFO:root:Epoch 89/100, Loss: 1.063
INFO:root:Epoch 90/100, Loss: 1.085
INFO:root:Train: F1: 0.390, Acc: 0.899, AUROC: 0.629, MSE: 107272.820
INFO:root:Valid: F1: 0.315, Acc: 0.896, AUROC: 0.604, MSE: 325125.000
INFO:root:Test: F1: 0.357, Acc: 0.897, AUROC: 0.617, MSE: 323088.188
INFO:root:Epoch 91/100, Loss: 1.014
INFO:root:Epoch 92/100, Loss: 1.057
INFO:root:Epoch 93/100, Loss: 1.038
INFO:root:Epoch 94/100, Loss: 0.992
INFO:root:Epoch 95/100, Loss: 1.016
INFO:root:Epoch 96/100, Loss: 1.058
INFO:root:Epoch 97/100, Loss: 1.043
INFO:root:Epoch 98/100, Loss: 1.017
INFO:root:Epoch 99/100, Loss: 1.072
INFO:root:Epoch 100/100, Loss: 1.036
INFO:root:Train: F1: 0.391, Acc: 0.898, AUROC: 0.629, MSE: 112493.398
INFO:root:Valid: F1: 0.315, Acc: 0.896, AUROC: 0.604, MSE: 330245.000
INFO:root:Test: F1: 0.358, Acc: 0.897, AUROC: 0.618, MSE: 327680.000
INFO:root:Final Result:
INFO:root:f1: 0.339, acc: 0.905, auroc: 0.613, mse: 218196.047
INFO:root:******************* Training Finished *******************
