INFO:root:2024-11-29 19:17:56.968235
INFO:root:Namespace(agg=False, batch_size=1, dataset='UVA', device='cuda:1', dropout=0.5, epochs=100, hidden_channels=256, in_channels=3, known_interval=10, lr=0.0005, mlp_layer=2, model='FDTHGNN', nb_time_filter=5, num_for_predict=10, out_channels=8, partial=True, pred_interval=20, seed=0, spatial_layer=1, temporal_layer=2, time_strides=1, timestep_hidden=20, weight_decay=0.0001)
INFO:root:Sparse Hypergraph
INFO:root:2024-11-29 20:02:03.277982
INFO:root:Namespace(agg=False, batch_size=1, dataset='UVA', device='cuda', dropout=0.5, epochs=100, hidden_channels=256, in_channels=3, known_interval=10, lr=0.0005, mlp_layer=2, model='FDTHGNN', nb_time_filter=5, num_for_predict=10, out_channels=8, partial=True, pred_interval=20, seed=0, spatial_layer=1, temporal_layer=2, time_strides=1, timestep_hidden=20, weight_decay=0.0001)
INFO:root:Sparse Hypergraph
INFO:root:******************* Training Started *******************
INFO:root:Epoch 0/100, Loss: 1.343
INFO:root:Train: F1: 0.249, Acc: 0.851, AUROC: 0.573, MSE: 85428.266
INFO:root:Valid: F1: 0.197, Acc: 0.851, AUROC: 0.557, MSE: 1661761.250
INFO:root:Test: F1: 0.228, Acc: 0.852, AUROC: 0.567, MSE: 1647380.000
INFO:root:Epoch 1/100, Loss: 1.293
INFO:root:Epoch 2/100, Loss: 1.258
INFO:root:Epoch 3/100, Loss: 1.154
INFO:root:Epoch 4/100, Loss: 1.184
INFO:root:Epoch 5/100, Loss: 1.175
INFO:root:Epoch 6/100, Loss: 1.207
INFO:root:Epoch 7/100, Loss: 1.117
INFO:root:Epoch 8/100, Loss: 1.205
INFO:root:Epoch 9/100, Loss: 1.180
INFO:root:Epoch 10/100, Loss: 1.163
INFO:root:Train: F1: 0.337, Acc: 0.857, AUROC: 0.606, MSE: 692730.125
INFO:root:Valid: F1: 0.265, Acc: 0.853, AUROC: 0.583, MSE: 2090457.750
INFO:root:Test: F1: 0.310, Acc: 0.856, AUROC: 0.598, MSE: 2132045.000
INFO:root:Epoch 11/100, Loss: 1.100
INFO:root:Epoch 12/100, Loss: 1.106
INFO:root:Epoch 13/100, Loss: 1.055
INFO:root:Epoch 14/100, Loss: 1.080
INFO:root:Epoch 15/100, Loss: 1.049
INFO:root:Epoch 16/100, Loss: 1.142
INFO:root:Epoch 17/100, Loss: 1.090
INFO:root:Epoch 18/100, Loss: 1.047
INFO:root:Epoch 19/100, Loss: 1.135
INFO:root:Epoch 20/100, Loss: 1.139
INFO:root:Train: F1: 0.367, Acc: 0.858, AUROC: 0.618, MSE: 776798.812
INFO:root:Valid: F1: 0.291, Acc: 0.853, AUROC: 0.593, MSE: 2292322.000
INFO:root:Test: F1: 0.342, Acc: 0.857, AUROC: 0.610, MSE: 2454902.500
INFO:root:Epoch 21/100, Loss: 1.132
INFO:root:Epoch 22/100, Loss: 1.113
INFO:root:Epoch 23/100, Loss: 1.108
INFO:root:Epoch 24/100, Loss: 1.076
INFO:root:Epoch 25/100, Loss: 1.132
INFO:root:Epoch 26/100, Loss: 1.058
INFO:root:Epoch 27/100, Loss: 1.045
INFO:root:Epoch 28/100, Loss: 1.088
INFO:root:Epoch 29/100, Loss: 1.083
INFO:root:Epoch 30/100, Loss: 1.031
INFO:root:Train: F1: 0.374, Acc: 0.860, AUROC: 0.620, MSE: 774979.312
INFO:root:Valid: F1: 0.297, Acc: 0.856, AUROC: 0.595, MSE: 2211790.000
INFO:root:Test: F1: 0.348, Acc: 0.860, AUROC: 0.613, MSE: 2400552.000
INFO:root:Epoch 31/100, Loss: 1.102
INFO:root:Epoch 32/100, Loss: 1.100
INFO:root:Epoch 33/100, Loss: 1.095
INFO:root:Epoch 34/100, Loss: 1.128
INFO:root:Epoch 35/100, Loss: 1.097
INFO:root:Epoch 36/100, Loss: 1.049
INFO:root:Epoch 37/100, Loss: 1.095
INFO:root:Epoch 38/100, Loss: 1.041
INFO:root:Epoch 39/100, Loss: 1.060
INFO:root:Epoch 40/100, Loss: 1.048
INFO:root:Train: F1: 0.380, Acc: 0.864, AUROC: 0.623, MSE: 640046.812
INFO:root:Valid: F1: 0.302, Acc: 0.860, AUROC: 0.597, MSE: 2062104.250
INFO:root:Test: F1: 0.355, Acc: 0.864, AUROC: 0.615, MSE: 2247851.250
INFO:root:Epoch 41/100, Loss: 1.048
INFO:root:Epoch 42/100, Loss: 1.042
INFO:root:Epoch 43/100, Loss: 1.117
INFO:root:Epoch 44/100, Loss: 1.075
INFO:root:Epoch 45/100, Loss: 1.077
INFO:root:Epoch 46/100, Loss: 1.053
INFO:root:Epoch 47/100, Loss: 1.059
INFO:root:Epoch 48/100, Loss: 1.082
INFO:root:Epoch 49/100, Loss: 1.047
INFO:root:Epoch 50/100, Loss: 1.078
INFO:root:Train: F1: 0.384, Acc: 0.867, AUROC: 0.625, MSE: 741704.000
INFO:root:Valid: F1: 0.305, Acc: 0.863, AUROC: 0.599, MSE: 1953750.000
INFO:root:Test: F1: 0.358, Acc: 0.867, AUROC: 0.617, MSE: 2140542.500
INFO:root:Epoch 51/100, Loss: 1.096
INFO:root:Epoch 52/100, Loss: 1.115
INFO:root:Epoch 53/100, Loss: 1.051
INFO:root:Epoch 54/100, Loss: 1.026
INFO:root:Epoch 55/100, Loss: 1.089
INFO:root:Epoch 56/100, Loss: 1.026
INFO:root:Epoch 57/100, Loss: 1.031
INFO:root:Epoch 58/100, Loss: 1.111
INFO:root:Epoch 59/100, Loss: 1.066
INFO:root:Epoch 60/100, Loss: 1.073
INFO:root:Train: F1: 0.383, Acc: 0.865, AUROC: 0.624, MSE: 729303.750
INFO:root:Valid: F1: 0.304, Acc: 0.860, AUROC: 0.598, MSE: 2040966.000
INFO:root:Test: F1: 0.357, Acc: 0.865, AUROC: 0.616, MSE: 2231788.000
INFO:root:Epoch 61/100, Loss: 1.092
INFO:root:Epoch 62/100, Loss: 1.028
INFO:root:Epoch 63/100, Loss: 1.085
INFO:root:Epoch 64/100, Loss: 1.113
INFO:root:Epoch 65/100, Loss: 1.052
INFO:root:Epoch 66/100, Loss: 1.069
INFO:root:Epoch 67/100, Loss: 1.069
INFO:root:Epoch 68/100, Loss: 1.115
INFO:root:Epoch 69/100, Loss: 1.031
INFO:root:Epoch 70/100, Loss: 1.073
INFO:root:Train: F1: 0.384, Acc: 0.866, AUROC: 0.625, MSE: 563958.125
INFO:root:Valid: F1: 0.305, Acc: 0.861, AUROC: 0.599, MSE: 2037772.750
INFO:root:Test: F1: 0.358, Acc: 0.865, AUROC: 0.616, MSE: 2229116.500
INFO:root:Epoch 71/100, Loss: 1.077
INFO:root:Epoch 72/100, Loss: 1.044
INFO:root:Epoch 73/100, Loss: 1.090
INFO:root:Epoch 74/100, Loss: 1.120
INFO:root:Epoch 75/100, Loss: 1.122
INFO:root:Epoch 76/100, Loss: 1.052
INFO:root:Epoch 77/100, Loss: 1.111
INFO:root:Epoch 78/100, Loss: 1.112
INFO:root:Epoch 79/100, Loss: 1.043
INFO:root:Epoch 80/100, Loss: 1.087
INFO:root:Train: F1: 0.387, Acc: 0.867, AUROC: 0.626, MSE: 631810.812
INFO:root:Valid: F1: 0.307, Acc: 0.863, AUROC: 0.600, MSE: 1967526.375
INFO:root:Test: F1: 0.360, Acc: 0.867, AUROC: 0.618, MSE: 2159559.250
INFO:root:Epoch 81/100, Loss: 1.122
INFO:root:Epoch 82/100, Loss: 1.075
INFO:root:Epoch 83/100, Loss: 1.042
INFO:root:Epoch 84/100, Loss: 1.127
INFO:root:Epoch 85/100, Loss: 1.100
INFO:root:Epoch 86/100, Loss: 1.016
INFO:root:Epoch 87/100, Loss: 1.113
INFO:root:Epoch 88/100, Loss: 1.087
INFO:root:Epoch 89/100, Loss: 1.072
INFO:root:Epoch 90/100, Loss: 1.088
INFO:root:Train: F1: 0.387, Acc: 0.867, AUROC: 0.626, MSE: 621794.375
INFO:root:Valid: F1: 0.307, Acc: 0.863, AUROC: 0.600, MSE: 1977576.000
INFO:root:Test: F1: 0.360, Acc: 0.867, AUROC: 0.618, MSE: 2168769.750
INFO:root:Epoch 91/100, Loss: 1.084
INFO:root:Epoch 92/100, Loss: 1.087
INFO:root:Epoch 93/100, Loss: 1.108
INFO:root:Epoch 94/100, Loss: 1.037
INFO:root:Epoch 95/100, Loss: 1.120
INFO:root:Epoch 96/100, Loss: 1.087
INFO:root:Epoch 97/100, Loss: 1.134
INFO:root:Epoch 98/100, Loss: 1.106
INFO:root:Epoch 99/100, Loss: 1.047
INFO:root:Epoch 100/100, Loss: 1.075
INFO:root:Train: F1: 0.387, Acc: 0.866, AUROC: 0.626, MSE: 690797.375
INFO:root:Valid: F1: 0.307, Acc: 0.861, AUROC: 0.599, MSE: 2033306.375
INFO:root:Test: F1: 0.359, Acc: 0.866, AUROC: 0.617, MSE: 2219112.250
INFO:root:Final Result:
INFO:root:f1: 0.863, acc: 0.863, auroc: 0.600, mse: 1977576.000
INFO:root:******************* Training Finished *******************
INFO:root:2024-11-29 21:28:14.169534
INFO:root:Namespace(agg=False, batch_size=1, dataset='UVA', device='cuda', dropout=0.5, epochs=100, hidden_channels=256, in_channels=3, known_interval=10, lr=0.0005, mlp_layer=2, model='FDTHGNN', nb_time_filter=5, num_for_predict=10, out_channels=8, partial=True, pred_interval=20, seed=0, spatial_layer=1, temporal_layer=2, time_strides=1, timestep_hidden=20, weight_decay=0.0001)
INFO:root:Sparse Hypergraph
INFO:root:******************* Training Started *******************
INFO:root:Epoch 0/100, Loss: 1.343
INFO:root:Train: F1: 0.249, Acc: 0.851, AUROC: 0.573, MSE: 85428.266
INFO:root:Valid: F1: 0.197, Acc: 0.851, AUROC: 0.557, MSE: 1661761.250
INFO:root:Test: F1: 0.228, Acc: 0.852, AUROC: 0.567, MSE: 1647380.000
INFO:root:Epoch 1/100, Loss: 1.293
INFO:root:Epoch 2/100, Loss: 1.258
INFO:root:Epoch 3/100, Loss: 1.154
INFO:root:Epoch 4/100, Loss: 1.184
INFO:root:Epoch 5/100, Loss: 1.175
INFO:root:Epoch 6/100, Loss: 1.207
INFO:root:Epoch 7/100, Loss: 1.117
INFO:root:Epoch 8/100, Loss: 1.205
INFO:root:Epoch 9/100, Loss: 1.180
INFO:root:Epoch 10/100, Loss: 1.163
INFO:root:Train: F1: 0.337, Acc: 0.857, AUROC: 0.606, MSE: 692730.125
INFO:root:Valid: F1: 0.265, Acc: 0.853, AUROC: 0.583, MSE: 2090457.750
INFO:root:Test: F1: 0.310, Acc: 0.856, AUROC: 0.598, MSE: 2132045.000
INFO:root:Epoch 11/100, Loss: 1.100
INFO:root:Epoch 12/100, Loss: 1.106
INFO:root:Epoch 13/100, Loss: 1.055
INFO:root:Epoch 14/100, Loss: 1.080
INFO:root:Epoch 15/100, Loss: 1.049
INFO:root:Epoch 16/100, Loss: 1.142
INFO:root:Epoch 17/100, Loss: 1.090
INFO:root:Epoch 18/100, Loss: 1.047
INFO:root:Epoch 19/100, Loss: 1.135
INFO:root:Epoch 20/100, Loss: 1.139
INFO:root:Train: F1: 0.367, Acc: 0.858, AUROC: 0.618, MSE: 776798.812
INFO:root:Valid: F1: 0.291, Acc: 0.853, AUROC: 0.593, MSE: 2292322.000
INFO:root:Test: F1: 0.342, Acc: 0.857, AUROC: 0.610, MSE: 2454902.500
INFO:root:Epoch 21/100, Loss: 1.132
INFO:root:Epoch 22/100, Loss: 1.113
INFO:root:Epoch 23/100, Loss: 1.108
INFO:root:Epoch 24/100, Loss: 1.076
INFO:root:Epoch 25/100, Loss: 1.132
INFO:root:Epoch 26/100, Loss: 1.058
INFO:root:Epoch 27/100, Loss: 1.045
INFO:root:Epoch 28/100, Loss: 1.088
INFO:root:Epoch 29/100, Loss: 1.083
INFO:root:Epoch 30/100, Loss: 1.031
INFO:root:Train: F1: 0.374, Acc: 0.860, AUROC: 0.620, MSE: 774979.312
INFO:root:Valid: F1: 0.297, Acc: 0.856, AUROC: 0.595, MSE: 2211790.000
INFO:root:Test: F1: 0.348, Acc: 0.860, AUROC: 0.613, MSE: 2400552.000
INFO:root:Epoch 31/100, Loss: 1.102
INFO:root:Epoch 32/100, Loss: 1.100
INFO:root:Epoch 33/100, Loss: 1.095
INFO:root:Epoch 34/100, Loss: 1.128
INFO:root:Epoch 35/100, Loss: 1.097
INFO:root:Epoch 36/100, Loss: 1.049
INFO:root:Epoch 37/100, Loss: 1.095
INFO:root:Epoch 38/100, Loss: 1.041
INFO:root:Epoch 39/100, Loss: 1.060
INFO:root:Epoch 40/100, Loss: 1.048
INFO:root:Train: F1: 0.380, Acc: 0.864, AUROC: 0.623, MSE: 640046.812
INFO:root:Valid: F1: 0.302, Acc: 0.860, AUROC: 0.597, MSE: 2062104.250
INFO:root:Test: F1: 0.355, Acc: 0.864, AUROC: 0.615, MSE: 2247851.250
INFO:root:Epoch 41/100, Loss: 1.048
INFO:root:Epoch 42/100, Loss: 1.042
INFO:root:Epoch 43/100, Loss: 1.117
INFO:root:Epoch 44/100, Loss: 1.075
INFO:root:Epoch 45/100, Loss: 1.077
INFO:root:Epoch 46/100, Loss: 1.053
INFO:root:Epoch 47/100, Loss: 1.059
INFO:root:Epoch 48/100, Loss: 1.082
INFO:root:Epoch 49/100, Loss: 1.047
INFO:root:Epoch 50/100, Loss: 1.078
INFO:root:Train: F1: 0.384, Acc: 0.867, AUROC: 0.625, MSE: 741704.000
INFO:root:Valid: F1: 0.305, Acc: 0.863, AUROC: 0.599, MSE: 1953750.000
INFO:root:Test: F1: 0.358, Acc: 0.867, AUROC: 0.617, MSE: 2140542.500
INFO:root:Epoch 51/100, Loss: 1.096
INFO:root:Epoch 52/100, Loss: 1.115
INFO:root:Epoch 53/100, Loss: 1.051
INFO:root:Epoch 54/100, Loss: 1.026
INFO:root:Epoch 55/100, Loss: 1.089
INFO:root:Epoch 56/100, Loss: 1.026
INFO:root:Epoch 57/100, Loss: 1.031
INFO:root:Epoch 58/100, Loss: 1.111
INFO:root:Epoch 59/100, Loss: 1.066
INFO:root:Epoch 60/100, Loss: 1.073
INFO:root:Train: F1: 0.383, Acc: 0.865, AUROC: 0.624, MSE: 729303.750
INFO:root:Valid: F1: 0.304, Acc: 0.860, AUROC: 0.598, MSE: 2040966.000
INFO:root:Test: F1: 0.357, Acc: 0.865, AUROC: 0.616, MSE: 2231788.000
INFO:root:Epoch 61/100, Loss: 1.092
INFO:root:Epoch 62/100, Loss: 1.028
INFO:root:Epoch 63/100, Loss: 1.085
INFO:root:Epoch 64/100, Loss: 1.113
INFO:root:Epoch 65/100, Loss: 1.052
INFO:root:Epoch 66/100, Loss: 1.069
INFO:root:Epoch 67/100, Loss: 1.069
INFO:root:Epoch 68/100, Loss: 1.115
INFO:root:Epoch 69/100, Loss: 1.031
INFO:root:Epoch 70/100, Loss: 1.073
INFO:root:Train: F1: 0.384, Acc: 0.866, AUROC: 0.625, MSE: 563958.125
INFO:root:Valid: F1: 0.305, Acc: 0.861, AUROC: 0.599, MSE: 2037772.750
INFO:root:Test: F1: 0.358, Acc: 0.865, AUROC: 0.616, MSE: 2229116.500
INFO:root:Epoch 71/100, Loss: 1.077
INFO:root:Epoch 72/100, Loss: 1.044
INFO:root:Epoch 73/100, Loss: 1.090
INFO:root:Epoch 74/100, Loss: 1.120
INFO:root:Epoch 75/100, Loss: 1.122
INFO:root:Epoch 76/100, Loss: 1.052
INFO:root:Epoch 77/100, Loss: 1.111
INFO:root:Epoch 78/100, Loss: 1.112
INFO:root:Epoch 79/100, Loss: 1.043
INFO:root:Epoch 80/100, Loss: 1.087
INFO:root:Train: F1: 0.387, Acc: 0.867, AUROC: 0.626, MSE: 631810.812
INFO:root:Valid: F1: 0.307, Acc: 0.863, AUROC: 0.600, MSE: 1967526.375
INFO:root:Test: F1: 0.360, Acc: 0.867, AUROC: 0.618, MSE: 2159559.250
INFO:root:Epoch 81/100, Loss: 1.122
INFO:root:Epoch 82/100, Loss: 1.075
INFO:root:Epoch 83/100, Loss: 1.042
INFO:root:Epoch 84/100, Loss: 1.127
INFO:root:Epoch 85/100, Loss: 1.100
INFO:root:Epoch 86/100, Loss: 1.016
INFO:root:Epoch 87/100, Loss: 1.113
INFO:root:Epoch 88/100, Loss: 1.087
INFO:root:Epoch 89/100, Loss: 1.072
INFO:root:Epoch 90/100, Loss: 1.088
INFO:root:Train: F1: 0.387, Acc: 0.867, AUROC: 0.626, MSE: 621794.375
INFO:root:Valid: F1: 0.307, Acc: 0.863, AUROC: 0.600, MSE: 1977576.000
INFO:root:Test: F1: 0.360, Acc: 0.867, AUROC: 0.618, MSE: 2168769.750
INFO:root:Epoch 91/100, Loss: 1.084
INFO:root:Epoch 92/100, Loss: 1.087
INFO:root:Epoch 93/100, Loss: 1.108
INFO:root:Epoch 94/100, Loss: 1.037
INFO:root:Epoch 95/100, Loss: 1.120
INFO:root:Epoch 96/100, Loss: 1.087
INFO:root:Epoch 97/100, Loss: 1.134
INFO:root:Epoch 98/100, Loss: 1.106
INFO:root:Epoch 99/100, Loss: 1.047
INFO:root:Epoch 100/100, Loss: 1.075
INFO:root:Train: F1: 0.387, Acc: 0.866, AUROC: 0.626, MSE: 690797.375
INFO:root:Valid: F1: 0.307, Acc: 0.861, AUROC: 0.599, MSE: 2033306.375
INFO:root:Test: F1: 0.359, Acc: 0.866, AUROC: 0.617, MSE: 2219112.250
INFO:root:Final Result:
INFO:root:f1: 0.856, acc: 0.856, auroc: 0.598, mse: 2132045.000
INFO:root:******************* Training Finished *******************
INFO:root:2024-12-06 14:10:33.763990
INFO:root:Namespace(agg=False, batch_size=1, dataset='UVA', device='cuda', dropout=0.5, epochs=100, hidden_channels=256, in_channels=3, known_interval=10, lr=0.0005, mlp_layer=2, model='FDTHGNN', nb_time_filter=5, num_for_predict=10, out_channels=8, partial=True, pred_interval=20, seed=0, spatial_layer=1, temporal_layer=2, time_strides=1, timestep_hidden=20, weight_decay=0.0001)
INFO:root:Sparse Hypergraph
INFO:root:******************* Training Started *******************
INFO:root:Epoch 0/100, Loss: 1.343
INFO:root:Train: F1: 0.249, Acc: 0.851, AUROC: 0.573, MSE: 85428.266
INFO:root:Valid: F1: 0.197, Acc: 0.851, AUROC: 0.557, MSE: 1661761.250
INFO:root:Test: F1: 0.228, Acc: 0.852, AUROC: 0.567, MSE: 1647380.000
INFO:root:Epoch 1/100, Loss: 1.293
INFO:root:Epoch 2/100, Loss: 1.258
INFO:root:Epoch 3/100, Loss: 1.154
INFO:root:Epoch 4/100, Loss: 1.184
INFO:root:Epoch 5/100, Loss: 1.175
INFO:root:Epoch 6/100, Loss: 1.207
INFO:root:Epoch 7/100, Loss: 1.117
INFO:root:Epoch 8/100, Loss: 1.205
INFO:root:Epoch 9/100, Loss: 1.180
INFO:root:Epoch 10/100, Loss: 1.163
INFO:root:Train: F1: 0.337, Acc: 0.857, AUROC: 0.606, MSE: 692730.125
INFO:root:Valid: F1: 0.265, Acc: 0.853, AUROC: 0.583, MSE: 2090457.750
INFO:root:Test: F1: 0.310, Acc: 0.856, AUROC: 0.598, MSE: 2132045.000
INFO:root:Epoch 11/100, Loss: 1.100
INFO:root:Epoch 12/100, Loss: 1.106
INFO:root:Epoch 13/100, Loss: 1.055
INFO:root:Epoch 14/100, Loss: 1.080
INFO:root:Epoch 15/100, Loss: 1.049
INFO:root:Epoch 16/100, Loss: 1.142
INFO:root:Epoch 17/100, Loss: 1.090
INFO:root:Epoch 18/100, Loss: 1.047
INFO:root:Epoch 19/100, Loss: 1.135
INFO:root:Epoch 20/100, Loss: 1.139
INFO:root:Train: F1: 0.367, Acc: 0.858, AUROC: 0.618, MSE: 776798.812
INFO:root:Valid: F1: 0.291, Acc: 0.853, AUROC: 0.593, MSE: 2292322.000
INFO:root:Test: F1: 0.342, Acc: 0.857, AUROC: 0.610, MSE: 2454902.500
INFO:root:Epoch 21/100, Loss: 1.132
INFO:root:Epoch 22/100, Loss: 1.113
INFO:root:Epoch 23/100, Loss: 1.108
INFO:root:Epoch 24/100, Loss: 1.076
INFO:root:Epoch 25/100, Loss: 1.132
INFO:root:Epoch 26/100, Loss: 1.058
INFO:root:Epoch 27/100, Loss: 1.045
INFO:root:Epoch 28/100, Loss: 1.088
INFO:root:Epoch 29/100, Loss: 1.083
INFO:root:Epoch 30/100, Loss: 1.031
INFO:root:Train: F1: 0.374, Acc: 0.860, AUROC: 0.620, MSE: 774979.312
INFO:root:Valid: F1: 0.297, Acc: 0.856, AUROC: 0.595, MSE: 2211790.000
INFO:root:Test: F1: 0.348, Acc: 0.860, AUROC: 0.613, MSE: 2400552.000
INFO:root:Epoch 31/100, Loss: 1.102
INFO:root:Epoch 32/100, Loss: 1.100
INFO:root:Epoch 33/100, Loss: 1.095
INFO:root:Epoch 34/100, Loss: 1.128
INFO:root:Epoch 35/100, Loss: 1.097
INFO:root:Epoch 36/100, Loss: 1.049
INFO:root:Epoch 37/100, Loss: 1.095
INFO:root:Epoch 38/100, Loss: 1.041
INFO:root:Epoch 39/100, Loss: 1.060
INFO:root:Epoch 40/100, Loss: 1.048
INFO:root:Train: F1: 0.380, Acc: 0.864, AUROC: 0.623, MSE: 640046.812
INFO:root:Valid: F1: 0.302, Acc: 0.860, AUROC: 0.597, MSE: 2062104.250
INFO:root:Test: F1: 0.355, Acc: 0.864, AUROC: 0.615, MSE: 2247851.250
INFO:root:Epoch 41/100, Loss: 1.048
INFO:root:Epoch 42/100, Loss: 1.042
INFO:root:Epoch 43/100, Loss: 1.117
INFO:root:Epoch 44/100, Loss: 1.075
INFO:root:Epoch 45/100, Loss: 1.077
INFO:root:Epoch 46/100, Loss: 1.053
INFO:root:Epoch 47/100, Loss: 1.059
INFO:root:Epoch 48/100, Loss: 1.082
INFO:root:Epoch 49/100, Loss: 1.047
INFO:root:Epoch 50/100, Loss: 1.078
INFO:root:Train: F1: 0.384, Acc: 0.867, AUROC: 0.625, MSE: 741704.000
INFO:root:Valid: F1: 0.305, Acc: 0.863, AUROC: 0.599, MSE: 1953750.000
INFO:root:Test: F1: 0.358, Acc: 0.867, AUROC: 0.617, MSE: 2140542.500
INFO:root:Epoch 51/100, Loss: 1.096
INFO:root:Epoch 52/100, Loss: 1.115
INFO:root:Epoch 53/100, Loss: 1.051
INFO:root:Epoch 54/100, Loss: 1.026
INFO:root:Epoch 55/100, Loss: 1.089
INFO:root:Epoch 56/100, Loss: 1.026
INFO:root:Epoch 57/100, Loss: 1.031
INFO:root:Epoch 58/100, Loss: 1.111
INFO:root:Epoch 59/100, Loss: 1.066
INFO:root:Epoch 60/100, Loss: 1.073
INFO:root:Train: F1: 0.383, Acc: 0.865, AUROC: 0.624, MSE: 729303.750
INFO:root:Valid: F1: 0.304, Acc: 0.860, AUROC: 0.598, MSE: 2040966.000
INFO:root:Test: F1: 0.357, Acc: 0.865, AUROC: 0.616, MSE: 2231788.000
INFO:root:Epoch 61/100, Loss: 1.092
INFO:root:Epoch 62/100, Loss: 1.028
INFO:root:Epoch 63/100, Loss: 1.085
INFO:root:Epoch 64/100, Loss: 1.113
INFO:root:Epoch 65/100, Loss: 1.052
INFO:root:Epoch 66/100, Loss: 1.069
INFO:root:Epoch 67/100, Loss: 1.069
INFO:root:Epoch 68/100, Loss: 1.115
INFO:root:Epoch 69/100, Loss: 1.031
INFO:root:Epoch 70/100, Loss: 1.073
INFO:root:Train: F1: 0.384, Acc: 0.866, AUROC: 0.625, MSE: 563958.125
INFO:root:Valid: F1: 0.305, Acc: 0.861, AUROC: 0.599, MSE: 2037772.750
INFO:root:Test: F1: 0.358, Acc: 0.865, AUROC: 0.616, MSE: 2229116.500
INFO:root:Epoch 71/100, Loss: 1.077
INFO:root:Epoch 72/100, Loss: 1.044
INFO:root:Epoch 73/100, Loss: 1.090
INFO:root:Epoch 74/100, Loss: 1.120
INFO:root:Epoch 75/100, Loss: 1.122
INFO:root:Epoch 76/100, Loss: 1.052
INFO:root:Epoch 77/100, Loss: 1.111
INFO:root:Epoch 78/100, Loss: 1.112
INFO:root:Epoch 79/100, Loss: 1.043
INFO:root:Epoch 80/100, Loss: 1.087
INFO:root:Train: F1: 0.387, Acc: 0.867, AUROC: 0.626, MSE: 631810.812
INFO:root:Valid: F1: 0.307, Acc: 0.863, AUROC: 0.600, MSE: 1967526.375
INFO:root:Test: F1: 0.360, Acc: 0.867, AUROC: 0.618, MSE: 2159559.250
INFO:root:Epoch 81/100, Loss: 1.122
INFO:root:Epoch 82/100, Loss: 1.075
INFO:root:Epoch 83/100, Loss: 1.042
INFO:root:Epoch 84/100, Loss: 1.127
INFO:root:Epoch 85/100, Loss: 1.100
INFO:root:Epoch 86/100, Loss: 1.016
INFO:root:Epoch 87/100, Loss: 1.113
INFO:root:Epoch 88/100, Loss: 1.087
INFO:root:Epoch 89/100, Loss: 1.072
INFO:root:Epoch 90/100, Loss: 1.088
INFO:root:Train: F1: 0.387, Acc: 0.867, AUROC: 0.626, MSE: 621794.375
INFO:root:Valid: F1: 0.307, Acc: 0.863, AUROC: 0.600, MSE: 1977576.000
INFO:root:Test: F1: 0.360, Acc: 0.867, AUROC: 0.618, MSE: 2168769.750
INFO:root:Epoch 91/100, Loss: 1.084
INFO:root:Epoch 92/100, Loss: 1.087
INFO:root:Epoch 93/100, Loss: 1.108
INFO:root:Epoch 94/100, Loss: 1.037
INFO:root:Epoch 95/100, Loss: 1.120
INFO:root:Epoch 96/100, Loss: 1.087
INFO:root:Epoch 97/100, Loss: 1.134
INFO:root:Epoch 98/100, Loss: 1.106
INFO:root:Epoch 99/100, Loss: 1.047
INFO:root:Epoch 100/100, Loss: 1.075
INFO:root:Train: F1: 0.387, Acc: 0.866, AUROC: 0.626, MSE: 690797.375
INFO:root:Valid: F1: 0.307, Acc: 0.861, AUROC: 0.599, MSE: 2033306.375
INFO:root:Test: F1: 0.359, Acc: 0.866, AUROC: 0.617, MSE: 2219112.250
INFO:root:Final Result:
INFO:root:f1: 0.310, acc: 0.856, auroc: 0.598, mse: 2132045.000
INFO:root:******************* Training Finished *******************
