INFO:root:2024-11-25 11:04:38.455022
INFO:root:Namespace(K=3, agg=False, batch_size=1, dataset='UVA', device='cuda', dropout=0.5, epochs=200, in_channels=3, lr=0.0005, model='ASTGCN', nb_block=2, nb_chev_filter=256, nb_time_filter=256, num_for_predict=1, num_of_vertices=2500, partial=True, seed=0, struct='RNN-GNN', time_strides=1, timestep_hidden=10, weight_decay=0.0)
INFO:root:Sparse Hypergraph
INFO:root:******************* Training Started *******************
INFO:root:Epoch 0/200, Loss: 0.317
INFO:root:Train: MRR: 0.524, Hits@1: 0.350, Hits@10: 0.767, Hits@100: 1.000
INFO:root:Valid: MRR: 0.418, Hits@1: 0.250, Hits@10: 0.700, Hits@100: 1.000
INFO:root:Test: MRR: 0.523, Hits@1: 0.300, Hits@10: 0.850, Hits@100: 1.000
INFO:root:Epoch 1/200, Loss: 0.100
INFO:root:Epoch 2/200, Loss: 0.035
INFO:root:Epoch 3/200, Loss: 0.033
INFO:root:Epoch 4/200, Loss: 0.063
INFO:root:Epoch 5/200, Loss: 0.024
INFO:root:Epoch 6/200, Loss: 0.017
INFO:root:Epoch 7/200, Loss: 0.011
INFO:root:Epoch 8/200, Loss: 0.008
INFO:root:Epoch 9/200, Loss: 0.037
INFO:root:Epoch 10/200, Loss: 0.029
INFO:root:Train: MRR: 0.430, Hits@1: 0.250, Hits@10: 0.783, Hits@100: 1.000
INFO:root:Valid: MRR: 0.560, Hits@1: 0.400, Hits@10: 0.950, Hits@100: 1.000
INFO:root:Test: MRR: 0.426, Hits@1: 0.250, Hits@10: 0.800, Hits@100: 1.000
INFO:root:Epoch 11/200, Loss: 0.037
INFO:root:Epoch 12/200, Loss: 0.031
INFO:root:Epoch 13/200, Loss: 0.034
INFO:root:Epoch 14/200, Loss: 0.009
INFO:root:Epoch 15/200, Loss: 0.024
INFO:root:Epoch 16/200, Loss: 0.019
INFO:root:Epoch 17/200, Loss: 0.037
INFO:root:Epoch 18/200, Loss: 0.029
INFO:root:Epoch 19/200, Loss: 0.059
INFO:root:Epoch 20/200, Loss: 0.025
INFO:root:Train: MRR: 0.385, Hits@1: 0.200, Hits@10: 0.783, Hits@100: 1.000
INFO:root:Valid: MRR: 0.484, Hits@1: 0.300, Hits@10: 0.950, Hits@100: 1.000
INFO:root:Test: MRR: 0.376, Hits@1: 0.200, Hits@10: 0.800, Hits@100: 1.000
INFO:root:Epoch 21/200, Loss: 0.015
INFO:root:Epoch 22/200, Loss: 0.038
INFO:root:Epoch 23/200, Loss: 0.072
INFO:root:Epoch 24/200, Loss: 0.015
INFO:root:Epoch 25/200, Loss: 0.032
INFO:root:Epoch 26/200, Loss: 0.034
INFO:root:Epoch 27/200, Loss: 0.047
INFO:root:Epoch 28/200, Loss: 0.020
INFO:root:Epoch 29/200, Loss: 0.078
INFO:root:Epoch 30/200, Loss: 0.449
INFO:root:Train: MRR: 0.290, Hits@1: 0.167, Hits@10: 0.517, Hits@100: 0.967
INFO:root:Valid: MRR: 0.405, Hits@1: 0.300, Hits@10: 0.600, Hits@100: 1.000
INFO:root:Test: MRR: 0.399, Hits@1: 0.250, Hits@10: 0.700, Hits@100: 1.000
INFO:root:Epoch 31/200, Loss: 0.018
INFO:root:Epoch 32/200, Loss: 0.055
INFO:root:Epoch 33/200, Loss: 0.035
INFO:root:Epoch 34/200, Loss: 0.062
INFO:root:Epoch 35/200, Loss: 0.012
INFO:root:Epoch 36/200, Loss: 0.037
INFO:root:Epoch 37/200, Loss: 0.056
INFO:root:Epoch 38/200, Loss: 0.038
INFO:root:Epoch 39/200, Loss: 0.033
INFO:root:Epoch 40/200, Loss: 0.032
INFO:root:Train: MRR: 0.398, Hits@1: 0.233, Hits@10: 0.783, Hits@100: 1.000
INFO:root:Valid: MRR: 0.487, Hits@1: 0.300, Hits@10: 0.950, Hits@100: 1.000
INFO:root:Test: MRR: 0.364, Hits@1: 0.200, Hits@10: 0.800, Hits@100: 1.000
INFO:root:Epoch 41/200, Loss: 0.074
INFO:root:Epoch 42/200, Loss: 0.010
INFO:root:Epoch 43/200, Loss: 0.033
INFO:root:Epoch 44/200, Loss: 0.033
INFO:root:Epoch 45/200, Loss: 0.007
INFO:root:Epoch 46/200, Loss: 0.034
INFO:root:Epoch 47/200, Loss: 0.019
INFO:root:Epoch 48/200, Loss: 0.028
INFO:root:Epoch 49/200, Loss: 0.010
INFO:root:Epoch 50/200, Loss: 0.033
INFO:root:Train: MRR: 0.393, Hits@1: 0.233, Hits@10: 0.783, Hits@100: 1.000
INFO:root:Valid: MRR: 0.494, Hits@1: 0.300, Hits@10: 0.950, Hits@100: 1.000
INFO:root:Test: MRR: 0.376, Hits@1: 0.200, Hits@10: 0.800, Hits@100: 1.000
INFO:root:Epoch 51/200, Loss: 0.025
INFO:root:Epoch 52/200, Loss: 0.036
INFO:root:Epoch 53/200, Loss: 0.038
INFO:root:Epoch 54/200, Loss: 0.033
INFO:root:Epoch 55/200, Loss: 0.053
INFO:root:Epoch 56/200, Loss: 0.053
INFO:root:Epoch 57/200, Loss: 0.015
INFO:root:Epoch 58/200, Loss: 0.091
INFO:root:Epoch 59/200, Loss: 0.030
INFO:root:Epoch 60/200, Loss: 0.035
INFO:root:Train: MRR: 0.393, Hits@1: 0.233, Hits@10: 0.783, Hits@100: 1.000
INFO:root:Valid: MRR: 0.494, Hits@1: 0.300, Hits@10: 0.950, Hits@100: 1.000
INFO:root:Test: MRR: 0.376, Hits@1: 0.200, Hits@10: 0.800, Hits@100: 1.000
INFO:root:Epoch 61/200, Loss: 0.033
INFO:root:Epoch 62/200, Loss: 0.010
INFO:root:Epoch 63/200, Loss: 0.038
INFO:root:Epoch 64/200, Loss: 0.054
INFO:root:Epoch 65/200, Loss: 0.076
INFO:root:Epoch 66/200, Loss: 0.037
INFO:root:Epoch 67/200, Loss: 3.913
INFO:root:Epoch 68/200, Loss: 0.592
INFO:root:Epoch 69/200, Loss: 0.054
INFO:root:Epoch 70/200, Loss: 1.665
INFO:root:Train: MRR: 0.192, Hits@1: 0.150, Hits@10: 0.283, Hits@100: 0.633
INFO:root:Valid: MRR: 0.292, Hits@1: 0.250, Hits@10: 0.400, Hits@100: 0.550
INFO:root:Test: MRR: 0.156, Hits@1: 0.100, Hits@10: 0.250, Hits@100: 0.700
INFO:root:Epoch 71/200, Loss: 1.390
INFO:root:Epoch 72/200, Loss: 1.392
INFO:root:Epoch 73/200, Loss: 1.389
INFO:root:Epoch 74/200, Loss: 1.411
INFO:root:Epoch 75/200, Loss: 0.672
INFO:root:Epoch 76/200, Loss: 1.388
INFO:root:Epoch 77/200, Loss: 1.389
INFO:root:Epoch 78/200, Loss: 1.397
INFO:root:Epoch 79/200, Loss: 1.406
INFO:root:Epoch 80/200, Loss: 1.432
INFO:root:Train: MRR: 0.050, Hits@1: 0.050, Hits@10: 0.050, Hits@100: 0.050
INFO:root:Valid: MRR: 0.050, Hits@1: 0.050, Hits@10: 0.050, Hits@100: 0.050
INFO:root:Test: MRR: 0.050, Hits@1: 0.050, Hits@10: 0.050, Hits@100: 0.050
INFO:root:Epoch 81/200, Loss: 1.392
INFO:root:Epoch 82/200, Loss: 1.398
INFO:root:Epoch 83/200, Loss: 1.434
INFO:root:Epoch 84/200, Loss: 1.496
INFO:root:Epoch 85/200, Loss: 1.398
INFO:root:Epoch 86/200, Loss: 1.390
INFO:root:Epoch 87/200, Loss: 1.386
INFO:root:Epoch 88/200, Loss: 0.751
INFO:root:Epoch 89/200, Loss: 1.394
INFO:root:Epoch 90/200, Loss: 0.063
INFO:root:Train: MRR: 0.335, Hits@1: 0.183, Hits@10: 0.617, Hits@100: 0.983
INFO:root:Valid: MRR: 0.501, Hits@1: 0.400, Hits@10: 0.650, Hits@100: 1.000
INFO:root:Test: MRR: 0.417, Hits@1: 0.250, Hits@10: 0.750, Hits@100: 1.000
INFO:root:Epoch 91/200, Loss: 1.440
INFO:root:Epoch 92/200, Loss: 1.387
INFO:root:Epoch 93/200, Loss: 1.433
INFO:root:Epoch 94/200, Loss: 1.402
INFO:root:Epoch 95/200, Loss: 1.386
INFO:root:Epoch 96/200, Loss: 1.389
INFO:root:Epoch 97/200, Loss: 1.176
INFO:root:Epoch 98/200, Loss: 1.430
INFO:root:Epoch 99/200, Loss: 0.050
INFO:root:Epoch 100/200, Loss: 0.013
INFO:root:Train: MRR: 0.310, Hits@1: 0.150, Hits@10: 0.633, Hits@100: 1.000
INFO:root:Valid: MRR: 0.462, Hits@1: 0.350, Hits@10: 0.650, Hits@100: 1.000
INFO:root:Test: MRR: 0.425, Hits@1: 0.250, Hits@10: 0.800, Hits@100: 1.000
INFO:root:Epoch 101/200, Loss: 0.022
INFO:root:Epoch 102/200, Loss: 0.120
INFO:root:Epoch 103/200, Loss: 0.930
INFO:root:Epoch 104/200, Loss: 0.006
INFO:root:Epoch 105/200, Loss: 0.038
INFO:root:Epoch 106/200, Loss: 0.036
INFO:root:Epoch 107/200, Loss: 0.008
INFO:root:Epoch 108/200, Loss: 0.036
INFO:root:Epoch 109/200, Loss: 0.672
INFO:root:Epoch 110/200, Loss: 0.015
INFO:root:Train: MRR: 0.318, Hits@1: 0.133, Hits@10: 0.633, Hits@100: 1.000
INFO:root:Valid: MRR: 0.445, Hits@1: 0.300, Hits@10: 0.750, Hits@100: 1.000
INFO:root:Test: MRR: 0.418, Hits@1: 0.200, Hits@10: 0.750, Hits@100: 1.000
INFO:root:Epoch 111/200, Loss: 0.009
INFO:root:Epoch 112/200, Loss: 0.020
INFO:root:Epoch 113/200, Loss: 0.024
INFO:root:Epoch 114/200, Loss: 0.010
INFO:root:Epoch 115/200, Loss: 0.036
INFO:root:Epoch 116/200, Loss: 0.024
INFO:root:Epoch 117/200, Loss: 0.020
INFO:root:Epoch 118/200, Loss: 0.060
INFO:root:Epoch 119/200, Loss: 1.468
INFO:root:Epoch 120/200, Loss: 1.394
INFO:root:Train: MRR: 0.057, Hits@1: 0.050, Hits@10: 0.083, Hits@100: 0.083
INFO:root:Valid: MRR: 0.051, Hits@1: 0.050, Hits@10: 0.050, Hits@100: 0.050
INFO:root:Test: MRR: 0.052, Hits@1: 0.050, Hits@10: 0.050, Hits@100: 0.050
INFO:root:Epoch 121/200, Loss: 0.805
INFO:root:Epoch 122/200, Loss: 1.403
INFO:root:Epoch 123/200, Loss: 1.425
INFO:root:Epoch 124/200, Loss: 1.391
INFO:root:Epoch 125/200, Loss: 1.387
INFO:root:Epoch 126/200, Loss: 1.389
INFO:root:Epoch 127/200, Loss: 1.385
INFO:root:Epoch 128/200, Loss: 1.387
INFO:root:Epoch 129/200, Loss: 1.386
INFO:root:Epoch 130/200, Loss: 1.387
INFO:root:Train: MRR: 0.057, Hits@1: 0.050, Hits@10: 0.083, Hits@100: 0.083
INFO:root:Valid: MRR: 0.051, Hits@1: 0.050, Hits@10: 0.050, Hits@100: 0.050
INFO:root:Test: MRR: 0.052, Hits@1: 0.050, Hits@10: 0.050, Hits@100: 0.050
INFO:root:Epoch 131/200, Loss: 1.386
INFO:root:Epoch 132/200, Loss: 1.387
INFO:root:Epoch 133/200, Loss: 1.421
INFO:root:Epoch 134/200, Loss: 1.386
INFO:root:Epoch 135/200, Loss: 1.386
INFO:root:Epoch 136/200, Loss: 1.387
INFO:root:Epoch 137/200, Loss: 1.386
INFO:root:Epoch 138/200, Loss: 1.386
INFO:root:Epoch 139/200, Loss: 1.435
INFO:root:Epoch 140/200, Loss: 1.388
INFO:root:Train: MRR: 0.057, Hits@1: 0.050, Hits@10: 0.083, Hits@100: 0.083
INFO:root:Valid: MRR: 0.051, Hits@1: 0.050, Hits@10: 0.050, Hits@100: 0.050
INFO:root:Test: MRR: 0.052, Hits@1: 0.050, Hits@10: 0.050, Hits@100: 0.050
INFO:root:Epoch 141/200, Loss: 0.743
INFO:root:Epoch 142/200, Loss: 1.395
INFO:root:Epoch 143/200, Loss: 0.716
INFO:root:Epoch 144/200, Loss: 0.712
INFO:root:Epoch 145/200, Loss: 1.385
INFO:root:Epoch 146/200, Loss: 1.385
INFO:root:Epoch 147/200, Loss: 1.385
INFO:root:Epoch 148/200, Loss: 1.386
INFO:root:Epoch 149/200, Loss: 1.385
INFO:root:Epoch 150/200, Loss: 1.385
INFO:root:Train: MRR: 0.057, Hits@1: 0.050, Hits@10: 0.083, Hits@100: 0.083
INFO:root:Valid: MRR: 0.051, Hits@1: 0.050, Hits@10: 0.050, Hits@100: 0.050
INFO:root:Test: MRR: 0.052, Hits@1: 0.050, Hits@10: 0.050, Hits@100: 0.050
INFO:root:Epoch 151/200, Loss: 1.385
INFO:root:Epoch 152/200, Loss: 1.385
INFO:root:Epoch 153/200, Loss: 1.385
INFO:root:Epoch 154/200, Loss: 1.385
INFO:root:Epoch 155/200, Loss: 1.386
INFO:root:Epoch 156/200, Loss: 1.385
INFO:root:Epoch 157/200, Loss: 1.385
INFO:root:Epoch 158/200, Loss: 1.386
INFO:root:Epoch 159/200, Loss: 0.714
INFO:root:Epoch 160/200, Loss: 1.385
INFO:root:Train: MRR: 0.057, Hits@1: 0.050, Hits@10: 0.083, Hits@100: 0.083
INFO:root:Valid: MRR: 0.051, Hits@1: 0.050, Hits@10: 0.050, Hits@100: 0.050
INFO:root:Test: MRR: 0.052, Hits@1: 0.050, Hits@10: 0.050, Hits@100: 0.050
INFO:root:Epoch 161/200, Loss: 0.711
INFO:root:Epoch 162/200, Loss: 1.386
INFO:root:Epoch 163/200, Loss: 1.385
INFO:root:Epoch 164/200, Loss: 1.385
INFO:root:Epoch 165/200, Loss: 1.385
INFO:root:Epoch 166/200, Loss: 1.385
INFO:root:Epoch 167/200, Loss: 1.385
INFO:root:Epoch 168/200, Loss: 1.389
INFO:root:Epoch 169/200, Loss: 1.386
INFO:root:Epoch 170/200, Loss: 1.387
INFO:root:Train: MRR: 0.057, Hits@1: 0.050, Hits@10: 0.083, Hits@100: 0.083
INFO:root:Valid: MRR: 0.051, Hits@1: 0.050, Hits@10: 0.050, Hits@100: 0.050
INFO:root:Test: MRR: 0.052, Hits@1: 0.050, Hits@10: 0.050, Hits@100: 0.050
INFO:root:Epoch 171/200, Loss: 1.390
INFO:root:Epoch 172/200, Loss: 1.385
INFO:root:Epoch 173/200, Loss: 1.385
INFO:root:Epoch 174/200, Loss: 1.389
INFO:root:Epoch 175/200, Loss: 1.385
INFO:root:Epoch 176/200, Loss: 0.708
INFO:root:Epoch 177/200, Loss: 1.390
INFO:root:Epoch 178/200, Loss: 1.186
INFO:root:Epoch 179/200, Loss: 0.014
INFO:root:Epoch 180/200, Loss: 0.054
INFO:root:Train: MRR: 0.326, Hits@1: 0.167, Hits@10: 0.650, Hits@100: 1.000
INFO:root:Valid: MRR: 0.466, Hits@1: 0.350, Hits@10: 0.650, Hits@100: 1.000
INFO:root:Test: MRR: 0.451, Hits@1: 0.300, Hits@10: 0.800, Hits@100: 1.000
INFO:root:Epoch 181/200, Loss: 0.016
INFO:root:Epoch 182/200, Loss: 0.030
INFO:root:Epoch 183/200, Loss: 0.056
INFO:root:Epoch 184/200, Loss: 0.053
INFO:root:Epoch 185/200, Loss: 0.016
INFO:root:Epoch 186/200, Loss: 0.066
INFO:root:Epoch 187/200, Loss: 0.006
INFO:root:Epoch 188/200, Loss: 0.031
INFO:root:Epoch 189/200, Loss: 0.057
INFO:root:Epoch 190/200, Loss: 0.015
INFO:root:Train: MRR: 0.340, Hits@1: 0.183, Hits@10: 0.667, Hits@100: 1.000
INFO:root:Valid: MRR: 0.484, Hits@1: 0.350, Hits@10: 0.700, Hits@100: 1.000
INFO:root:Test: MRR: 0.451, Hits@1: 0.300, Hits@10: 0.800, Hits@100: 1.000
INFO:root:Epoch 191/200, Loss: 0.024
INFO:root:Epoch 192/200, Loss: 0.015
INFO:root:Epoch 193/200, Loss: 0.024
INFO:root:Epoch 194/200, Loss: 0.034
INFO:root:Epoch 195/200, Loss: 0.025
INFO:root:Epoch 196/200, Loss: 0.037
INFO:root:Epoch 197/200, Loss: 0.054
INFO:root:Epoch 198/200, Loss: 0.006
INFO:root:Epoch 199/200, Loss: 0.016
INFO:root:Epoch 200/200, Loss: 0.008
INFO:root:Train: MRR: 0.356, Hits@1: 0.183, Hits@10: 0.717, Hits@100: 1.000
INFO:root:Valid: MRR: 0.476, Hits@1: 0.300, Hits@10: 0.800, Hits@100: 1.000
INFO:root:Test: MRR: 0.343, Hits@1: 0.150, Hits@10: 0.700, Hits@100: 1.000
INFO:root:Final Result:
INFO:root:MRR: 0.426, Hits@1: 0.250, Hits@10: 0.800, Hits@100: 1.000
INFO:root:******************* Training Finished *******************
