INFO:root:2024-11-14 15:26:08.520694
INFO:root:Namespace(K=3, batch_size=1, dataset='UVA', device='cuda', dropout=0.5, epoch=200, epochs=200, in_channels=3, len_input=30, lr=0.0005, model='ASTGCN', nb_block=2, nb_chev_filter=2, nb_time_filter=2, num_for_predict=1, num_of_vertices=2500, seed=0, struct='RNN-GNN', time_strides=1, timestep_hidden=20, weight_decay=0.0001)
INFO:root:******************* Training Started *******************
INFO:root:Epoch 0/200, Loss: 1.386
INFO:root:Train: MRR: 0.003, Hits@1: 0.000, Hits@10: 0.017, Hits@100: 0.033
INFO:root:Valid: MRR: 0.001, Hits@1: 0.000, Hits@10: 0.000, Hits@100: 0.000
INFO:root:Test: MRR: 0.001, Hits@1: 0.000, Hits@10: 0.000, Hits@100: 0.000
INFO:root:Epoch 1/200, Loss: 1.386
INFO:root:Epoch 2/200, Loss: 1.386
INFO:root:Epoch 3/200, Loss: 1.386
INFO:root:Epoch 4/200, Loss: 1.386
INFO:root:Epoch 5/200, Loss: 1.385
INFO:root:Epoch 6/200, Loss: 1.184
INFO:root:Epoch 7/200, Loss: 0.659
INFO:root:Epoch 8/200, Loss: 0.568
INFO:root:Epoch 9/200, Loss: 0.430
INFO:root:Epoch 10/200, Loss: 0.335
INFO:root:Train: MRR: 0.349, Hits@1: 0.250, Hits@10: 0.583, Hits@100: 0.617
INFO:root:Valid: MRR: 0.423, Hits@1: 0.250, Hits@10: 0.700, Hits@100: 0.700
INFO:root:Test: MRR: 0.193, Hits@1: 0.100, Hits@10: 0.450, Hits@100: 0.450
INFO:root:Epoch 11/200, Loss: 0.756
INFO:root:Epoch 12/200, Loss: 0.701
INFO:root:Epoch 13/200, Loss: 0.217
INFO:root:Epoch 14/200, Loss: 2.111
INFO:root:Epoch 15/200, Loss: 0.174
INFO:root:Epoch 16/200, Loss: 2.319
INFO:root:Epoch 17/200, Loss: 0.133
INFO:root:Epoch 18/200, Loss: 0.146
INFO:root:Epoch 19/200, Loss: 2.438
INFO:root:Epoch 20/200, Loss: 0.121
INFO:root:Train: MRR: 0.262, Hits@1: 0.133, Hits@10: 0.600, Hits@100: 0.683
INFO:root:Valid: MRR: 0.375, Hits@1: 0.250, Hits@10: 0.650, Hits@100: 0.700
INFO:root:Test: MRR: 0.193, Hits@1: 0.100, Hits@10: 0.450, Hits@100: 0.450
INFO:root:Epoch 21/200, Loss: 1.047
INFO:root:Epoch 22/200, Loss: 0.103
INFO:root:Epoch 23/200, Loss: 0.124
INFO:root:Epoch 24/200, Loss: 0.296
INFO:root:Epoch 25/200, Loss: 0.125
INFO:root:Epoch 26/200, Loss: 2.642
INFO:root:Epoch 27/200, Loss: 2.631
INFO:root:Epoch 28/200, Loss: 0.815
INFO:root:Epoch 29/200, Loss: 2.594
INFO:root:Epoch 30/200, Loss: 0.108
INFO:root:Train: MRR: 0.332, Hits@1: 0.200, Hits@10: 0.600, Hits@100: 0.633
INFO:root:Valid: MRR: 0.395, Hits@1: 0.250, Hits@10: 0.650, Hits@100: 0.700
INFO:root:Test: MRR: 0.203, Hits@1: 0.100, Hits@10: 0.450, Hits@100: 0.450
INFO:root:Epoch 31/200, Loss: 2.076
INFO:root:Epoch 32/200, Loss: 0.099
INFO:root:Epoch 33/200, Loss: 0.093
INFO:root:Epoch 34/200, Loss: 2.015
INFO:root:Epoch 35/200, Loss: 0.216
INFO:root:Epoch 36/200, Loss: 0.027
INFO:root:Epoch 37/200, Loss: 0.023
INFO:root:Epoch 38/200, Loss: 0.137
INFO:root:Epoch 39/200, Loss: 0.023
INFO:root:Epoch 40/200, Loss: 0.161
INFO:root:Train: MRR: 0.140, Hits@1: 0.050, Hits@10: 0.233, Hits@100: 0.983
INFO:root:Valid: MRR: 0.287, Hits@1: 0.200, Hits@10: 0.350, Hits@100: 1.000
INFO:root:Test: MRR: 0.253, Hits@1: 0.150, Hits@10: 0.450, Hits@100: 1.000
INFO:root:Epoch 41/200, Loss: 0.158
INFO:root:Epoch 42/200, Loss: 0.064
INFO:root:Epoch 43/200, Loss: 0.144
INFO:root:Epoch 44/200, Loss: 0.265
INFO:root:Epoch 45/200, Loss: 0.073
INFO:root:Epoch 46/200, Loss: 0.060
INFO:root:Epoch 47/200, Loss: 0.060
INFO:root:Epoch 48/200, Loss: 0.111
INFO:root:Epoch 49/200, Loss: 0.207
INFO:root:Epoch 50/200, Loss: 0.098
INFO:root:Train: MRR: 0.301, Hits@1: 0.133, Hits@10: 0.550, Hits@100: 0.983
INFO:root:Valid: MRR: 0.436, Hits@1: 0.300, Hits@10: 0.650, Hits@100: 1.000
INFO:root:Test: MRR: 0.358, Hits@1: 0.300, Hits@10: 0.600, Hits@100: 1.000
INFO:root:Epoch 51/200, Loss: 0.086
INFO:root:Epoch 52/200, Loss: 0.055
INFO:root:Epoch 53/200, Loss: 0.046
INFO:root:Epoch 54/200, Loss: 0.086
INFO:root:Epoch 55/200, Loss: 0.045
INFO:root:Epoch 56/200, Loss: 0.021
INFO:root:Epoch 57/200, Loss: 0.138
INFO:root:Epoch 58/200, Loss: 0.020
INFO:root:Epoch 59/200, Loss: 0.073
INFO:root:Epoch 60/200, Loss: 0.209
INFO:root:Train: MRR: 0.277, Hits@1: 0.117, Hits@10: 0.567, Hits@100: 0.983
INFO:root:Valid: MRR: 0.386, Hits@1: 0.250, Hits@10: 0.700, Hits@100: 1.000
INFO:root:Test: MRR: 0.325, Hits@1: 0.200, Hits@10: 0.600, Hits@100: 1.000
INFO:root:Epoch 61/200, Loss: 0.154
INFO:root:Epoch 62/200, Loss: 0.207
INFO:root:Epoch 63/200, Loss: 0.056
INFO:root:Epoch 64/200, Loss: 0.260
INFO:root:Epoch 65/200, Loss: 0.045
INFO:root:Epoch 66/200, Loss: 0.075
INFO:root:Epoch 67/200, Loss: 0.055
INFO:root:Epoch 68/200, Loss: 0.034
INFO:root:Epoch 69/200, Loss: 0.029
INFO:root:Epoch 70/200, Loss: 0.088
INFO:root:Train: MRR: 0.298, Hits@1: 0.117, Hits@10: 0.650, Hits@100: 0.967
INFO:root:Valid: MRR: 0.423, Hits@1: 0.250, Hits@10: 0.800, Hits@100: 0.950
INFO:root:Test: MRR: 0.325, Hits@1: 0.200, Hits@10: 0.550, Hits@100: 1.000
INFO:root:Epoch 71/200, Loss: 0.125
INFO:root:Epoch 72/200, Loss: 1.783
INFO:root:Epoch 73/200, Loss: 0.078
INFO:root:Epoch 74/200, Loss: 0.072
INFO:root:Epoch 75/200, Loss: 0.087
INFO:root:Epoch 76/200, Loss: 2.953
INFO:root:Epoch 77/200, Loss: 0.157
INFO:root:Epoch 78/200, Loss: 2.878
INFO:root:Epoch 79/200, Loss: 0.091
INFO:root:Epoch 80/200, Loss: 2.911
INFO:root:Train: MRR: 0.297, Hits@1: 0.117, Hits@10: 0.650, Hits@100: 0.967
INFO:root:Valid: MRR: 0.421, Hits@1: 0.250, Hits@10: 0.800, Hits@100: 0.950
INFO:root:Test: MRR: 0.319, Hits@1: 0.200, Hits@10: 0.500, Hits@100: 0.950
INFO:root:Epoch 81/200, Loss: 0.077
INFO:root:Epoch 82/200, Loss: 0.136
INFO:root:Epoch 83/200, Loss: 2.935
INFO:root:Epoch 84/200, Loss: 0.085
INFO:root:Epoch 85/200, Loss: 2.800
INFO:root:Epoch 86/200, Loss: 0.085
INFO:root:Epoch 87/200, Loss: 0.091
INFO:root:Epoch 88/200, Loss: 0.092
INFO:root:Epoch 89/200, Loss: 2.934
INFO:root:Epoch 90/200, Loss: 0.105
INFO:root:Train: MRR: 0.297, Hits@1: 0.117, Hits@10: 0.650, Hits@100: 0.967
INFO:root:Valid: MRR: 0.421, Hits@1: 0.250, Hits@10: 0.800, Hits@100: 0.950
INFO:root:Test: MRR: 0.319, Hits@1: 0.200, Hits@10: 0.500, Hits@100: 1.000
INFO:root:Epoch 91/200, Loss: 0.063
INFO:root:Epoch 92/200, Loss: 1.336
INFO:root:Epoch 93/200, Loss: 2.967
INFO:root:Epoch 94/200, Loss: 0.097
INFO:root:Epoch 95/200, Loss: 2.887
INFO:root:Epoch 96/200, Loss: 2.875
INFO:root:Epoch 97/200, Loss: 0.091
INFO:root:Epoch 98/200, Loss: 2.894
INFO:root:Epoch 99/200, Loss: 2.944
INFO:root:Epoch 100/200, Loss: 2.923
INFO:root:Train: MRR: 0.297, Hits@1: 0.117, Hits@10: 0.650, Hits@100: 0.967
INFO:root:Valid: MRR: 0.421, Hits@1: 0.250, Hits@10: 0.800, Hits@100: 0.950
INFO:root:Test: MRR: 0.319, Hits@1: 0.200, Hits@10: 0.500, Hits@100: 1.000
INFO:root:Epoch 101/200, Loss: 0.100
INFO:root:Epoch 102/200, Loss: 0.079
INFO:root:Epoch 103/200, Loss: 0.027
INFO:root:Epoch 104/200, Loss: 0.097
INFO:root:Epoch 105/200, Loss: 0.277
INFO:root:Epoch 106/200, Loss: 0.180
INFO:root:Epoch 107/200, Loss: 0.124
INFO:root:Epoch 108/200, Loss: 0.063
INFO:root:Epoch 109/200, Loss: 0.024
INFO:root:Epoch 110/200, Loss: 0.123
INFO:root:Train: MRR: 0.277, Hits@1: 0.117, Hits@10: 0.567, Hits@100: 0.983
INFO:root:Valid: MRR: 0.387, Hits@1: 0.250, Hits@10: 0.700, Hits@100: 1.000
INFO:root:Test: MRR: 0.326, Hits@1: 0.200, Hits@10: 0.600, Hits@100: 1.000
INFO:root:Epoch 111/200, Loss: 0.209
INFO:root:Epoch 112/200, Loss: 0.055
INFO:root:Epoch 113/200, Loss: 0.119
INFO:root:Epoch 114/200, Loss: 0.078
INFO:root:Epoch 115/200, Loss: 0.019
INFO:root:Epoch 116/200, Loss: 0.057
INFO:root:Epoch 117/200, Loss: 0.022
INFO:root:Epoch 118/200, Loss: 0.076
INFO:root:Epoch 119/200, Loss: 0.077
INFO:root:Epoch 120/200, Loss: 0.082
INFO:root:Train: MRR: 0.273, Hits@1: 0.117, Hits@10: 0.550, Hits@100: 0.983
INFO:root:Valid: MRR: 0.387, Hits@1: 0.250, Hits@10: 0.700, Hits@100: 1.000
INFO:root:Test: MRR: 0.320, Hits@1: 0.200, Hits@10: 0.550, Hits@100: 1.000
INFO:root:Epoch 121/200, Loss: 5.421
INFO:root:Epoch 122/200, Loss: 0.046
INFO:root:Epoch 123/200, Loss: 3.095
INFO:root:Epoch 124/200, Loss: 2.909
INFO:root:Epoch 125/200, Loss: 0.079
INFO:root:Epoch 126/200, Loss: 2.963
INFO:root:Epoch 127/200, Loss: 1.328
INFO:root:Epoch 128/200, Loss: 2.959
INFO:root:Epoch 129/200, Loss: 2.813
INFO:root:Epoch 130/200, Loss: 0.087
INFO:root:Train: MRR: 0.297, Hits@1: 0.117, Hits@10: 0.650, Hits@100: 0.967
INFO:root:Valid: MRR: 0.421, Hits@1: 0.250, Hits@10: 0.800, Hits@100: 0.950
INFO:root:Test: MRR: 0.319, Hits@1: 0.200, Hits@10: 0.500, Hits@100: 1.000
INFO:root:Epoch 131/200, Loss: 0.069
INFO:root:Epoch 132/200, Loss: 0.118
INFO:root:Epoch 133/200, Loss: 0.303
INFO:root:Epoch 134/200, Loss: 0.085
INFO:root:Epoch 135/200, Loss: 0.063
INFO:root:Epoch 136/200, Loss: 2.904
INFO:root:Epoch 137/200, Loss: 2.875
INFO:root:Epoch 138/200, Loss: 2.880
INFO:root:Epoch 139/200, Loss: 0.073
INFO:root:Epoch 140/200, Loss: 0.082
INFO:root:Train: MRR: 0.297, Hits@1: 0.117, Hits@10: 0.650, Hits@100: 0.967
INFO:root:Valid: MRR: 0.421, Hits@1: 0.250, Hits@10: 0.800, Hits@100: 0.950
INFO:root:Test: MRR: 0.319, Hits@1: 0.200, Hits@10: 0.500, Hits@100: 1.000
INFO:root:Epoch 141/200, Loss: 2.895
INFO:root:Epoch 142/200, Loss: 0.083
INFO:root:Epoch 143/200, Loss: 2.766
INFO:root:Epoch 144/200, Loss: 0.069
INFO:root:Epoch 145/200, Loss: 2.930
INFO:root:Epoch 146/200, Loss: 0.076
INFO:root:Epoch 147/200, Loss: 0.062
INFO:root:Epoch 148/200, Loss: 2.930
INFO:root:Epoch 149/200, Loss: 0.103
INFO:root:Epoch 150/200, Loss: 0.293
INFO:root:Train: MRR: 0.277, Hits@1: 0.117, Hits@10: 0.567, Hits@100: 0.983
INFO:root:Valid: MRR: 0.385, Hits@1: 0.250, Hits@10: 0.700, Hits@100: 1.000
INFO:root:Test: MRR: 0.325, Hits@1: 0.200, Hits@10: 0.600, Hits@100: 1.000
INFO:root:Epoch 151/200, Loss: 0.191
INFO:root:Epoch 152/200, Loss: 0.085
INFO:root:Epoch 153/200, Loss: 0.300
INFO:root:Epoch 154/200, Loss: 0.233
INFO:root:Epoch 155/200, Loss: 0.034
INFO:root:Epoch 156/200, Loss: 1.703
INFO:root:Epoch 157/200, Loss: 3.023
INFO:root:Epoch 158/200, Loss: 0.074
INFO:root:Epoch 159/200, Loss: 0.108
INFO:root:Epoch 160/200, Loss: 0.097
INFO:root:Train: MRR: 0.258, Hits@1: 0.100, Hits@10: 0.600, Hits@100: 0.633
INFO:root:Valid: MRR: 0.357, Hits@1: 0.200, Hits@10: 0.700, Hits@100: 0.700
INFO:root:Test: MRR: 0.243, Hits@1: 0.150, Hits@10: 0.450, Hits@100: 0.450
INFO:root:Epoch 161/200, Loss: 0.093
INFO:root:Epoch 162/200, Loss: 0.090
INFO:root:Epoch 163/200, Loss: 2.792
INFO:root:Epoch 164/200, Loss: 0.076
INFO:root:Epoch 165/200, Loss: 2.869
INFO:root:Epoch 166/200, Loss: 2.896
INFO:root:Epoch 167/200, Loss: 2.860
INFO:root:Epoch 168/200, Loss: 2.805
INFO:root:Epoch 169/200, Loss: 2.895
INFO:root:Epoch 170/200, Loss: 0.117
INFO:root:Train: MRR: 0.298, Hits@1: 0.117, Hits@10: 0.650, Hits@100: 0.967
INFO:root:Valid: MRR: 0.423, Hits@1: 0.250, Hits@10: 0.800, Hits@100: 0.950
INFO:root:Test: MRR: 0.325, Hits@1: 0.200, Hits@10: 0.550, Hits@100: 1.000
INFO:root:Epoch 171/200, Loss: 0.072
INFO:root:Epoch 172/200, Loss: 0.076
INFO:root:Epoch 173/200, Loss: 0.217
INFO:root:Epoch 174/200, Loss: 0.114
INFO:root:Epoch 175/200, Loss: 0.093
INFO:root:Epoch 176/200, Loss: 0.086
INFO:root:Epoch 177/200, Loss: 2.929
INFO:root:Epoch 178/200, Loss: 0.094
INFO:root:Epoch 179/200, Loss: 0.090
INFO:root:Epoch 180/200, Loss: 0.080
INFO:root:Train: MRR: 0.297, Hits@1: 0.117, Hits@10: 0.650, Hits@100: 0.967
INFO:root:Valid: MRR: 0.421, Hits@1: 0.250, Hits@10: 0.800, Hits@100: 0.950
INFO:root:Test: MRR: 0.319, Hits@1: 0.200, Hits@10: 0.500, Hits@100: 1.000
INFO:root:Epoch 181/200, Loss: 0.080
INFO:root:Epoch 182/200, Loss: 0.090
INFO:root:Epoch 183/200, Loss: 0.108
INFO:root:Epoch 184/200, Loss: 0.068
INFO:root:Epoch 185/200, Loss: 0.091
INFO:root:Epoch 186/200, Loss: 0.091
INFO:root:Epoch 187/200, Loss: 1.348
INFO:root:Epoch 188/200, Loss: 2.939
INFO:root:Epoch 189/200, Loss: 0.089
INFO:root:Epoch 190/200, Loss: 0.166
INFO:root:Train: MRR: 0.297, Hits@1: 0.117, Hits@10: 0.650, Hits@100: 0.967
INFO:root:Valid: MRR: 0.421, Hits@1: 0.250, Hits@10: 0.800, Hits@100: 0.950
INFO:root:Test: MRR: 0.319, Hits@1: 0.200, Hits@10: 0.500, Hits@100: 1.000
INFO:root:Epoch 191/200, Loss: 2.886
INFO:root:Epoch 192/200, Loss: 0.074
INFO:root:Epoch 193/200, Loss: 0.076
INFO:root:Epoch 194/200, Loss: 2.909
INFO:root:Epoch 195/200, Loss: 2.899
INFO:root:Epoch 196/200, Loss: 0.080
INFO:root:Epoch 197/200, Loss: 0.086
INFO:root:Epoch 198/200, Loss: 0.121
INFO:root:Epoch 199/200, Loss: 0.226
INFO:root:Epoch 200/200, Loss: 0.217
INFO:root:Train: MRR: 0.277, Hits@1: 0.117, Hits@10: 0.567, Hits@100: 0.967
INFO:root:Valid: MRR: 0.385, Hits@1: 0.250, Hits@10: 0.700, Hits@100: 1.000
INFO:root:Test: MRR: 0.325, Hits@1: 0.200, Hits@10: 0.600, Hits@100: 0.950
INFO:root:Final Result:
INFO:root:MRR: 0.358, Hits@1: 0.300, Hits@10: 0.600, Hits@100: 1.000
INFO:root:******************* Training Finished *******************
INFO:root:2024-11-23 13:14:15.404230
INFO:root:Namespace(K=3, agg=False, batch_size=1, dataset='UVA', device='cuda:1', dropout=0.5, epoch=200, epochs=200, in_channels=3, len_input=30, lr=0.0005, model='ASTGCN', nb_block=2, nb_chev_filter=2, nb_time_filter=2, num_for_predict=1, num_of_vertices=2500, partial=True, seed=0, struct='RNN-GNN', time_strides=1, timestep_hidden=20, weight_decay=0.0001)
INFO:root:Sparse Hypergraph
INFO:root:******************* Training Started *******************
INFO:root:Epoch 0/200, Loss: 1.386
INFO:root:Train: MRR: 0.003, Hits@1: 0.000, Hits@10: 0.017, Hits@100: 0.033
INFO:root:Valid: MRR: 0.001, Hits@1: 0.000, Hits@10: 0.000, Hits@100: 0.000
INFO:root:Test: MRR: 0.001, Hits@1: 0.000, Hits@10: 0.000, Hits@100: 0.000
INFO:root:Epoch 1/200, Loss: 1.386
INFO:root:Epoch 2/200, Loss: 1.386
INFO:root:Epoch 3/200, Loss: 1.386
INFO:root:Epoch 4/200, Loss: 1.386
INFO:root:Epoch 5/200, Loss: 1.385
INFO:root:2024-11-23 13:22:09.475135
INFO:root:Namespace(K=3, agg=False, batch_size=1, dataset='UVA', device='cuda:1', dropout=0.5, epoch=200, epochs=200, in_channels=3, len_input=30, lr=0.0005, model='ASTGCN', nb_block=2, nb_chev_filter=256, nb_time_filter=2, num_for_predict=1, num_of_vertices=2500, partial=True, seed=0, struct='RNN-GNN', time_strides=1, timestep_hidden=20, weight_decay=0.0)
INFO:root:Sparse Hypergraph
INFO:root:******************* Training Started *******************
INFO:root:Epoch 0/200, Loss: 1.386
INFO:root:Train: MRR: 0.000, Hits@1: 0.000, Hits@10: 0.000, Hits@100: 0.000
INFO:root:Valid: MRR: 0.000, Hits@1: 0.000, Hits@10: 0.000, Hits@100: 0.000
INFO:root:Test: MRR: 0.000, Hits@1: 0.000, Hits@10: 0.000, Hits@100: 0.000
INFO:root:Epoch 1/200, Loss: 1.386
INFO:root:Epoch 2/200, Loss: 1.386
INFO:root:Epoch 3/200, Loss: 1.386
INFO:root:Epoch 4/200, Loss: 1.386
INFO:root:Epoch 5/200, Loss: 1.386
INFO:root:Epoch 6/200, Loss: 1.386
INFO:root:Epoch 7/200, Loss: 1.386
INFO:root:Epoch 8/200, Loss: 1.386
INFO:root:Epoch 9/200, Loss: 1.386
INFO:root:Epoch 10/200, Loss: 1.386
INFO:root:Train: MRR: 0.007, Hits@1: 0.000, Hits@10: 0.033, Hits@100: 0.033
INFO:root:Valid: MRR: 0.001, Hits@1: 0.000, Hits@10: 0.000, Hits@100: 0.000
INFO:root:Test: MRR: 0.002, Hits@1: 0.000, Hits@10: 0.000, Hits@100: 0.000
INFO:root:Epoch 11/200, Loss: 1.386
INFO:root:Epoch 12/200, Loss: 1.386
INFO:root:Epoch 13/200, Loss: 1.386
INFO:root:Epoch 14/200, Loss: 1.386
INFO:root:Epoch 15/200, Loss: 1.386
INFO:root:Epoch 16/200, Loss: 1.386
INFO:root:Epoch 17/200, Loss: 1.386
INFO:root:Epoch 18/200, Loss: 1.386
INFO:root:Epoch 19/200, Loss: 1.386
INFO:root:2024-11-24 20:42:40.238127
INFO:root:Namespace(K=3, agg=False, batch_size=1, dataset='UVA', device='cuda', dropout=0.5, epoch=200, epochs=200, in_channels=3, len_input=30, lr=0.0005, model='ASTGCN', nb_block=2, nb_chev_filter=256, nb_time_filter=256, num_for_predict=1, num_of_vertices=2500, partial=True, seed=0, struct='RNN-GNN', time_strides=1, timestep_hidden=20, weight_decay=0.0)
INFO:root:Sparse Hypergraph
INFO:root:******************* Training Started *******************
INFO:root:2024-11-24 20:43:59.994358
INFO:root:Namespace(K=3, agg=False, batch_size=1, dataset='UVA', device='cuda', dropout=0.5, epoch=200, epochs=200, in_channels=3, len_input=30, lr=0.0005, model='ASTGCN', nb_block=2, nb_chev_filter=256, nb_time_filter=256, num_for_predict=1, num_of_vertices=2500, partial=True, seed=0, struct='RNN-GNN', time_strides=1, timestep_hidden=20, weight_decay=0.0)
INFO:root:Sparse Hypergraph
INFO:root:******************* Training Started *******************
INFO:root:Epoch 0/200, Loss: 0.579
INFO:root:Train: MRR: 0.356, Hits@1: 0.300, Hits@10: 0.400, Hits@100: 0.933
INFO:root:Valid: MRR: 0.275, Hits@1: 0.200, Hits@10: 0.400, Hits@100: 0.900
INFO:root:Test: MRR: 0.424, Hits@1: 0.350, Hits@10: 0.500, Hits@100: 0.950
INFO:root:Epoch 1/200, Loss: 0.095
INFO:root:Epoch 2/200, Loss: 0.014
INFO:root:Epoch 3/200, Loss: 0.092
INFO:root:Epoch 4/200, Loss: 0.192
INFO:root:Epoch 5/200, Loss: 0.646
INFO:root:Epoch 6/200, Loss: 0.066
INFO:root:Epoch 7/200, Loss: 0.156
INFO:root:Epoch 8/200, Loss: 0.051
INFO:root:Epoch 9/200, Loss: 0.088
INFO:root:Epoch 10/200, Loss: 0.052
INFO:root:Train: MRR: 0.095, Hits@1: 0.050, Hits@10: 0.217, Hits@100: 0.783
INFO:root:Valid: MRR: 0.226, Hits@1: 0.150, Hits@10: 0.400, Hits@100: 0.850
INFO:root:Test: MRR: 0.162, Hits@1: 0.100, Hits@10: 0.300, Hits@100: 0.800
INFO:root:Epoch 11/200, Loss: 0.025
INFO:root:Epoch 12/200, Loss: 0.308
INFO:root:Epoch 13/200, Loss: 0.343
INFO:root:Epoch 14/200, Loss: 0.157
INFO:root:Epoch 15/200, Loss: 0.065
INFO:root:Epoch 16/200, Loss: 0.102
INFO:root:Epoch 17/200, Loss: 0.100
INFO:root:Epoch 18/200, Loss: 0.258
INFO:root:Epoch 19/200, Loss: 0.159
INFO:root:Epoch 20/200, Loss: 0.417
INFO:root:Train: MRR: 0.197, Hits@1: 0.117, Hits@10: 0.283, Hits@100: 0.950
INFO:root:Valid: MRR: 0.232, Hits@1: 0.150, Hits@10: 0.400, Hits@100: 0.900
INFO:root:Test: MRR: 0.199, Hits@1: 0.100, Hits@10: 0.450, Hits@100: 0.950
INFO:root:Epoch 21/200, Loss: 0.155
INFO:root:Epoch 22/200, Loss: 0.275
INFO:root:Epoch 23/200, Loss: 0.108
INFO:root:Epoch 24/200, Loss: 0.185
INFO:root:Epoch 25/200, Loss: 0.175
INFO:root:Epoch 26/200, Loss: 0.100
INFO:root:Epoch 27/200, Loss: 0.284
INFO:root:Epoch 28/200, Loss: 0.470
INFO:root:Epoch 29/200, Loss: 0.361
INFO:root:Epoch 30/200, Loss: 0.017
INFO:root:Train: MRR: 0.197, Hits@1: 0.117, Hits@10: 0.317, Hits@100: 0.950
INFO:root:Valid: MRR: 0.229, Hits@1: 0.150, Hits@10: 0.350, Hits@100: 0.900
INFO:root:Test: MRR: 0.205, Hits@1: 0.100, Hits@10: 0.450, Hits@100: 0.950
INFO:root:Epoch 31/200, Loss: 0.480
INFO:root:Epoch 32/200, Loss: 0.046
INFO:root:Epoch 33/200, Loss: 0.105
INFO:root:Epoch 34/200, Loss: 0.028
INFO:root:Epoch 35/200, Loss: 0.107
INFO:root:Epoch 36/200, Loss: 0.117
INFO:root:Epoch 37/200, Loss: 0.293
INFO:root:Epoch 38/200, Loss: 0.028
INFO:root:Epoch 39/200, Loss: 0.204
INFO:root:Epoch 40/200, Loss: 0.186
INFO:root:Train: MRR: 0.162, Hits@1: 0.033, Hits@10: 0.350, Hits@100: 1.000
INFO:root:Valid: MRR: 0.267, Hits@1: 0.150, Hits@10: 0.500, Hits@100: 1.000
INFO:root:Test: MRR: 0.200, Hits@1: 0.100, Hits@10: 0.300, Hits@100: 1.000
INFO:root:Epoch 41/200, Loss: 0.123
INFO:root:Epoch 42/200, Loss: 0.068
INFO:root:Epoch 43/200, Loss: 0.023
INFO:root:Epoch 44/200, Loss: 0.115
INFO:root:Epoch 45/200, Loss: 0.113
INFO:root:Epoch 46/200, Loss: 0.057
INFO:root:Epoch 47/200, Loss: 0.116
INFO:root:Epoch 48/200, Loss: 0.050
INFO:root:Epoch 49/200, Loss: 0.064
INFO:root:Epoch 50/200, Loss: 0.058
INFO:root:Train: MRR: 0.160, Hits@1: 0.067, Hits@10: 0.300, Hits@100: 0.950
INFO:root:Valid: MRR: 0.246, Hits@1: 0.150, Hits@10: 0.350, Hits@100: 0.950
INFO:root:Test: MRR: 0.273, Hits@1: 0.150, Hits@10: 0.400, Hits@100: 0.950
INFO:root:Epoch 51/200, Loss: 0.102
INFO:root:Epoch 52/200, Loss: 0.117
INFO:root:Epoch 53/200, Loss: 0.046
INFO:root:Epoch 54/200, Loss: 0.011
INFO:root:Epoch 55/200, Loss: 0.059
INFO:root:Epoch 56/200, Loss: 0.053
INFO:root:Epoch 57/200, Loss: 0.056
INFO:root:Epoch 58/200, Loss: 0.105
INFO:root:Epoch 59/200, Loss: 0.115
INFO:root:Epoch 60/200, Loss: 0.105
INFO:root:Train: MRR: 0.232, Hits@1: 0.100, Hits@10: 0.483, Hits@100: 0.967
INFO:root:Valid: MRR: 0.401, Hits@1: 0.300, Hits@10: 0.650, Hits@100: 0.950
INFO:root:Test: MRR: 0.235, Hits@1: 0.150, Hits@10: 0.400, Hits@100: 1.000
INFO:root:Epoch 61/200, Loss: 0.112
INFO:root:Epoch 62/200, Loss: 0.049
INFO:root:Epoch 63/200, Loss: 0.043
INFO:root:Epoch 64/200, Loss: 0.060
INFO:root:Epoch 65/200, Loss: 0.271
INFO:root:Epoch 66/200, Loss: 0.093
INFO:root:Epoch 67/200, Loss: 0.143
INFO:root:Epoch 68/200, Loss: 0.059
INFO:root:Epoch 69/200, Loss: 0.221
INFO:root:Epoch 70/200, Loss: 0.123
INFO:root:Train: MRR: 0.213, Hits@1: 0.100, Hits@10: 0.417, Hits@100: 0.933
INFO:root:Valid: MRR: 0.265, Hits@1: 0.100, Hits@10: 0.500, Hits@100: 0.950
INFO:root:Test: MRR: 0.298, Hits@1: 0.150, Hits@10: 0.500, Hits@100: 1.000
INFO:root:Epoch 71/200, Loss: 0.215
INFO:root:Epoch 72/200, Loss: 0.236
INFO:root:Epoch 73/200, Loss: 0.185
INFO:root:Epoch 74/200, Loss: 0.066
INFO:root:Epoch 75/200, Loss: 0.017
INFO:root:Epoch 76/200, Loss: 0.205
INFO:root:Epoch 77/200, Loss: 0.121
INFO:root:Epoch 78/200, Loss: 0.114
INFO:root:Epoch 79/200, Loss: 0.019
INFO:root:Epoch 80/200, Loss: 0.055
INFO:root:Train: MRR: 0.171, Hits@1: 0.067, Hits@10: 0.433, Hits@100: 0.983
INFO:root:Valid: MRR: 0.294, Hits@1: 0.150, Hits@10: 0.550, Hits@100: 0.950
INFO:root:Test: MRR: 0.196, Hits@1: 0.100, Hits@10: 0.450, Hits@100: 1.000
INFO:root:Epoch 81/200, Loss: 0.116
INFO:root:Epoch 82/200, Loss: 0.114
INFO:root:Epoch 83/200, Loss: 0.015
INFO:root:Epoch 84/200, Loss: 0.014
INFO:root:Epoch 85/200, Loss: 0.117
INFO:root:Epoch 86/200, Loss: 0.124
INFO:root:Epoch 87/200, Loss: 0.055
INFO:root:Epoch 88/200, Loss: 0.125
INFO:root:Epoch 89/200, Loss: 0.061
INFO:root:Epoch 90/200, Loss: 0.051
INFO:root:Train: MRR: 0.184, Hits@1: 0.117, Hits@10: 0.267, Hits@100: 0.900
INFO:root:Valid: MRR: 0.319, Hits@1: 0.250, Hits@10: 0.400, Hits@100: 0.850
INFO:root:Test: MRR: 0.303, Hits@1: 0.200, Hits@10: 0.450, Hits@100: 0.950
INFO:root:Epoch 91/200, Loss: 0.015
INFO:root:Epoch 92/200, Loss: 0.089
INFO:root:Epoch 93/200, Loss: 0.240
INFO:root:Epoch 94/200, Loss: 0.261
INFO:root:Epoch 95/200, Loss: 0.055
INFO:root:Epoch 96/200, Loss: 0.038
INFO:root:Epoch 97/200, Loss: 0.054
INFO:root:Epoch 98/200, Loss: 0.157
INFO:root:Epoch 99/200, Loss: 1.362
INFO:root:Epoch 100/200, Loss: 2.673
INFO:root:Train: MRR: 0.197, Hits@1: 0.117, Hits@10: 0.283, Hits@100: 0.917
INFO:root:Valid: MRR: 0.295, Hits@1: 0.200, Hits@10: 0.400, Hits@100: 0.900
INFO:root:Test: MRR: 0.250, Hits@1: 0.150, Hits@10: 0.500, Hits@100: 0.950
INFO:root:Epoch 101/200, Loss: 0.108
INFO:root:Epoch 102/200, Loss: 0.022
INFO:root:Epoch 103/200, Loss: 0.028
INFO:root:Epoch 104/200, Loss: 0.053
INFO:root:Epoch 105/200, Loss: 0.055
INFO:root:Epoch 106/200, Loss: 0.114
INFO:root:Epoch 107/200, Loss: 0.115
INFO:root:Epoch 108/200, Loss: 0.013
INFO:root:Epoch 109/200, Loss: 1.398
INFO:root:Epoch 110/200, Loss: 1.441
INFO:root:Train: MRR: 0.107, Hits@1: 0.067, Hits@10: 0.167, Hits@100: 0.733
INFO:root:Valid: MRR: 0.274, Hits@1: 0.200, Hits@10: 0.400, Hits@100: 0.800
INFO:root:Test: MRR: 0.217, Hits@1: 0.150, Hits@10: 0.450, Hits@100: 0.750
INFO:root:Epoch 111/200, Loss: 1.383
INFO:root:Epoch 112/200, Loss: 1.392
INFO:root:Epoch 113/200, Loss: 1.385
INFO:root:Epoch 114/200, Loss: 1.386
INFO:root:Epoch 115/200, Loss: 1.386
INFO:root:Epoch 116/200, Loss: 1.388
INFO:root:Epoch 117/200, Loss: 1.387
INFO:root:Epoch 118/200, Loss: 1.386
INFO:root:Epoch 119/200, Loss: 1.386
INFO:root:Epoch 120/200, Loss: 1.387
INFO:root:Train: MRR: 0.007, Hits@1: 0.000, Hits@10: 0.033, Hits@100: 0.033
INFO:root:Valid: MRR: 0.001, Hits@1: 0.000, Hits@10: 0.000, Hits@100: 0.000
INFO:root:Test: MRR: 0.002, Hits@1: 0.000, Hits@10: 0.000, Hits@100: 0.000
INFO:root:Epoch 121/200, Loss: 1.386
INFO:root:Epoch 122/200, Loss: 1.386
INFO:root:Epoch 123/200, Loss: 1.387
INFO:root:Epoch 124/200, Loss: 1.386
INFO:root:Epoch 125/200, Loss: 1.386
INFO:root:Epoch 126/200, Loss: 1.386
INFO:root:Epoch 127/200, Loss: 1.388
INFO:root:Epoch 128/200, Loss: 1.386
INFO:root:Epoch 129/200, Loss: 1.386
INFO:root:Epoch 130/200, Loss: 1.386
INFO:root:Train: MRR: 0.007, Hits@1: 0.000, Hits@10: 0.033, Hits@100: 0.033
INFO:root:Valid: MRR: 0.001, Hits@1: 0.000, Hits@10: 0.000, Hits@100: 0.000
INFO:root:Test: MRR: 0.002, Hits@1: 0.000, Hits@10: 0.000, Hits@100: 0.000
INFO:root:Epoch 131/200, Loss: 1.386
INFO:root:Epoch 132/200, Loss: 1.387
INFO:root:Epoch 133/200, Loss: 1.386
INFO:root:Epoch 134/200, Loss: 1.386
INFO:root:Epoch 135/200, Loss: 1.387
INFO:root:Epoch 136/200, Loss: 1.386
INFO:root:Epoch 137/200, Loss: 1.386
INFO:root:Epoch 138/200, Loss: 1.386
INFO:root:Epoch 139/200, Loss: 1.386
INFO:root:Epoch 140/200, Loss: 1.386
INFO:root:Train: MRR: 0.007, Hits@1: 0.000, Hits@10: 0.033, Hits@100: 0.033
INFO:root:Valid: MRR: 0.001, Hits@1: 0.000, Hits@10: 0.000, Hits@100: 0.000
INFO:root:Test: MRR: 0.002, Hits@1: 0.000, Hits@10: 0.000, Hits@100: 0.000
INFO:root:Epoch 141/200, Loss: 1.386
INFO:root:Epoch 142/200, Loss: 1.386
INFO:root:Epoch 143/200, Loss: 1.386
INFO:root:Epoch 144/200, Loss: 1.386
INFO:root:Epoch 145/200, Loss: 1.386
INFO:root:Epoch 146/200, Loss: 1.386
INFO:root:Epoch 147/200, Loss: 1.386
INFO:root:Epoch 148/200, Loss: 1.386
INFO:root:Epoch 149/200, Loss: 1.386
INFO:root:Epoch 150/200, Loss: 1.386
INFO:root:Train: MRR: 0.007, Hits@1: 0.000, Hits@10: 0.033, Hits@100: 0.033
INFO:root:Valid: MRR: 0.001, Hits@1: 0.000, Hits@10: 0.000, Hits@100: 0.000
INFO:root:Test: MRR: 0.002, Hits@1: 0.000, Hits@10: 0.000, Hits@100: 0.000
INFO:root:Epoch 151/200, Loss: 1.386
INFO:root:Epoch 152/200, Loss: 1.386
INFO:root:Epoch 153/200, Loss: 1.386
INFO:root:Epoch 154/200, Loss: 1.386
INFO:root:Epoch 155/200, Loss: 1.386
INFO:root:Epoch 156/200, Loss: 1.386
INFO:root:Epoch 157/200, Loss: 1.386
INFO:root:Epoch 158/200, Loss: 1.386
INFO:root:Epoch 159/200, Loss: 1.386
INFO:root:Epoch 160/200, Loss: 1.386
INFO:root:Train: MRR: 0.007, Hits@1: 0.000, Hits@10: 0.033, Hits@100: 0.033
INFO:root:Valid: MRR: 0.001, Hits@1: 0.000, Hits@10: 0.000, Hits@100: 0.000
INFO:root:Test: MRR: 0.002, Hits@1: 0.000, Hits@10: 0.000, Hits@100: 0.000
INFO:root:Epoch 161/200, Loss: 1.388
INFO:root:Epoch 162/200, Loss: 1.387
INFO:root:Epoch 163/200, Loss: 1.386
INFO:root:Epoch 164/200, Loss: 1.386
INFO:root:Epoch 165/200, Loss: 1.386
INFO:root:Epoch 166/200, Loss: 1.386
INFO:root:Epoch 167/200, Loss: 1.386
INFO:root:Epoch 168/200, Loss: 1.386
INFO:root:Epoch 169/200, Loss: 1.386
INFO:root:Epoch 170/200, Loss: 1.386
INFO:root:Train: MRR: 0.007, Hits@1: 0.000, Hits@10: 0.033, Hits@100: 0.033
INFO:root:Valid: MRR: 0.001, Hits@1: 0.000, Hits@10: 0.000, Hits@100: 0.000
INFO:root:Test: MRR: 0.002, Hits@1: 0.000, Hits@10: 0.000, Hits@100: 0.000
INFO:root:Epoch 171/200, Loss: 1.386
INFO:root:Epoch 172/200, Loss: 1.386
INFO:root:Epoch 173/200, Loss: 1.386
INFO:root:Epoch 174/200, Loss: 1.386
INFO:root:Epoch 175/200, Loss: 1.386
INFO:root:Epoch 176/200, Loss: 1.386
INFO:root:Epoch 177/200, Loss: 1.386
INFO:root:Epoch 178/200, Loss: 1.387
INFO:root:Epoch 179/200, Loss: 1.387
INFO:root:Epoch 180/200, Loss: 1.386
INFO:root:Train: MRR: 0.007, Hits@1: 0.000, Hits@10: 0.033, Hits@100: 0.033
INFO:root:Valid: MRR: 0.001, Hits@1: 0.000, Hits@10: 0.000, Hits@100: 0.000
INFO:root:Test: MRR: 0.002, Hits@1: 0.000, Hits@10: 0.000, Hits@100: 0.000
INFO:root:Epoch 181/200, Loss: 1.386
INFO:root:Epoch 182/200, Loss: 1.386
INFO:root:Epoch 183/200, Loss: 1.386
INFO:root:Epoch 184/200, Loss: 1.387
INFO:root:Epoch 185/200, Loss: 1.386
INFO:root:Epoch 186/200, Loss: 1.386
INFO:root:Epoch 187/200, Loss: 1.386
INFO:root:Epoch 188/200, Loss: 1.386
INFO:root:Epoch 189/200, Loss: 1.386
INFO:root:Epoch 190/200, Loss: 1.386
INFO:root:Train: MRR: 0.007, Hits@1: 0.000, Hits@10: 0.033, Hits@100: 0.033
INFO:root:Valid: MRR: 0.001, Hits@1: 0.000, Hits@10: 0.000, Hits@100: 0.000
INFO:root:Test: MRR: 0.002, Hits@1: 0.000, Hits@10: 0.000, Hits@100: 0.000
INFO:root:Epoch 191/200, Loss: 1.386
INFO:root:Epoch 192/200, Loss: 1.386
INFO:root:Epoch 193/200, Loss: 1.386
INFO:root:Epoch 194/200, Loss: 1.386
INFO:root:Epoch 195/200, Loss: 1.386
INFO:root:Epoch 196/200, Loss: 1.386
INFO:root:Epoch 197/200, Loss: 1.386
INFO:root:Epoch 198/200, Loss: 1.386
INFO:root:Epoch 199/200, Loss: 1.386
INFO:root:Epoch 200/200, Loss: 1.386
