INFO:root:2024-11-13 14:19:31.045784
INFO:root:Namespace(batch_size=1, dataset='UVA', device='cuda', dropout=0.5, epoch=200, epochs=200, hidden_channels=256, in_channels=3, lr=0.0005, mlp_layer=2, model='DTGNN', out_channels=8, seed=0, spatial_layer=1, struct='RNN-GNN', temporal_layer=2, timestep_hidden=5, weight_decay=0.0001)
INFO:root:******************* Training Started *******************
INFO:root:Epoch 0/200, Loss: 1.386
INFO:root:Train: MRR: 0.005, Hits@1: 0.000, Hits@10: 0.017, Hits@100: 0.150
INFO:root:Valid: MRR: 0.005, Hits@1: 0.000, Hits@10: 0.000, Hits@100: 0.150
INFO:root:Test: MRR: 0.053, Hits@1: 0.050, Hits@10: 0.050, Hits@100: 0.100
INFO:root:Epoch 1/200, Loss: 1.386
INFO:root:Epoch 2/200, Loss: 1.386
INFO:root:Epoch 3/200, Loss: 1.386
INFO:root:Epoch 4/200, Loss: 1.386
INFO:root:Epoch 5/200, Loss: 1.386
INFO:root:Epoch 6/200, Loss: 1.386
INFO:root:Epoch 7/200, Loss: 1.386
INFO:root:Epoch 8/200, Loss: 1.386
INFO:root:Epoch 9/200, Loss: 1.386
INFO:root:Epoch 10/200, Loss: 1.386
INFO:root:Train: MRR: 0.018, Hits@1: 0.000, Hits@10: 0.017, Hits@100: 0.233
INFO:root:Valid: MRR: 0.022, Hits@1: 0.000, Hits@10: 0.050, Hits@100: 0.350
INFO:root:Test: MRR: 0.011, Hits@1: 0.000, Hits@10: 0.000, Hits@100: 0.200
INFO:root:Epoch 11/200, Loss: 1.386
INFO:root:Epoch 12/200, Loss: 1.386
INFO:root:Epoch 13/200, Loss: 1.386
INFO:root:Epoch 14/200, Loss: 1.386
INFO:root:Epoch 15/200, Loss: 1.386
INFO:root:Epoch 16/200, Loss: 1.386
INFO:root:Epoch 17/200, Loss: 1.386
INFO:root:Epoch 18/200, Loss: 1.386
INFO:root:Epoch 19/200, Loss: 1.386
INFO:root:Epoch 20/200, Loss: 1.386
INFO:root:Train: MRR: 0.035, Hits@1: 0.017, Hits@10: 0.100, Hits@100: 0.167
INFO:root:Valid: MRR: 0.034, Hits@1: 0.000, Hits@10: 0.150, Hits@100: 0.400
INFO:root:Test: MRR: 0.023, Hits@1: 0.000, Hits@10: 0.100, Hits@100: 0.300
INFO:root:Epoch 21/200, Loss: 1.386
INFO:root:Epoch 22/200, Loss: 1.386
INFO:root:Epoch 23/200, Loss: 1.386
INFO:root:Epoch 24/200, Loss: 1.386
INFO:root:Epoch 25/200, Loss: 1.386
INFO:root:Epoch 26/200, Loss: 1.386
INFO:root:Epoch 27/200, Loss: 1.386
INFO:root:Epoch 28/200, Loss: 1.386
INFO:root:Epoch 29/200, Loss: 1.386
INFO:root:Epoch 30/200, Loss: 1.386
INFO:root:Train: MRR: 0.061, Hits@1: 0.000, Hits@10: 0.167, Hits@100: 0.333
INFO:root:Valid: MRR: 0.062, Hits@1: 0.000, Hits@10: 0.200, Hits@100: 0.400
INFO:root:Test: MRR: 0.054, Hits@1: 0.000, Hits@10: 0.200, Hits@100: 0.250
INFO:root:Epoch 31/200, Loss: 1.386
INFO:root:Epoch 32/200, Loss: 1.386
INFO:root:Epoch 33/200, Loss: 1.386
INFO:root:Epoch 34/200, Loss: 1.386
INFO:root:Epoch 35/200, Loss: 1.386
INFO:root:Epoch 36/200, Loss: 1.386
INFO:root:Epoch 37/200, Loss: 1.386
INFO:root:Epoch 38/200, Loss: 1.386
INFO:root:Epoch 39/200, Loss: 1.386
INFO:root:Epoch 40/200, Loss: 1.386
INFO:root:Train: MRR: 0.095, Hits@1: 0.067, Hits@10: 0.167, Hits@100: 0.317
INFO:root:Valid: MRR: 0.074, Hits@1: 0.050, Hits@10: 0.200, Hits@100: 0.350
INFO:root:Test: MRR: 0.079, Hits@1: 0.050, Hits@10: 0.200, Hits@100: 0.250
INFO:root:Epoch 41/200, Loss: 1.386
INFO:root:Epoch 42/200, Loss: 1.386
INFO:root:Epoch 43/200, Loss: 1.386
INFO:root:Epoch 44/200, Loss: 1.386
INFO:root:Epoch 45/200, Loss: 1.386
INFO:root:Epoch 46/200, Loss: 1.386
INFO:root:Epoch 47/200, Loss: 1.386
INFO:root:Epoch 48/200, Loss: 1.386
INFO:root:Epoch 49/200, Loss: 0.124
INFO:root:Epoch 50/200, Loss: 0.064
INFO:root:Train: MRR: 0.833, Hits@1: 0.700, Hits@10: 0.983, Hits@100: 0.983
INFO:root:Valid: MRR: 0.859, Hits@1: 0.800, Hits@10: 1.000, Hits@100: 1.000
INFO:root:Test: MRR: 0.681, Hits@1: 0.500, Hits@10: 0.950, Hits@100: 0.950
INFO:root:Epoch 51/200, Loss: 0.189
INFO:root:Epoch 52/200, Loss: 0.013
INFO:root:Epoch 53/200, Loss: 0.017
INFO:root:Epoch 54/200, Loss: 0.008
INFO:root:Epoch 55/200, Loss: 0.007
INFO:root:Epoch 56/200, Loss: 0.007
INFO:root:Epoch 57/200, Loss: 0.009
INFO:root:Epoch 58/200, Loss: 0.047
INFO:root:Epoch 59/200, Loss: 0.008
INFO:root:Epoch 60/200, Loss: 0.050
INFO:root:Train: MRR: 0.850, Hits@1: 0.733, Hits@10: 0.983, Hits@100: 0.983
INFO:root:Valid: MRR: 0.929, Hits@1: 0.900, Hits@10: 1.000, Hits@100: 1.000
INFO:root:Test: MRR: 0.731, Hits@1: 0.600, Hits@10: 0.950, Hits@100: 0.950
INFO:root:Epoch 61/200, Loss: 0.005
INFO:root:Epoch 62/200, Loss: 0.005
INFO:root:Epoch 63/200, Loss: 0.004
INFO:root:Epoch 64/200, Loss: 6.130
INFO:root:Epoch 65/200, Loss: 0.006
INFO:root:Epoch 66/200, Loss: 0.003
INFO:root:Epoch 67/200, Loss: 0.003
INFO:root:Epoch 68/200, Loss: 0.014
INFO:root:Epoch 69/200, Loss: 0.075
INFO:root:Epoch 70/200, Loss: 0.013
INFO:root:Train: MRR: 0.850, Hits@1: 0.733, Hits@10: 0.983, Hits@100: 0.983
INFO:root:Valid: MRR: 0.929, Hits@1: 0.900, Hits@10: 1.000, Hits@100: 1.000
INFO:root:Test: MRR: 0.731, Hits@1: 0.600, Hits@10: 0.950, Hits@100: 0.950
INFO:root:Epoch 71/200, Loss: 0.012
INFO:root:Epoch 72/200, Loss: 0.011
INFO:root:Epoch 73/200, Loss: 0.004
INFO:root:Epoch 74/200, Loss: 0.017
INFO:root:Epoch 75/200, Loss: 0.018
INFO:root:Epoch 76/200, Loss: 0.003
INFO:root:Epoch 77/200, Loss: 0.002
INFO:root:Epoch 78/200, Loss: 0.011
INFO:root:Epoch 79/200, Loss: 0.003
INFO:root:Epoch 80/200, Loss: 0.004
INFO:root:Train: MRR: 0.851, Hits@1: 0.733, Hits@10: 0.983, Hits@100: 1.000
INFO:root:Valid: MRR: 0.929, Hits@1: 0.900, Hits@10: 1.000, Hits@100: 1.000
INFO:root:Test: MRR: 0.732, Hits@1: 0.600, Hits@10: 0.950, Hits@100: 1.000
INFO:root:Epoch 81/200, Loss: 0.011
INFO:root:Epoch 82/200, Loss: 0.026
INFO:root:Epoch 83/200, Loss: 0.004
INFO:root:Epoch 84/200, Loss: 0.002
INFO:root:Epoch 85/200, Loss: 0.004
INFO:root:Epoch 86/200, Loss: 0.051
INFO:root:Epoch 87/200, Loss: 0.003
INFO:root:Epoch 88/200, Loss: 0.002
INFO:root:Epoch 89/200, Loss: 0.003
INFO:root:Epoch 90/200, Loss: 0.012
INFO:root:Train: MRR: 0.852, Hits@1: 0.733, Hits@10: 1.000, Hits@100: 1.000
INFO:root:Valid: MRR: 0.929, Hits@1: 0.900, Hits@10: 1.000, Hits@100: 1.000
INFO:root:Test: MRR: 0.734, Hits@1: 0.600, Hits@10: 0.950, Hits@100: 1.000
INFO:root:Epoch 91/200, Loss: 0.002
INFO:root:Epoch 92/200, Loss: 0.005
INFO:root:Epoch 93/200, Loss: 0.005
INFO:root:Epoch 94/200, Loss: 0.002
INFO:root:Epoch 95/200, Loss: 0.006
INFO:root:Epoch 96/200, Loss: 0.002
INFO:root:Epoch 97/200, Loss: 0.003
INFO:root:Epoch 98/200, Loss: 0.002
INFO:root:Epoch 99/200, Loss: 0.011
INFO:root:Epoch 100/200, Loss: 0.004
INFO:root:Train: MRR: 0.867, Hits@1: 0.750, Hits@10: 1.000, Hits@100: 1.000
INFO:root:Valid: MRR: 0.929, Hits@1: 0.900, Hits@10: 1.000, Hits@100: 1.000
INFO:root:Test: MRR: 0.736, Hits@1: 0.600, Hits@10: 1.000, Hits@100: 1.000
INFO:root:Epoch 101/200, Loss: 0.010
INFO:root:Epoch 102/200, Loss: 0.002
INFO:root:Epoch 103/200, Loss: 0.009
INFO:root:Epoch 104/200, Loss: 0.002
INFO:root:Epoch 105/200, Loss: 0.002
INFO:root:Epoch 106/200, Loss: 0.008
INFO:root:Epoch 107/200, Loss: 0.002
INFO:root:Epoch 108/200, Loss: 0.002
INFO:root:Epoch 109/200, Loss: 0.006
INFO:root:Epoch 110/200, Loss: 0.002
INFO:root:Train: MRR: 0.857, Hits@1: 0.733, Hits@10: 1.000, Hits@100: 1.000
INFO:root:Valid: MRR: 0.929, Hits@1: 0.900, Hits@10: 1.000, Hits@100: 1.000
INFO:root:Test: MRR: 0.747, Hits@1: 0.600, Hits@10: 1.000, Hits@100: 1.000
INFO:root:Epoch 111/200, Loss: 0.001
INFO:root:Epoch 112/200, Loss: 0.001
INFO:root:Epoch 113/200, Loss: 0.001
INFO:root:Epoch 114/200, Loss: 0.005
INFO:root:Epoch 115/200, Loss: 0.005
INFO:root:Epoch 116/200, Loss: 0.001
INFO:root:Epoch 117/200, Loss: 0.001
INFO:root:Epoch 118/200, Loss: 0.001
INFO:root:Epoch 119/200, Loss: 0.006
INFO:root:Epoch 120/200, Loss: 0.006
INFO:root:Train: MRR: 0.857, Hits@1: 0.733, Hits@10: 1.000, Hits@100: 1.000
INFO:root:Valid: MRR: 0.929, Hits@1: 0.900, Hits@10: 1.000, Hits@100: 1.000
INFO:root:Test: MRR: 0.747, Hits@1: 0.600, Hits@10: 1.000, Hits@100: 1.000
INFO:root:Epoch 121/200, Loss: 0.001
INFO:root:Epoch 122/200, Loss: 0.021
INFO:root:Epoch 123/200, Loss: 0.001
INFO:root:Epoch 124/200, Loss: 0.001
INFO:root:Epoch 125/200, Loss: 0.001
INFO:root:Epoch 126/200, Loss: 0.001
INFO:root:Epoch 127/200, Loss: 0.008
INFO:root:Epoch 128/200, Loss: 0.001
INFO:root:Epoch 129/200, Loss: 0.001
INFO:root:Epoch 130/200, Loss: 0.004
INFO:root:Train: MRR: 0.857, Hits@1: 0.733, Hits@10: 1.000, Hits@100: 1.000
INFO:root:Valid: MRR: 0.929, Hits@1: 0.900, Hits@10: 1.000, Hits@100: 1.000
INFO:root:Test: MRR: 0.747, Hits@1: 0.600, Hits@10: 1.000, Hits@100: 1.000
INFO:root:Epoch 131/200, Loss: 0.001
INFO:root:Epoch 132/200, Loss: 0.001
INFO:root:Epoch 133/200, Loss: 0.001
INFO:root:Epoch 134/200, Loss: 0.001
INFO:root:Epoch 135/200, Loss: 0.001
INFO:root:Epoch 136/200, Loss: 0.008
INFO:root:Epoch 137/200, Loss: 0.001
INFO:root:Epoch 138/200, Loss: 0.002
INFO:root:Epoch 139/200, Loss: 0.003
INFO:root:Epoch 140/200, Loss: 0.001
INFO:root:Train: MRR: 0.857, Hits@1: 0.733, Hits@10: 1.000, Hits@100: 1.000
INFO:root:Valid: MRR: 0.929, Hits@1: 0.900, Hits@10: 1.000, Hits@100: 1.000
INFO:root:Test: MRR: 0.747, Hits@1: 0.600, Hits@10: 1.000, Hits@100: 1.000
INFO:root:Epoch 141/200, Loss: 0.001
INFO:root:Epoch 142/200, Loss: 0.001
INFO:root:Epoch 143/200, Loss: 0.004
INFO:root:Epoch 144/200, Loss: 0.007
INFO:root:Epoch 145/200, Loss: 0.007
INFO:root:Epoch 146/200, Loss: 0.004
INFO:root:Epoch 147/200, Loss: 0.001
INFO:root:Epoch 148/200, Loss: 0.001
INFO:root:Epoch 149/200, Loss: 0.001
INFO:root:Epoch 150/200, Loss: 0.001
INFO:root:Train: MRR: 0.857, Hits@1: 0.733, Hits@10: 1.000, Hits@100: 1.000
INFO:root:Valid: MRR: 0.929, Hits@1: 0.900, Hits@10: 1.000, Hits@100: 1.000
INFO:root:Test: MRR: 0.747, Hits@1: 0.600, Hits@10: 1.000, Hits@100: 1.000
INFO:root:Epoch 151/200, Loss: 0.006
INFO:root:Epoch 152/200, Loss: 0.004
INFO:root:Epoch 153/200, Loss: 0.001
INFO:root:Epoch 154/200, Loss: 0.006
INFO:root:Epoch 155/200, Loss: 0.001
INFO:root:Epoch 156/200, Loss: 0.006
INFO:root:Epoch 157/200, Loss: 0.001
INFO:root:Epoch 158/200, Loss: 0.011
INFO:root:Epoch 159/200, Loss: 0.001
INFO:root:Epoch 160/200, Loss: 0.001
INFO:root:Train: MRR: 0.857, Hits@1: 0.733, Hits@10: 1.000, Hits@100: 1.000
INFO:root:Valid: MRR: 0.929, Hits@1: 0.900, Hits@10: 1.000, Hits@100: 1.000
INFO:root:Test: MRR: 0.747, Hits@1: 0.600, Hits@10: 1.000, Hits@100: 1.000
INFO:root:Epoch 161/200, Loss: 0.007
INFO:root:Epoch 162/200, Loss: 0.000
INFO:root:Epoch 163/200, Loss: 0.010
INFO:root:Epoch 164/200, Loss: 0.003
INFO:root:Epoch 165/200, Loss: 0.000
INFO:root:Epoch 166/200, Loss: 0.003
INFO:root:Epoch 167/200, Loss: 0.001
INFO:root:Epoch 168/200, Loss: 0.000
INFO:root:Epoch 169/200, Loss: 0.000
INFO:root:Epoch 170/200, Loss: 0.015
INFO:root:Train: MRR: 0.857, Hits@1: 0.733, Hits@10: 1.000, Hits@100: 1.000
INFO:root:Valid: MRR: 0.929, Hits@1: 0.900, Hits@10: 1.000, Hits@100: 1.000
INFO:root:Test: MRR: 0.747, Hits@1: 0.600, Hits@10: 1.000, Hits@100: 1.000
INFO:root:Epoch 171/200, Loss: 0.000
INFO:root:Epoch 172/200, Loss: 0.000
INFO:root:Epoch 173/200, Loss: 0.001
INFO:root:Epoch 174/200, Loss: 0.005
INFO:root:Epoch 175/200, Loss: 0.000
INFO:root:Epoch 176/200, Loss: 0.000
INFO:root:Epoch 177/200, Loss: 0.000
INFO:root:Epoch 178/200, Loss: 0.000
INFO:root:Epoch 179/200, Loss: 0.000
INFO:root:Epoch 180/200, Loss: 0.004
INFO:root:Train: MRR: 0.857, Hits@1: 0.733, Hits@10: 1.000, Hits@100: 1.000
INFO:root:Valid: MRR: 0.929, Hits@1: 0.900, Hits@10: 1.000, Hits@100: 1.000
INFO:root:Test: MRR: 0.747, Hits@1: 0.600, Hits@10: 1.000, Hits@100: 1.000
INFO:root:2024-11-23 13:09:04.340725
INFO:root:Namespace(K=3, agg=True, batch_size=1, dataset='UVA', device='cuda:1', dropout=0.5, epoch=200, epochs=200, in_channels=3, len_input=30, lr=0.0005, model='ASTGCN', nb_block=2, nb_chev_filter=2, nb_time_filter=2, num_for_predict=1, num_of_vertices=2500, partial=True, seed=0, struct='RNN-GNN', time_strides=1, timestep_hidden=20, weight_decay=0.0001)
INFO:root:Aggregated Hypergraph
INFO:root:Epoch 0/200, Loss: 1.386
INFO:root:Train: MRR: 0.000, Hits@1: 0.000, Hits@10: 0.000, Hits@100: 0.000
INFO:root:Valid: MRR: 0.000, Hits@1: 0.000, Hits@10: 0.000, Hits@100: 0.000
INFO:root:Test: MRR: 0.000, Hits@1: 0.000, Hits@10: 0.000, Hits@100: 0.000
INFO:root:Epoch 1/200, Loss: 1.386
INFO:root:Epoch 2/200, Loss: 1.386
INFO:root:Epoch 3/200, Loss: 1.386
INFO:root:Epoch 4/200, Loss: 1.386
INFO:root:Epoch 5/200, Loss: 1.386
INFO:root:Epoch 6/200, Loss: 1.386
INFO:root:2024-11-23 13:20:58.656580
INFO:root:Namespace(K=3, agg=True, batch_size=1, dataset='UVA', device='cuda:1', dropout=0.5, epoch=200, epochs=200, in_channels=3, len_input=30, lr=0.0005, model='ASTGCN', nb_block=2, nb_chev_filter=256, nb_time_filter=2, num_for_predict=1, num_of_vertices=2500, partial=True, seed=0, struct='RNN-GNN', time_strides=1, timestep_hidden=20, weight_decay=0.0)
INFO:root:Aggregated Hypergraph
INFO:root:******************* Training Started *******************
INFO:root:Epoch 0/200, Loss: 1.386
INFO:root:Train: MRR: 0.019, Hits@1: 0.017, Hits@10: 0.017, Hits@100: 0.067
INFO:root:Valid: MRR: 0.006, Hits@1: 0.000, Hits@10: 0.050, Hits@100: 0.050
INFO:root:Test: MRR: 0.001, Hits@1: 0.000, Hits@10: 0.000, Hits@100: 0.000
INFO:root:Epoch 1/200, Loss: 1.386
INFO:root:Epoch 2/200, Loss: 1.386
INFO:root:Epoch 3/200, Loss: 1.386
INFO:root:Epoch 4/200, Loss: 1.386
INFO:root:Epoch 5/200, Loss: 1.386
INFO:root:Epoch 6/200, Loss: 1.386
INFO:root:Epoch 7/200, Loss: 1.386
INFO:root:Epoch 8/200, Loss: 1.386
INFO:root:Epoch 9/200, Loss: 1.386
INFO:root:Epoch 10/200, Loss: 1.386
INFO:root:Train: MRR: 0.081, Hits@1: 0.067, Hits@10: 0.117, Hits@100: 0.233
INFO:root:Valid: MRR: 0.022, Hits@1: 0.000, Hits@10: 0.050, Hits@100: 0.200
INFO:root:Test: MRR: 0.029, Hits@1: 0.000, Hits@10: 0.050, Hits@100: 0.250
INFO:root:Epoch 11/200, Loss: 1.386
INFO:root:Epoch 12/200, Loss: 1.386
INFO:root:Epoch 13/200, Loss: 1.386
INFO:root:Epoch 14/200, Loss: 1.386
INFO:root:Epoch 15/200, Loss: 1.386
INFO:root:Epoch 16/200, Loss: 1.386
INFO:root:Epoch 17/200, Loss: 1.386
INFO:root:Epoch 18/200, Loss: 1.386
INFO:root:Epoch 19/200, Loss: 1.386
INFO:root:Epoch 20/200, Loss: 1.386
INFO:root:2024-11-24 20:51:14.915789
INFO:root:Namespace(K=3, agg=True, batch_size=1, dataset='UVA', device='cuda', dropout=0.5, epoch=200, epochs=200, in_channels=3, len_input=30, lr=0.0005, model='ASTGCN', nb_block=2, nb_chev_filter=256, nb_time_filter=256, num_for_predict=1, num_of_vertices=2500, partial=True, seed=0, struct='RNN-GNN', time_strides=1, timestep_hidden=20, weight_decay=0.0)
INFO:root:Aggregated Hypergraph
INFO:root:******************* Training Started *******************
INFO:root:Epoch 0/200, Loss: 0.035
INFO:root:Train: MRR: 0.541, Hits@1: 0.383, Hits@10: 0.833, Hits@100: 0.950
INFO:root:Valid: MRR: 0.287, Hits@1: 0.150, Hits@10: 0.700, Hits@100: 0.900
INFO:root:Test: MRR: 0.375, Hits@1: 0.250, Hits@10: 0.600, Hits@100: 0.800
INFO:root:Epoch 1/200, Loss: 0.377
INFO:root:Epoch 2/200, Loss: 0.519
INFO:root:Epoch 3/200, Loss: 0.230
INFO:root:Epoch 4/200, Loss: 0.080
INFO:root:Epoch 5/200, Loss: 0.244
INFO:root:Epoch 6/200, Loss: 0.427
INFO:root:Epoch 7/200, Loss: 0.215
INFO:root:Epoch 8/200, Loss: 0.887
INFO:root:Epoch 9/200, Loss: 0.057
INFO:root:Epoch 10/200, Loss: 1.332
INFO:root:Train: MRR: 0.319, Hits@1: 0.200, Hits@10: 0.583, Hits@100: 0.933
INFO:root:Valid: MRR: 0.252, Hits@1: 0.150, Hits@10: 0.500, Hits@100: 0.900
INFO:root:Test: MRR: 0.354, Hits@1: 0.200, Hits@10: 0.600, Hits@100: 0.950
INFO:root:Epoch 11/200, Loss: 0.212
INFO:root:Epoch 12/200, Loss: 0.189
INFO:root:Epoch 13/200, Loss: 0.188
INFO:root:Epoch 14/200, Loss: 0.028
INFO:root:Epoch 15/200, Loss: 0.025
INFO:root:Epoch 16/200, Loss: 0.123
INFO:root:Epoch 17/200, Loss: 0.245
INFO:root:Epoch 18/200, Loss: 0.288
INFO:root:Epoch 19/200, Loss: 0.221
INFO:root:Epoch 20/200, Loss: 0.050
INFO:root:Train: MRR: 0.327, Hits@1: 0.233, Hits@10: 0.583, Hits@100: 0.900
INFO:root:Valid: MRR: 0.350, Hits@1: 0.200, Hits@10: 0.600, Hits@100: 0.950
INFO:root:Test: MRR: 0.211, Hits@1: 0.000, Hits@10: 0.600, Hits@100: 0.950
INFO:root:Epoch 21/200, Loss: 0.044
INFO:root:Epoch 22/200, Loss: 0.009
INFO:root:Epoch 23/200, Loss: 0.153
INFO:root:Epoch 24/200, Loss: 0.227
INFO:root:Epoch 25/200, Loss: 0.025
INFO:root:Epoch 26/200, Loss: 0.223
INFO:root:Epoch 27/200, Loss: 0.349
INFO:root:Epoch 28/200, Loss: 0.153
INFO:root:Epoch 29/200, Loss: 0.036
INFO:root:Epoch 30/200, Loss: 0.090
INFO:root:Train: MRR: 0.311, Hits@1: 0.217, Hits@10: 0.533, Hits@100: 0.850
INFO:root:Valid: MRR: 0.314, Hits@1: 0.200, Hits@10: 0.500, Hits@100: 0.850
INFO:root:Test: MRR: 0.205, Hits@1: 0.000, Hits@10: 0.500, Hits@100: 0.850
INFO:root:Epoch 31/200, Loss: 0.026
INFO:root:Epoch 32/200, Loss: 0.716
INFO:root:Epoch 33/200, Loss: 0.284
INFO:root:Epoch 34/200, Loss: 0.421
INFO:root:Epoch 35/200, Loss: 1.521
INFO:root:Epoch 36/200, Loss: 1.407
INFO:root:Epoch 37/200, Loss: 0.247
INFO:root:Epoch 38/200, Loss: 0.232
INFO:root:Epoch 39/200, Loss: 0.469
INFO:root:Epoch 40/200, Loss: 0.486
INFO:root:Train: MRR: 0.132, Hits@1: 0.033, Hits@10: 0.267, Hits@100: 0.600
INFO:root:Valid: MRR: 0.136, Hits@1: 0.000, Hits@10: 0.300, Hits@100: 0.550
INFO:root:Test: MRR: 0.121, Hits@1: 0.000, Hits@10: 0.450, Hits@100: 0.550
INFO:root:Epoch 41/200, Loss: 0.755
INFO:root:Epoch 42/200, Loss: 1.394
INFO:root:Epoch 43/200, Loss: 1.388
INFO:root:Epoch 44/200, Loss: 1.392
INFO:root:Epoch 45/200, Loss: 1.398
INFO:root:Epoch 46/200, Loss: 1.513
INFO:root:Epoch 47/200, Loss: 1.410
INFO:root:Epoch 48/200, Loss: 1.390
INFO:root:Epoch 49/200, Loss: 1.418
INFO:root:Epoch 50/200, Loss: 1.400
INFO:root:Train: MRR: 0.065, Hits@1: 0.033, Hits@10: 0.133, Hits@100: 0.200
INFO:root:Valid: MRR: 0.060, Hits@1: 0.000, Hits@10: 0.150, Hits@100: 0.200
INFO:root:Test: MRR: 0.085, Hits@1: 0.000, Hits@10: 0.300, Hits@100: 0.300
INFO:root:Epoch 51/200, Loss: 1.445
INFO:root:Epoch 52/200, Loss: 1.391
INFO:root:Epoch 53/200, Loss: 1.400
INFO:root:Epoch 54/200, Loss: 1.431
INFO:root:Epoch 55/200, Loss: 1.410
INFO:root:Epoch 56/200, Loss: 1.388
INFO:root:Epoch 57/200, Loss: 0.889
INFO:root:Epoch 58/200, Loss: 1.390
INFO:root:Epoch 59/200, Loss: 1.387
INFO:root:Epoch 60/200, Loss: 1.388
INFO:root:Train: MRR: 0.058, Hits@1: 0.033, Hits@10: 0.133, Hits@100: 0.200
INFO:root:Valid: MRR: 0.031, Hits@1: 0.000, Hits@10: 0.150, Hits@100: 0.200
INFO:root:Test: MRR: 0.062, Hits@1: 0.000, Hits@10: 0.300, Hits@100: 0.300
INFO:root:Epoch 61/200, Loss: 1.385
INFO:root:Epoch 62/200, Loss: 1.444
INFO:root:Epoch 63/200, Loss: 1.398
INFO:root:Epoch 64/200, Loss: 0.830
INFO:root:Epoch 65/200, Loss: 1.400
INFO:root:Epoch 66/200, Loss: 1.394
INFO:root:Epoch 67/200, Loss: 1.394
INFO:root:Epoch 68/200, Loss: 0.945
INFO:root:Epoch 69/200, Loss: 0.626
INFO:root:Epoch 70/200, Loss: 1.387
INFO:root:Train: MRR: 0.042, Hits@1: 0.000, Hits@10: 0.150, Hits@100: 0.200
INFO:root:Valid: MRR: 0.031, Hits@1: 0.000, Hits@10: 0.150, Hits@100: 0.200
INFO:root:Test: MRR: 0.060, Hits@1: 0.000, Hits@10: 0.300, Hits@100: 0.300
INFO:root:Epoch 71/200, Loss: 0.901
INFO:root:Epoch 72/200, Loss: 1.386
INFO:root:Epoch 73/200, Loss: 1.387
INFO:root:Epoch 74/200, Loss: 1.398
INFO:root:Epoch 75/200, Loss: 1.385
INFO:root:Epoch 76/200, Loss: 1.444
INFO:root:Epoch 77/200, Loss: 1.407
INFO:root:Epoch 78/200, Loss: 1.388
INFO:root:Epoch 79/200, Loss: 1.389
INFO:root:Epoch 80/200, Loss: 1.433
INFO:root:Train: MRR: 0.044, Hits@1: 0.000, Hits@10: 0.150, Hits@100: 0.200
INFO:root:Valid: MRR: 0.045, Hits@1: 0.000, Hits@10: 0.150, Hits@100: 0.200
INFO:root:Test: MRR: 0.071, Hits@1: 0.000, Hits@10: 0.300, Hits@100: 0.300
INFO:root:Epoch 81/200, Loss: 0.728
INFO:root:Epoch 82/200, Loss: 1.385
INFO:root:Epoch 83/200, Loss: 1.393
INFO:root:Epoch 84/200, Loss: 1.385
INFO:root:Epoch 85/200, Loss: 1.421
INFO:root:Epoch 86/200, Loss: 1.386
INFO:root:Epoch 87/200, Loss: 1.384
INFO:root:Epoch 88/200, Loss: 1.385
INFO:root:Epoch 89/200, Loss: 1.384
INFO:root:Epoch 90/200, Loss: 1.387
INFO:root:Train: MRR: 0.042, Hits@1: 0.000, Hits@10: 0.150, Hits@100: 0.200
INFO:root:Valid: MRR: 0.032, Hits@1: 0.000, Hits@10: 0.150, Hits@100: 0.200
INFO:root:Test: MRR: 0.062, Hits@1: 0.000, Hits@10: 0.300, Hits@100: 0.300
INFO:root:Epoch 91/200, Loss: 1.393
INFO:root:Epoch 92/200, Loss: 1.385
INFO:root:Epoch 93/200, Loss: 1.382
INFO:root:Epoch 94/200, Loss: 1.387
INFO:root:Epoch 95/200, Loss: 0.684
INFO:root:Epoch 96/200, Loss: 1.399
INFO:root:Epoch 97/200, Loss: 1.385
INFO:root:Epoch 98/200, Loss: 1.383
INFO:root:Epoch 99/200, Loss: 1.383
INFO:root:Epoch 100/200, Loss: 1.386
INFO:root:Train: MRR: 0.039, Hits@1: 0.000, Hits@10: 0.150, Hits@100: 0.200
INFO:root:Valid: MRR: 0.032, Hits@1: 0.000, Hits@10: 0.150, Hits@100: 0.200
INFO:root:Test: MRR: 0.071, Hits@1: 0.000, Hits@10: 0.300, Hits@100: 0.300
INFO:root:Epoch 101/200, Loss: 1.394
INFO:root:Epoch 102/200, Loss: 1.395
INFO:root:Epoch 103/200, Loss: 1.392
INFO:root:Epoch 104/200, Loss: 1.412
INFO:root:Epoch 105/200, Loss: 1.385
INFO:root:Epoch 106/200, Loss: 1.386
INFO:root:Epoch 107/200, Loss: 1.387
INFO:root:Epoch 108/200, Loss: 1.383
INFO:root:Epoch 109/200, Loss: 1.386
INFO:root:Epoch 110/200, Loss: 1.384
INFO:root:Train: MRR: 0.059, Hits@1: 0.033, Hits@10: 0.150, Hits@100: 0.200
INFO:root:Valid: MRR: 0.032, Hits@1: 0.000, Hits@10: 0.150, Hits@100: 0.200
INFO:root:Test: MRR: 0.062, Hits@1: 0.000, Hits@10: 0.300, Hits@100: 0.300
INFO:root:Epoch 111/200, Loss: 1.112
INFO:root:Epoch 112/200, Loss: 1.384
INFO:root:Epoch 113/200, Loss: 1.385
INFO:root:Epoch 114/200, Loss: 1.383
INFO:root:Epoch 115/200, Loss: 1.387
INFO:root:Epoch 116/200, Loss: 1.385
INFO:root:Epoch 117/200, Loss: 0.857
INFO:root:Epoch 118/200, Loss: 1.383
INFO:root:Epoch 119/200, Loss: 1.386
INFO:root:Epoch 120/200, Loss: 1.384
INFO:root:Train: MRR: 0.059, Hits@1: 0.033, Hits@10: 0.150, Hits@100: 0.200
INFO:root:Valid: MRR: 0.032, Hits@1: 0.000, Hits@10: 0.150, Hits@100: 0.200
INFO:root:Test: MRR: 0.062, Hits@1: 0.000, Hits@10: 0.300, Hits@100: 0.300
INFO:root:Epoch 121/200, Loss: 1.384
INFO:root:Epoch 122/200, Loss: 1.385
INFO:root:Epoch 123/200, Loss: 1.383
INFO:root:Epoch 124/200, Loss: 1.384
INFO:root:Epoch 125/200, Loss: 1.388
INFO:root:Epoch 126/200, Loss: 1.383
INFO:root:Epoch 127/200, Loss: 0.831
INFO:root:Epoch 128/200, Loss: 0.779
INFO:root:Epoch 129/200, Loss: 1.384
INFO:root:Epoch 130/200, Loss: 1.388
INFO:root:Train: MRR: 0.063, Hits@1: 0.033, Hits@10: 0.150, Hits@100: 0.200
INFO:root:Valid: MRR: 0.032, Hits@1: 0.000, Hits@10: 0.150, Hits@100: 0.200
INFO:root:Test: MRR: 0.071, Hits@1: 0.000, Hits@10: 0.300, Hits@100: 0.300
INFO:root:Epoch 131/200, Loss: 1.383
INFO:root:Epoch 132/200, Loss: 1.383
INFO:root:Epoch 133/200, Loss: 1.383
INFO:root:Epoch 134/200, Loss: 1.386
INFO:root:Epoch 135/200, Loss: 1.383
INFO:root:Epoch 136/200, Loss: 1.382
INFO:root:Epoch 137/200, Loss: 1.393
INFO:root:Epoch 138/200, Loss: 0.806
INFO:root:Epoch 139/200, Loss: 1.383
INFO:root:Epoch 140/200, Loss: 1.383
INFO:root:Train: MRR: 0.063, Hits@1: 0.033, Hits@10: 0.150, Hits@100: 0.200
INFO:root:Valid: MRR: 0.032, Hits@1: 0.000, Hits@10: 0.150, Hits@100: 0.200
INFO:root:Test: MRR: 0.071, Hits@1: 0.000, Hits@10: 0.300, Hits@100: 0.300
INFO:root:Epoch 141/200, Loss: 1.384
INFO:root:Epoch 142/200, Loss: 1.383
INFO:root:Epoch 143/200, Loss: 1.383
INFO:root:Epoch 144/200, Loss: 1.400
INFO:root:Epoch 145/200, Loss: 1.384
INFO:root:Epoch 146/200, Loss: 1.388
INFO:root:Epoch 147/200, Loss: 1.383
INFO:root:Epoch 148/200, Loss: 1.389
INFO:root:Epoch 149/200, Loss: 1.382
INFO:root:Epoch 150/200, Loss: 1.395
INFO:root:Train: MRR: 0.066, Hits@1: 0.033, Hits@10: 0.150, Hits@100: 0.200
INFO:root:Valid: MRR: 0.039, Hits@1: 0.000, Hits@10: 0.150, Hits@100: 0.200
INFO:root:Test: MRR: 0.079, Hits@1: 0.000, Hits@10: 0.300, Hits@100: 0.300
INFO:root:Epoch 151/200, Loss: 1.385
INFO:root:Epoch 152/200, Loss: 1.383
INFO:root:Epoch 153/200, Loss: 1.383
INFO:root:Epoch 154/200, Loss: 1.382
INFO:root:Epoch 155/200, Loss: 1.385
INFO:root:Epoch 156/200, Loss: 0.825
INFO:root:Epoch 157/200, Loss: 1.388
INFO:root:Epoch 158/200, Loss: 1.383
INFO:root:Epoch 159/200, Loss: 1.102
INFO:root:Epoch 160/200, Loss: 1.385
INFO:root:Train: MRR: 0.066, Hits@1: 0.033, Hits@10: 0.150, Hits@100: 0.200
INFO:root:Valid: MRR: 0.039, Hits@1: 0.000, Hits@10: 0.150, Hits@100: 0.200
INFO:root:Test: MRR: 0.079, Hits@1: 0.000, Hits@10: 0.300, Hits@100: 0.300
INFO:root:Epoch 161/200, Loss: 1.386
INFO:root:Epoch 162/200, Loss: 1.383
INFO:root:Epoch 163/200, Loss: 1.383
INFO:root:Epoch 164/200, Loss: 1.384
INFO:root:Epoch 165/200, Loss: 1.383
INFO:root:Epoch 166/200, Loss: 1.385
INFO:root:Epoch 167/200, Loss: 1.382
INFO:root:Epoch 168/200, Loss: 1.382
INFO:root:Epoch 169/200, Loss: 1.381
INFO:root:Epoch 170/200, Loss: 1.382
INFO:root:Train: MRR: 0.064, Hits@1: 0.033, Hits@10: 0.150, Hits@100: 0.200
INFO:root:Valid: MRR: 0.032, Hits@1: 0.000, Hits@10: 0.150, Hits@100: 0.200
INFO:root:Test: MRR: 0.071, Hits@1: 0.000, Hits@10: 0.300, Hits@100: 0.300
INFO:root:Epoch 171/200, Loss: 1.392
INFO:root:Epoch 172/200, Loss: 1.382
INFO:root:Epoch 173/200, Loss: 1.383
INFO:root:Epoch 174/200, Loss: 1.382
INFO:root:Epoch 175/200, Loss: 1.382
INFO:root:Epoch 176/200, Loss: 1.381
INFO:root:Epoch 177/200, Loss: 1.384
INFO:root:Epoch 178/200, Loss: 1.384
INFO:root:Epoch 179/200, Loss: 1.242
INFO:root:Epoch 180/200, Loss: 1.382
INFO:root:Train: MRR: 0.070, Hits@1: 0.033, Hits@10: 0.150, Hits@100: 0.200
INFO:root:Valid: MRR: 0.114, Hits@1: 0.100, Hits@10: 0.150, Hits@100: 0.200
INFO:root:Test: MRR: 0.146, Hits@1: 0.100, Hits@10: 0.300, Hits@100: 0.300
INFO:root:Epoch 181/200, Loss: 1.382
INFO:root:Epoch 182/200, Loss: 1.383
INFO:root:Epoch 183/200, Loss: 1.383
INFO:root:Epoch 184/200, Loss: 0.743
INFO:root:Epoch 185/200, Loss: 1.383
INFO:root:Epoch 186/200, Loss: 1.395
INFO:root:Epoch 187/200, Loss: 1.382
INFO:root:Epoch 188/200, Loss: 1.385
INFO:root:Epoch 189/200, Loss: 1.382
INFO:root:Epoch 190/200, Loss: 1.381
