INFO:root:2024-11-23 14:47:47.229717
INFO:root:Namespace(K=3, agg=False, batch_size=1, dataset='UVA', device='cuda:1', dropout=0.5, epoch=200, epochs=200, in_channels=3, len_input=30, lr=0.0005, model='MSTGCN', nb_block=2, nb_chev_filter=256, nb_time_filter=256, num_for_predict=1, num_of_vertices=2500, partial=True, seed=0, struct='RNN-GNN', time_strides=1, timestep_hidden=20, weight_decay=0.0001)
INFO:root:Sparse Hypergraph
INFO:root:******************* Training Started *******************
INFO:root:Epoch 0/200, Loss: 0.013
INFO:root:Train: MRR: 0.565, Hits@1: 0.367, Hits@10: 1.000, Hits@100: 1.000
INFO:root:Valid: MRR: 0.528, Hits@1: 0.300, Hits@10: 1.000, Hits@100: 1.000
INFO:root:Test: MRR: 0.487, Hits@1: 0.250, Hits@10: 0.900, Hits@100: 1.000
INFO:root:Epoch 1/200, Loss: 0.015
INFO:root:Epoch 2/200, Loss: 0.028
INFO:root:Epoch 3/200, Loss: 0.372
INFO:root:Epoch 4/200, Loss: 0.007
INFO:root:Epoch 5/200, Loss: 0.010
INFO:root:Epoch 6/200, Loss: 0.176
INFO:root:Epoch 7/200, Loss: 0.012
INFO:root:Epoch 8/200, Loss: 0.005
INFO:root:Epoch 9/200, Loss: 0.025
INFO:root:Epoch 10/200, Loss: 0.020
INFO:root:Train: MRR: 0.650, Hits@1: 0.450, Hits@10: 1.000, Hits@100: 1.000
INFO:root:Valid: MRR: 0.608, Hits@1: 0.400, Hits@10: 1.000, Hits@100: 1.000
INFO:root:Test: MRR: 0.394, Hits@1: 0.100, Hits@10: 0.900, Hits@100: 1.000
INFO:root:Epoch 11/200, Loss: 0.021
INFO:root:Epoch 12/200, Loss: 0.005
INFO:root:Epoch 13/200, Loss: 0.027
INFO:root:Epoch 14/200, Loss: 0.001
INFO:root:Epoch 15/200, Loss: 0.012
INFO:root:Epoch 16/200, Loss: 0.021
INFO:root:Epoch 17/200, Loss: 0.020
INFO:root:Epoch 18/200, Loss: 0.004
INFO:root:Epoch 19/200, Loss: 0.017
INFO:root:Epoch 20/200, Loss: 0.016
INFO:root:Train: MRR: 0.572, Hits@1: 0.317, Hits@10: 1.000, Hits@100: 1.000
INFO:root:Valid: MRR: 0.600, Hits@1: 0.400, Hits@10: 1.000, Hits@100: 1.000
INFO:root:Test: MRR: 0.422, Hits@1: 0.150, Hits@10: 0.900, Hits@100: 1.000
INFO:root:Epoch 21/200, Loss: 0.020
INFO:root:Epoch 22/200, Loss: 0.025
INFO:root:Epoch 23/200, Loss: 0.013
INFO:root:Epoch 24/200, Loss: 0.029
INFO:root:Epoch 25/200, Loss: 0.036
INFO:root:Epoch 26/200, Loss: 0.017
INFO:root:Epoch 27/200, Loss: 0.009
INFO:root:Epoch 28/200, Loss: 0.025
INFO:root:Epoch 29/200, Loss: 0.010
INFO:root:Epoch 30/200, Loss: 0.001
INFO:root:Train: MRR: 0.666, Hits@1: 0.467, Hits@10: 1.000, Hits@100: 1.000
INFO:root:Valid: MRR: 0.543, Hits@1: 0.300, Hits@10: 1.000, Hits@100: 1.000
INFO:root:Test: MRR: 0.426, Hits@1: 0.150, Hits@10: 0.900, Hits@100: 1.000
INFO:root:Epoch 31/200, Loss: 0.003
INFO:root:Epoch 32/200, Loss: 0.020
INFO:root:Epoch 33/200, Loss: 0.021
INFO:root:Epoch 34/200, Loss: 0.000
INFO:root:Epoch 35/200, Loss: 0.014
INFO:root:Epoch 36/200, Loss: 0.012
INFO:root:Epoch 37/200, Loss: 0.019
INFO:root:Epoch 38/200, Loss: 0.020
INFO:root:Epoch 39/200, Loss: 0.006
INFO:root:Epoch 40/200, Loss: 0.018
INFO:root:Train: MRR: 0.596, Hits@1: 0.333, Hits@10: 1.000, Hits@100: 1.000
INFO:root:Valid: MRR: 0.597, Hits@1: 0.400, Hits@10: 1.000, Hits@100: 1.000
INFO:root:Test: MRR: 0.483, Hits@1: 0.250, Hits@10: 0.900, Hits@100: 1.000
INFO:root:Epoch 41/200, Loss: 0.017
INFO:root:Epoch 42/200, Loss: 0.015
INFO:root:Epoch 43/200, Loss: 0.010
INFO:root:Epoch 44/200, Loss: 0.014
INFO:root:Epoch 45/200, Loss: 0.000
INFO:root:Epoch 46/200, Loss: 0.010
INFO:root:Epoch 47/200, Loss: 0.009
INFO:root:Epoch 48/200, Loss: 0.013
INFO:root:Epoch 49/200, Loss: 0.012
INFO:root:Epoch 50/200, Loss: 0.005
INFO:root:Train: MRR: 0.642, Hits@1: 0.383, Hits@10: 1.000, Hits@100: 1.000
INFO:root:Valid: MRR: 0.617, Hits@1: 0.450, Hits@10: 1.000, Hits@100: 1.000
INFO:root:Test: MRR: 0.445, Hits@1: 0.200, Hits@10: 0.900, Hits@100: 0.900
INFO:root:Epoch 51/200, Loss: 0.013
INFO:root:Epoch 52/200, Loss: 0.007
INFO:root:Epoch 53/200, Loss: 0.009
INFO:root:Epoch 54/200, Loss: 0.026
INFO:root:Epoch 55/200, Loss: 0.007
INFO:root:Epoch 56/200, Loss: 0.000
INFO:root:Epoch 57/200, Loss: 0.006
INFO:root:Epoch 58/200, Loss: 0.009
INFO:root:Epoch 59/200, Loss: 0.014
INFO:root:Epoch 60/200, Loss: 0.010
INFO:root:Train: MRR: 0.726, Hits@1: 0.517, Hits@10: 1.000, Hits@100: 1.000
INFO:root:Valid: MRR: 0.643, Hits@1: 0.500, Hits@10: 0.950, Hits@100: 1.000
INFO:root:Test: MRR: 0.484, Hits@1: 0.250, Hits@10: 0.900, Hits@100: 1.000
INFO:root:Epoch 61/200, Loss: 0.012
INFO:root:Epoch 62/200, Loss: 0.013
INFO:root:Epoch 63/200, Loss: 0.006
INFO:root:Epoch 64/200, Loss: 0.002
INFO:root:Epoch 65/200, Loss: 0.003
INFO:root:Epoch 66/200, Loss: 0.005
INFO:root:Epoch 67/200, Loss: 0.009
INFO:root:Epoch 68/200, Loss: 0.018
INFO:root:Epoch 69/200, Loss: 0.010
INFO:root:Epoch 70/200, Loss: 0.006
INFO:root:Train: MRR: 0.712, Hits@1: 0.517, Hits@10: 1.000, Hits@100: 1.000
INFO:root:Valid: MRR: 0.608, Hits@1: 0.450, Hits@10: 0.950, Hits@100: 1.000
INFO:root:Test: MRR: 0.513, Hits@1: 0.300, Hits@10: 0.900, Hits@100: 1.000
INFO:root:Epoch 71/200, Loss: 0.010
INFO:root:Epoch 72/200, Loss: 0.013
INFO:root:Epoch 73/200, Loss: 0.015
INFO:root:Epoch 74/200, Loss: 0.012
INFO:root:Epoch 75/200, Loss: 0.009
INFO:root:Epoch 76/200, Loss: 0.014
INFO:root:Epoch 77/200, Loss: 0.007
INFO:root:Epoch 78/200, Loss: 0.014
INFO:root:Epoch 79/200, Loss: 0.001
INFO:root:Epoch 80/200, Loss: 0.005
INFO:root:Train: MRR: 0.644, Hits@1: 0.400, Hits@10: 1.000, Hits@100: 1.000
INFO:root:Valid: MRR: 0.548, Hits@1: 0.350, Hits@10: 0.950, Hits@100: 1.000
INFO:root:Test: MRR: 0.495, Hits@1: 0.300, Hits@10: 0.900, Hits@100: 1.000
INFO:root:Epoch 81/200, Loss: 0.013
INFO:root:Epoch 82/200, Loss: 0.005
INFO:root:Epoch 83/200, Loss: 0.008
INFO:root:Epoch 84/200, Loss: 0.012
INFO:root:Epoch 85/200, Loss: 0.009
INFO:root:Epoch 86/200, Loss: 0.006
INFO:root:Epoch 87/200, Loss: 0.006
INFO:root:Epoch 88/200, Loss: 0.004
INFO:root:Epoch 89/200, Loss: 0.010
INFO:root:Epoch 90/200, Loss: 0.010
INFO:root:Train: MRR: 0.703, Hits@1: 0.517, Hits@10: 1.000, Hits@100: 1.000
INFO:root:Valid: MRR: 0.583, Hits@1: 0.400, Hits@10: 1.000, Hits@100: 1.000
INFO:root:Test: MRR: 0.442, Hits@1: 0.200, Hits@10: 0.900, Hits@100: 1.000
INFO:root:Epoch 91/200, Loss: 0.007
INFO:root:Epoch 92/200, Loss: 0.012
INFO:root:Epoch 93/200, Loss: 0.015
INFO:root:Epoch 94/200, Loss: 0.013
INFO:root:Epoch 95/200, Loss: 0.003
INFO:root:Epoch 96/200, Loss: 0.015
INFO:root:Epoch 97/200, Loss: 0.008
INFO:root:Epoch 98/200, Loss: 0.012
INFO:root:Epoch 99/200, Loss: 0.008
INFO:root:Epoch 100/200, Loss: 0.013
INFO:root:Train: MRR: 0.742, Hits@1: 0.550, Hits@10: 1.000, Hits@100: 1.000
INFO:root:Valid: MRR: 0.635, Hits@1: 0.500, Hits@10: 0.950, Hits@100: 1.000
INFO:root:Test: MRR: 0.508, Hits@1: 0.300, Hits@10: 0.900, Hits@100: 1.000
INFO:root:Epoch 101/200, Loss: 0.013
INFO:root:Epoch 102/200, Loss: 0.002
INFO:root:Epoch 103/200, Loss: 0.011
INFO:root:Epoch 104/200, Loss: 0.014
INFO:root:Epoch 105/200, Loss: 0.009
INFO:root:Epoch 106/200, Loss: 0.004
INFO:root:Epoch 107/200, Loss: 0.011
INFO:root:Epoch 108/200, Loss: 0.007
INFO:root:Epoch 109/200, Loss: 0.008
INFO:root:Epoch 110/200, Loss: 0.001
INFO:root:Train: MRR: 0.764, Hits@1: 0.583, Hits@10: 1.000, Hits@100: 1.000
INFO:root:Valid: MRR: 0.559, Hits@1: 0.350, Hits@10: 0.950, Hits@100: 0.950
INFO:root:Test: MRR: 0.521, Hits@1: 0.300, Hits@10: 0.900, Hits@100: 1.000
INFO:root:Epoch 111/200, Loss: 0.003
INFO:root:Epoch 112/200, Loss: 0.002
INFO:root:Epoch 113/200, Loss: 0.005
INFO:root:Epoch 114/200, Loss: 0.007
INFO:root:Epoch 115/200, Loss: 0.006
INFO:root:Epoch 116/200, Loss: 0.006
INFO:root:Epoch 117/200, Loss: 0.007
INFO:root:Epoch 118/200, Loss: 0.012
INFO:root:Epoch 119/200, Loss: 0.016
INFO:root:Epoch 120/200, Loss: 0.007
INFO:root:Train: MRR: 0.725, Hits@1: 0.517, Hits@10: 1.000, Hits@100: 1.000
INFO:root:Valid: MRR: 0.608, Hits@1: 0.450, Hits@10: 0.950, Hits@100: 0.950
INFO:root:Test: MRR: 0.467, Hits@1: 0.200, Hits@10: 0.900, Hits@100: 1.000
INFO:root:Epoch 121/200, Loss: 0.006
INFO:root:Epoch 122/200, Loss: 0.003
INFO:root:Epoch 123/200, Loss: 0.004
INFO:root:Epoch 124/200, Loss: 0.021
INFO:root:Epoch 125/200, Loss: 0.020
INFO:root:Epoch 126/200, Loss: 0.008
INFO:root:Epoch 127/200, Loss: 0.000
INFO:root:Epoch 128/200, Loss: 0.006
INFO:root:Epoch 129/200, Loss: 0.008
INFO:root:Epoch 130/200, Loss: 0.007
INFO:root:Train: MRR: 0.738, Hits@1: 0.533, Hits@10: 1.000, Hits@100: 1.000
INFO:root:Valid: MRR: 0.607, Hits@1: 0.450, Hits@10: 0.950, Hits@100: 1.000
INFO:root:Test: MRR: 0.505, Hits@1: 0.300, Hits@10: 0.900, Hits@100: 1.000
INFO:root:Epoch 131/200, Loss: 0.008
INFO:root:Epoch 132/200, Loss: 0.014
INFO:root:Epoch 133/200, Loss: 0.022
INFO:root:Epoch 134/200, Loss: 0.012
INFO:root:Epoch 135/200, Loss: 0.004
INFO:root:Epoch 136/200, Loss: 0.016
INFO:root:Epoch 137/200, Loss: 0.001
INFO:root:Epoch 138/200, Loss: 0.012
INFO:root:Epoch 139/200, Loss: 0.011
INFO:root:Epoch 140/200, Loss: 0.010
INFO:root:Train: MRR: 0.749, Hits@1: 0.567, Hits@10: 1.000, Hits@100: 1.000
INFO:root:Valid: MRR: 0.593, Hits@1: 0.450, Hits@10: 0.950, Hits@100: 0.950
INFO:root:Test: MRR: 0.542, Hits@1: 0.350, Hits@10: 0.900, Hits@100: 1.000
INFO:root:Epoch 141/200, Loss: 0.005
INFO:root:Epoch 142/200, Loss: 0.007
INFO:root:Epoch 143/200, Loss: 0.009
INFO:root:Epoch 144/200, Loss: 0.012
INFO:root:Epoch 145/200, Loss: 0.012
INFO:root:Epoch 146/200, Loss: 0.006
INFO:root:Epoch 147/200, Loss: 0.008
INFO:root:Epoch 148/200, Loss: 0.005
INFO:root:Epoch 149/200, Loss: 0.009
INFO:root:Epoch 150/200, Loss: 0.021
INFO:root:Train: MRR: 0.727, Hits@1: 0.517, Hits@10: 1.000, Hits@100: 1.000
INFO:root:Valid: MRR: 0.529, Hits@1: 0.300, Hits@10: 0.950, Hits@100: 0.950
INFO:root:Test: MRR: 0.496, Hits@1: 0.250, Hits@10: 0.900, Hits@100: 1.000
INFO:root:Epoch 151/200, Loss: 0.003
INFO:root:Epoch 152/200, Loss: 0.004
INFO:root:Epoch 153/200, Loss: 0.005
INFO:root:Epoch 154/200, Loss: 0.007
INFO:root:Epoch 155/200, Loss: 0.007
INFO:root:Epoch 156/200, Loss: 0.010
INFO:root:Epoch 157/200, Loss: 0.010
INFO:root:Epoch 158/200, Loss: 0.005
INFO:root:Epoch 159/200, Loss: 0.010
INFO:root:Epoch 160/200, Loss: 0.001
INFO:root:Train: MRR: 0.757, Hits@1: 0.600, Hits@10: 1.000, Hits@100: 1.000
INFO:root:Valid: MRR: 0.613, Hits@1: 0.450, Hits@10: 0.950, Hits@100: 0.950
INFO:root:Test: MRR: 0.470, Hits@1: 0.250, Hits@10: 0.900, Hits@100: 0.900
INFO:root:Epoch 161/200, Loss: 0.003
INFO:root:Epoch 162/200, Loss: 0.013
INFO:root:Epoch 163/200, Loss: 0.010
INFO:root:Epoch 164/200, Loss: 0.005
INFO:root:Epoch 165/200, Loss: 0.007
INFO:root:Epoch 166/200, Loss: 0.011
INFO:root:Epoch 167/200, Loss: 0.006
INFO:root:Epoch 168/200, Loss: 0.008
INFO:root:Epoch 169/200, Loss: 0.009
INFO:root:Epoch 170/200, Loss: 0.006
INFO:root:Train: MRR: 0.753, Hits@1: 0.550, Hits@10: 1.000, Hits@100: 1.000
INFO:root:Valid: MRR: 0.596, Hits@1: 0.450, Hits@10: 0.950, Hits@100: 0.950
INFO:root:Test: MRR: 0.539, Hits@1: 0.350, Hits@10: 0.900, Hits@100: 1.000
INFO:root:Epoch 171/200, Loss: 0.006
