INFO:root:2024-11-21 11:20:24.620108
INFO:root:Namespace(K=3, agg=True, batch_size=1, dataset='UVA', device='cuda:2', dropout=0.5, epoch=200, epochs=200, in_channels=3, len_input=30, lr=0.0005, model='MSTGCN', nb_block=2, nb_chev_filter=2, nb_time_filter=2, num_for_predict=1, num_of_vertices=2500, partial=True, seed=0, struct='RNN-GNN', time_strides=1, timestep_hidden=20, weight_decay=0.0001)
INFO:root:******************* Training Started *******************
INFO:root:Epoch 0/200, Loss: 1.235
INFO:root:Train: MRR: 0.017, Hits@1: 0.000, Hits@10: 0.050, Hits@100: 0.167
INFO:root:Valid: MRR: 0.003, Hits@1: 0.000, Hits@10: 0.000, Hits@100: 0.050
INFO:root:Test: MRR: 0.029, Hits@1: 0.000, Hits@10: 0.100, Hits@100: 0.150
INFO:root:Epoch 1/200, Loss: 1.385
INFO:root:Epoch 2/200, Loss: 1.314
INFO:root:Epoch 3/200, Loss: 1.568
INFO:root:Epoch 4/200, Loss: 1.288
INFO:root:Epoch 5/200, Loss: 1.345
INFO:root:Epoch 6/200, Loss: 1.225
INFO:root:Epoch 7/200, Loss: 1.026
INFO:root:Epoch 8/200, Loss: 1.412
INFO:root:Epoch 9/200, Loss: 1.418
INFO:root:Epoch 10/200, Loss: 1.410
INFO:root:Train: MRR: 0.066, Hits@1: 0.033, Hits@10: 0.150, Hits@100: 0.367
INFO:root:Valid: MRR: 0.019, Hits@1: 0.000, Hits@10: 0.050, Hits@100: 0.350
INFO:root:Test: MRR: 0.046, Hits@1: 0.000, Hits@10: 0.150, Hits@100: 0.500
INFO:root:Epoch 11/200, Loss: 1.272
INFO:root:Epoch 12/200, Loss: 1.401
INFO:root:Epoch 13/200, Loss: 1.403
INFO:root:Epoch 14/200, Loss: 1.402
INFO:root:Epoch 15/200, Loss: 1.408
INFO:root:Epoch 16/200, Loss: 1.227
INFO:root:Epoch 17/200, Loss: 1.205
INFO:root:Epoch 18/200, Loss: 1.081
INFO:root:Epoch 19/200, Loss: 1.447
INFO:root:Epoch 20/200, Loss: 1.265
INFO:root:Train: MRR: 0.073, Hits@1: 0.033, Hits@10: 0.100, Hits@100: 0.367
INFO:root:Valid: MRR: 0.020, Hits@1: 0.000, Hits@10: 0.000, Hits@100: 0.400
INFO:root:Test: MRR: 0.077, Hits@1: 0.000, Hits@10: 0.150, Hits@100: 0.600
INFO:root:Epoch 21/200, Loss: 0.983
INFO:root:Epoch 22/200, Loss: 1.416
INFO:root:Epoch 23/200, Loss: 0.960
INFO:root:Epoch 24/200, Loss: 0.995
INFO:root:Epoch 25/200, Loss: 1.384
INFO:root:Epoch 26/200, Loss: 1.055
INFO:root:Epoch 27/200, Loss: 1.029
INFO:root:Epoch 28/200, Loss: 0.748
INFO:root:Epoch 29/200, Loss: 0.922
INFO:root:Epoch 30/200, Loss: 1.200
INFO:root:Train: MRR: 0.075, Hits@1: 0.033, Hits@10: 0.133, Hits@100: 0.383
INFO:root:Valid: MRR: 0.035, Hits@1: 0.000, Hits@10: 0.150, Hits@100: 0.400
INFO:root:Test: MRR: 0.095, Hits@1: 0.000, Hits@10: 0.300, Hits@100: 0.700
INFO:root:Epoch 31/200, Loss: 0.755
INFO:root:Epoch 32/200, Loss: 1.412
INFO:root:Epoch 33/200, Loss: 1.411
INFO:root:Epoch 34/200, Loss: 0.838
INFO:root:Epoch 35/200, Loss: 1.417
INFO:root:Epoch 36/200, Loss: 1.415
INFO:root:Epoch 37/200, Loss: 1.418
INFO:root:Epoch 38/200, Loss: 0.687
INFO:root:Epoch 39/200, Loss: 1.152
INFO:root:Epoch 40/200, Loss: 1.415
INFO:root:Train: MRR: 0.095, Hits@1: 0.067, Hits@10: 0.133, Hits@100: 0.400
INFO:root:Valid: MRR: 0.041, Hits@1: 0.000, Hits@10: 0.150, Hits@100: 0.350
INFO:root:Test: MRR: 0.157, Hits@1: 0.100, Hits@10: 0.300, Hits@100: 0.650
INFO:root:Epoch 41/200, Loss: 1.384
INFO:root:Epoch 42/200, Loss: 1.415
INFO:root:Epoch 43/200, Loss: 1.420
INFO:root:Epoch 44/200, Loss: 0.840
INFO:root:Epoch 45/200, Loss: 1.415
INFO:root:Epoch 46/200, Loss: 1.390
INFO:root:Epoch 47/200, Loss: 0.830
INFO:root:Epoch 48/200, Loss: 1.415
INFO:root:Epoch 49/200, Loss: 1.421
INFO:root:Epoch 50/200, Loss: 1.423
INFO:root:Train: MRR: 0.098, Hits@1: 0.067, Hits@10: 0.167, Hits@100: 0.467
INFO:root:Valid: MRR: 0.042, Hits@1: 0.000, Hits@10: 0.150, Hits@100: 0.400
INFO:root:Test: MRR: 0.155, Hits@1: 0.100, Hits@10: 0.300, Hits@100: 0.700
INFO:root:Epoch 51/200, Loss: 1.199
INFO:root:Epoch 52/200, Loss: 1.419
INFO:root:Epoch 53/200, Loss: 1.061
INFO:root:Epoch 54/200, Loss: 1.424
INFO:root:Epoch 55/200, Loss: 0.933
INFO:root:Epoch 56/200, Loss: 0.994
INFO:root:Epoch 57/200, Loss: 0.680
INFO:root:Epoch 58/200, Loss: 1.414
INFO:root:Epoch 59/200, Loss: 1.415
INFO:root:Epoch 60/200, Loss: 0.786
INFO:root:Train: MRR: 0.099, Hits@1: 0.067, Hits@10: 0.133, Hits@100: 0.450
INFO:root:Valid: MRR: 0.044, Hits@1: 0.000, Hits@10: 0.150, Hits@100: 0.400
INFO:root:Test: MRR: 0.155, Hits@1: 0.100, Hits@10: 0.300, Hits@100: 0.700
INFO:root:Epoch 61/200, Loss: 1.408
INFO:root:Epoch 62/200, Loss: 1.121
INFO:root:Epoch 63/200, Loss: 0.794
INFO:root:Epoch 64/200, Loss: 1.396
INFO:root:Epoch 65/200, Loss: 1.418
INFO:root:Epoch 66/200, Loss: 1.412
INFO:root:Epoch 67/200, Loss: 1.124
INFO:root:Epoch 68/200, Loss: 0.681
INFO:root:Epoch 69/200, Loss: 0.888
INFO:root:Epoch 70/200, Loss: 1.411
INFO:root:Train: MRR: 0.102, Hits@1: 0.067, Hits@10: 0.150, Hits@100: 0.450
INFO:root:Valid: MRR: 0.056, Hits@1: 0.000, Hits@10: 0.150, Hits@100: 0.400
INFO:root:Test: MRR: 0.171, Hits@1: 0.100, Hits@10: 0.300, Hits@100: 0.700
INFO:root:Epoch 71/200, Loss: 0.790
INFO:root:Epoch 72/200, Loss: 1.412
INFO:root:Epoch 73/200, Loss: 1.411
INFO:root:Epoch 74/200, Loss: 1.409
INFO:root:Epoch 75/200, Loss: 1.400
INFO:root:Epoch 76/200, Loss: 1.414
INFO:root:Epoch 77/200, Loss: 0.976
INFO:root:Epoch 78/200, Loss: 0.760
INFO:root:Epoch 79/200, Loss: 1.418
INFO:root:Epoch 80/200, Loss: 1.410
INFO:root:Train: MRR: 0.104, Hits@1: 0.067, Hits@10: 0.167, Hits@100: 0.450
INFO:root:Valid: MRR: 0.056, Hits@1: 0.000, Hits@10: 0.150, Hits@100: 0.400
INFO:root:Test: MRR: 0.170, Hits@1: 0.100, Hits@10: 0.300, Hits@100: 0.700
INFO:root:Epoch 81/200, Loss: 1.409
INFO:root:Epoch 82/200, Loss: 1.409
INFO:root:Epoch 83/200, Loss: 0.730
INFO:root:Epoch 84/200, Loss: 1.067
INFO:root:Epoch 85/200, Loss: 1.404
INFO:root:Epoch 86/200, Loss: 1.372
INFO:root:Epoch 87/200, Loss: 0.761
INFO:root:Epoch 88/200, Loss: 1.413
INFO:root:Epoch 89/200, Loss: 1.412
INFO:root:Epoch 90/200, Loss: 1.405
INFO:root:Train: MRR: 0.082, Hits@1: 0.033, Hits@10: 0.167, Hits@100: 0.450
INFO:root:Valid: MRR: 0.135, Hits@1: 0.100, Hits@10: 0.150, Hits@100: 0.400
INFO:root:Test: MRR: 0.189, Hits@1: 0.100, Hits@10: 0.350, Hits@100: 0.700
INFO:root:Epoch 91/200, Loss: 1.047
INFO:root:Epoch 92/200, Loss: 1.403
INFO:root:Epoch 93/200, Loss: 1.403
INFO:root:Epoch 94/200, Loss: 1.407
INFO:root:Epoch 95/200, Loss: 1.401
INFO:root:Epoch 96/200, Loss: 1.403
INFO:root:Epoch 97/200, Loss: 1.400
INFO:root:Epoch 98/200, Loss: 1.403
INFO:root:Epoch 99/200, Loss: 1.401
INFO:root:Epoch 100/200, Loss: 0.788
INFO:root:Train: MRR: 0.093, Hits@1: 0.050, Hits@10: 0.183, Hits@100: 0.433
INFO:root:Valid: MRR: 0.071, Hits@1: 0.000, Hits@10: 0.150, Hits@100: 0.400
INFO:root:Test: MRR: 0.189, Hits@1: 0.100, Hits@10: 0.350, Hits@100: 0.700
INFO:root:Epoch 101/200, Loss: 1.401
INFO:root:Epoch 102/200, Loss: 1.399
INFO:root:Epoch 103/200, Loss: 1.406
INFO:root:Epoch 104/200, Loss: 1.399
INFO:root:Epoch 105/200, Loss: 1.401
INFO:root:Epoch 106/200, Loss: 0.915
INFO:root:Epoch 107/200, Loss: 1.060
INFO:root:Epoch 108/200, Loss: 1.393
INFO:root:Epoch 109/200, Loss: 0.689
INFO:root:Epoch 110/200, Loss: 1.392
INFO:root:Train: MRR: 0.076, Hits@1: 0.033, Hits@10: 0.183, Hits@100: 0.433
INFO:root:Valid: MRR: 0.135, Hits@1: 0.100, Hits@10: 0.200, Hits@100: 0.350
INFO:root:Test: MRR: 0.145, Hits@1: 0.050, Hits@10: 0.350, Hits@100: 0.600
INFO:root:Epoch 111/200, Loss: 1.391
INFO:root:Epoch 112/200, Loss: 0.953
INFO:root:Epoch 113/200, Loss: 1.391
INFO:root:Epoch 114/200, Loss: 1.389
INFO:root:Epoch 115/200, Loss: 1.390
INFO:root:Epoch 116/200, Loss: 0.882
INFO:root:Epoch 117/200, Loss: 1.343
INFO:root:Epoch 118/200, Loss: 1.046
INFO:root:Epoch 119/200, Loss: 1.386
INFO:root:Epoch 120/200, Loss: 1.389
INFO:root:Train: MRR: 0.058, Hits@1: 0.033, Hits@10: 0.100, Hits@100: 0.350
INFO:root:Valid: MRR: 0.050, Hits@1: 0.000, Hits@10: 0.100, Hits@100: 0.350
INFO:root:Test: MRR: 0.135, Hits@1: 0.050, Hits@10: 0.300, Hits@100: 0.550
INFO:root:Epoch 121/200, Loss: 1.265
INFO:root:Epoch 122/200, Loss: 1.388
INFO:root:Epoch 123/200, Loss: 1.387
INFO:root:Epoch 124/200, Loss: 1.179
INFO:root:Epoch 125/200, Loss: 1.179
INFO:root:Epoch 126/200, Loss: 1.390
INFO:root:Epoch 127/200, Loss: 1.379
INFO:root:Epoch 128/200, Loss: 1.393
INFO:root:Epoch 129/200, Loss: 1.743
INFO:root:Epoch 130/200, Loss: 0.862
INFO:root:Train: MRR: 0.077, Hits@1: 0.033, Hits@10: 0.117, Hits@100: 0.450
INFO:root:Valid: MRR: 0.023, Hits@1: 0.000, Hits@10: 0.100, Hits@100: 0.500
INFO:root:Test: MRR: 0.128, Hits@1: 0.050, Hits@10: 0.300, Hits@100: 0.650
INFO:root:Epoch 131/200, Loss: 1.390
INFO:root:Epoch 132/200, Loss: 1.138
INFO:root:Epoch 133/200, Loss: 1.392
INFO:root:Epoch 134/200, Loss: 0.874
INFO:root:Epoch 135/200, Loss: 1.391
INFO:root:Epoch 136/200, Loss: 0.738
INFO:root:Epoch 137/200, Loss: 1.103
INFO:root:Epoch 138/200, Loss: 1.024
INFO:root:Epoch 139/200, Loss: 1.227
INFO:root:Epoch 140/200, Loss: 1.298
INFO:root:Train: MRR: 0.071, Hits@1: 0.033, Hits@10: 0.133, Hits@100: 0.483
INFO:root:Valid: MRR: 0.045, Hits@1: 0.000, Hits@10: 0.100, Hits@100: 0.400
INFO:root:Test: MRR: 0.152, Hits@1: 0.050, Hits@10: 0.300, Hits@100: 0.550
INFO:root:Epoch 141/200, Loss: 0.898
INFO:root:Epoch 142/200, Loss: 0.964
INFO:root:Epoch 143/200, Loss: 1.236
INFO:root:Epoch 144/200, Loss: 1.381
INFO:root:Epoch 145/200, Loss: 1.395
INFO:root:Epoch 146/200, Loss: 1.389
INFO:root:Epoch 147/200, Loss: 0.867
INFO:root:Epoch 148/200, Loss: 1.393
INFO:root:Epoch 149/200, Loss: 1.389
INFO:root:Epoch 150/200, Loss: 1.388
INFO:root:Train: MRR: 0.045, Hits@1: 0.000, Hits@10: 0.117, Hits@100: 0.467
INFO:root:Valid: MRR: 0.038, Hits@1: 0.000, Hits@10: 0.100, Hits@100: 0.350
INFO:root:Test: MRR: 0.145, Hits@1: 0.050, Hits@10: 0.300, Hits@100: 0.550
INFO:root:Epoch 151/200, Loss: 1.187
INFO:root:Epoch 152/200, Loss: 1.175
INFO:root:Epoch 153/200, Loss: 1.386
INFO:root:Epoch 154/200, Loss: 0.840
INFO:root:Epoch 155/200, Loss: 1.393
INFO:root:Epoch 156/200, Loss: 1.389
INFO:root:Epoch 157/200, Loss: 1.151
INFO:root:Epoch 158/200, Loss: 1.388
INFO:root:Epoch 159/200, Loss: 1.136
INFO:root:Epoch 160/200, Loss: 1.386
INFO:root:Train: MRR: 0.071, Hits@1: 0.033, Hits@10: 0.133, Hits@100: 0.467
INFO:root:Valid: MRR: 0.045, Hits@1: 0.000, Hits@10: 0.100, Hits@100: 0.350
INFO:root:Test: MRR: 0.146, Hits@1: 0.050, Hits@10: 0.300, Hits@100: 0.550
INFO:root:Epoch 161/200, Loss: 0.839
INFO:root:Epoch 162/200, Loss: 1.038
INFO:root:Epoch 163/200, Loss: 1.394
INFO:root:Epoch 164/200, Loss: 1.388
INFO:root:Epoch 165/200, Loss: 1.390
INFO:root:Epoch 166/200, Loss: 1.388
INFO:root:Epoch 167/200, Loss: 1.394
INFO:root:Epoch 168/200, Loss: 0.809
INFO:root:Epoch 169/200, Loss: 1.389
INFO:root:Epoch 170/200, Loss: 1.218
INFO:root:Train: MRR: 0.058, Hits@1: 0.000, Hits@10: 0.117, Hits@100: 0.467
INFO:root:Valid: MRR: 0.068, Hits@1: 0.050, Hits@10: 0.100, Hits@100: 0.350
INFO:root:Test: MRR: 0.196, Hits@1: 0.150, Hits@10: 0.300, Hits@100: 0.550
INFO:root:Epoch 171/200, Loss: 1.373
INFO:root:Epoch 172/200, Loss: 1.383
INFO:root:Epoch 173/200, Loss: 1.073
INFO:root:Epoch 174/200, Loss: 1.389
INFO:root:Epoch 175/200, Loss: 1.389
INFO:root:Epoch 176/200, Loss: 1.387
INFO:root:Epoch 177/200, Loss: 0.830
INFO:root:Epoch 178/200, Loss: 0.834
INFO:root:Epoch 179/200, Loss: 1.389
INFO:root:Epoch 180/200, Loss: 1.391
INFO:root:Train: MRR: 0.065, Hits@1: 0.000, Hits@10: 0.167, Hits@100: 0.450
INFO:root:Valid: MRR: 0.066, Hits@1: 0.050, Hits@10: 0.050, Hits@100: 0.350
INFO:root:Test: MRR: 0.171, Hits@1: 0.100, Hits@10: 0.250, Hits@100: 0.550
INFO:root:Epoch 181/200, Loss: 1.390
INFO:root:Epoch 182/200, Loss: 1.390
INFO:root:Epoch 183/200, Loss: 1.388
INFO:root:Epoch 184/200, Loss: 1.286
INFO:root:Epoch 185/200, Loss: 1.021
INFO:root:Epoch 186/200, Loss: 1.394
INFO:root:Epoch 187/200, Loss: 1.380
INFO:root:Epoch 188/200, Loss: 1.142
INFO:root:Epoch 189/200, Loss: 1.389
INFO:root:Epoch 190/200, Loss: 1.389
INFO:root:Train: MRR: 0.061, Hits@1: 0.000, Hits@10: 0.150, Hits@100: 0.450
INFO:root:Valid: MRR: 0.068, Hits@1: 0.050, Hits@10: 0.050, Hits@100: 0.350
INFO:root:Test: MRR: 0.170, Hits@1: 0.100, Hits@10: 0.250, Hits@100: 0.550
INFO:root:Epoch 191/200, Loss: 1.390
INFO:root:Epoch 192/200, Loss: 0.816
INFO:root:Epoch 193/200, Loss: 1.389
INFO:root:Epoch 194/200, Loss: 0.820
INFO:root:Epoch 195/200, Loss: 1.132
INFO:root:Epoch 196/200, Loss: 1.067
INFO:root:Epoch 197/200, Loss: 1.389
INFO:root:Epoch 198/200, Loss: 1.387
INFO:root:Epoch 199/200, Loss: 1.390
INFO:root:Epoch 200/200, Loss: 1.391
INFO:root:Train: MRR: 0.066, Hits@1: 0.017, Hits@10: 0.117, Hits@100: 0.450
INFO:root:Valid: MRR: 0.071, Hits@1: 0.050, Hits@10: 0.150, Hits@100: 0.350
INFO:root:Test: MRR: 0.182, Hits@1: 0.100, Hits@10: 0.250, Hits@100: 0.550
INFO:root:Final Result:
INFO:root:MRR: 0.189, Hits@1: 0.100, Hits@10: 0.350, Hits@100: 0.700
INFO:root:******************* Training Finished *******************
INFO:root:2024-11-23 14:48:12.719875
INFO:root:Namespace(K=3, agg=True, batch_size=1, dataset='UVA', device='cuda:1', dropout=0.5, epoch=200, epochs=200, in_channels=3, len_input=30, lr=0.0005, model='MSTGCN', nb_block=2, nb_chev_filter=256, nb_time_filter=256, num_for_predict=1, num_of_vertices=2500, partial=True, seed=0, struct='RNN-GNN', time_strides=1, timestep_hidden=20, weight_decay=0.0001)
INFO:root:Aggregated Hypergraph
INFO:root:******************* Training Started *******************
INFO:root:Epoch 0/200, Loss: 0.070
INFO:root:Train: MRR: 0.343, Hits@1: 0.183, Hits@10: 0.650, Hits@100: 0.900
INFO:root:Valid: MRR: 0.263, Hits@1: 0.100, Hits@10: 0.600, Hits@100: 0.900
INFO:root:Test: MRR: 0.393, Hits@1: 0.300, Hits@10: 0.600, Hits@100: 0.900
INFO:root:Epoch 1/200, Loss: 0.785
INFO:root:Epoch 2/200, Loss: 0.035
INFO:root:Epoch 3/200, Loss: 0.185
INFO:root:Epoch 4/200, Loss: 0.446
INFO:root:Epoch 5/200, Loss: 0.031
INFO:root:Epoch 6/200, Loss: 0.090
INFO:root:Epoch 7/200, Loss: 0.019
INFO:root:Epoch 8/200, Loss: 0.510
INFO:root:Epoch 9/200, Loss: 0.323
INFO:root:Epoch 10/200, Loss: 0.017
INFO:root:Train: MRR: 0.382, Hits@1: 0.200, Hits@10: 0.700, Hits@100: 1.000
INFO:root:Valid: MRR: 0.328, Hits@1: 0.150, Hits@10: 0.650, Hits@100: 1.000
INFO:root:Test: MRR: 0.377, Hits@1: 0.250, Hits@10: 0.650, Hits@100: 0.950
INFO:root:Epoch 11/200, Loss: 0.451
INFO:root:Epoch 12/200, Loss: 0.060
INFO:root:Epoch 13/200, Loss: 0.009
INFO:root:Epoch 14/200, Loss: 0.021
INFO:root:Epoch 15/200, Loss: 0.059
INFO:root:Epoch 16/200, Loss: 0.197
INFO:root:Epoch 17/200, Loss: 1.104
INFO:root:Epoch 18/200, Loss: 0.039
INFO:root:Epoch 19/200, Loss: 0.114
INFO:root:Epoch 20/200, Loss: 0.246
INFO:root:Train: MRR: 0.372, Hits@1: 0.200, Hits@10: 0.767, Hits@100: 1.000
INFO:root:Valid: MRR: 0.316, Hits@1: 0.150, Hits@10: 0.550, Hits@100: 1.000
INFO:root:Test: MRR: 0.264, Hits@1: 0.150, Hits@10: 0.650, Hits@100: 0.950
INFO:root:Epoch 21/200, Loss: 0.040
INFO:root:Epoch 22/200, Loss: 0.052
INFO:root:Epoch 23/200, Loss: 0.047
INFO:root:Epoch 24/200, Loss: 0.033
INFO:root:Epoch 25/200, Loss: 0.027
INFO:root:Epoch 26/200, Loss: 0.005
INFO:root:Epoch 27/200, Loss: 0.071
INFO:root:Epoch 28/200, Loss: 0.161
INFO:root:Epoch 29/200, Loss: 0.080
INFO:root:Epoch 30/200, Loss: 0.020
INFO:root:Train: MRR: 0.397, Hits@1: 0.217, Hits@10: 0.750, Hits@100: 1.000
INFO:root:Valid: MRR: 0.311, Hits@1: 0.150, Hits@10: 0.650, Hits@100: 1.000
INFO:root:Test: MRR: 0.293, Hits@1: 0.150, Hits@10: 0.750, Hits@100: 1.000
INFO:root:Epoch 31/200, Loss: 0.096
INFO:root:Epoch 32/200, Loss: 0.003
INFO:root:Epoch 33/200, Loss: 0.476
INFO:root:Epoch 34/200, Loss: 0.019
INFO:root:Epoch 35/200, Loss: 0.003
INFO:root:Epoch 36/200, Loss: 1.862
INFO:root:Epoch 37/200, Loss: 0.011
INFO:root:Epoch 38/200, Loss: 0.057
INFO:root:Epoch 39/200, Loss: 0.049
INFO:root:Epoch 40/200, Loss: 0.111
INFO:root:Train: MRR: 0.444, Hits@1: 0.300, Hits@10: 0.733, Hits@100: 1.000
INFO:root:Valid: MRR: 0.365, Hits@1: 0.200, Hits@10: 0.650, Hits@100: 0.950
INFO:root:Test: MRR: 0.279, Hits@1: 0.150, Hits@10: 0.650, Hits@100: 1.000
INFO:root:Epoch 41/200, Loss: 5.092
INFO:root:Epoch 42/200, Loss: 0.092
INFO:root:Epoch 43/200, Loss: 0.049
INFO:root:Epoch 44/200, Loss: 1.736
INFO:root:Epoch 45/200, Loss: 0.070
INFO:root:Epoch 46/200, Loss: 0.094
INFO:root:Epoch 47/200, Loss: 0.027
INFO:root:Epoch 48/200, Loss: 0.043
INFO:root:Epoch 49/200, Loss: 0.018
INFO:root:Epoch 50/200, Loss: 0.073
INFO:root:Train: MRR: 0.457, Hits@1: 0.300, Hits@10: 0.817, Hits@100: 1.000
INFO:root:Valid: MRR: 0.387, Hits@1: 0.200, Hits@10: 0.750, Hits@100: 1.000
INFO:root:Test: MRR: 0.344, Hits@1: 0.250, Hits@10: 0.650, Hits@100: 0.950
INFO:root:Epoch 51/200, Loss: 0.002
INFO:root:Epoch 52/200, Loss: 0.022
INFO:root:Epoch 53/200, Loss: 0.006
INFO:root:Epoch 54/200, Loss: 0.053
INFO:root:Epoch 55/200, Loss: 0.077
INFO:root:Epoch 56/200, Loss: 0.013
INFO:root:Epoch 57/200, Loss: 0.070
INFO:root:Epoch 58/200, Loss: 0.051
INFO:root:Epoch 59/200, Loss: 0.930
INFO:root:Epoch 60/200, Loss: 0.034
INFO:root:Train: MRR: 0.489, Hits@1: 0.300, Hits@10: 0.883, Hits@100: 1.000
INFO:root:Valid: MRR: 0.416, Hits@1: 0.250, Hits@10: 0.800, Hits@100: 0.950
INFO:root:Test: MRR: 0.353, Hits@1: 0.250, Hits@10: 0.650, Hits@100: 0.950
INFO:root:Epoch 61/200, Loss: 1.067
INFO:root:Epoch 62/200, Loss: 0.031
INFO:root:Epoch 63/200, Loss: 0.065
INFO:root:Epoch 64/200, Loss: 0.006
INFO:root:Epoch 65/200, Loss: 0.025
INFO:root:Epoch 66/200, Loss: 0.045
INFO:root:Epoch 67/200, Loss: 0.170
INFO:root:Epoch 68/200, Loss: 0.015
INFO:root:Epoch 69/200, Loss: 0.001
INFO:root:Epoch 70/200, Loss: 0.063
INFO:root:Train: MRR: 0.489, Hits@1: 0.300, Hits@10: 0.917, Hits@100: 1.000
INFO:root:Valid: MRR: 0.428, Hits@1: 0.300, Hits@10: 0.700, Hits@100: 1.000
INFO:root:Test: MRR: 0.276, Hits@1: 0.150, Hits@10: 0.550, Hits@100: 1.000
INFO:root:Epoch 71/200, Loss: 0.029
INFO:root:Epoch 72/200, Loss: 0.104
INFO:root:Epoch 73/200, Loss: 0.138
INFO:root:Epoch 74/200, Loss: 0.089
INFO:root:Epoch 75/200, Loss: 0.049
INFO:root:Epoch 76/200, Loss: 0.110
INFO:root:Epoch 77/200, Loss: 0.030
INFO:root:Epoch 78/200, Loss: 0.006
INFO:root:Epoch 79/200, Loss: 0.019
INFO:root:Epoch 80/200, Loss: 0.062
INFO:root:Train: MRR: 0.442, Hits@1: 0.233, Hits@10: 0.883, Hits@100: 1.000
INFO:root:Valid: MRR: 0.470, Hits@1: 0.250, Hits@10: 0.900, Hits@100: 1.000
INFO:root:Test: MRR: 0.423, Hits@1: 0.300, Hits@10: 0.600, Hits@100: 0.950
INFO:root:Epoch 81/200, Loss: 0.012
INFO:root:Epoch 82/200, Loss: 0.023
INFO:root:Epoch 83/200, Loss: 0.031
INFO:root:Epoch 84/200, Loss: 0.113
INFO:root:Epoch 85/200, Loss: 0.050
INFO:root:Epoch 86/200, Loss: 0.001
INFO:root:Epoch 87/200, Loss: 0.003
INFO:root:Epoch 88/200, Loss: 0.004
INFO:root:Epoch 89/200, Loss: 0.062
INFO:root:Epoch 90/200, Loss: 0.023
INFO:root:Train: MRR: 0.551, Hits@1: 0.400, Hits@10: 0.883, Hits@100: 1.000
INFO:root:Valid: MRR: 0.450, Hits@1: 0.300, Hits@10: 0.700, Hits@100: 0.950
INFO:root:Test: MRR: 0.251, Hits@1: 0.150, Hits@10: 0.550, Hits@100: 0.950
INFO:root:Epoch 91/200, Loss: 0.025
INFO:root:Epoch 92/200, Loss: 0.071
INFO:root:Epoch 93/200, Loss: 0.047
INFO:root:Epoch 94/200, Loss: 0.095
INFO:root:Epoch 95/200, Loss: 0.056
INFO:root:Epoch 96/200, Loss: 0.007
INFO:root:Epoch 97/200, Loss: 0.044
INFO:root:Epoch 98/200, Loss: 0.001
INFO:root:Epoch 99/200, Loss: 0.047
INFO:root:Epoch 100/200, Loss: 0.041
INFO:root:Train: MRR: 0.464, Hits@1: 0.250, Hits@10: 0.900, Hits@100: 1.000
INFO:root:Valid: MRR: 0.482, Hits@1: 0.250, Hits@10: 0.850, Hits@100: 1.000
INFO:root:Test: MRR: 0.341, Hits@1: 0.200, Hits@10: 0.650, Hits@100: 1.000
INFO:root:Epoch 101/200, Loss: 0.095
INFO:root:Epoch 102/200, Loss: 0.194
INFO:root:Epoch 103/200, Loss: 0.061
INFO:root:Epoch 104/200, Loss: 0.004
INFO:root:Epoch 105/200, Loss: 0.044
INFO:root:Epoch 106/200, Loss: 0.003
INFO:root:Epoch 107/200, Loss: 0.015
INFO:root:Epoch 108/200, Loss: 0.011
INFO:root:Epoch 109/200, Loss: 0.031
INFO:root:Epoch 110/200, Loss: 0.005
INFO:root:Train: MRR: 0.473, Hits@1: 0.267, Hits@10: 0.917, Hits@100: 1.000
INFO:root:Valid: MRR: 0.463, Hits@1: 0.250, Hits@10: 0.900, Hits@100: 0.950
INFO:root:Test: MRR: 0.417, Hits@1: 0.300, Hits@10: 0.550, Hits@100: 0.950
INFO:root:Epoch 111/200, Loss: 0.015
INFO:root:Epoch 112/200, Loss: 0.049
INFO:root:Epoch 113/200, Loss: 0.024
INFO:root:Epoch 114/200, Loss: 0.028
INFO:root:Epoch 115/200, Loss: 0.044
INFO:root:Epoch 116/200, Loss: 0.059
INFO:root:Epoch 117/200, Loss: 0.057
INFO:root:Epoch 118/200, Loss: 0.048
INFO:root:Epoch 119/200, Loss: 0.025
INFO:root:Epoch 120/200, Loss: 0.010
INFO:root:Train: MRR: 0.523, Hits@1: 0.367, Hits@10: 0.900, Hits@100: 1.000
INFO:root:Valid: MRR: 0.493, Hits@1: 0.350, Hits@10: 0.750, Hits@100: 1.000
INFO:root:Test: MRR: 0.341, Hits@1: 0.200, Hits@10: 0.650, Hits@100: 0.950
INFO:root:Epoch 121/200, Loss: 0.032
INFO:root:Epoch 122/200, Loss: 0.009
INFO:root:Epoch 123/200, Loss: 0.004
INFO:root:Epoch 124/200, Loss: 0.000
INFO:root:Epoch 125/200, Loss: 0.022
INFO:root:Epoch 126/200, Loss: 0.039
INFO:root:Epoch 127/200, Loss: 0.041
INFO:root:Epoch 128/200, Loss: 0.066
INFO:root:Epoch 129/200, Loss: 0.077
INFO:root:Epoch 130/200, Loss: 0.041
INFO:root:Train: MRR: 0.563, Hits@1: 0.400, Hits@10: 0.917, Hits@100: 1.000
INFO:root:Valid: MRR: 0.443, Hits@1: 0.300, Hits@10: 0.700, Hits@100: 1.000
INFO:root:Test: MRR: 0.334, Hits@1: 0.200, Hits@10: 0.650, Hits@100: 1.000
INFO:root:Epoch 131/200, Loss: 0.013
INFO:root:Epoch 132/200, Loss: 0.005
INFO:root:Epoch 133/200, Loss: 0.026
INFO:root:Epoch 134/200, Loss: 0.013
INFO:root:Epoch 135/200, Loss: 0.001
INFO:root:Epoch 136/200, Loss: 0.003
INFO:root:Epoch 137/200, Loss: 0.009
INFO:root:Epoch 138/200, Loss: 0.085
INFO:root:Epoch 139/200, Loss: 0.007
INFO:root:Epoch 140/200, Loss: 0.008
INFO:root:Train: MRR: 0.536, Hits@1: 0.333, Hits@10: 0.933, Hits@100: 1.000
INFO:root:Valid: MRR: 0.428, Hits@1: 0.250, Hits@10: 0.750, Hits@100: 1.000
INFO:root:Test: MRR: 0.275, Hits@1: 0.150, Hits@10: 0.650, Hits@100: 1.000
INFO:root:Epoch 141/200, Loss: 0.032
INFO:root:Epoch 142/200, Loss: 0.031
INFO:root:Epoch 143/200, Loss: 0.012
INFO:root:Epoch 144/200, Loss: 0.045
INFO:root:Epoch 145/200, Loss: 0.049
INFO:root:Epoch 146/200, Loss: 0.006
INFO:root:Epoch 147/200, Loss: 0.010
INFO:root:Epoch 148/200, Loss: 0.045
INFO:root:Epoch 149/200, Loss: 0.000
INFO:root:Epoch 150/200, Loss: 0.025
INFO:root:Train: MRR: 0.619, Hits@1: 0.467, Hits@10: 0.917, Hits@100: 1.000
INFO:root:Valid: MRR: 0.481, Hits@1: 0.350, Hits@10: 0.750, Hits@100: 1.000
INFO:root:Test: MRR: 0.251, Hits@1: 0.150, Hits@10: 0.500, Hits@100: 1.000
INFO:root:Epoch 151/200, Loss: 0.003
INFO:root:Epoch 152/200, Loss: 0.005
INFO:root:Epoch 153/200, Loss: 0.006
INFO:root:Epoch 154/200, Loss: 0.047
INFO:root:Epoch 155/200, Loss: 0.027
INFO:root:Epoch 156/200, Loss: 0.029
INFO:root:Epoch 157/200, Loss: 0.089
INFO:root:Epoch 158/200, Loss: 0.023
INFO:root:Epoch 159/200, Loss: 0.045
INFO:root:Epoch 160/200, Loss: 0.006
INFO:root:Train: MRR: 0.605, Hits@1: 0.450, Hits@10: 0.917, Hits@100: 1.000
INFO:root:Valid: MRR: 0.482, Hits@1: 0.350, Hits@10: 0.750, Hits@100: 1.000
INFO:root:Test: MRR: 0.305, Hits@1: 0.200, Hits@10: 0.650, Hits@100: 1.000
INFO:root:Epoch 161/200, Loss: 0.027
INFO:root:Epoch 162/200, Loss: 0.012
INFO:root:Epoch 163/200, Loss: 0.023
INFO:root:Epoch 164/200, Loss: 0.028
INFO:root:Epoch 165/200, Loss: 0.029
INFO:root:Epoch 166/200, Loss: 0.046
INFO:root:Epoch 167/200, Loss: 0.001
INFO:root:Epoch 168/200, Loss: 0.004
INFO:root:Epoch 169/200, Loss: 0.001
INFO:root:Epoch 170/200, Loss: 0.023
INFO:root:Train: MRR: 0.571, Hits@1: 0.383, Hits@10: 0.967, Hits@100: 1.000
INFO:root:Valid: MRR: 0.459, Hits@1: 0.300, Hits@10: 0.850, Hits@100: 1.000
INFO:root:Test: MRR: 0.359, Hits@1: 0.200, Hits@10: 0.650, Hits@100: 1.000
INFO:root:Epoch 171/200, Loss: 0.007
