INFO:root:2024-11-24 21:45:36.141047
INFO:root:Namespace(K=3, agg=False, batch_size=1, dataset='UVA', device='cuda', dropout=0.5, epochs=100, in_channels=3, len_input=30, lr=0.0005, model='MSTGCN', nb_block=2, nb_chev_filter=256, nb_time_filter=256, num_for_predict=1, num_of_vertices=2500, partial=True, seed=0, struct='RNN-GNN', time_strides=1, timestep_hidden=40, weight_decay=0.0001)
INFO:root:Sparse Hypergraph
INFO:root:******************* Training Started *******************
INFO:root:2024-11-24 21:48:16.219138
INFO:root:Namespace(K=3, agg=False, batch_size=1, dataset='UVA', device='cuda', dropout=0.5, epochs=100, in_channels=3, len_input=30, lr=0.0005, model='MSTGCN', nb_block=2, nb_chev_filter=256, nb_time_filter=256, num_for_predict=1, num_of_vertices=2500, partial=True, seed=0, struct='RNN-GNN', time_strides=1, timestep_hidden=40, weight_decay=0.0001)
INFO:root:Sparse Hypergraph
INFO:root:******************* Training Started *******************
INFO:root:2024-11-24 23:07:55.509372
INFO:root:Namespace(K=3, agg=False, batch_size=1, dataset='UVA', device='cuda', dropout=0.5, epochs=100, in_channels=3, lr=0.0005, model='MSTGCN', nb_block=2, nb_chev_filter=256, nb_time_filter=256, num_for_predict=1, num_of_vertices=2500, partial=True, seed=0, struct='RNN-GNN', time_strides=1, timestep_hidden=40, weight_decay=0.0001)
INFO:root:Sparse Hypergraph
INFO:root:******************* Training Started *******************
INFO:root:Epoch 0/100, Loss: 0.023
INFO:root:Train: MRR: 0.458, Hits@1: 0.267, Hits@10: 0.900, Hits@100: 0.983
INFO:root:Valid: MRR: 0.499, Hits@1: 0.300, Hits@10: 0.900, Hits@100: 1.000
INFO:root:Test: MRR: 0.315, Hits@1: 0.100, Hits@10: 0.600, Hits@100: 0.900
INFO:root:Epoch 1/100, Loss: 0.016
INFO:root:Epoch 2/100, Loss: 0.038
INFO:root:Epoch 3/100, Loss: 0.066
INFO:root:Epoch 4/100, Loss: 0.035
INFO:root:Epoch 5/100, Loss: 0.063
INFO:root:Epoch 6/100, Loss: 0.039
INFO:root:Epoch 7/100, Loss: 0.037
INFO:root:Epoch 8/100, Loss: 0.200
INFO:root:Epoch 9/100, Loss: 0.109
INFO:root:Epoch 10/100, Loss: 0.020
INFO:root:Train: MRR: 0.519, Hits@1: 0.367, Hits@10: 0.950, Hits@100: 1.000
INFO:root:Valid: MRR: 0.484, Hits@1: 0.250, Hits@10: 0.950, Hits@100: 1.000
INFO:root:Test: MRR: 0.310, Hits@1: 0.150, Hits@10: 0.650, Hits@100: 0.900
INFO:root:Epoch 11/100, Loss: 0.018
INFO:root:Epoch 12/100, Loss: 0.017
INFO:root:Epoch 13/100, Loss: 0.008
INFO:root:Epoch 14/100, Loss: 0.008
INFO:root:Epoch 15/100, Loss: 0.004
INFO:root:Epoch 16/100, Loss: 0.009
INFO:root:Epoch 17/100, Loss: 0.023
INFO:root:Epoch 18/100, Loss: 0.010
INFO:root:Epoch 19/100, Loss: 0.030
INFO:root:Epoch 20/100, Loss: 0.014
INFO:root:Train: MRR: 0.492, Hits@1: 0.267, Hits@10: 0.933, Hits@100: 1.000
INFO:root:Valid: MRR: 0.457, Hits@1: 0.250, Hits@10: 0.800, Hits@100: 1.000
INFO:root:Test: MRR: 0.282, Hits@1: 0.100, Hits@10: 0.650, Hits@100: 0.900
INFO:root:Epoch 21/100, Loss: 1.425
INFO:root:Epoch 22/100, Loss: 0.041
INFO:root:Epoch 23/100, Loss: 0.010
INFO:root:Epoch 24/100, Loss: 0.012
INFO:root:Epoch 25/100, Loss: 0.019
INFO:root:Epoch 26/100, Loss: 0.038
INFO:root:Epoch 27/100, Loss: 0.020
INFO:root:Epoch 28/100, Loss: 0.062
INFO:root:Epoch 29/100, Loss: 0.016
INFO:root:Epoch 30/100, Loss: 0.011
INFO:root:Train: MRR: 0.539, Hits@1: 0.333, Hits@10: 0.950, Hits@100: 1.000
INFO:root:Valid: MRR: 0.477, Hits@1: 0.250, Hits@10: 0.850, Hits@100: 1.000
INFO:root:Test: MRR: 0.291, Hits@1: 0.100, Hits@10: 0.600, Hits@100: 0.900
INFO:root:Epoch 31/100, Loss: 0.021
INFO:root:Epoch 32/100, Loss: 0.030
INFO:root:Epoch 33/100, Loss: 0.038
INFO:root:Epoch 34/100, Loss: 0.030
INFO:root:Epoch 35/100, Loss: 0.054
INFO:root:Epoch 36/100, Loss: 0.003
INFO:root:Epoch 37/100, Loss: 0.018
INFO:root:Epoch 38/100, Loss: 0.125
INFO:root:Epoch 39/100, Loss: 0.003
INFO:root:Epoch 40/100, Loss: 0.323
INFO:root:Train: MRR: 0.494, Hits@1: 0.250, Hits@10: 0.983, Hits@100: 1.000
INFO:root:Valid: MRR: 0.445, Hits@1: 0.250, Hits@10: 0.800, Hits@100: 1.000
INFO:root:Test: MRR: 0.243, Hits@1: 0.050, Hits@10: 0.600, Hits@100: 0.900
INFO:root:Epoch 41/100, Loss: 0.026
INFO:root:Epoch 42/100, Loss: 0.020
INFO:root:Epoch 43/100, Loss: 0.064
INFO:root:Epoch 44/100, Loss: 0.232
INFO:root:Epoch 45/100, Loss: 0.003
INFO:root:Epoch 46/100, Loss: 0.634
INFO:root:Epoch 47/100, Loss: 0.005
INFO:root:Epoch 48/100, Loss: 0.025
INFO:root:Epoch 49/100, Loss: 0.015
INFO:root:Epoch 50/100, Loss: 0.011
INFO:root:Train: MRR: 0.573, Hits@1: 0.383, Hits@10: 0.983, Hits@100: 1.000
INFO:root:Valid: MRR: 0.478, Hits@1: 0.300, Hits@10: 0.750, Hits@100: 1.000
INFO:root:Test: MRR: 0.253, Hits@1: 0.050, Hits@10: 0.600, Hits@100: 0.900
INFO:root:Epoch 51/100, Loss: 0.011
INFO:root:Epoch 52/100, Loss: 0.020
INFO:root:Epoch 53/100, Loss: 0.033
INFO:root:Epoch 54/100, Loss: 0.023
INFO:root:Epoch 55/100, Loss: 0.015
INFO:root:Epoch 56/100, Loss: 0.059
INFO:root:Epoch 57/100, Loss: 0.003
INFO:root:Epoch 58/100, Loss: 0.007
INFO:root:Epoch 59/100, Loss: 0.004
INFO:root:Epoch 60/100, Loss: 0.031
INFO:root:Train: MRR: 0.489, Hits@1: 0.217, Hits@10: 1.000, Hits@100: 1.000
INFO:root:Valid: MRR: 0.438, Hits@1: 0.250, Hits@10: 0.800, Hits@100: 1.000
INFO:root:Test: MRR: 0.241, Hits@1: 0.050, Hits@10: 0.550, Hits@100: 0.900
INFO:root:Epoch 61/100, Loss: 0.017
INFO:root:Epoch 62/100, Loss: 0.017
INFO:root:Epoch 63/100, Loss: 0.028
INFO:root:Epoch 64/100, Loss: 0.019
INFO:root:Epoch 65/100, Loss: 0.030
INFO:root:Epoch 66/100, Loss: 0.003
INFO:root:Epoch 67/100, Loss: 0.036
INFO:root:Epoch 68/100, Loss: 0.042
INFO:root:Epoch 69/100, Loss: 0.002
INFO:root:Epoch 70/100, Loss: 0.014
INFO:root:Train: MRR: 0.558, Hits@1: 0.333, Hits@10: 1.000, Hits@100: 1.000
INFO:root:Valid: MRR: 0.547, Hits@1: 0.400, Hits@10: 0.750, Hits@100: 1.000
INFO:root:Test: MRR: 0.248, Hits@1: 0.050, Hits@10: 0.600, Hits@100: 0.900
INFO:root:Epoch 71/100, Loss: 0.019
INFO:root:Epoch 72/100, Loss: 0.020
INFO:root:Epoch 73/100, Loss: 0.039
INFO:root:Epoch 74/100, Loss: 0.019
INFO:root:Epoch 75/100, Loss: 0.018
INFO:root:Epoch 76/100, Loss: 0.013
INFO:root:Epoch 77/100, Loss: 0.030
INFO:root:Epoch 78/100, Loss: 0.003
INFO:root:Epoch 79/100, Loss: 0.006
INFO:root:Epoch 80/100, Loss: 0.019
INFO:root:Train: MRR: 0.503, Hits@1: 0.250, Hits@10: 1.000, Hits@100: 1.000
INFO:root:Valid: MRR: 0.436, Hits@1: 0.250, Hits@10: 0.750, Hits@100: 1.000
INFO:root:Test: MRR: 0.237, Hits@1: 0.050, Hits@10: 0.550, Hits@100: 0.900
INFO:root:Epoch 81/100, Loss: 0.018
INFO:root:Epoch 82/100, Loss: 0.009
INFO:root:Epoch 83/100, Loss: 0.016
INFO:root:Epoch 84/100, Loss: 0.044
INFO:root:Epoch 85/100, Loss: 0.022
INFO:root:Epoch 86/100, Loss: 0.005
INFO:root:Epoch 87/100, Loss: 0.002
INFO:root:Epoch 88/100, Loss: 0.021
INFO:root:Epoch 89/100, Loss: 0.002
INFO:root:Epoch 90/100, Loss: 0.005
INFO:root:Train: MRR: 0.477, Hits@1: 0.200, Hits@10: 1.000, Hits@100: 1.000
INFO:root:Valid: MRR: 0.463, Hits@1: 0.300, Hits@10: 0.750, Hits@100: 1.000
INFO:root:Test: MRR: 0.271, Hits@1: 0.100, Hits@10: 0.550, Hits@100: 0.900
INFO:root:Epoch 91/100, Loss: 0.009
INFO:root:Epoch 92/100, Loss: 0.032
INFO:root:Epoch 93/100, Loss: 0.002
INFO:root:Epoch 94/100, Loss: 0.001
INFO:root:Epoch 95/100, Loss: 0.063
INFO:root:Epoch 96/100, Loss: 0.007
INFO:root:Epoch 97/100, Loss: 0.007
INFO:root:Epoch 98/100, Loss: 0.020
INFO:root:Epoch 99/100, Loss: 0.020
INFO:root:Epoch 100/100, Loss: 0.005
INFO:root:Train: MRR: 0.539, Hits@1: 0.283, Hits@10: 1.000, Hits@100: 1.000
INFO:root:Valid: MRR: 0.465, Hits@1: 0.250, Hits@10: 0.750, Hits@100: 1.000
INFO:root:Test: MRR: 0.280, Hits@1: 0.100, Hits@10: 0.550, Hits@100: 0.900
INFO:root:Final Result:
INFO:root:MRR: 0.248, Hits@1: 0.050, Hits@10: 0.600, Hits@100: 0.900
INFO:root:******************* Training Finished *******************
