INFO:root:Namespace(batch_size=2, dataset='random', dropout=0.2, epoch=100, hidden_size=256, lr=0.001, mlp_layer=3, model='THGNN', out_channels=8, punishment=10, seed=0, struc='hraph', temporal_layer=3, timestep_hidden=10)
INFO:root:******************* Training Started *******************
INFO:root:Namespace(batch_size=2, dataset='random', dropout=0.2, epoch=100, hidden_size=256, lr=0.001, mlp_layer=3, model='THGNN', out_channels=8, punishment=10, seed=0, struc='hraph', temporal_layer=3, timestep_hidden=10)
INFO:root:******************* Training Started *******************
INFO:root:Namespace(batch_size=2, dataset='random', dropout=0.2, epoch=100, hidden_size=256, lr=0.001, mlp_layer=3, model='THGNN', out_channels=8, punishment=10, seed=0, struc='hraph', temporal_layer=3, timestep_hidden=10)
INFO:root:******************* Training Started *******************
INFO:root:Namespace(batch_size=2, dataset='random', dropout=0.2, epoch=100, hidden_size=256, lr=0.001, mlp_layer=3, model='THGNN', out_channels=8, punishment=10, seed=0, struc='hgraph', temporal_layer=3, timestep_hidden=10)
INFO:root:******************* Training Started *******************
INFO:root:Namespace(batch_size=2, dataset='random', dropout=0.2, epoch=100, hidden_size=256, lr=0.001, mlp_layer=3, model='THGNN', out_channels=8, punishment=10, seed=0, struc='hgraph', temporal_layer=3, timestep_hidden=10)
INFO:root:******************* Training Started *******************
INFO:root:Epoch 0/100, Loss: 3.5080
INFO:root:Train: MRR: 0.0041, Hits@1: 0.0000, Hits@10: 0.0000, Hits@100: 0.0400
INFO:root:Valid: MRR: 0.0030, Hits@1: 0.0000, Hits@10: 0.0000, Hits@100: 0.0500
INFO:root:Epoch 1/100, Loss: 3.2501
INFO:root:Epoch 2/100, Loss: 3.1300
INFO:root:Epoch 3/100, Loss: 3.5806
INFO:root:Epoch 4/100, Loss: 2.8694
INFO:root:Epoch 5/100, Loss: 3.3778
INFO:root:Train: MRR: 0.0048, Hits@1: 0.0000, Hits@10: 0.0200, Hits@100: 0.0600
INFO:root:Valid: MRR: 0.0032, Hits@1: 0.0000, Hits@10: 0.0000, Hits@100: 0.0500
INFO:root:Epoch 6/100, Loss: 3.5289
INFO:root:Epoch 7/100, Loss: 2.6640
INFO:root:Epoch 8/100, Loss: 2.9133
INFO:root:Epoch 9/100, Loss: 2.9929
INFO:root:Epoch 10/100, Loss: 2.3774
INFO:root:Train: MRR: 0.2576, Hits@1: 0.1000, Hits@10: 0.5400, Hits@100: 0.9400
INFO:root:Valid: MRR: 0.2322, Hits@1: 0.1000, Hits@10: 0.5000, Hits@100: 1.0000
INFO:root:Epoch 11/100, Loss: 12.9271
INFO:root:Epoch 12/100, Loss: 2.4359
INFO:root:Epoch 13/100, Loss: 3.9494
INFO:root:Epoch 14/100, Loss: 2.6465
INFO:root:Epoch 15/100, Loss: 3.4658
INFO:root:Train: MRR: 0.0739, Hits@1: 0.0000, Hits@10: 0.2200, Hits@100: 0.5600
INFO:root:Valid: MRR: 0.1068, Hits@1: 0.0500, Hits@10: 0.2000, Hits@100: 0.8000
INFO:root:Epoch 16/100, Loss: 9.0299
INFO:root:Epoch 17/100, Loss: 15.6434
INFO:root:Epoch 18/100, Loss: 0.2684
INFO:root:Epoch 19/100, Loss: 4.9963
INFO:root:Epoch 20/100, Loss: 52.5914
INFO:root:Train: MRR: 0.8238, Hits@1: 0.7600, Hits@10: 0.9200, Hits@100: 0.9200
INFO:root:Valid: MRR: 0.8175, Hits@1: 0.8000, Hits@10: 0.8500, Hits@100: 0.8500
INFO:root:Epoch 21/100, Loss: 6.5512
INFO:root:Epoch 22/100, Loss: 0.8676
INFO:root:Epoch 23/100, Loss: 34.6361
INFO:root:Epoch 24/100, Loss: 6.6392
INFO:root:Epoch 25/100, Loss: 0.3270
INFO:root:Train: MRR: 0.7605, Hits@1: 0.6600, Hits@10: 0.9600, Hits@100: 1.0000
INFO:root:Valid: MRR: 0.6384, Hits@1: 0.5000, Hits@10: 0.9500, Hits@100: 1.0000
INFO:root:Epoch 26/100, Loss: 3.0880
INFO:root:Epoch 27/100, Loss: 53.2143
INFO:root:Epoch 28/100, Loss: 1.5817
INFO:root:Epoch 29/100, Loss: 0.9731
INFO:root:Epoch 30/100, Loss: 1.3095
INFO:root:Train: MRR: 0.8245, Hits@1: 0.7400, Hits@10: 1.0000, Hits@100: 1.0000
INFO:root:Valid: MRR: 0.6888, Hits@1: 0.5500, Hits@10: 1.0000, Hits@100: 1.0000
INFO:root:Epoch 31/100, Loss: 1.3789
INFO:root:Epoch 32/100, Loss: 1.4698
INFO:root:Epoch 33/100, Loss: 2.6701
INFO:root:Epoch 34/100, Loss: 1.0545
INFO:root:Epoch 35/100, Loss: 3.7945
INFO:root:Train: MRR: 0.9340, Hits@1: 0.9000, Hits@10: 1.0000, Hits@100: 1.0000
INFO:root:Valid: MRR: 0.9003, Hits@1: 0.8500, Hits@10: 0.9500, Hits@100: 0.9500
INFO:root:Epoch 36/100, Loss: 21.7855
INFO:root:Epoch 37/100, Loss: 0.5296
INFO:root:Epoch 38/100, Loss: 3.9181
INFO:root:Epoch 39/100, Loss: 21.8615
INFO:root:Epoch 40/100, Loss: 1.5033
INFO:root:Train: MRR: 0.9340, Hits@1: 0.9000, Hits@10: 1.0000, Hits@100: 1.0000
INFO:root:Valid: MRR: 0.9042, Hits@1: 0.8500, Hits@10: 1.0000, Hits@100: 1.0000
INFO:root:Epoch 41/100, Loss: 0.1901
INFO:root:Epoch 42/100, Loss: 1.4860
INFO:root:Epoch 43/100, Loss: 2.4789
INFO:root:Epoch 44/100, Loss: 41.8713
INFO:root:Epoch 45/100, Loss: 2.3710
INFO:root:Train: MRR: 0.9440, Hits@1: 0.9200, Hits@10: 1.0000, Hits@100: 1.0000
INFO:root:Valid: MRR: 0.8505, Hits@1: 0.8000, Hits@10: 0.9000, Hits@100: 0.9000
INFO:root:Epoch 46/100, Loss: 5.4302
INFO:root:Epoch 47/100, Loss: 4.3953
INFO:root:Epoch 48/100, Loss: 84.3161
INFO:root:Epoch 49/100, Loss: 0.2342
INFO:root:Epoch 50/100, Loss: 0.0629
INFO:root:Train: MRR: 0.9174, Hits@1: 0.8800, Hits@10: 0.9800, Hits@100: 0.9800
INFO:root:Valid: MRR: 0.9253, Hits@1: 0.9000, Hits@10: 0.9500, Hits@100: 0.9500
INFO:root:Epoch 51/100, Loss: 0.3731
INFO:root:Epoch 52/100, Loss: 1.2492
INFO:root:Epoch 53/100, Loss: 58.6628
INFO:root:Epoch 54/100, Loss: 1.6990
INFO:root:Epoch 55/100, Loss: 2.8549
INFO:root:Train: MRR: 0.7985, Hits@1: 0.7000, Hits@10: 0.9600, Hits@100: 0.9600
INFO:root:Valid: MRR: 0.7961, Hits@1: 0.7000, Hits@10: 0.9500, Hits@100: 0.9500
INFO:root:Epoch 56/100, Loss: 0.0691
INFO:root:Epoch 57/100, Loss: 44.8848
INFO:root:Epoch 58/100, Loss: 2.8432
INFO:root:Epoch 59/100, Loss: 52.6291
INFO:root:Epoch 60/100, Loss: 0.1333
INFO:root:Train: MRR: 0.9340, Hits@1: 0.9000, Hits@10: 1.0000, Hits@100: 1.0000
INFO:root:Valid: MRR: 0.9417, Hits@1: 0.9000, Hits@10: 1.0000, Hits@100: 1.0000
INFO:root:Epoch 61/100, Loss: 0.0592
INFO:root:Epoch 62/100, Loss: 0.1774
INFO:root:Epoch 63/100, Loss: 3.3170
INFO:root:Epoch 64/100, Loss: 0.1003
INFO:root:Epoch 65/100, Loss: 1.4382
INFO:root:Train: MRR: 0.9340, Hits@1: 0.9000, Hits@10: 1.0000, Hits@100: 1.0000
INFO:root:Valid: MRR: 0.9417, Hits@1: 0.9000, Hits@10: 1.0000, Hits@100: 1.0000
INFO:root:Epoch 66/100, Loss: 0.0438
INFO:root:Epoch 67/100, Loss: 0.0299
INFO:root:Epoch 68/100, Loss: 22.8593
INFO:root:Epoch 69/100, Loss: 0.6618
INFO:root:Epoch 70/100, Loss: 2.2022
INFO:root:Train: MRR: 0.8400, Hits@1: 0.7800, Hits@10: 1.0000, Hits@100: 1.0000
INFO:root:Valid: MRR: 0.8792, Hits@1: 0.8000, Hits@10: 1.0000, Hits@100: 1.0000
INFO:root:Epoch 71/100, Loss: 0.0752
INFO:root:Epoch 72/100, Loss: 0.0686
INFO:root:Epoch 73/100, Loss: 0.1954
INFO:root:Epoch 74/100, Loss: 63.0688
INFO:root:Epoch 75/100, Loss: 5.3426
INFO:root:Train: MRR: 0.7646, Hits@1: 0.7000, Hits@10: 0.9000, Hits@100: 1.0000
INFO:root:Valid: MRR: 0.7519, Hits@1: 0.6500, Hits@10: 0.9000, Hits@100: 1.0000
INFO:root:Epoch 76/100, Loss: 0.0364
INFO:root:Epoch 77/100, Loss: 0.6973
INFO:root:Epoch 78/100, Loss: 0.0839
INFO:root:Epoch 79/100, Loss: 4.7015
INFO:root:Epoch 80/100, Loss: 0.0963
INFO:root:Train: MRR: 0.7112, Hits@1: 0.5800, Hits@10: 0.9400, Hits@100: 0.9400
INFO:root:Valid: MRR: 0.7199, Hits@1: 0.6000, Hits@10: 0.9500, Hits@100: 0.9500
INFO:root:Epoch 81/100, Loss: 0.0678
INFO:root:Epoch 82/100, Loss: 0.0578
INFO:root:Epoch 83/100, Loss: 0.9273
INFO:root:Epoch 84/100, Loss: 0.0449
INFO:root:Epoch 85/100, Loss: 3.8638
INFO:root:Train: MRR: 0.9440, Hits@1: 0.9200, Hits@10: 1.0000, Hits@100: 1.0000
INFO:root:Valid: MRR: 0.9417, Hits@1: 0.9000, Hits@10: 1.0000, Hits@100: 1.0000
INFO:root:Epoch 86/100, Loss: 0.6699
INFO:root:Epoch 87/100, Loss: 23.3941
INFO:root:Epoch 88/100, Loss: 0.0215
INFO:root:Epoch 89/100, Loss: 1.9139
INFO:root:Epoch 90/100, Loss: 2.0957
INFO:root:Train: MRR: 0.8340, Hits@1: 0.7600, Hits@10: 1.0000, Hits@100: 1.0000
INFO:root:Valid: MRR: 0.9100, Hits@1: 0.8500, Hits@10: 1.0000, Hits@100: 1.0000
INFO:root:Epoch 91/100, Loss: 0.1240
INFO:root:Epoch 92/100, Loss: 0.0171
INFO:root:Epoch 93/100, Loss: 0.1333
INFO:root:Epoch 94/100, Loss: 0.0446
INFO:root:Epoch 95/100, Loss: 0.0374
INFO:root:Train: MRR: 0.9240, Hits@1: 0.8800, Hits@10: 1.0000, Hits@100: 1.0000
INFO:root:Valid: MRR: 0.9417, Hits@1: 0.9000, Hits@10: 1.0000, Hits@100: 1.0000
INFO:root:Epoch 96/100, Loss: 0.2764
INFO:root:Epoch 97/100, Loss: 0.2036
INFO:root:Epoch 98/100, Loss: 0.0709
INFO:root:Epoch 99/100, Loss: 0.3513
INFO:root:Epoch 100/100, Loss: 0.4460
INFO:root:Train: MRR: 0.8290, Hits@1: 0.7400, Hits@10: 1.0000, Hits@100: 1.0000
INFO:root:Valid: MRR: 0.8405, Hits@1: 0.7500, Hits@10: 1.0000, Hits@100: 1.0000
INFO:root:******************* Training Finished *******************
