INFO:root:Namespace(batch_size=1, dataset='random', dropout=0.2, epoch=100, hidden_size=512, lr=0.001, mlp_layer=2, model='THGNN', out_channels=8, punishment=5, seed=0, spatial_layer=1, struc='hgraph', temporal_layer=2, timestep_hidden=5)
INFO:root:******************* Training Started *******************
INFO:root:Epoch 0/100, Loss: 2.312
INFO:root:Train: MRR: 0.931, Hits@1: 0.88, Hits@10: 1.000, Hits@100: 1.000
INFO:root:Valid: MRR: 1.000, Hits@1: 1.000, Hits@10: 1.000, Hits@100: 1.000
INFO:root:Test: MRR: 1.000, Hits@1: 1.000, Hits@10: 1.000, Hits@100: 1.000
INFO:root:Epoch 1/100, Loss: 0.040
INFO:root:Epoch 2/100, Loss: 0.023
INFO:root:Epoch 3/100, Loss: 0.068
INFO:root:Epoch 4/100, Loss: 0.045
INFO:root:Epoch 5/100, Loss: 0.063
INFO:root:Train: MRR: 0.945, Hits@1: 0.92, Hits@10: 1.000, Hits@100: 1.000
INFO:root:Valid: MRR: 0.933, Hits@1: 0.900, Hits@10: 1.000, Hits@100: 1.000
INFO:root:Test: MRR: 1.000, Hits@1: 1.000, Hits@10: 1.000, Hits@100: 1.000
INFO:root:Epoch 6/100, Loss: 0.901
INFO:root:Epoch 7/100, Loss: 0.007
INFO:root:Epoch 8/100, Loss: 0.023
INFO:root:Epoch 9/100, Loss: 0.020
INFO:root:Epoch 10/100, Loss: 0.004
INFO:root:Train: MRR: 0.945, Hits@1: 0.92, Hits@10: 1.000, Hits@100: 1.000
INFO:root:Valid: MRR: 0.967, Hits@1: 0.950, Hits@10: 1.000, Hits@100: 1.000
INFO:root:Test: MRR: 1.000, Hits@1: 1.000, Hits@10: 1.000, Hits@100: 1.000
INFO:root:Epoch 11/100, Loss: 0.008
INFO:root:Epoch 12/100, Loss: 0.005
INFO:root:Epoch 13/100, Loss: 0.000
INFO:root:Epoch 14/100, Loss: 0.009
INFO:root:Epoch 15/100, Loss: 0.021
INFO:root:Train: MRR: 0.937, Hits@1: 0.90, Hits@10: 1.000, Hits@100: 1.000
INFO:root:Valid: MRR: 0.933, Hits@1: 0.900, Hits@10: 1.000, Hits@100: 1.000
INFO:root:Test: MRR: 0.967, Hits@1: 0.950, Hits@10: 1.000, Hits@100: 1.000
INFO:root:Epoch 16/100, Loss: 19.548
INFO:root:Epoch 17/100, Loss: 0.065
INFO:root:Epoch 18/100, Loss: 0.050
INFO:root:Epoch 19/100, Loss: 0.006
INFO:root:Epoch 20/100, Loss: 0.008
INFO:root:Train: MRR: 0.896, Hits@1: 0.83, Hits@10: 1.000, Hits@100: 1.000
INFO:root:Valid: MRR: 0.929, Hits@1: 0.900, Hits@10: 1.000, Hits@100: 1.000
INFO:root:Test: MRR: 0.942, Hits@1: 0.900, Hits@10: 1.000, Hits@100: 1.000
INFO:root:Epoch 21/100, Loss: 0.020
INFO:root:Epoch 22/100, Loss: 0.006
INFO:root:Epoch 23/100, Loss: 0.016
INFO:root:Epoch 24/100, Loss: 0.006
INFO:root:Epoch 25/100, Loss: 0.030
INFO:root:Train: MRR: 0.904, Hits@1: 0.85, Hits@10: 1.000, Hits@100: 1.000
INFO:root:Valid: MRR: 0.929, Hits@1: 0.900, Hits@10: 1.000, Hits@100: 1.000
INFO:root:Test: MRR: 0.967, Hits@1: 0.950, Hits@10: 1.000, Hits@100: 1.000
INFO:root:Epoch 26/100, Loss: 0.007
INFO:root:Epoch 27/100, Loss: 0.025
INFO:root:Epoch 28/100, Loss: 0.000
INFO:root:Epoch 29/100, Loss: 0.007
INFO:root:Epoch 30/100, Loss: 0.008
INFO:root:Train: MRR: 0.945, Hits@1: 0.92, Hits@10: 1.000, Hits@100: 1.000
INFO:root:Valid: MRR: 0.933, Hits@1: 0.900, Hits@10: 1.000, Hits@100: 1.000
INFO:root:Test: MRR: 1.000, Hits@1: 1.000, Hits@10: 1.000, Hits@100: 1.000
INFO:root:Epoch 31/100, Loss: 0.093
INFO:root:Epoch 32/100, Loss: 0.006
INFO:root:Epoch 33/100, Loss: 0.005
INFO:root:Epoch 34/100, Loss: 0.016
INFO:root:Epoch 35/100, Loss: 0.052
INFO:root:Train: MRR: 0.945, Hits@1: 0.92, Hits@10: 1.000, Hits@100: 1.000
INFO:root:Valid: MRR: 0.933, Hits@1: 0.900, Hits@10: 1.000, Hits@100: 1.000
INFO:root:Test: MRR: 1.000, Hits@1: 1.000, Hits@10: 1.000, Hits@100: 1.000
INFO:root:Epoch 36/100, Loss: 0.015
INFO:root:Epoch 37/100, Loss: 0.008
INFO:root:Epoch 38/100, Loss: 0.007
INFO:root:Epoch 39/100, Loss: 0.004
INFO:root:Epoch 40/100, Loss: 0.005
INFO:root:Train: MRR: 0.945, Hits@1: 0.92, Hits@10: 1.000, Hits@100: 1.000
INFO:root:Valid: MRR: 0.933, Hits@1: 0.900, Hits@10: 1.000, Hits@100: 1.000
INFO:root:Test: MRR: 1.000, Hits@1: 1.000, Hits@10: 1.000, Hits@100: 1.000
INFO:root:Epoch 41/100, Loss: 0.007
INFO:root:Epoch 42/100, Loss: 0.010
INFO:root:Epoch 43/100, Loss: 0.008
INFO:root:Epoch 44/100, Loss: 0.011
INFO:root:Epoch 45/100, Loss: 0.020
INFO:root:Train: MRR: 0.885, Hits@1: 0.82, Hits@10: 1.000, Hits@100: 1.000
INFO:root:Valid: MRR: 0.900, Hits@1: 0.850, Hits@10: 1.000, Hits@100: 1.000
INFO:root:Test: MRR: 0.929, Hits@1: 0.900, Hits@10: 1.000, Hits@100: 1.000
INFO:root:Epoch 46/100, Loss: 0.016
INFO:root:Epoch 47/100, Loss: 0.024
INFO:root:Epoch 48/100, Loss: 0.007
INFO:root:Epoch 49/100, Loss: 0.032
INFO:root:Epoch 50/100, Loss: 0.017
INFO:root:Train: MRR: 0.945, Hits@1: 0.92, Hits@10: 1.000, Hits@100: 1.000
INFO:root:Valid: MRR: 0.933, Hits@1: 0.900, Hits@10: 1.000, Hits@100: 1.000
INFO:root:Test: MRR: 1.000, Hits@1: 1.000, Hits@10: 1.000, Hits@100: 1.000
INFO:root:Epoch 51/100, Loss: 0.325
INFO:root:Epoch 52/100, Loss: 0.015
INFO:root:Epoch 53/100, Loss: 0.007
INFO:root:Epoch 54/100, Loss: 0.018
INFO:root:Epoch 55/100, Loss: 0.676
INFO:root:Train: MRR: 0.907, Hits@1: 0.85, Hits@10: 1.000, Hits@100: 1.000
INFO:root:Valid: MRR: 0.933, Hits@1: 0.900, Hits@10: 1.000, Hits@100: 1.000
INFO:root:Test: MRR: 0.960, Hits@1: 0.950, Hits@10: 1.000, Hits@100: 1.000
INFO:root:Epoch 56/100, Loss: 0.006
INFO:root:Epoch 57/100, Loss: 0.044
INFO:root:Epoch 58/100, Loss: 0.030
INFO:root:Epoch 59/100, Loss: 0.016
INFO:root:Epoch 60/100, Loss: 0.012
INFO:root:Train: MRR: 0.906, Hits@1: 0.85, Hits@10: 1.000, Hits@100: 1.000
INFO:root:Valid: MRR: 0.933, Hits@1: 0.900, Hits@10: 1.000, Hits@100: 1.000
INFO:root:Test: MRR: 0.960, Hits@1: 0.950, Hits@10: 1.000, Hits@100: 1.000
INFO:root:Epoch 61/100, Loss: 0.004
INFO:root:Epoch 62/100, Loss: 0.000
INFO:root:Epoch 63/100, Loss: 0.109
INFO:root:Epoch 64/100, Loss: 0.004
INFO:root:Epoch 65/100, Loss: 0.014
INFO:root:Train: MRR: 0.958, Hits@1: 0.93, Hits@10: 1.000, Hits@100: 1.000
INFO:root:Valid: MRR: 0.933, Hits@1: 0.900, Hits@10: 1.000, Hits@100: 1.000
INFO:root:Test: MRR: 1.000, Hits@1: 1.000, Hits@10: 1.000, Hits@100: 1.000
INFO:root:Epoch 66/100, Loss: 0.001
INFO:root:Epoch 67/100, Loss: 0.009
INFO:root:Epoch 68/100, Loss: 0.006
INFO:root:Epoch 69/100, Loss: 0.009
INFO:root:Epoch 70/100, Loss: 0.007
INFO:root:Train: MRR: 0.906, Hits@1: 0.85, Hits@10: 1.000, Hits@100: 1.000
INFO:root:Valid: MRR: 0.933, Hits@1: 0.900, Hits@10: 1.000, Hits@100: 1.000
INFO:root:Test: MRR: 0.960, Hits@1: 0.950, Hits@10: 1.000, Hits@100: 1.000
INFO:root:Epoch 71/100, Loss: 0.004
INFO:root:Epoch 72/100, Loss: 0.011
INFO:root:Epoch 73/100, Loss: 0.008
INFO:root:Epoch 74/100, Loss: 0.014
INFO:root:Epoch 75/100, Loss: 0.007
INFO:root:Train: MRR: 0.958, Hits@1: 0.93, Hits@10: 1.000, Hits@100: 1.000
INFO:root:Valid: MRR: 0.933, Hits@1: 0.900, Hits@10: 1.000, Hits@100: 1.000
INFO:root:Test: MRR: 1.000, Hits@1: 1.000, Hits@10: 1.000, Hits@100: 1.000
INFO:root:Epoch 76/100, Loss: 0.020
INFO:root:Epoch 77/100, Loss: 0.004
INFO:root:Epoch 78/100, Loss: 0.009
INFO:root:Epoch 79/100, Loss: 0.007
INFO:root:Epoch 80/100, Loss: 0.007
INFO:root:Train: MRR: 0.958, Hits@1: 0.93, Hits@10: 1.000, Hits@100: 1.000
INFO:root:Valid: MRR: 0.933, Hits@1: 0.900, Hits@10: 1.000, Hits@100: 1.000
INFO:root:Test: MRR: 1.000, Hits@1: 1.000, Hits@10: 1.000, Hits@100: 1.000
INFO:root:Epoch 81/100, Loss: 0.063
INFO:root:Epoch 82/100, Loss: 0.014
INFO:root:Epoch 83/100, Loss: 0.006
INFO:root:Epoch 84/100, Loss: 0.010
INFO:root:Epoch 85/100, Loss: 0.007
INFO:root:Train: MRR: 0.950, Hits@1: 0.92, Hits@10: 1.000, Hits@100: 1.000
INFO:root:Valid: MRR: 0.933, Hits@1: 0.900, Hits@10: 1.000, Hits@100: 1.000
INFO:root:Test: MRR: 1.000, Hits@1: 1.000, Hits@10: 1.000, Hits@100: 1.000
INFO:root:Epoch 86/100, Loss: 0.035
INFO:root:Epoch 87/100, Loss: 0.014
INFO:root:Epoch 88/100, Loss: 0.023
INFO:root:Epoch 89/100, Loss: 0.003
INFO:root:Epoch 90/100, Loss: 6.055
INFO:root:Train: MRR: 0.958, Hits@1: 0.93, Hits@10: 1.000, Hits@100: 1.000
INFO:root:Valid: MRR: 0.933, Hits@1: 0.900, Hits@10: 1.000, Hits@100: 1.000
INFO:root:Test: MRR: 1.000, Hits@1: 1.000, Hits@10: 1.000, Hits@100: 1.000
INFO:root:Epoch 91/100, Loss: 0.003
INFO:root:Epoch 92/100, Loss: 0.025
INFO:root:Epoch 93/100, Loss: 0.005
INFO:root:Epoch 94/100, Loss: 0.007
INFO:root:Epoch 95/100, Loss: 0.002
INFO:root:Train: MRR: 0.950, Hits@1: 0.92, Hits@10: 1.000, Hits@100: 1.000
INFO:root:Valid: MRR: 0.933, Hits@1: 0.900, Hits@10: 1.000, Hits@100: 1.000
INFO:root:Test: MRR: 1.000, Hits@1: 1.000, Hits@10: 1.000, Hits@100: 1.000
INFO:root:Epoch 96/100, Loss: 0.017
INFO:root:Epoch 97/100, Loss: 0.014
INFO:root:Epoch 98/100, Loss: 0.015
INFO:root:Epoch 99/100, Loss: 0.007
INFO:root:Epoch 100/100, Loss: 0.003
INFO:root:Train: MRR: 0.958, Hits@1: 0.93, Hits@10: 1.000, Hits@100: 1.000
INFO:root:Valid: MRR: 0.933, Hits@1: 0.900, Hits@10: 1.000, Hits@100: 1.000
INFO:root:Test: MRR: 1.000, Hits@1: 1.000, Hits@10: 1.000, Hits@100: 1.000
INFO:root:Final Result:
INFO:root:MRR: 1.000, Hits@1: 1.000, Hits@10: 1.000, Hits@100: 1.000
INFO:root:******************* Training Finished *******************
